[2023-09-09T13:26:04.732+0000] {logging_mixin.py:151} INFO - Changing /opt/***/logs/dag_id=dag_with_postgres_operator_v02/run_id=scheduled__2023-09-08T00:00:00+00:00/task_id=create_postgres_table permission to 509
[2023-09-09T13:26:04.734+0000] {logging_mixin.py:151} INFO - Failed to change /opt/***/logs/dag_id=dag_with_postgres_operator_v02/run_id=scheduled__2023-09-08T00:00:00+00:00/task_id=create_postgres_table permission to 509: [Errno 1] Operation not permitted: '/opt/***/logs/dag_id=dag_with_postgres_operator_v02/run_id=scheduled__2023-09-08T00:00:00+00:00/task_id=create_postgres_table'
[2023-09-09T13:26:04.775+0000] {logging_mixin.py:151} INFO - Changing /opt/***/logs/dag_id=dag_with_postgres_operator_v02/run_id=scheduled__2023-09-08T00:00:00+00:00/task_id=create_postgres_table permission to 509
[2023-09-09T13:26:04.776+0000] {logging_mixin.py:151} INFO - Failed to change /opt/***/logs/dag_id=dag_with_postgres_operator_v02/run_id=scheduled__2023-09-08T00:00:00+00:00/task_id=create_postgres_table permission to 509: [Errno 1] Operation not permitted: '/opt/***/logs/dag_id=dag_with_postgres_operator_v02/run_id=scheduled__2023-09-08T00:00:00+00:00/task_id=create_postgres_table'
[2023-09-09T13:26:04.823+0000] {taskinstance.py:1159} INFO - Dependencies all met for dep_context=non-requeueable deps ti=<TaskInstance: dag_with_postgres_operator_v02.create_postgres_table scheduled__2023-09-08T00:00:00+00:00 [queued]>
[2023-09-09T13:26:04.835+0000] {taskinstance.py:1159} INFO - Dependencies all met for dep_context=requeueable deps ti=<TaskInstance: dag_with_postgres_operator_v02.create_postgres_table scheduled__2023-09-08T00:00:00+00:00 [queued]>
[2023-09-09T13:26:04.836+0000] {taskinstance.py:1361} INFO - Starting attempt 1 of 6
[2023-09-09T13:26:04.854+0000] {taskinstance.py:1382} INFO - Executing <Task(PostgresOperator): create_postgres_table> on 2023-09-08 00:00:00+00:00
[2023-09-09T13:26:04.860+0000] {standard_task_runner.py:57} INFO - Started process 186 to run task
[2023-09-09T13:26:04.863+0000] {standard_task_runner.py:84} INFO - Running: ['***', 'tasks', 'run', 'dag_with_postgres_operator_v02', 'create_postgres_table', 'scheduled__2023-09-08T00:00:00+00:00', '--job-id', '94', '--raw', '--subdir', 'DAGS_FOLDER/dag-postgres-operator.py', '--cfg-path', '/tmp/tmpnyemyt7c']
[2023-09-09T13:26:04.866+0000] {standard_task_runner.py:85} INFO - Job 94: Subtask create_postgres_table
[2023-09-09T13:26:04.929+0000] {logging_mixin.py:151} INFO - Changing /opt/***/logs/dag_id=dag_with_postgres_operator_v02/run_id=scheduled__2023-09-08T00:00:00+00:00/task_id=create_postgres_table permission to 509
[2023-09-09T13:26:04.930+0000] {logging_mixin.py:151} INFO - Failed to change /opt/***/logs/dag_id=dag_with_postgres_operator_v02/run_id=scheduled__2023-09-08T00:00:00+00:00/task_id=create_postgres_table permission to 509: [Errno 1] Operation not permitted: '/opt/***/logs/dag_id=dag_with_postgres_operator_v02/run_id=scheduled__2023-09-08T00:00:00+00:00/task_id=create_postgres_table'
[2023-09-09T13:26:04.933+0000] {task_command.py:415} INFO - Running <TaskInstance: dag_with_postgres_operator_v02.create_postgres_table scheduled__2023-09-08T00:00:00+00:00 [running]> on host 6c82fec646db
[2023-09-09T13:26:05.211+0000] {taskinstance.py:1660} INFO - Exporting env vars: AIRFLOW_CTX_DAG_OWNER='qpsss' AIRFLOW_CTX_DAG_ID='dag_with_postgres_operator_v02' AIRFLOW_CTX_TASK_ID='create_postgres_table' AIRFLOW_CTX_EXECUTION_DATE='2023-09-08T00:00:00+00:00' AIRFLOW_CTX_TRY_NUMBER='1' AIRFLOW_CTX_DAG_RUN_ID='scheduled__2023-09-08T00:00:00+00:00'
[2023-09-09T13:26:05.213+0000] {sql.py:274} INFO - Executing: 
            create table if not exists dag_runs (
                dt date,
                dag_id character varying,
                primary key (dt, dag_id)
            )
        
[2023-09-09T13:26:05.226+0000] {base.py:73} INFO - Using connection ID 'postgres_localhost' for task execution.
[2023-09-09T13:26:05.243+0000] {base.py:73} INFO - Using connection ID 'postgres_localhost' for task execution.
[2023-09-09T13:26:05.250+0000] {sql.py:418} INFO - Running statement: 
            create table if not exists dag_runs (
                dt date,
                dag_id character varying,
                primary key (dt, dag_id)
            )
        , parameters: None
[2023-09-09T13:26:05.268+0000] {taskinstance.py:1400} INFO - Marking task as SUCCESS. dag_id=dag_with_postgres_operator_v02, task_id=create_postgres_table, execution_date=20230908T000000, start_date=20230909T132604, end_date=20230909T132605
[2023-09-09T13:26:05.346+0000] {local_task_job_runner.py:228} INFO - Task exited with return code 0
[2023-09-09T13:26:05.375+0000] {taskinstance.py:2784} INFO - 1 downstream tasks scheduled from follow-on schedule check
