[2023-09-24T15:29:48.888+0000] {taskinstance.py:1159} INFO - Dependencies all met for dep_context=non-requeueable deps ti=<TaskInstance: openweather_api_dag.create_table manual__2023-09-24T15:29:47.015571+00:00 [queued]>
[2023-09-24T15:29:48.903+0000] {taskinstance.py:1159} INFO - Dependencies all met for dep_context=requeueable deps ti=<TaskInstance: openweather_api_dag.create_table manual__2023-09-24T15:29:47.015571+00:00 [queued]>
[2023-09-24T15:29:48.904+0000] {taskinstance.py:1361} INFO - Starting attempt 1 of 3
[2023-09-24T15:29:48.921+0000] {taskinstance.py:1382} INFO - Executing <Task(PostgresOperator): create_table> on 2023-09-24 15:29:47.015571+00:00
[2023-09-24T15:29:48.929+0000] {standard_task_runner.py:57} INFO - Started process 7009 to run task
[2023-09-24T15:29:48.935+0000] {standard_task_runner.py:84} INFO - Running: ['***', 'tasks', 'run', 'openweather_api_dag', 'create_table', 'manual__2023-09-24T15:29:47.015571+00:00', '--job-id', '170', '--raw', '--subdir', 'DAGS_FOLDER/openweather-api.py', '--cfg-path', '/tmp/tmp_4bxu129']
[2023-09-24T15:29:48.940+0000] {standard_task_runner.py:85} INFO - Job 170: Subtask create_table
[2023-09-24T15:29:49.006+0000] {task_command.py:415} INFO - Running <TaskInstance: openweather_api_dag.create_table manual__2023-09-24T15:29:47.015571+00:00 [running]> on host 1bba31d3c72d
[2023-09-24T15:29:49.427+0000] {taskinstance.py:1660} INFO - Exporting env vars: AIRFLOW_CTX_DAG_EMAIL='sukmaksinp@gmail.com' AIRFLOW_CTX_DAG_OWNER='qpsss' AIRFLOW_CTX_DAG_ID='openweather_api_dag' AIRFLOW_CTX_TASK_ID='create_table' AIRFLOW_CTX_EXECUTION_DATE='2023-09-24T15:29:47.015571+00:00' AIRFLOW_CTX_TRY_NUMBER='1' AIRFLOW_CTX_DAG_RUN_ID='manual__2023-09-24T15:29:47.015571+00:00'
[2023-09-24T15:29:49.428+0000] {sql.py:274} INFO - Executing:  
            CREATE TABLE IF NOT EXISTS weather_data (
            city TEXT,
            description TEXT,
            temperature_celsius NUMERIC,
            feels_like_celsius NUMERIC,
            minimun_temp_celsius NUMERIC,
            maximum_temp_celsius NUMERIC,
            pressure NUMERIC,
            humidity NUMERIC,
            wind_speed NUMERIC,
            time_of_record TIMESTAMP,
            sunrise_local_time TIMESTAMP,
            sunset_local_time TIMESTAMP                    
        );
        
[2023-09-24T15:29:49.440+0000] {base.py:73} INFO - Using connection ID 'postgres_localhost' for task execution.
[2023-09-24T15:29:49.449+0000] {base.py:73} INFO - Using connection ID 'postgres_localhost' for task execution.
[2023-09-24T15:29:49.455+0000] {sql.py:418} INFO - Running statement:  
            CREATE TABLE IF NOT EXISTS weather_data (
            city TEXT,
            description TEXT,
            temperature_celsius NUMERIC,
            feels_like_celsius NUMERIC,
            minimun_temp_celsius NUMERIC,
            maximum_temp_celsius NUMERIC,
            pressure NUMERIC,
            humidity NUMERIC,
            wind_speed NUMERIC,
            time_of_record TIMESTAMP,
            sunrise_local_time TIMESTAMP,
            sunset_local_time TIMESTAMP                    
        );
        , parameters: None
[2023-09-24T15:29:49.468+0000] {taskinstance.py:1400} INFO - Marking task as SUCCESS. dag_id=openweather_api_dag, task_id=create_table, execution_date=20230924T152947, start_date=20230924T152948, end_date=20230924T152949
[2023-09-24T15:29:49.512+0000] {local_task_job_runner.py:228} INFO - Task exited with return code 0
[2023-09-24T15:29:49.531+0000] {taskinstance.py:2784} INFO - 0 downstream tasks scheduled from follow-on schedule check
