[2023-08-29T15:11:10.050+0000] {logging_mixin.py:151} INFO - Changing /opt/***/logs/dag_id=example_bash_operator/run_id=scheduled__2023-08-28T00:00:00+00:00/task_id=this_will_skip permission to 509
[2023-08-29T15:11:10.051+0000] {logging_mixin.py:151} INFO - Failed to change /opt/***/logs/dag_id=example_bash_operator/run_id=scheduled__2023-08-28T00:00:00+00:00/task_id=this_will_skip permission to 509: [Errno 1] Operation not permitted: '/opt/***/logs/dag_id=example_bash_operator/run_id=scheduled__2023-08-28T00:00:00+00:00/task_id=this_will_skip'
[2023-08-29T15:11:10.105+0000] {logging_mixin.py:151} INFO - Changing /opt/***/logs/dag_id=example_bash_operator/run_id=scheduled__2023-08-28T00:00:00+00:00/task_id=this_will_skip permission to 509
[2023-08-29T15:11:10.106+0000] {logging_mixin.py:151} INFO - Failed to change /opt/***/logs/dag_id=example_bash_operator/run_id=scheduled__2023-08-28T00:00:00+00:00/task_id=this_will_skip permission to 509: [Errno 1] Operation not permitted: '/opt/***/logs/dag_id=example_bash_operator/run_id=scheduled__2023-08-28T00:00:00+00:00/task_id=this_will_skip'
[2023-08-29T15:11:10.156+0000] {taskinstance.py:1159} INFO - Dependencies all met for dep_context=non-requeueable deps ti=<TaskInstance: example_bash_operator.this_will_skip scheduled__2023-08-28T00:00:00+00:00 [queued]>
[2023-08-29T15:11:10.169+0000] {taskinstance.py:1159} INFO - Dependencies all met for dep_context=requeueable deps ti=<TaskInstance: example_bash_operator.this_will_skip scheduled__2023-08-28T00:00:00+00:00 [queued]>
[2023-08-29T15:11:10.170+0000] {taskinstance.py:1361} INFO - Starting attempt 1 of 1
[2023-08-29T15:11:10.189+0000] {taskinstance.py:1382} INFO - Executing <Task(BashOperator): this_will_skip> on 2023-08-28 00:00:00+00:00
[2023-08-29T15:11:10.197+0000] {standard_task_runner.py:57} INFO - Started process 3281 to run task
[2023-08-29T15:11:10.204+0000] {standard_task_runner.py:84} INFO - Running: ['***', 'tasks', 'run', 'example_bash_operator', 'this_will_skip', 'scheduled__2023-08-28T00:00:00+00:00', '--job-id', '3', '--raw', '--subdir', '/home/***/.local/lib/python3.8/site-packages/***/example_dags/example_bash_operator.py', '--cfg-path', '/tmp/tmpoa4prb70']
[2023-08-29T15:11:10.210+0000] {standard_task_runner.py:85} INFO - Job 3: Subtask this_will_skip
[2023-08-29T15:11:10.285+0000] {logging_mixin.py:151} INFO - Changing /opt/***/logs/dag_id=example_bash_operator/run_id=scheduled__2023-08-28T00:00:00+00:00/task_id=this_will_skip permission to 509
[2023-08-29T15:11:10.287+0000] {logging_mixin.py:151} INFO - Failed to change /opt/***/logs/dag_id=example_bash_operator/run_id=scheduled__2023-08-28T00:00:00+00:00/task_id=this_will_skip permission to 509: [Errno 1] Operation not permitted: '/opt/***/logs/dag_id=example_bash_operator/run_id=scheduled__2023-08-28T00:00:00+00:00/task_id=this_will_skip'
[2023-08-29T15:11:10.290+0000] {task_command.py:415} INFO - Running <TaskInstance: example_bash_operator.this_will_skip scheduled__2023-08-28T00:00:00+00:00 [running]> on host a69c8752bcab
[2023-08-29T15:11:10.387+0000] {taskinstance.py:1660} INFO - Exporting env vars: AIRFLOW_CTX_DAG_OWNER='***' AIRFLOW_CTX_DAG_ID='example_bash_operator' AIRFLOW_CTX_TASK_ID='this_will_skip' AIRFLOW_CTX_EXECUTION_DATE='2023-08-28T00:00:00+00:00' AIRFLOW_CTX_TRY_NUMBER='1' AIRFLOW_CTX_DAG_RUN_ID='scheduled__2023-08-28T00:00:00+00:00'
[2023-08-29T15:11:10.391+0000] {subprocess.py:63} INFO - Tmp dir root location: /tmp
[2023-08-29T15:11:10.392+0000] {subprocess.py:75} INFO - Running command: ['/bin/bash', '-c', 'echo "hello world"; exit 99;']
[2023-08-29T15:11:10.408+0000] {subprocess.py:86} INFO - Output:
[2023-08-29T15:11:10.410+0000] {subprocess.py:93} INFO - hello world
[2023-08-29T15:11:10.411+0000] {subprocess.py:97} INFO - Command exited with return code 99
[2023-08-29T15:11:10.413+0000] {taskinstance.py:1542} INFO - Bash command returned exit code [99]. Skipping.
[2023-08-29T15:11:10.427+0000] {taskinstance.py:1400} INFO - Marking task as SKIPPED. dag_id=example_bash_operator, task_id=this_will_skip, execution_date=20230828T000000, start_date=20230829T151110, end_date=20230829T151110
[2023-08-29T15:11:10.497+0000] {local_task_job_runner.py:228} INFO - Task exited with return code 0
[2023-08-29T15:11:10.524+0000] {taskinstance.py:2784} INFO - 0 downstream tasks scheduled from follow-on schedule check
