[2023-09-24T15:28:45.013+0000] {taskinstance.py:1159} INFO - Dependencies all met for dep_context=non-requeueable deps ti=<TaskInstance: openweather_api_dag.is_weather_api_ready scheduled__2023-09-24T14:00:00+00:00 [queued]>
[2023-09-24T15:28:45.025+0000] {taskinstance.py:1159} INFO - Dependencies all met for dep_context=requeueable deps ti=<TaskInstance: openweather_api_dag.is_weather_api_ready scheduled__2023-09-24T14:00:00+00:00 [queued]>
[2023-09-24T15:28:45.026+0000] {taskinstance.py:1361} INFO - Starting attempt 1 of 3
[2023-09-24T15:28:45.044+0000] {taskinstance.py:1382} INFO - Executing <Task(HttpSensor): is_weather_api_ready> on 2023-09-24 14:00:00+00:00
[2023-09-24T15:28:45.052+0000] {standard_task_runner.py:57} INFO - Started process 6948 to run task
[2023-09-24T15:28:45.055+0000] {standard_task_runner.py:84} INFO - Running: ['***', 'tasks', 'run', 'openweather_api_dag', 'is_weather_api_ready', 'scheduled__2023-09-24T14:00:00+00:00', '--job-id', '160', '--raw', '--subdir', 'DAGS_FOLDER/openweather-api.py', '--cfg-path', '/tmp/tmp300u78l3']
[2023-09-24T15:28:45.059+0000] {standard_task_runner.py:85} INFO - Job 160: Subtask is_weather_api_ready
[2023-09-24T15:28:45.127+0000] {task_command.py:415} INFO - Running <TaskInstance: openweather_api_dag.is_weather_api_ready scheduled__2023-09-24T14:00:00+00:00 [running]> on host 1bba31d3c72d
[2023-09-24T15:28:45.567+0000] {taskinstance.py:1660} INFO - Exporting env vars: AIRFLOW_CTX_DAG_EMAIL='sukmaksinp@gmail.com' AIRFLOW_CTX_DAG_OWNER='qpsss' AIRFLOW_CTX_DAG_ID='openweather_api_dag' AIRFLOW_CTX_TASK_ID='is_weather_api_ready' AIRFLOW_CTX_EXECUTION_DATE='2023-09-24T14:00:00+00:00' AIRFLOW_CTX_TRY_NUMBER='1' AIRFLOW_CTX_DAG_RUN_ID='scheduled__2023-09-24T14:00:00+00:00'
[2023-09-24T15:28:45.568+0000] {http.py:121} INFO - Poking: /data/2.5/weather?q=Bangkok&appid=e5e31da0d65a2184f05c9b1ba8feed8d
[2023-09-24T15:28:45.581+0000] {base.py:73} INFO - Using connection ID 'openwearther_api' for task execution.
[2023-09-24T15:28:45.764+0000] {base.py:281} INFO - Success criteria met. Exiting.
[2023-09-24T15:28:45.777+0000] {taskinstance.py:1400} INFO - Marking task as SUCCESS. dag_id=openweather_api_dag, task_id=is_weather_api_ready, execution_date=20230924T140000, start_date=20230924T152845, end_date=20230924T152845
[2023-09-24T15:28:45.832+0000] {local_task_job_runner.py:228} INFO - Task exited with return code 0
[2023-09-24T15:28:45.860+0000] {taskinstance.py:2784} INFO - 0 downstream tasks scheduled from follow-on schedule check
[2023-09-24T15:29:41.817+0000] {taskinstance.py:1159} INFO - Dependencies all met for dep_context=non-requeueable deps ti=<TaskInstance: openweather_api_dag.is_weather_api_ready scheduled__2023-09-24T14:00:00+00:00 [queued]>
[2023-09-24T15:29:41.834+0000] {taskinstance.py:1159} INFO - Dependencies all met for dep_context=requeueable deps ti=<TaskInstance: openweather_api_dag.is_weather_api_ready scheduled__2023-09-24T14:00:00+00:00 [queued]>
[2023-09-24T15:29:41.835+0000] {taskinstance.py:1361} INFO - Starting attempt 1 of 3
[2023-09-24T15:29:41.858+0000] {taskinstance.py:1382} INFO - Executing <Task(HttpSensor): is_weather_api_ready> on 2023-09-24 14:00:00+00:00
[2023-09-24T15:29:41.867+0000] {standard_task_runner.py:57} INFO - Started process 6994 to run task
[2023-09-24T15:29:41.873+0000] {standard_task_runner.py:84} INFO - Running: ['***', 'tasks', 'run', 'openweather_api_dag', 'is_weather_api_ready', 'scheduled__2023-09-24T14:00:00+00:00', '--job-id', '165', '--raw', '--subdir', 'DAGS_FOLDER/openweather-api.py', '--cfg-path', '/tmp/tmplp89w2lk']
[2023-09-24T15:29:41.877+0000] {standard_task_runner.py:85} INFO - Job 165: Subtask is_weather_api_ready
[2023-09-24T15:29:41.978+0000] {task_command.py:415} INFO - Running <TaskInstance: openweather_api_dag.is_weather_api_ready scheduled__2023-09-24T14:00:00+00:00 [running]> on host 1bba31d3c72d
[2023-09-24T15:29:42.391+0000] {taskinstance.py:1660} INFO - Exporting env vars: AIRFLOW_CTX_DAG_EMAIL='sukmaksinp@gmail.com' AIRFLOW_CTX_DAG_OWNER='qpsss' AIRFLOW_CTX_DAG_ID='openweather_api_dag' AIRFLOW_CTX_TASK_ID='is_weather_api_ready' AIRFLOW_CTX_EXECUTION_DATE='2023-09-24T14:00:00+00:00' AIRFLOW_CTX_TRY_NUMBER='1' AIRFLOW_CTX_DAG_RUN_ID='scheduled__2023-09-24T14:00:00+00:00'
[2023-09-24T15:29:42.395+0000] {http.py:121} INFO - Poking: /data/2.5/weather?q=Bangkok&appid=e5e31da0d65a2184f05c9b1ba8feed8d
[2023-09-24T15:29:42.408+0000] {base.py:73} INFO - Using connection ID 'openwearther_api' for task execution.
[2023-09-24T15:29:42.593+0000] {base.py:281} INFO - Success criteria met. Exiting.
[2023-09-24T15:29:42.608+0000] {taskinstance.py:1400} INFO - Marking task as SUCCESS. dag_id=openweather_api_dag, task_id=is_weather_api_ready, execution_date=20230924T140000, start_date=20230924T152941, end_date=20230924T152942
[2023-09-24T15:29:42.652+0000] {local_task_job_runner.py:228} INFO - Task exited with return code 0
[2023-09-24T15:29:42.707+0000] {taskinstance.py:2784} INFO - 1 downstream tasks scheduled from follow-on schedule check
[2023-09-24T15:32:23.799+0000] {taskinstance.py:1159} INFO - Dependencies all met for dep_context=non-requeueable deps ti=<TaskInstance: openweather_api_dag.is_weather_api_ready scheduled__2023-09-24T14:00:00+00:00 [queued]>
[2023-09-24T15:32:23.813+0000] {taskinstance.py:1159} INFO - Dependencies all met for dep_context=requeueable deps ti=<TaskInstance: openweather_api_dag.is_weather_api_ready scheduled__2023-09-24T14:00:00+00:00 [queued]>
[2023-09-24T15:32:23.814+0000] {taskinstance.py:1361} INFO - Starting attempt 1 of 3
[2023-09-24T15:32:23.837+0000] {taskinstance.py:1382} INFO - Executing <Task(HttpSensor): is_weather_api_ready> on 2023-09-24 14:00:00+00:00
[2023-09-24T15:32:23.844+0000] {standard_task_runner.py:57} INFO - Started process 7089 to run task
[2023-09-24T15:32:23.847+0000] {standard_task_runner.py:84} INFO - Running: ['***', 'tasks', 'run', 'openweather_api_dag', 'is_weather_api_ready', 'scheduled__2023-09-24T14:00:00+00:00', '--job-id', '175', '--raw', '--subdir', 'DAGS_FOLDER/openweather-api.py', '--cfg-path', '/tmp/tmprckg4x6k']
[2023-09-24T15:32:23.851+0000] {standard_task_runner.py:85} INFO - Job 175: Subtask is_weather_api_ready
[2023-09-24T15:32:23.918+0000] {task_command.py:415} INFO - Running <TaskInstance: openweather_api_dag.is_weather_api_ready scheduled__2023-09-24T14:00:00+00:00 [running]> on host 1bba31d3c72d
[2023-09-24T15:32:24.384+0000] {taskinstance.py:1660} INFO - Exporting env vars: AIRFLOW_CTX_DAG_EMAIL='sukmaksinp@gmail.com' AIRFLOW_CTX_DAG_OWNER='qpsss' AIRFLOW_CTX_DAG_ID='openweather_api_dag' AIRFLOW_CTX_TASK_ID='is_weather_api_ready' AIRFLOW_CTX_EXECUTION_DATE='2023-09-24T14:00:00+00:00' AIRFLOW_CTX_TRY_NUMBER='1' AIRFLOW_CTX_DAG_RUN_ID='scheduled__2023-09-24T14:00:00+00:00'
[2023-09-24T15:32:24.386+0000] {http.py:121} INFO - Poking: /data/2.5/weather?q=Bangkok&appid=e5e31da0d65a2184f05c9b1ba8feed8d
[2023-09-24T15:32:24.403+0000] {base.py:73} INFO - Using connection ID 'openwearther_api' for task execution.
[2023-09-24T15:32:24.629+0000] {base.py:281} INFO - Success criteria met. Exiting.
[2023-09-24T15:32:24.659+0000] {taskinstance.py:1400} INFO - Marking task as SUCCESS. dag_id=openweather_api_dag, task_id=is_weather_api_ready, execution_date=20230924T140000, start_date=20230924T153223, end_date=20230924T153224
[2023-09-24T15:32:24.748+0000] {local_task_job_runner.py:228} INFO - Task exited with return code 0
[2023-09-24T15:32:24.839+0000] {taskinstance.py:2784} INFO - 1 downstream tasks scheduled from follow-on schedule check
