[2023-09-24T11:04:40.309+0000] {logging_mixin.py:151} INFO - Changing /opt/***/logs/dag_id=dag_with_postgres_operator_v02/run_id=scheduled__2023-09-23T00:00:00+00:00/task_id=create_postgres_table permission to 509
[2023-09-24T11:04:40.313+0000] {logging_mixin.py:151} INFO - Failed to change /opt/***/logs/dag_id=dag_with_postgres_operator_v02/run_id=scheduled__2023-09-23T00:00:00+00:00/task_id=create_postgres_table permission to 509: [Errno 1] Operation not permitted: '/opt/***/logs/dag_id=dag_with_postgres_operator_v02/run_id=scheduled__2023-09-23T00:00:00+00:00/task_id=create_postgres_table'
[2023-09-24T11:04:40.532+0000] {logging_mixin.py:151} INFO - Changing /opt/***/logs/dag_id=dag_with_postgres_operator_v02/run_id=scheduled__2023-09-23T00:00:00+00:00/task_id=create_postgres_table permission to 509
[2023-09-24T11:04:40.583+0000] {logging_mixin.py:151} INFO - Failed to change /opt/***/logs/dag_id=dag_with_postgres_operator_v02/run_id=scheduled__2023-09-23T00:00:00+00:00/task_id=create_postgres_table permission to 509: [Errno 1] Operation not permitted: '/opt/***/logs/dag_id=dag_with_postgres_operator_v02/run_id=scheduled__2023-09-23T00:00:00+00:00/task_id=create_postgres_table'
[2023-09-24T11:04:41.021+0000] {taskinstance.py:1159} INFO - Dependencies all met for dep_context=non-requeueable deps ti=<TaskInstance: dag_with_postgres_operator_v02.create_postgres_table scheduled__2023-09-23T00:00:00+00:00 [queued]>
[2023-09-24T11:04:41.106+0000] {taskinstance.py:1159} INFO - Dependencies all met for dep_context=requeueable deps ti=<TaskInstance: dag_with_postgres_operator_v02.create_postgres_table scheduled__2023-09-23T00:00:00+00:00 [queued]>
[2023-09-24T11:04:41.110+0000] {taskinstance.py:1361} INFO - Starting attempt 1 of 6
[2023-09-24T11:04:41.221+0000] {taskinstance.py:1382} INFO - Executing <Task(PostgresOperator): create_postgres_table> on 2023-09-23 00:00:00+00:00
[2023-09-24T11:04:41.267+0000] {standard_task_runner.py:57} INFO - Started process 196 to run task
[2023-09-24T11:04:41.283+0000] {standard_task_runner.py:84} INFO - Running: ['***', 'tasks', 'run', 'dag_with_postgres_operator_v02', 'create_postgres_table', 'scheduled__2023-09-23T00:00:00+00:00', '--job-id', '125', '--raw', '--subdir', 'DAGS_FOLDER/dag-postgres-operator.py', '--cfg-path', '/tmp/tmp2mvmkhpl']
[2023-09-24T11:04:41.292+0000] {standard_task_runner.py:85} INFO - Job 125: Subtask create_postgres_table
[2023-09-24T11:04:41.773+0000] {logging_mixin.py:151} INFO - Changing /opt/***/logs/dag_id=dag_with_postgres_operator_v02/run_id=scheduled__2023-09-23T00:00:00+00:00/task_id=create_postgres_table permission to 509
[2023-09-24T11:04:41.792+0000] {logging_mixin.py:151} INFO - Failed to change /opt/***/logs/dag_id=dag_with_postgres_operator_v02/run_id=scheduled__2023-09-23T00:00:00+00:00/task_id=create_postgres_table permission to 509: [Errno 1] Operation not permitted: '/opt/***/logs/dag_id=dag_with_postgres_operator_v02/run_id=scheduled__2023-09-23T00:00:00+00:00/task_id=create_postgres_table'
[2023-09-24T11:04:41.805+0000] {task_command.py:415} INFO - Running <TaskInstance: dag_with_postgres_operator_v02.create_postgres_table scheduled__2023-09-23T00:00:00+00:00 [running]> on host 6c82fec646db
[2023-09-24T11:04:42.365+0000] {taskinstance.py:1660} INFO - Exporting env vars: AIRFLOW_CTX_DAG_OWNER='qpsss' AIRFLOW_CTX_DAG_ID='dag_with_postgres_operator_v02' AIRFLOW_CTX_TASK_ID='create_postgres_table' AIRFLOW_CTX_EXECUTION_DATE='2023-09-23T00:00:00+00:00' AIRFLOW_CTX_TRY_NUMBER='1' AIRFLOW_CTX_DAG_RUN_ID='scheduled__2023-09-23T00:00:00+00:00'
[2023-09-24T11:04:42.377+0000] {sql.py:274} INFO - Executing: 
            create table if not exists dag_runs (
                dt date,
                dag_id character varying,
                primary key (dt, dag_id)
            )
        
[2023-09-24T11:04:42.427+0000] {base.py:73} INFO - Using connection ID 'postgres_localhost' for task execution.
[2023-09-24T11:04:42.474+0000] {base.py:73} INFO - Using connection ID 'postgres_localhost' for task execution.
[2023-09-24T11:04:42.493+0000] {sql.py:418} INFO - Running statement: 
            create table if not exists dag_runs (
                dt date,
                dag_id character varying,
                primary key (dt, dag_id)
            )
        , parameters: None
[2023-09-24T11:04:42.545+0000] {taskinstance.py:1400} INFO - Marking task as SUCCESS. dag_id=dag_with_postgres_operator_v02, task_id=create_postgres_table, execution_date=20230923T000000, start_date=20230924T110441, end_date=20230924T110442
[2023-09-24T11:04:42.786+0000] {local_task_job_runner.py:228} INFO - Task exited with return code 0
[2023-09-24T11:04:42.936+0000] {taskinstance.py:2784} INFO - 1 downstream tasks scheduled from follow-on schedule check
