[2023-08-29T15:04:37.228+0000] {processor.py:157} INFO - Started process (PID=229) to work on /home/airflow/.local/lib/python3.8/site-packages/airflow/example_dags/example_datasets.py
[2023-08-29T15:04:37.229+0000] {processor.py:829} INFO - Processing file /home/airflow/.local/lib/python3.8/site-packages/airflow/example_dags/example_datasets.py for tasks to queue
[2023-08-29T15:04:37.231+0000] {logging_mixin.py:151} INFO - [2023-08-29T15:04:37.231+0000] {dagbag.py:539} INFO - Filling up the DagBag from /home/airflow/.local/lib/python3.8/site-packages/airflow/example_dags/example_datasets.py
[2023-08-29T15:04:37.251+0000] {processor.py:839} INFO - DAG(s) dict_keys(['dataset_consumes_1_never_scheduled', 'dataset_consumes_unknown_never_scheduled', 'dataset_consumes_1', 'dataset_consumes_1_and_2', 'dataset_produces_1', 'dataset_produces_2']) retrieved from /home/airflow/.local/lib/python3.8/site-packages/airflow/example_dags/example_datasets.py
[2023-08-29T15:04:37.284+0000] {logging_mixin.py:151} INFO - [2023-08-29T15:04:37.284+0000] {dag.py:2907} INFO - Sync 6 DAGs
[2023-08-29T15:04:37.323+0000] {logging_mixin.py:151} INFO - [2023-08-29T15:04:37.323+0000] {dag.py:3677} INFO - Setting next_dagrun for dataset_consumes_1 to None, run_after=None
[2023-08-29T15:04:37.330+0000] {logging_mixin.py:151} INFO - [2023-08-29T15:04:37.329+0000] {dag.py:3677} INFO - Setting next_dagrun for dataset_consumes_1_and_2 to None, run_after=None
[2023-08-29T15:04:37.333+0000] {logging_mixin.py:151} INFO - [2023-08-29T15:04:37.333+0000] {dag.py:3677} INFO - Setting next_dagrun for dataset_consumes_1_never_scheduled to None, run_after=None
[2023-08-29T15:04:37.337+0000] {logging_mixin.py:151} INFO - [2023-08-29T15:04:37.336+0000] {dag.py:3677} INFO - Setting next_dagrun for dataset_consumes_unknown_never_scheduled to None, run_after=None
[2023-08-29T15:04:37.344+0000] {logging_mixin.py:151} INFO - [2023-08-29T15:04:37.343+0000] {dag.py:3677} INFO - Setting next_dagrun for dataset_produces_1 to 2023-08-28T00:00:00+00:00, run_after=2023-08-29T00:00:00+00:00
[2023-08-29T15:04:37.348+0000] {logging_mixin.py:151} INFO - [2023-08-29T15:04:37.348+0000] {dag.py:3677} INFO - Setting next_dagrun for dataset_produces_2 to None, run_after=None
[2023-08-29T15:04:37.433+0000] {processor.py:179} INFO - Processing /home/airflow/.local/lib/python3.8/site-packages/airflow/example_dags/example_datasets.py took 0.211 seconds
[2023-08-29T15:05:07.909+0000] {processor.py:157} INFO - Started process (PID=464) to work on /home/airflow/.local/lib/python3.8/site-packages/airflow/example_dags/example_datasets.py
[2023-08-29T15:05:07.911+0000] {processor.py:829} INFO - Processing file /home/airflow/.local/lib/python3.8/site-packages/airflow/example_dags/example_datasets.py for tasks to queue
[2023-08-29T15:05:07.912+0000] {logging_mixin.py:151} INFO - [2023-08-29T15:05:07.912+0000] {dagbag.py:539} INFO - Filling up the DagBag from /home/airflow/.local/lib/python3.8/site-packages/airflow/example_dags/example_datasets.py
[2023-08-29T15:05:07.921+0000] {processor.py:839} INFO - DAG(s) dict_keys(['dataset_consumes_1_never_scheduled', 'dataset_consumes_1_and_2', 'dataset_produces_2', 'dataset_consumes_unknown_never_scheduled', 'dataset_produces_1', 'dataset_consumes_1']) retrieved from /home/airflow/.local/lib/python3.8/site-packages/airflow/example_dags/example_datasets.py
[2023-08-29T15:05:07.965+0000] {logging_mixin.py:151} INFO - [2023-08-29T15:05:07.965+0000] {dag.py:2907} INFO - Sync 6 DAGs
[2023-08-29T15:05:07.988+0000] {logging_mixin.py:151} INFO - [2023-08-29T15:05:07.988+0000] {dag.py:3677} INFO - Setting next_dagrun for dataset_consumes_1 to None, run_after=None
[2023-08-29T15:05:07.993+0000] {logging_mixin.py:151} INFO - [2023-08-29T15:05:07.993+0000] {dag.py:3677} INFO - Setting next_dagrun for dataset_consumes_1_and_2 to None, run_after=None
[2023-08-29T15:05:07.996+0000] {logging_mixin.py:151} INFO - [2023-08-29T15:05:07.996+0000] {dag.py:3677} INFO - Setting next_dagrun for dataset_consumes_1_never_scheduled to None, run_after=None
[2023-08-29T15:05:07.999+0000] {logging_mixin.py:151} INFO - [2023-08-29T15:05:07.999+0000] {dag.py:3677} INFO - Setting next_dagrun for dataset_consumes_unknown_never_scheduled to None, run_after=None
[2023-08-29T15:05:08.004+0000] {logging_mixin.py:151} INFO - [2023-08-29T15:05:08.003+0000] {dag.py:3677} INFO - Setting next_dagrun for dataset_produces_1 to 2023-08-28T00:00:00+00:00, run_after=2023-08-29T00:00:00+00:00
[2023-08-29T15:05:08.007+0000] {logging_mixin.py:151} INFO - [2023-08-29T15:05:08.007+0000] {dag.py:3677} INFO - Setting next_dagrun for dataset_produces_2 to None, run_after=None
[2023-08-29T15:05:08.060+0000] {processor.py:179} INFO - Processing /home/airflow/.local/lib/python3.8/site-packages/airflow/example_dags/example_datasets.py took 0.154 seconds
[2023-08-29T15:05:38.519+0000] {processor.py:157} INFO - Started process (PID=700) to work on /home/airflow/.local/lib/python3.8/site-packages/airflow/example_dags/example_datasets.py
[2023-08-29T15:05:38.521+0000] {processor.py:829} INFO - Processing file /home/airflow/.local/lib/python3.8/site-packages/airflow/example_dags/example_datasets.py for tasks to queue
[2023-08-29T15:05:38.522+0000] {logging_mixin.py:151} INFO - [2023-08-29T15:05:38.521+0000] {dagbag.py:539} INFO - Filling up the DagBag from /home/airflow/.local/lib/python3.8/site-packages/airflow/example_dags/example_datasets.py
[2023-08-29T15:05:38.533+0000] {processor.py:839} INFO - DAG(s) dict_keys(['dataset_consumes_1', 'dataset_produces_2', 'dataset_consumes_unknown_never_scheduled', 'dataset_consumes_1_and_2', 'dataset_produces_1', 'dataset_consumes_1_never_scheduled']) retrieved from /home/airflow/.local/lib/python3.8/site-packages/airflow/example_dags/example_datasets.py
[2023-08-29T15:05:38.715+0000] {logging_mixin.py:151} INFO - [2023-08-29T15:05:38.715+0000] {dag.py:2907} INFO - Sync 6 DAGs
[2023-08-29T15:05:38.744+0000] {logging_mixin.py:151} INFO - [2023-08-29T15:05:38.744+0000] {dag.py:3677} INFO - Setting next_dagrun for dataset_consumes_1 to None, run_after=None
[2023-08-29T15:05:38.751+0000] {logging_mixin.py:151} INFO - [2023-08-29T15:05:38.751+0000] {dag.py:3677} INFO - Setting next_dagrun for dataset_consumes_1_and_2 to None, run_after=None
[2023-08-29T15:05:38.753+0000] {logging_mixin.py:151} INFO - [2023-08-29T15:05:38.753+0000] {dag.py:3677} INFO - Setting next_dagrun for dataset_consumes_1_never_scheduled to None, run_after=None
[2023-08-29T15:05:38.757+0000] {logging_mixin.py:151} INFO - [2023-08-29T15:05:38.756+0000] {dag.py:3677} INFO - Setting next_dagrun for dataset_consumes_unknown_never_scheduled to None, run_after=None
[2023-08-29T15:05:38.761+0000] {logging_mixin.py:151} INFO - [2023-08-29T15:05:38.761+0000] {dag.py:3677} INFO - Setting next_dagrun for dataset_produces_1 to 2023-08-28T00:00:00+00:00, run_after=2023-08-29T00:00:00+00:00
[2023-08-29T15:05:38.764+0000] {logging_mixin.py:151} INFO - [2023-08-29T15:05:38.763+0000] {dag.py:3677} INFO - Setting next_dagrun for dataset_produces_2 to None, run_after=None
[2023-08-29T15:05:38.822+0000] {processor.py:179} INFO - Processing /home/airflow/.local/lib/python3.8/site-packages/airflow/example_dags/example_datasets.py took 0.305 seconds
[2023-08-29T15:06:09.392+0000] {processor.py:157} INFO - Started process (PID=938) to work on /home/airflow/.local/lib/python3.8/site-packages/airflow/example_dags/example_datasets.py
[2023-08-29T15:06:09.393+0000] {processor.py:829} INFO - Processing file /home/airflow/.local/lib/python3.8/site-packages/airflow/example_dags/example_datasets.py for tasks to queue
[2023-08-29T15:06:09.395+0000] {logging_mixin.py:151} INFO - [2023-08-29T15:06:09.394+0000] {dagbag.py:539} INFO - Filling up the DagBag from /home/airflow/.local/lib/python3.8/site-packages/airflow/example_dags/example_datasets.py
[2023-08-29T15:06:09.407+0000] {processor.py:839} INFO - DAG(s) dict_keys(['dataset_produces_1', 'dataset_consumes_1_and_2', 'dataset_produces_2', 'dataset_consumes_unknown_never_scheduled', 'dataset_consumes_1_never_scheduled', 'dataset_consumes_1']) retrieved from /home/airflow/.local/lib/python3.8/site-packages/airflow/example_dags/example_datasets.py
[2023-08-29T15:06:09.464+0000] {logging_mixin.py:151} INFO - [2023-08-29T15:06:09.464+0000] {dag.py:2907} INFO - Sync 6 DAGs
[2023-08-29T15:06:09.489+0000] {logging_mixin.py:151} INFO - [2023-08-29T15:06:09.489+0000] {dag.py:3677} INFO - Setting next_dagrun for dataset_consumes_1 to None, run_after=None
[2023-08-29T15:06:09.494+0000] {logging_mixin.py:151} INFO - [2023-08-29T15:06:09.494+0000] {dag.py:3677} INFO - Setting next_dagrun for dataset_consumes_1_and_2 to None, run_after=None
[2023-08-29T15:06:09.497+0000] {logging_mixin.py:151} INFO - [2023-08-29T15:06:09.497+0000] {dag.py:3677} INFO - Setting next_dagrun for dataset_consumes_1_never_scheduled to None, run_after=None
[2023-08-29T15:06:09.501+0000] {logging_mixin.py:151} INFO - [2023-08-29T15:06:09.500+0000] {dag.py:3677} INFO - Setting next_dagrun for dataset_consumes_unknown_never_scheduled to None, run_after=None
[2023-08-29T15:06:09.504+0000] {logging_mixin.py:151} INFO - [2023-08-29T15:06:09.504+0000] {dag.py:3677} INFO - Setting next_dagrun for dataset_produces_1 to 2023-08-28T00:00:00+00:00, run_after=2023-08-29T00:00:00+00:00
[2023-08-29T15:06:09.507+0000] {logging_mixin.py:151} INFO - [2023-08-29T15:06:09.507+0000] {dag.py:3677} INFO - Setting next_dagrun for dataset_produces_2 to None, run_after=None
[2023-08-29T15:06:09.555+0000] {processor.py:179} INFO - Processing /home/airflow/.local/lib/python3.8/site-packages/airflow/example_dags/example_datasets.py took 0.167 seconds
[2023-08-29T15:06:39.809+0000] {processor.py:157} INFO - Started process (PID=1176) to work on /home/airflow/.local/lib/python3.8/site-packages/airflow/example_dags/example_datasets.py
[2023-08-29T15:06:39.810+0000] {processor.py:829} INFO - Processing file /home/airflow/.local/lib/python3.8/site-packages/airflow/example_dags/example_datasets.py for tasks to queue
[2023-08-29T15:06:39.811+0000] {logging_mixin.py:151} INFO - [2023-08-29T15:06:39.811+0000] {dagbag.py:539} INFO - Filling up the DagBag from /home/airflow/.local/lib/python3.8/site-packages/airflow/example_dags/example_datasets.py
[2023-08-29T15:06:39.819+0000] {processor.py:839} INFO - DAG(s) dict_keys(['dataset_consumes_1_never_scheduled', 'dataset_consumes_1_and_2', 'dataset_produces_2', 'dataset_produces_1', 'dataset_consumes_1', 'dataset_consumes_unknown_never_scheduled']) retrieved from /home/airflow/.local/lib/python3.8/site-packages/airflow/example_dags/example_datasets.py
[2023-08-29T15:06:39.867+0000] {logging_mixin.py:151} INFO - [2023-08-29T15:06:39.866+0000] {dag.py:2907} INFO - Sync 6 DAGs
[2023-08-29T15:06:39.892+0000] {logging_mixin.py:151} INFO - [2023-08-29T15:06:39.892+0000] {dag.py:3677} INFO - Setting next_dagrun for dataset_consumes_1 to None, run_after=None
[2023-08-29T15:06:39.897+0000] {logging_mixin.py:151} INFO - [2023-08-29T15:06:39.897+0000] {dag.py:3677} INFO - Setting next_dagrun for dataset_consumes_1_and_2 to None, run_after=None
[2023-08-29T15:06:39.900+0000] {logging_mixin.py:151} INFO - [2023-08-29T15:06:39.899+0000] {dag.py:3677} INFO - Setting next_dagrun for dataset_consumes_1_never_scheduled to None, run_after=None
[2023-08-29T15:06:39.902+0000] {logging_mixin.py:151} INFO - [2023-08-29T15:06:39.902+0000] {dag.py:3677} INFO - Setting next_dagrun for dataset_consumes_unknown_never_scheduled to None, run_after=None
[2023-08-29T15:06:39.907+0000] {logging_mixin.py:151} INFO - [2023-08-29T15:06:39.907+0000] {dag.py:3677} INFO - Setting next_dagrun for dataset_produces_1 to 2023-08-28T00:00:00+00:00, run_after=2023-08-29T00:00:00+00:00
[2023-08-29T15:06:39.909+0000] {logging_mixin.py:151} INFO - [2023-08-29T15:06:39.909+0000] {dag.py:3677} INFO - Setting next_dagrun for dataset_produces_2 to None, run_after=None
[2023-08-29T15:06:39.959+0000] {processor.py:179} INFO - Processing /home/airflow/.local/lib/python3.8/site-packages/airflow/example_dags/example_datasets.py took 0.153 seconds
[2023-08-29T15:07:10.214+0000] {processor.py:157} INFO - Started process (PID=1414) to work on /home/airflow/.local/lib/python3.8/site-packages/airflow/example_dags/example_datasets.py
[2023-08-29T15:07:10.216+0000] {processor.py:829} INFO - Processing file /home/airflow/.local/lib/python3.8/site-packages/airflow/example_dags/example_datasets.py for tasks to queue
[2023-08-29T15:07:10.218+0000] {logging_mixin.py:151} INFO - [2023-08-29T15:07:10.217+0000] {dagbag.py:539} INFO - Filling up the DagBag from /home/airflow/.local/lib/python3.8/site-packages/airflow/example_dags/example_datasets.py
[2023-08-29T15:07:10.226+0000] {processor.py:839} INFO - DAG(s) dict_keys(['dataset_consumes_1_never_scheduled', 'dataset_produces_1', 'dataset_produces_2', 'dataset_consumes_1_and_2', 'dataset_consumes_unknown_never_scheduled', 'dataset_consumes_1']) retrieved from /home/airflow/.local/lib/python3.8/site-packages/airflow/example_dags/example_datasets.py
[2023-08-29T15:07:10.270+0000] {logging_mixin.py:151} INFO - [2023-08-29T15:07:10.270+0000] {dag.py:2907} INFO - Sync 6 DAGs
[2023-08-29T15:07:10.296+0000] {logging_mixin.py:151} INFO - [2023-08-29T15:07:10.296+0000] {dag.py:3677} INFO - Setting next_dagrun for dataset_consumes_1 to None, run_after=None
[2023-08-29T15:07:10.301+0000] {logging_mixin.py:151} INFO - [2023-08-29T15:07:10.301+0000] {dag.py:3677} INFO - Setting next_dagrun for dataset_consumes_1_and_2 to None, run_after=None
[2023-08-29T15:07:10.304+0000] {logging_mixin.py:151} INFO - [2023-08-29T15:07:10.304+0000] {dag.py:3677} INFO - Setting next_dagrun for dataset_consumes_1_never_scheduled to None, run_after=None
[2023-08-29T15:07:10.306+0000] {logging_mixin.py:151} INFO - [2023-08-29T15:07:10.306+0000] {dag.py:3677} INFO - Setting next_dagrun for dataset_consumes_unknown_never_scheduled to None, run_after=None
[2023-08-29T15:07:10.311+0000] {logging_mixin.py:151} INFO - [2023-08-29T15:07:10.311+0000] {dag.py:3677} INFO - Setting next_dagrun for dataset_produces_1 to 2023-08-28T00:00:00+00:00, run_after=2023-08-29T00:00:00+00:00
[2023-08-29T15:07:10.314+0000] {logging_mixin.py:151} INFO - [2023-08-29T15:07:10.314+0000] {dag.py:3677} INFO - Setting next_dagrun for dataset_produces_2 to None, run_after=None
[2023-08-29T15:07:10.364+0000] {processor.py:179} INFO - Processing /home/airflow/.local/lib/python3.8/site-packages/airflow/example_dags/example_datasets.py took 0.153 seconds
[2023-08-29T15:07:40.983+0000] {processor.py:157} INFO - Started process (PID=1652) to work on /home/airflow/.local/lib/python3.8/site-packages/airflow/example_dags/example_datasets.py
[2023-08-29T15:07:40.985+0000] {processor.py:829} INFO - Processing file /home/airflow/.local/lib/python3.8/site-packages/airflow/example_dags/example_datasets.py for tasks to queue
[2023-08-29T15:07:40.986+0000] {logging_mixin.py:151} INFO - [2023-08-29T15:07:40.986+0000] {dagbag.py:539} INFO - Filling up the DagBag from /home/airflow/.local/lib/python3.8/site-packages/airflow/example_dags/example_datasets.py
[2023-08-29T15:07:40.995+0000] {processor.py:839} INFO - DAG(s) dict_keys(['dataset_consumes_1_never_scheduled', 'dataset_consumes_1_and_2', 'dataset_produces_2', 'dataset_produces_1', 'dataset_consumes_1', 'dataset_consumes_unknown_never_scheduled']) retrieved from /home/airflow/.local/lib/python3.8/site-packages/airflow/example_dags/example_datasets.py
[2023-08-29T15:07:41.040+0000] {logging_mixin.py:151} INFO - [2023-08-29T15:07:41.040+0000] {dag.py:2907} INFO - Sync 6 DAGs
[2023-08-29T15:07:41.063+0000] {logging_mixin.py:151} INFO - [2023-08-29T15:07:41.063+0000] {dag.py:3677} INFO - Setting next_dagrun for dataset_consumes_1 to None, run_after=None
[2023-08-29T15:07:41.067+0000] {logging_mixin.py:151} INFO - [2023-08-29T15:07:41.067+0000] {dag.py:3677} INFO - Setting next_dagrun for dataset_consumes_1_and_2 to None, run_after=None
[2023-08-29T15:07:41.070+0000] {logging_mixin.py:151} INFO - [2023-08-29T15:07:41.070+0000] {dag.py:3677} INFO - Setting next_dagrun for dataset_consumes_1_never_scheduled to None, run_after=None
[2023-08-29T15:07:41.074+0000] {logging_mixin.py:151} INFO - [2023-08-29T15:07:41.073+0000] {dag.py:3677} INFO - Setting next_dagrun for dataset_consumes_unknown_never_scheduled to None, run_after=None
[2023-08-29T15:07:41.078+0000] {logging_mixin.py:151} INFO - [2023-08-29T15:07:41.077+0000] {dag.py:3677} INFO - Setting next_dagrun for dataset_produces_1 to 2023-08-28T00:00:00+00:00, run_after=2023-08-29T00:00:00+00:00
[2023-08-29T15:07:41.081+0000] {logging_mixin.py:151} INFO - [2023-08-29T15:07:41.081+0000] {dag.py:3677} INFO - Setting next_dagrun for dataset_produces_2 to None, run_after=None
[2023-08-29T15:07:41.130+0000] {processor.py:179} INFO - Processing /home/airflow/.local/lib/python3.8/site-packages/airflow/example_dags/example_datasets.py took 0.149 seconds
[2023-08-29T15:08:11.765+0000] {processor.py:157} INFO - Started process (PID=1890) to work on /home/airflow/.local/lib/python3.8/site-packages/airflow/example_dags/example_datasets.py
[2023-08-29T15:08:11.766+0000] {processor.py:829} INFO - Processing file /home/airflow/.local/lib/python3.8/site-packages/airflow/example_dags/example_datasets.py for tasks to queue
[2023-08-29T15:08:11.767+0000] {logging_mixin.py:151} INFO - [2023-08-29T15:08:11.767+0000] {dagbag.py:539} INFO - Filling up the DagBag from /home/airflow/.local/lib/python3.8/site-packages/airflow/example_dags/example_datasets.py
[2023-08-29T15:08:11.776+0000] {processor.py:839} INFO - DAG(s) dict_keys(['dataset_produces_1', 'dataset_consumes_unknown_never_scheduled', 'dataset_consumes_1_never_scheduled', 'dataset_produces_2', 'dataset_consumes_1', 'dataset_consumes_1_and_2']) retrieved from /home/airflow/.local/lib/python3.8/site-packages/airflow/example_dags/example_datasets.py
[2023-08-29T15:08:11.829+0000] {logging_mixin.py:151} INFO - [2023-08-29T15:08:11.829+0000] {dag.py:2907} INFO - Sync 6 DAGs
[2023-08-29T15:08:11.854+0000] {logging_mixin.py:151} INFO - [2023-08-29T15:08:11.853+0000] {dag.py:3677} INFO - Setting next_dagrun for dataset_consumes_1 to None, run_after=None
[2023-08-29T15:08:11.859+0000] {logging_mixin.py:151} INFO - [2023-08-29T15:08:11.859+0000] {dag.py:3677} INFO - Setting next_dagrun for dataset_consumes_1_and_2 to None, run_after=None
[2023-08-29T15:08:11.862+0000] {logging_mixin.py:151} INFO - [2023-08-29T15:08:11.862+0000] {dag.py:3677} INFO - Setting next_dagrun for dataset_consumes_1_never_scheduled to None, run_after=None
[2023-08-29T15:08:11.865+0000] {logging_mixin.py:151} INFO - [2023-08-29T15:08:11.865+0000] {dag.py:3677} INFO - Setting next_dagrun for dataset_consumes_unknown_never_scheduled to None, run_after=None
[2023-08-29T15:08:11.869+0000] {logging_mixin.py:151} INFO - [2023-08-29T15:08:11.869+0000] {dag.py:3677} INFO - Setting next_dagrun for dataset_produces_1 to 2023-08-28T00:00:00+00:00, run_after=2023-08-29T00:00:00+00:00
[2023-08-29T15:08:11.871+0000] {logging_mixin.py:151} INFO - [2023-08-29T15:08:11.871+0000] {dag.py:3677} INFO - Setting next_dagrun for dataset_produces_2 to None, run_after=None
[2023-08-29T15:08:11.922+0000] {processor.py:179} INFO - Processing /home/airflow/.local/lib/python3.8/site-packages/airflow/example_dags/example_datasets.py took 0.159 seconds
[2023-08-29T15:08:42.129+0000] {processor.py:157} INFO - Started process (PID=2133) to work on /home/airflow/.local/lib/python3.8/site-packages/airflow/example_dags/example_datasets.py
[2023-08-29T15:08:42.130+0000] {processor.py:829} INFO - Processing file /home/airflow/.local/lib/python3.8/site-packages/airflow/example_dags/example_datasets.py for tasks to queue
[2023-08-29T15:08:42.132+0000] {logging_mixin.py:151} INFO - [2023-08-29T15:08:42.131+0000] {dagbag.py:539} INFO - Filling up the DagBag from /home/airflow/.local/lib/python3.8/site-packages/airflow/example_dags/example_datasets.py
[2023-08-29T15:08:42.141+0000] {processor.py:839} INFO - DAG(s) dict_keys(['dataset_consumes_1', 'dataset_consumes_1_and_2', 'dataset_consumes_1_never_scheduled', 'dataset_produces_2', 'dataset_consumes_unknown_never_scheduled', 'dataset_produces_1']) retrieved from /home/airflow/.local/lib/python3.8/site-packages/airflow/example_dags/example_datasets.py
[2023-08-29T15:08:42.195+0000] {logging_mixin.py:151} INFO - [2023-08-29T15:08:42.195+0000] {dag.py:2907} INFO - Sync 6 DAGs
[2023-08-29T15:08:42.222+0000] {logging_mixin.py:151} INFO - [2023-08-29T15:08:42.221+0000] {dag.py:3677} INFO - Setting next_dagrun for dataset_consumes_1 to None, run_after=None
[2023-08-29T15:08:42.227+0000] {logging_mixin.py:151} INFO - [2023-08-29T15:08:42.227+0000] {dag.py:3677} INFO - Setting next_dagrun for dataset_consumes_1_and_2 to None, run_after=None
[2023-08-29T15:08:42.230+0000] {logging_mixin.py:151} INFO - [2023-08-29T15:08:42.230+0000] {dag.py:3677} INFO - Setting next_dagrun for dataset_consumes_1_never_scheduled to None, run_after=None
[2023-08-29T15:08:42.234+0000] {logging_mixin.py:151} INFO - [2023-08-29T15:08:42.234+0000] {dag.py:3677} INFO - Setting next_dagrun for dataset_consumes_unknown_never_scheduled to None, run_after=None
[2023-08-29T15:08:42.238+0000] {logging_mixin.py:151} INFO - [2023-08-29T15:08:42.238+0000] {dag.py:3677} INFO - Setting next_dagrun for dataset_produces_1 to 2023-08-28T00:00:00+00:00, run_after=2023-08-29T00:00:00+00:00
[2023-08-29T15:08:42.242+0000] {logging_mixin.py:151} INFO - [2023-08-29T15:08:42.242+0000] {dag.py:3677} INFO - Setting next_dagrun for dataset_produces_2 to None, run_after=None
[2023-08-29T15:08:42.298+0000] {processor.py:179} INFO - Processing /home/airflow/.local/lib/python3.8/site-packages/airflow/example_dags/example_datasets.py took 0.172 seconds
[2023-08-29T15:09:13.031+0000] {processor.py:157} INFO - Started process (PID=2366) to work on /home/airflow/.local/lib/python3.8/site-packages/airflow/example_dags/example_datasets.py
[2023-08-29T15:09:13.032+0000] {processor.py:829} INFO - Processing file /home/airflow/.local/lib/python3.8/site-packages/airflow/example_dags/example_datasets.py for tasks to queue
[2023-08-29T15:09:13.035+0000] {logging_mixin.py:151} INFO - [2023-08-29T15:09:13.034+0000] {dagbag.py:539} INFO - Filling up the DagBag from /home/airflow/.local/lib/python3.8/site-packages/airflow/example_dags/example_datasets.py
[2023-08-29T15:09:13.058+0000] {processor.py:839} INFO - DAG(s) dict_keys(['dataset_consumes_1_and_2', 'dataset_produces_2', 'dataset_consumes_unknown_never_scheduled', 'dataset_produces_1', 'dataset_consumes_1_never_scheduled', 'dataset_consumes_1']) retrieved from /home/airflow/.local/lib/python3.8/site-packages/airflow/example_dags/example_datasets.py
[2023-08-29T15:09:13.148+0000] {logging_mixin.py:151} INFO - [2023-08-29T15:09:13.148+0000] {dag.py:2907} INFO - Sync 6 DAGs
[2023-08-29T15:09:13.183+0000] {logging_mixin.py:151} INFO - [2023-08-29T15:09:13.183+0000] {dag.py:3677} INFO - Setting next_dagrun for dataset_consumes_1 to None, run_after=None
[2023-08-29T15:09:13.190+0000] {logging_mixin.py:151} INFO - [2023-08-29T15:09:13.189+0000] {dag.py:3677} INFO - Setting next_dagrun for dataset_consumes_1_and_2 to None, run_after=None
[2023-08-29T15:09:13.193+0000] {logging_mixin.py:151} INFO - [2023-08-29T15:09:13.192+0000] {dag.py:3677} INFO - Setting next_dagrun for dataset_consumes_1_never_scheduled to None, run_after=None
[2023-08-29T15:09:13.196+0000] {logging_mixin.py:151} INFO - [2023-08-29T15:09:13.196+0000] {dag.py:3677} INFO - Setting next_dagrun for dataset_consumes_unknown_never_scheduled to None, run_after=None
[2023-08-29T15:09:13.202+0000] {logging_mixin.py:151} INFO - [2023-08-29T15:09:13.201+0000] {dag.py:3677} INFO - Setting next_dagrun for dataset_produces_1 to 2023-08-28T00:00:00+00:00, run_after=2023-08-29T00:00:00+00:00
[2023-08-29T15:09:13.206+0000] {logging_mixin.py:151} INFO - [2023-08-29T15:09:13.205+0000] {dag.py:3677} INFO - Setting next_dagrun for dataset_produces_2 to None, run_after=None
[2023-08-29T15:09:13.281+0000] {processor.py:179} INFO - Processing /home/airflow/.local/lib/python3.8/site-packages/airflow/example_dags/example_datasets.py took 0.258 seconds
[2023-08-29T15:09:44.151+0000] {processor.py:157} INFO - Started process (PID=2604) to work on /home/airflow/.local/lib/python3.8/site-packages/airflow/example_dags/example_datasets.py
[2023-08-29T15:09:44.152+0000] {processor.py:829} INFO - Processing file /home/airflow/.local/lib/python3.8/site-packages/airflow/example_dags/example_datasets.py for tasks to queue
[2023-08-29T15:09:44.154+0000] {logging_mixin.py:151} INFO - [2023-08-29T15:09:44.153+0000] {dagbag.py:539} INFO - Filling up the DagBag from /home/airflow/.local/lib/python3.8/site-packages/airflow/example_dags/example_datasets.py
[2023-08-29T15:09:44.162+0000] {processor.py:839} INFO - DAG(s) dict_keys(['dataset_consumes_1_and_2', 'dataset_consumes_1', 'dataset_consumes_1_never_scheduled', 'dataset_produces_1', 'dataset_consumes_unknown_never_scheduled', 'dataset_produces_2']) retrieved from /home/airflow/.local/lib/python3.8/site-packages/airflow/example_dags/example_datasets.py
[2023-08-29T15:09:44.208+0000] {logging_mixin.py:151} INFO - [2023-08-29T15:09:44.208+0000] {dag.py:2907} INFO - Sync 6 DAGs
[2023-08-29T15:09:44.233+0000] {logging_mixin.py:151} INFO - [2023-08-29T15:09:44.233+0000] {dag.py:3677} INFO - Setting next_dagrun for dataset_consumes_1 to None, run_after=None
[2023-08-29T15:09:44.239+0000] {logging_mixin.py:151} INFO - [2023-08-29T15:09:44.238+0000] {dag.py:3677} INFO - Setting next_dagrun for dataset_consumes_1_and_2 to None, run_after=None
[2023-08-29T15:09:44.242+0000] {logging_mixin.py:151} INFO - [2023-08-29T15:09:44.242+0000] {dag.py:3677} INFO - Setting next_dagrun for dataset_consumes_1_never_scheduled to None, run_after=None
[2023-08-29T15:09:44.245+0000] {logging_mixin.py:151} INFO - [2023-08-29T15:09:44.245+0000] {dag.py:3677} INFO - Setting next_dagrun for dataset_consumes_unknown_never_scheduled to None, run_after=None
[2023-08-29T15:09:44.250+0000] {logging_mixin.py:151} INFO - [2023-08-29T15:09:44.249+0000] {dag.py:3677} INFO - Setting next_dagrun for dataset_produces_1 to 2023-08-28T00:00:00+00:00, run_after=2023-08-29T00:00:00+00:00
[2023-08-29T15:09:44.252+0000] {logging_mixin.py:151} INFO - [2023-08-29T15:09:44.252+0000] {dag.py:3677} INFO - Setting next_dagrun for dataset_produces_2 to None, run_after=None
[2023-08-29T15:09:44.298+0000] {processor.py:179} INFO - Processing /home/airflow/.local/lib/python3.8/site-packages/airflow/example_dags/example_datasets.py took 0.150 seconds
[2023-08-29T15:10:14.623+0000] {processor.py:157} INFO - Started process (PID=2842) to work on /home/airflow/.local/lib/python3.8/site-packages/airflow/example_dags/example_datasets.py
[2023-08-29T15:10:14.625+0000] {processor.py:829} INFO - Processing file /home/airflow/.local/lib/python3.8/site-packages/airflow/example_dags/example_datasets.py for tasks to queue
[2023-08-29T15:10:14.626+0000] {logging_mixin.py:151} INFO - [2023-08-29T15:10:14.626+0000] {dagbag.py:539} INFO - Filling up the DagBag from /home/airflow/.local/lib/python3.8/site-packages/airflow/example_dags/example_datasets.py
[2023-08-29T15:10:14.635+0000] {processor.py:839} INFO - DAG(s) dict_keys(['dataset_consumes_1', 'dataset_consumes_1_never_scheduled', 'dataset_produces_1', 'dataset_consumes_1_and_2', 'dataset_consumes_unknown_never_scheduled', 'dataset_produces_2']) retrieved from /home/airflow/.local/lib/python3.8/site-packages/airflow/example_dags/example_datasets.py
[2023-08-29T15:10:14.684+0000] {logging_mixin.py:151} INFO - [2023-08-29T15:10:14.684+0000] {dag.py:2907} INFO - Sync 6 DAGs
[2023-08-29T15:10:14.709+0000] {logging_mixin.py:151} INFO - [2023-08-29T15:10:14.709+0000] {dag.py:3677} INFO - Setting next_dagrun for dataset_consumes_1 to None, run_after=None
[2023-08-29T15:10:14.714+0000] {logging_mixin.py:151} INFO - [2023-08-29T15:10:14.714+0000] {dag.py:3677} INFO - Setting next_dagrun for dataset_consumes_1_and_2 to None, run_after=None
[2023-08-29T15:10:14.717+0000] {logging_mixin.py:151} INFO - [2023-08-29T15:10:14.716+0000] {dag.py:3677} INFO - Setting next_dagrun for dataset_consumes_1_never_scheduled to None, run_after=None
[2023-08-29T15:10:14.720+0000] {logging_mixin.py:151} INFO - [2023-08-29T15:10:14.719+0000] {dag.py:3677} INFO - Setting next_dagrun for dataset_consumes_unknown_never_scheduled to None, run_after=None
[2023-08-29T15:10:14.723+0000] {logging_mixin.py:151} INFO - [2023-08-29T15:10:14.723+0000] {dag.py:3677} INFO - Setting next_dagrun for dataset_produces_1 to 2023-08-28T00:00:00+00:00, run_after=2023-08-29T00:00:00+00:00
[2023-08-29T15:10:14.726+0000] {logging_mixin.py:151} INFO - [2023-08-29T15:10:14.725+0000] {dag.py:3677} INFO - Setting next_dagrun for dataset_produces_2 to None, run_after=None
[2023-08-29T15:10:14.771+0000] {processor.py:179} INFO - Processing /home/airflow/.local/lib/python3.8/site-packages/airflow/example_dags/example_datasets.py took 0.151 seconds
[2023-08-29T15:10:44.947+0000] {processor.py:157} INFO - Started process (PID=3080) to work on /home/airflow/.local/lib/python3.8/site-packages/airflow/example_dags/example_datasets.py
[2023-08-29T15:10:44.948+0000] {processor.py:829} INFO - Processing file /home/airflow/.local/lib/python3.8/site-packages/airflow/example_dags/example_datasets.py for tasks to queue
[2023-08-29T15:10:44.949+0000] {logging_mixin.py:151} INFO - [2023-08-29T15:10:44.949+0000] {dagbag.py:539} INFO - Filling up the DagBag from /home/airflow/.local/lib/python3.8/site-packages/airflow/example_dags/example_datasets.py
[2023-08-29T15:10:44.959+0000] {processor.py:839} INFO - DAG(s) dict_keys(['dataset_consumes_1_and_2', 'dataset_consumes_1', 'dataset_produces_2', 'dataset_produces_1', 'dataset_consumes_1_never_scheduled', 'dataset_consumes_unknown_never_scheduled']) retrieved from /home/airflow/.local/lib/python3.8/site-packages/airflow/example_dags/example_datasets.py
[2023-08-29T15:10:45.012+0000] {logging_mixin.py:151} INFO - [2023-08-29T15:10:45.012+0000] {dag.py:2907} INFO - Sync 6 DAGs
[2023-08-29T15:10:45.039+0000] {logging_mixin.py:151} INFO - [2023-08-29T15:10:45.039+0000] {dag.py:3677} INFO - Setting next_dagrun for dataset_consumes_1 to None, run_after=None
[2023-08-29T15:10:45.045+0000] {logging_mixin.py:151} INFO - [2023-08-29T15:10:45.045+0000] {dag.py:3677} INFO - Setting next_dagrun for dataset_consumes_1_and_2 to None, run_after=None
[2023-08-29T15:10:45.048+0000] {logging_mixin.py:151} INFO - [2023-08-29T15:10:45.048+0000] {dag.py:3677} INFO - Setting next_dagrun for dataset_consumes_1_never_scheduled to None, run_after=None
[2023-08-29T15:10:45.050+0000] {logging_mixin.py:151} INFO - [2023-08-29T15:10:45.050+0000] {dag.py:3677} INFO - Setting next_dagrun for dataset_consumes_unknown_never_scheduled to None, run_after=None
[2023-08-29T15:10:45.054+0000] {logging_mixin.py:151} INFO - [2023-08-29T15:10:45.054+0000] {dag.py:3677} INFO - Setting next_dagrun for dataset_produces_1 to 2023-08-28T00:00:00+00:00, run_after=2023-08-29T00:00:00+00:00
[2023-08-29T15:10:45.058+0000] {logging_mixin.py:151} INFO - [2023-08-29T15:10:45.058+0000] {dag.py:3677} INFO - Setting next_dagrun for dataset_produces_2 to None, run_after=None
[2023-08-29T15:10:45.120+0000] {processor.py:179} INFO - Processing /home/airflow/.local/lib/python3.8/site-packages/airflow/example_dags/example_datasets.py took 0.176 seconds
[2023-08-29T15:11:15.592+0000] {processor.py:157} INFO - Started process (PID=3342) to work on /home/airflow/.local/lib/python3.8/site-packages/airflow/example_dags/example_datasets.py
[2023-08-29T15:11:15.593+0000] {processor.py:829} INFO - Processing file /home/airflow/.local/lib/python3.8/site-packages/airflow/example_dags/example_datasets.py for tasks to queue
[2023-08-29T15:11:15.595+0000] {logging_mixin.py:151} INFO - [2023-08-29T15:11:15.594+0000] {dagbag.py:539} INFO - Filling up the DagBag from /home/airflow/.local/lib/python3.8/site-packages/airflow/example_dags/example_datasets.py
[2023-08-29T15:11:15.604+0000] {processor.py:839} INFO - DAG(s) dict_keys(['dataset_consumes_unknown_never_scheduled', 'dataset_consumes_1_and_2', 'dataset_produces_2', 'dataset_consumes_1', 'dataset_produces_1', 'dataset_consumes_1_never_scheduled']) retrieved from /home/airflow/.local/lib/python3.8/site-packages/airflow/example_dags/example_datasets.py
[2023-08-29T15:11:15.648+0000] {logging_mixin.py:151} INFO - [2023-08-29T15:11:15.647+0000] {dag.py:2907} INFO - Sync 6 DAGs
[2023-08-29T15:11:15.671+0000] {logging_mixin.py:151} INFO - [2023-08-29T15:11:15.670+0000] {dag.py:3677} INFO - Setting next_dagrun for dataset_consumes_1 to None, run_after=None
[2023-08-29T15:11:15.675+0000] {logging_mixin.py:151} INFO - [2023-08-29T15:11:15.674+0000] {dag.py:3677} INFO - Setting next_dagrun for dataset_consumes_1_and_2 to None, run_after=None
[2023-08-29T15:11:15.677+0000] {logging_mixin.py:151} INFO - [2023-08-29T15:11:15.677+0000] {dag.py:3677} INFO - Setting next_dagrun for dataset_consumes_1_never_scheduled to None, run_after=None
[2023-08-29T15:11:15.679+0000] {logging_mixin.py:151} INFO - [2023-08-29T15:11:15.679+0000] {dag.py:3677} INFO - Setting next_dagrun for dataset_consumes_unknown_never_scheduled to None, run_after=None
[2023-08-29T15:11:15.683+0000] {logging_mixin.py:151} INFO - [2023-08-29T15:11:15.683+0000] {dag.py:3677} INFO - Setting next_dagrun for dataset_produces_1 to 2023-08-28T00:00:00+00:00, run_after=2023-08-29T00:00:00+00:00
[2023-08-29T15:11:15.685+0000] {logging_mixin.py:151} INFO - [2023-08-29T15:11:15.685+0000] {dag.py:3677} INFO - Setting next_dagrun for dataset_produces_2 to None, run_after=None
[2023-08-29T15:11:15.729+0000] {processor.py:179} INFO - Processing /home/airflow/.local/lib/python3.8/site-packages/airflow/example_dags/example_datasets.py took 0.139 seconds
[2023-08-29T15:11:46.108+0000] {processor.py:157} INFO - Started process (PID=3580) to work on /home/airflow/.local/lib/python3.8/site-packages/airflow/example_dags/example_datasets.py
[2023-08-29T15:11:46.109+0000] {processor.py:829} INFO - Processing file /home/airflow/.local/lib/python3.8/site-packages/airflow/example_dags/example_datasets.py for tasks to queue
[2023-08-29T15:11:46.111+0000] {logging_mixin.py:151} INFO - [2023-08-29T15:11:46.111+0000] {dagbag.py:539} INFO - Filling up the DagBag from /home/airflow/.local/lib/python3.8/site-packages/airflow/example_dags/example_datasets.py
[2023-08-29T15:11:46.120+0000] {processor.py:839} INFO - DAG(s) dict_keys(['dataset_produces_1', 'dataset_produces_2', 'dataset_consumes_1', 'dataset_consumes_1_never_scheduled', 'dataset_consumes_unknown_never_scheduled', 'dataset_consumes_1_and_2']) retrieved from /home/airflow/.local/lib/python3.8/site-packages/airflow/example_dags/example_datasets.py
[2023-08-29T15:11:46.169+0000] {logging_mixin.py:151} INFO - [2023-08-29T15:11:46.168+0000] {dag.py:2907} INFO - Sync 6 DAGs
[2023-08-29T15:11:46.191+0000] {logging_mixin.py:151} INFO - [2023-08-29T15:11:46.191+0000] {dag.py:3677} INFO - Setting next_dagrun for dataset_consumes_1 to None, run_after=None
[2023-08-29T15:11:46.197+0000] {logging_mixin.py:151} INFO - [2023-08-29T15:11:46.196+0000] {dag.py:3677} INFO - Setting next_dagrun for dataset_consumes_1_and_2 to None, run_after=None
[2023-08-29T15:11:46.200+0000] {logging_mixin.py:151} INFO - [2023-08-29T15:11:46.199+0000] {dag.py:3677} INFO - Setting next_dagrun for dataset_consumes_1_never_scheduled to None, run_after=None
[2023-08-29T15:11:46.202+0000] {logging_mixin.py:151} INFO - [2023-08-29T15:11:46.202+0000] {dag.py:3677} INFO - Setting next_dagrun for dataset_consumes_unknown_never_scheduled to None, run_after=None
[2023-08-29T15:11:46.207+0000] {logging_mixin.py:151} INFO - [2023-08-29T15:11:46.207+0000] {dag.py:3677} INFO - Setting next_dagrun for dataset_produces_1 to 2023-08-28T00:00:00+00:00, run_after=2023-08-29T00:00:00+00:00
[2023-08-29T15:11:46.210+0000] {logging_mixin.py:151} INFO - [2023-08-29T15:11:46.210+0000] {dag.py:3677} INFO - Setting next_dagrun for dataset_produces_2 to None, run_after=None
[2023-08-29T15:11:46.262+0000] {processor.py:179} INFO - Processing /home/airflow/.local/lib/python3.8/site-packages/airflow/example_dags/example_datasets.py took 0.157 seconds
[2023-08-29T15:12:16.523+0000] {processor.py:157} INFO - Started process (PID=3818) to work on /home/airflow/.local/lib/python3.8/site-packages/airflow/example_dags/example_datasets.py
[2023-08-29T15:12:16.524+0000] {processor.py:829} INFO - Processing file /home/airflow/.local/lib/python3.8/site-packages/airflow/example_dags/example_datasets.py for tasks to queue
[2023-08-29T15:12:16.526+0000] {logging_mixin.py:151} INFO - [2023-08-29T15:12:16.525+0000] {dagbag.py:539} INFO - Filling up the DagBag from /home/airflow/.local/lib/python3.8/site-packages/airflow/example_dags/example_datasets.py
[2023-08-29T15:12:16.534+0000] {processor.py:839} INFO - DAG(s) dict_keys(['dataset_consumes_1', 'dataset_produces_1', 'dataset_consumes_1_and_2', 'dataset_produces_2', 'dataset_consumes_unknown_never_scheduled', 'dataset_consumes_1_never_scheduled']) retrieved from /home/airflow/.local/lib/python3.8/site-packages/airflow/example_dags/example_datasets.py
[2023-08-29T15:12:16.577+0000] {logging_mixin.py:151} INFO - [2023-08-29T15:12:16.577+0000] {dag.py:2907} INFO - Sync 6 DAGs
[2023-08-29T15:12:16.602+0000] {logging_mixin.py:151} INFO - [2023-08-29T15:12:16.601+0000] {dag.py:3677} INFO - Setting next_dagrun for dataset_consumes_1 to None, run_after=None
[2023-08-29T15:12:16.607+0000] {logging_mixin.py:151} INFO - [2023-08-29T15:12:16.606+0000] {dag.py:3677} INFO - Setting next_dagrun for dataset_consumes_1_and_2 to None, run_after=None
[2023-08-29T15:12:16.608+0000] {logging_mixin.py:151} INFO - [2023-08-29T15:12:16.608+0000] {dag.py:3677} INFO - Setting next_dagrun for dataset_consumes_1_never_scheduled to None, run_after=None
[2023-08-29T15:12:16.612+0000] {logging_mixin.py:151} INFO - [2023-08-29T15:12:16.611+0000] {dag.py:3677} INFO - Setting next_dagrun for dataset_consumes_unknown_never_scheduled to None, run_after=None
[2023-08-29T15:12:16.616+0000] {logging_mixin.py:151} INFO - [2023-08-29T15:12:16.615+0000] {dag.py:3677} INFO - Setting next_dagrun for dataset_produces_1 to 2023-08-28T00:00:00+00:00, run_after=2023-08-29T00:00:00+00:00
[2023-08-29T15:12:16.619+0000] {logging_mixin.py:151} INFO - [2023-08-29T15:12:16.619+0000] {dag.py:3677} INFO - Setting next_dagrun for dataset_produces_2 to None, run_after=None
[2023-08-29T15:12:16.657+0000] {processor.py:179} INFO - Processing /home/airflow/.local/lib/python3.8/site-packages/airflow/example_dags/example_datasets.py took 0.136 seconds
[2023-08-29T15:12:46.867+0000] {processor.py:157} INFO - Started process (PID=4056) to work on /home/airflow/.local/lib/python3.8/site-packages/airflow/example_dags/example_datasets.py
[2023-08-29T15:12:46.869+0000] {processor.py:829} INFO - Processing file /home/airflow/.local/lib/python3.8/site-packages/airflow/example_dags/example_datasets.py for tasks to queue
[2023-08-29T15:12:46.870+0000] {logging_mixin.py:151} INFO - [2023-08-29T15:12:46.870+0000] {dagbag.py:539} INFO - Filling up the DagBag from /home/airflow/.local/lib/python3.8/site-packages/airflow/example_dags/example_datasets.py
[2023-08-29T15:12:46.884+0000] {processor.py:839} INFO - DAG(s) dict_keys(['dataset_produces_2', 'dataset_consumes_unknown_never_scheduled', 'dataset_consumes_1_never_scheduled', 'dataset_consumes_1', 'dataset_consumes_1_and_2', 'dataset_produces_1']) retrieved from /home/airflow/.local/lib/python3.8/site-packages/airflow/example_dags/example_datasets.py
[2023-08-29T15:12:46.932+0000] {logging_mixin.py:151} INFO - [2023-08-29T15:12:46.932+0000] {dag.py:2907} INFO - Sync 6 DAGs
[2023-08-29T15:12:46.955+0000] {logging_mixin.py:151} INFO - [2023-08-29T15:12:46.955+0000] {dag.py:3677} INFO - Setting next_dagrun for dataset_consumes_1 to None, run_after=None
[2023-08-29T15:12:46.961+0000] {logging_mixin.py:151} INFO - [2023-08-29T15:12:46.960+0000] {dag.py:3677} INFO - Setting next_dagrun for dataset_consumes_1_and_2 to None, run_after=None
[2023-08-29T15:12:46.963+0000] {logging_mixin.py:151} INFO - [2023-08-29T15:12:46.963+0000] {dag.py:3677} INFO - Setting next_dagrun for dataset_consumes_1_never_scheduled to None, run_after=None
[2023-08-29T15:12:46.966+0000] {logging_mixin.py:151} INFO - [2023-08-29T15:12:46.966+0000] {dag.py:3677} INFO - Setting next_dagrun for dataset_consumes_unknown_never_scheduled to None, run_after=None
[2023-08-29T15:12:46.970+0000] {logging_mixin.py:151} INFO - [2023-08-29T15:12:46.970+0000] {dag.py:3677} INFO - Setting next_dagrun for dataset_produces_1 to 2023-08-28T00:00:00+00:00, run_after=2023-08-29T00:00:00+00:00
[2023-08-29T15:12:46.972+0000] {logging_mixin.py:151} INFO - [2023-08-29T15:12:46.972+0000] {dag.py:3677} INFO - Setting next_dagrun for dataset_produces_2 to None, run_after=None
[2023-08-29T15:12:47.017+0000] {processor.py:179} INFO - Processing /home/airflow/.local/lib/python3.8/site-packages/airflow/example_dags/example_datasets.py took 0.154 seconds
[2023-08-29T15:13:17.371+0000] {processor.py:157} INFO - Started process (PID=4294) to work on /home/airflow/.local/lib/python3.8/site-packages/airflow/example_dags/example_datasets.py
[2023-08-29T15:13:17.373+0000] {processor.py:829} INFO - Processing file /home/airflow/.local/lib/python3.8/site-packages/airflow/example_dags/example_datasets.py for tasks to queue
[2023-08-29T15:13:17.374+0000] {logging_mixin.py:151} INFO - [2023-08-29T15:13:17.374+0000] {dagbag.py:539} INFO - Filling up the DagBag from /home/airflow/.local/lib/python3.8/site-packages/airflow/example_dags/example_datasets.py
[2023-08-29T15:13:17.382+0000] {processor.py:839} INFO - DAG(s) dict_keys(['dataset_produces_2', 'dataset_consumes_unknown_never_scheduled', 'dataset_consumes_1', 'dataset_consumes_1_never_scheduled', 'dataset_produces_1', 'dataset_consumes_1_and_2']) retrieved from /home/airflow/.local/lib/python3.8/site-packages/airflow/example_dags/example_datasets.py
[2023-08-29T15:13:17.429+0000] {logging_mixin.py:151} INFO - [2023-08-29T15:13:17.428+0000] {dag.py:2907} INFO - Sync 6 DAGs
[2023-08-29T15:13:17.451+0000] {logging_mixin.py:151} INFO - [2023-08-29T15:13:17.450+0000] {dag.py:3677} INFO - Setting next_dagrun for dataset_consumes_1 to None, run_after=None
[2023-08-29T15:13:17.456+0000] {logging_mixin.py:151} INFO - [2023-08-29T15:13:17.456+0000] {dag.py:3677} INFO - Setting next_dagrun for dataset_consumes_1_and_2 to None, run_after=None
[2023-08-29T15:13:17.459+0000] {logging_mixin.py:151} INFO - [2023-08-29T15:13:17.458+0000] {dag.py:3677} INFO - Setting next_dagrun for dataset_consumes_1_never_scheduled to None, run_after=None
[2023-08-29T15:13:17.461+0000] {logging_mixin.py:151} INFO - [2023-08-29T15:13:17.461+0000] {dag.py:3677} INFO - Setting next_dagrun for dataset_consumes_unknown_never_scheduled to None, run_after=None
[2023-08-29T15:13:17.465+0000] {logging_mixin.py:151} INFO - [2023-08-29T15:13:17.465+0000] {dag.py:3677} INFO - Setting next_dagrun for dataset_produces_1 to 2023-08-28T00:00:00+00:00, run_after=2023-08-29T00:00:00+00:00
[2023-08-29T15:13:17.468+0000] {logging_mixin.py:151} INFO - [2023-08-29T15:13:17.467+0000] {dag.py:3677} INFO - Setting next_dagrun for dataset_produces_2 to None, run_after=None
[2023-08-29T15:13:17.524+0000] {processor.py:179} INFO - Processing /home/airflow/.local/lib/python3.8/site-packages/airflow/example_dags/example_datasets.py took 0.155 seconds
[2023-08-29T15:13:47.862+0000] {processor.py:157} INFO - Started process (PID=4532) to work on /home/airflow/.local/lib/python3.8/site-packages/airflow/example_dags/example_datasets.py
[2023-08-29T15:13:47.863+0000] {processor.py:829} INFO - Processing file /home/airflow/.local/lib/python3.8/site-packages/airflow/example_dags/example_datasets.py for tasks to queue
[2023-08-29T15:13:47.865+0000] {logging_mixin.py:151} INFO - [2023-08-29T15:13:47.864+0000] {dagbag.py:539} INFO - Filling up the DagBag from /home/airflow/.local/lib/python3.8/site-packages/airflow/example_dags/example_datasets.py
[2023-08-29T15:13:47.875+0000] {processor.py:839} INFO - DAG(s) dict_keys(['dataset_consumes_unknown_never_scheduled', 'dataset_consumes_1', 'dataset_consumes_1_never_scheduled', 'dataset_produces_2', 'dataset_produces_1', 'dataset_consumes_1_and_2']) retrieved from /home/airflow/.local/lib/python3.8/site-packages/airflow/example_dags/example_datasets.py
[2023-08-29T15:13:47.937+0000] {logging_mixin.py:151} INFO - [2023-08-29T15:13:47.936+0000] {dag.py:2907} INFO - Sync 6 DAGs
[2023-08-29T15:13:47.963+0000] {logging_mixin.py:151} INFO - [2023-08-29T15:13:47.963+0000] {dag.py:3677} INFO - Setting next_dagrun for dataset_consumes_1 to None, run_after=None
[2023-08-29T15:13:47.969+0000] {logging_mixin.py:151} INFO - [2023-08-29T15:13:47.969+0000] {dag.py:3677} INFO - Setting next_dagrun for dataset_consumes_1_and_2 to None, run_after=None
[2023-08-29T15:13:47.972+0000] {logging_mixin.py:151} INFO - [2023-08-29T15:13:47.971+0000] {dag.py:3677} INFO - Setting next_dagrun for dataset_consumes_1_never_scheduled to None, run_after=None
[2023-08-29T15:13:47.974+0000] {logging_mixin.py:151} INFO - [2023-08-29T15:13:47.974+0000] {dag.py:3677} INFO - Setting next_dagrun for dataset_consumes_unknown_never_scheduled to None, run_after=None
[2023-08-29T15:13:47.978+0000] {logging_mixin.py:151} INFO - [2023-08-29T15:13:47.977+0000] {dag.py:3677} INFO - Setting next_dagrun for dataset_produces_1 to 2023-08-28T00:00:00+00:00, run_after=2023-08-29T00:00:00+00:00
[2023-08-29T15:13:47.980+0000] {logging_mixin.py:151} INFO - [2023-08-29T15:13:47.980+0000] {dag.py:3677} INFO - Setting next_dagrun for dataset_produces_2 to None, run_after=None
[2023-08-29T15:13:48.033+0000] {processor.py:179} INFO - Processing /home/airflow/.local/lib/python3.8/site-packages/airflow/example_dags/example_datasets.py took 0.175 seconds
[2023-08-29T15:14:18.147+0000] {processor.py:157} INFO - Started process (PID=4767) to work on /home/airflow/.local/lib/python3.8/site-packages/airflow/example_dags/example_datasets.py
[2023-08-29T15:14:18.148+0000] {processor.py:829} INFO - Processing file /home/airflow/.local/lib/python3.8/site-packages/airflow/example_dags/example_datasets.py for tasks to queue
[2023-08-29T15:14:18.150+0000] {logging_mixin.py:151} INFO - [2023-08-29T15:14:18.149+0000] {dagbag.py:539} INFO - Filling up the DagBag from /home/airflow/.local/lib/python3.8/site-packages/airflow/example_dags/example_datasets.py
[2023-08-29T15:14:18.158+0000] {processor.py:839} INFO - DAG(s) dict_keys(['dataset_consumes_1_and_2', 'dataset_consumes_1', 'dataset_produces_1', 'dataset_produces_2', 'dataset_consumes_unknown_never_scheduled', 'dataset_consumes_1_never_scheduled']) retrieved from /home/airflow/.local/lib/python3.8/site-packages/airflow/example_dags/example_datasets.py
[2023-08-29T15:14:18.209+0000] {logging_mixin.py:151} INFO - [2023-08-29T15:14:18.209+0000] {dag.py:2907} INFO - Sync 6 DAGs
[2023-08-29T15:14:18.235+0000] {logging_mixin.py:151} INFO - [2023-08-29T15:14:18.235+0000] {dag.py:3677} INFO - Setting next_dagrun for dataset_consumes_1 to None, run_after=None
[2023-08-29T15:14:18.240+0000] {logging_mixin.py:151} INFO - [2023-08-29T15:14:18.240+0000] {dag.py:3677} INFO - Setting next_dagrun for dataset_consumes_1_and_2 to None, run_after=None
[2023-08-29T15:14:18.243+0000] {logging_mixin.py:151} INFO - [2023-08-29T15:14:18.242+0000] {dag.py:3677} INFO - Setting next_dagrun for dataset_consumes_1_never_scheduled to None, run_after=None
[2023-08-29T15:14:18.246+0000] {logging_mixin.py:151} INFO - [2023-08-29T15:14:18.245+0000] {dag.py:3677} INFO - Setting next_dagrun for dataset_consumes_unknown_never_scheduled to None, run_after=None
[2023-08-29T15:14:18.250+0000] {logging_mixin.py:151} INFO - [2023-08-29T15:14:18.250+0000] {dag.py:3677} INFO - Setting next_dagrun for dataset_produces_1 to 2023-08-28T00:00:00+00:00, run_after=2023-08-29T00:00:00+00:00
[2023-08-29T15:14:18.252+0000] {logging_mixin.py:151} INFO - [2023-08-29T15:14:18.252+0000] {dag.py:3677} INFO - Setting next_dagrun for dataset_produces_2 to None, run_after=None
[2023-08-29T15:14:18.310+0000] {processor.py:179} INFO - Processing /home/airflow/.local/lib/python3.8/site-packages/airflow/example_dags/example_datasets.py took 0.166 seconds
[2023-08-29T15:14:48.935+0000] {processor.py:157} INFO - Started process (PID=5008) to work on /home/airflow/.local/lib/python3.8/site-packages/airflow/example_dags/example_datasets.py
[2023-08-29T15:14:48.936+0000] {processor.py:829} INFO - Processing file /home/airflow/.local/lib/python3.8/site-packages/airflow/example_dags/example_datasets.py for tasks to queue
[2023-08-29T15:14:48.938+0000] {logging_mixin.py:151} INFO - [2023-08-29T15:14:48.938+0000] {dagbag.py:539} INFO - Filling up the DagBag from /home/airflow/.local/lib/python3.8/site-packages/airflow/example_dags/example_datasets.py
[2023-08-29T15:14:48.946+0000] {processor.py:839} INFO - DAG(s) dict_keys(['dataset_consumes_1', 'dataset_consumes_1_and_2', 'dataset_produces_2', 'dataset_consumes_unknown_never_scheduled', 'dataset_consumes_1_never_scheduled', 'dataset_produces_1']) retrieved from /home/airflow/.local/lib/python3.8/site-packages/airflow/example_dags/example_datasets.py
[2023-08-29T15:14:48.986+0000] {logging_mixin.py:151} INFO - [2023-08-29T15:14:48.986+0000] {dag.py:2907} INFO - Sync 6 DAGs
[2023-08-29T15:14:49.011+0000] {logging_mixin.py:151} INFO - [2023-08-29T15:14:49.011+0000] {dag.py:3677} INFO - Setting next_dagrun for dataset_consumes_1 to None, run_after=None
[2023-08-29T15:14:49.017+0000] {logging_mixin.py:151} INFO - [2023-08-29T15:14:49.016+0000] {dag.py:3677} INFO - Setting next_dagrun for dataset_consumes_1_and_2 to None, run_after=None
[2023-08-29T15:14:49.019+0000] {logging_mixin.py:151} INFO - [2023-08-29T15:14:49.019+0000] {dag.py:3677} INFO - Setting next_dagrun for dataset_consumes_1_never_scheduled to None, run_after=None
[2023-08-29T15:14:49.022+0000] {logging_mixin.py:151} INFO - [2023-08-29T15:14:49.022+0000] {dag.py:3677} INFO - Setting next_dagrun for dataset_consumes_unknown_never_scheduled to None, run_after=None
[2023-08-29T15:14:49.026+0000] {logging_mixin.py:151} INFO - [2023-08-29T15:14:49.026+0000] {dag.py:3677} INFO - Setting next_dagrun for dataset_produces_1 to 2023-08-28T00:00:00+00:00, run_after=2023-08-29T00:00:00+00:00
[2023-08-29T15:14:49.029+0000] {logging_mixin.py:151} INFO - [2023-08-29T15:14:49.029+0000] {dag.py:3677} INFO - Setting next_dagrun for dataset_produces_2 to None, run_after=None
[2023-08-29T15:14:49.087+0000] {processor.py:179} INFO - Processing /home/airflow/.local/lib/python3.8/site-packages/airflow/example_dags/example_datasets.py took 0.154 seconds
[2023-08-29T15:15:19.243+0000] {processor.py:157} INFO - Started process (PID=5246) to work on /home/airflow/.local/lib/python3.8/site-packages/airflow/example_dags/example_datasets.py
[2023-08-29T15:15:19.244+0000] {processor.py:829} INFO - Processing file /home/airflow/.local/lib/python3.8/site-packages/airflow/example_dags/example_datasets.py for tasks to queue
[2023-08-29T15:15:19.245+0000] {logging_mixin.py:151} INFO - [2023-08-29T15:15:19.245+0000] {dagbag.py:539} INFO - Filling up the DagBag from /home/airflow/.local/lib/python3.8/site-packages/airflow/example_dags/example_datasets.py
[2023-08-29T15:15:19.254+0000] {processor.py:839} INFO - DAG(s) dict_keys(['dataset_produces_2', 'dataset_consumes_unknown_never_scheduled', 'dataset_consumes_1', 'dataset_consumes_1_never_scheduled', 'dataset_consumes_1_and_2', 'dataset_produces_1']) retrieved from /home/airflow/.local/lib/python3.8/site-packages/airflow/example_dags/example_datasets.py
[2023-08-29T15:15:19.300+0000] {logging_mixin.py:151} INFO - [2023-08-29T15:15:19.300+0000] {dag.py:2907} INFO - Sync 6 DAGs
[2023-08-29T15:15:19.329+0000] {logging_mixin.py:151} INFO - [2023-08-29T15:15:19.329+0000] {dag.py:3677} INFO - Setting next_dagrun for dataset_consumes_1 to None, run_after=None
[2023-08-29T15:15:19.334+0000] {logging_mixin.py:151} INFO - [2023-08-29T15:15:19.334+0000] {dag.py:3677} INFO - Setting next_dagrun for dataset_consumes_1_and_2 to None, run_after=None
[2023-08-29T15:15:19.338+0000] {logging_mixin.py:151} INFO - [2023-08-29T15:15:19.337+0000] {dag.py:3677} INFO - Setting next_dagrun for dataset_consumes_1_never_scheduled to None, run_after=None
[2023-08-29T15:15:19.340+0000] {logging_mixin.py:151} INFO - [2023-08-29T15:15:19.340+0000] {dag.py:3677} INFO - Setting next_dagrun for dataset_consumes_unknown_never_scheduled to None, run_after=None
[2023-08-29T15:15:19.345+0000] {logging_mixin.py:151} INFO - [2023-08-29T15:15:19.345+0000] {dag.py:3677} INFO - Setting next_dagrun for dataset_produces_1 to 2023-08-28T00:00:00+00:00, run_after=2023-08-29T00:00:00+00:00
[2023-08-29T15:15:19.348+0000] {logging_mixin.py:151} INFO - [2023-08-29T15:15:19.348+0000] {dag.py:3677} INFO - Setting next_dagrun for dataset_produces_2 to None, run_after=None
[2023-08-29T15:15:19.408+0000] {processor.py:179} INFO - Processing /home/airflow/.local/lib/python3.8/site-packages/airflow/example_dags/example_datasets.py took 0.167 seconds
[2023-08-29T15:15:49.964+0000] {processor.py:157} INFO - Started process (PID=5484) to work on /home/airflow/.local/lib/python3.8/site-packages/airflow/example_dags/example_datasets.py
[2023-08-29T15:15:49.966+0000] {processor.py:829} INFO - Processing file /home/airflow/.local/lib/python3.8/site-packages/airflow/example_dags/example_datasets.py for tasks to queue
[2023-08-29T15:15:49.968+0000] {logging_mixin.py:151} INFO - [2023-08-29T15:15:49.968+0000] {dagbag.py:539} INFO - Filling up the DagBag from /home/airflow/.local/lib/python3.8/site-packages/airflow/example_dags/example_datasets.py
[2023-08-29T15:15:49.976+0000] {processor.py:839} INFO - DAG(s) dict_keys(['dataset_consumes_1_and_2', 'dataset_produces_2', 'dataset_consumes_1', 'dataset_consumes_unknown_never_scheduled', 'dataset_consumes_1_never_scheduled', 'dataset_produces_1']) retrieved from /home/airflow/.local/lib/python3.8/site-packages/airflow/example_dags/example_datasets.py
[2023-08-29T15:15:50.027+0000] {logging_mixin.py:151} INFO - [2023-08-29T15:15:50.027+0000] {dag.py:2907} INFO - Sync 6 DAGs
[2023-08-29T15:15:50.054+0000] {logging_mixin.py:151} INFO - [2023-08-29T15:15:50.054+0000] {dag.py:3677} INFO - Setting next_dagrun for dataset_consumes_1 to None, run_after=None
[2023-08-29T15:15:50.059+0000] {logging_mixin.py:151} INFO - [2023-08-29T15:15:50.058+0000] {dag.py:3677} INFO - Setting next_dagrun for dataset_consumes_1_and_2 to None, run_after=None
[2023-08-29T15:15:50.062+0000] {logging_mixin.py:151} INFO - [2023-08-29T15:15:50.061+0000] {dag.py:3677} INFO - Setting next_dagrun for dataset_consumes_1_never_scheduled to None, run_after=None
[2023-08-29T15:15:50.065+0000] {logging_mixin.py:151} INFO - [2023-08-29T15:15:50.064+0000] {dag.py:3677} INFO - Setting next_dagrun for dataset_consumes_unknown_never_scheduled to None, run_after=None
[2023-08-29T15:15:50.070+0000] {logging_mixin.py:151} INFO - [2023-08-29T15:15:50.070+0000] {dag.py:3677} INFO - Setting next_dagrun for dataset_produces_1 to 2023-08-28T00:00:00+00:00, run_after=2023-08-29T00:00:00+00:00
[2023-08-29T15:15:50.073+0000] {logging_mixin.py:151} INFO - [2023-08-29T15:15:50.073+0000] {dag.py:3677} INFO - Setting next_dagrun for dataset_produces_2 to None, run_after=None
[2023-08-29T15:15:50.134+0000] {processor.py:179} INFO - Processing /home/airflow/.local/lib/python3.8/site-packages/airflow/example_dags/example_datasets.py took 0.172 seconds
[2023-08-29T15:16:20.682+0000] {processor.py:157} INFO - Started process (PID=5722) to work on /home/airflow/.local/lib/python3.8/site-packages/airflow/example_dags/example_datasets.py
[2023-08-29T15:16:20.687+0000] {processor.py:829} INFO - Processing file /home/airflow/.local/lib/python3.8/site-packages/airflow/example_dags/example_datasets.py for tasks to queue
[2023-08-29T15:16:20.690+0000] {logging_mixin.py:151} INFO - [2023-08-29T15:16:20.689+0000] {dagbag.py:539} INFO - Filling up the DagBag from /home/airflow/.local/lib/python3.8/site-packages/airflow/example_dags/example_datasets.py
[2023-08-29T15:16:20.713+0000] {processor.py:839} INFO - DAG(s) dict_keys(['dataset_consumes_unknown_never_scheduled', 'dataset_produces_2', 'dataset_consumes_1_never_scheduled', 'dataset_consumes_1', 'dataset_consumes_1_and_2', 'dataset_produces_1']) retrieved from /home/airflow/.local/lib/python3.8/site-packages/airflow/example_dags/example_datasets.py
[2023-08-29T15:16:20.832+0000] {logging_mixin.py:151} INFO - [2023-08-29T15:16:20.832+0000] {dag.py:2907} INFO - Sync 6 DAGs
[2023-08-29T15:16:20.902+0000] {logging_mixin.py:151} INFO - [2023-08-29T15:16:20.901+0000] {dag.py:3677} INFO - Setting next_dagrun for dataset_consumes_1 to None, run_after=None
[2023-08-29T15:16:20.914+0000] {logging_mixin.py:151} INFO - [2023-08-29T15:16:20.913+0000] {dag.py:3677} INFO - Setting next_dagrun for dataset_consumes_1_and_2 to None, run_after=None
[2023-08-29T15:16:20.922+0000] {logging_mixin.py:151} INFO - [2023-08-29T15:16:20.921+0000] {dag.py:3677} INFO - Setting next_dagrun for dataset_consumes_1_never_scheduled to None, run_after=None
[2023-08-29T15:16:20.928+0000] {logging_mixin.py:151} INFO - [2023-08-29T15:16:20.927+0000] {dag.py:3677} INFO - Setting next_dagrun for dataset_consumes_unknown_never_scheduled to None, run_after=None
[2023-08-29T15:16:20.937+0000] {logging_mixin.py:151} INFO - [2023-08-29T15:16:20.936+0000] {dag.py:3677} INFO - Setting next_dagrun for dataset_produces_1 to 2023-08-28T00:00:00+00:00, run_after=2023-08-29T00:00:00+00:00
[2023-08-29T15:16:20.944+0000] {logging_mixin.py:151} INFO - [2023-08-29T15:16:20.943+0000] {dag.py:3677} INFO - Setting next_dagrun for dataset_produces_2 to None, run_after=None
[2023-08-29T15:16:21.043+0000] {processor.py:179} INFO - Processing /home/airflow/.local/lib/python3.8/site-packages/airflow/example_dags/example_datasets.py took 0.367 seconds
[2023-08-29T15:16:51.191+0000] {processor.py:157} INFO - Started process (PID=5957) to work on /home/airflow/.local/lib/python3.8/site-packages/airflow/example_dags/example_datasets.py
[2023-08-29T15:16:51.192+0000] {processor.py:829} INFO - Processing file /home/airflow/.local/lib/python3.8/site-packages/airflow/example_dags/example_datasets.py for tasks to queue
[2023-08-29T15:16:51.194+0000] {logging_mixin.py:151} INFO - [2023-08-29T15:16:51.193+0000] {dagbag.py:539} INFO - Filling up the DagBag from /home/airflow/.local/lib/python3.8/site-packages/airflow/example_dags/example_datasets.py
[2023-08-29T15:16:51.202+0000] {processor.py:839} INFO - DAG(s) dict_keys(['dataset_produces_1', 'dataset_consumes_1_and_2', 'dataset_consumes_unknown_never_scheduled', 'dataset_produces_2', 'dataset_consumes_1_never_scheduled', 'dataset_consumes_1']) retrieved from /home/airflow/.local/lib/python3.8/site-packages/airflow/example_dags/example_datasets.py
[2023-08-29T15:16:51.370+0000] {logging_mixin.py:151} INFO - [2023-08-29T15:16:51.369+0000] {dag.py:2907} INFO - Sync 6 DAGs
[2023-08-29T15:16:51.388+0000] {logging_mixin.py:151} INFO - [2023-08-29T15:16:51.388+0000] {dag.py:2929} INFO - Creating ORM DAG for dataset_consumes_1
[2023-08-29T15:16:51.407+0000] {logging_mixin.py:151} INFO - [2023-08-29T15:16:51.407+0000] {dag.py:3677} INFO - Setting next_dagrun for dataset_consumes_1 to None, run_after=None
[2023-08-29T15:16:51.410+0000] {logging_mixin.py:151} INFO - [2023-08-29T15:16:51.410+0000] {dag.py:3677} INFO - Setting next_dagrun for dataset_consumes_1_and_2 to None, run_after=None
[2023-08-29T15:16:51.416+0000] {logging_mixin.py:151} INFO - [2023-08-29T15:16:51.416+0000] {dag.py:3677} INFO - Setting next_dagrun for dataset_consumes_1_never_scheduled to None, run_after=None
[2023-08-29T15:16:51.420+0000] {logging_mixin.py:151} INFO - [2023-08-29T15:16:51.419+0000] {dag.py:3677} INFO - Setting next_dagrun for dataset_consumes_unknown_never_scheduled to None, run_after=None
[2023-08-29T15:16:51.427+0000] {logging_mixin.py:151} INFO - [2023-08-29T15:16:51.427+0000] {dag.py:3677} INFO - Setting next_dagrun for dataset_produces_1 to 2023-08-28T00:00:00+00:00, run_after=2023-08-29T00:00:00+00:00
[2023-08-29T15:16:51.430+0000] {logging_mixin.py:151} INFO - [2023-08-29T15:16:51.430+0000] {dag.py:3677} INFO - Setting next_dagrun for dataset_produces_2 to None, run_after=None
[2023-08-29T15:16:51.503+0000] {processor.py:179} INFO - Processing /home/airflow/.local/lib/python3.8/site-packages/airflow/example_dags/example_datasets.py took 0.315 seconds
[2023-08-29T15:17:22.333+0000] {processor.py:157} INFO - Started process (PID=6198) to work on /home/airflow/.local/lib/python3.8/site-packages/airflow/example_dags/example_datasets.py
[2023-08-29T15:17:22.334+0000] {processor.py:829} INFO - Processing file /home/airflow/.local/lib/python3.8/site-packages/airflow/example_dags/example_datasets.py for tasks to queue
[2023-08-29T15:17:22.336+0000] {logging_mixin.py:151} INFO - [2023-08-29T15:17:22.336+0000] {dagbag.py:539} INFO - Filling up the DagBag from /home/airflow/.local/lib/python3.8/site-packages/airflow/example_dags/example_datasets.py
[2023-08-29T15:17:22.345+0000] {processor.py:839} INFO - DAG(s) dict_keys(['dataset_consumes_1_and_2', 'dataset_consumes_1_never_scheduled', 'dataset_consumes_1', 'dataset_produces_2', 'dataset_consumes_unknown_never_scheduled', 'dataset_produces_1']) retrieved from /home/airflow/.local/lib/python3.8/site-packages/airflow/example_dags/example_datasets.py
[2023-08-29T15:17:22.521+0000] {logging_mixin.py:151} INFO - [2023-08-29T15:17:22.521+0000] {dag.py:2907} INFO - Sync 6 DAGs
[2023-08-29T15:17:22.534+0000] {logging_mixin.py:151} INFO - [2023-08-29T15:17:22.534+0000] {dag.py:2929} INFO - Creating ORM DAG for dataset_consumes_1_and_2
[2023-08-29T15:17:22.536+0000] {logging_mixin.py:151} INFO - [2023-08-29T15:17:22.535+0000] {dag.py:2929} INFO - Creating ORM DAG for dataset_consumes_1
[2023-08-29T15:17:22.548+0000] {logging_mixin.py:151} INFO - [2023-08-29T15:17:22.548+0000] {dag.py:3677} INFO - Setting next_dagrun for dataset_consumes_1 to None, run_after=None
[2023-08-29T15:17:22.549+0000] {logging_mixin.py:151} INFO - [2023-08-29T15:17:22.549+0000] {dag.py:3677} INFO - Setting next_dagrun for dataset_consumes_1_and_2 to None, run_after=None
[2023-08-29T15:17:22.551+0000] {logging_mixin.py:151} INFO - [2023-08-29T15:17:22.550+0000] {dag.py:3677} INFO - Setting next_dagrun for dataset_consumes_1_never_scheduled to None, run_after=None
[2023-08-29T15:17:22.555+0000] {logging_mixin.py:151} INFO - [2023-08-29T15:17:22.555+0000] {dag.py:3677} INFO - Setting next_dagrun for dataset_consumes_unknown_never_scheduled to None, run_after=None
[2023-08-29T15:17:22.560+0000] {logging_mixin.py:151} INFO - [2023-08-29T15:17:22.560+0000] {dag.py:3677} INFO - Setting next_dagrun for dataset_produces_1 to 2023-08-28T00:00:00+00:00, run_after=2023-08-29T00:00:00+00:00
[2023-08-29T15:17:22.563+0000] {logging_mixin.py:151} INFO - [2023-08-29T15:17:22.562+0000] {dag.py:3677} INFO - Setting next_dagrun for dataset_produces_2 to None, run_after=None
[2023-08-29T15:17:22.632+0000] {processor.py:179} INFO - Processing /home/airflow/.local/lib/python3.8/site-packages/airflow/example_dags/example_datasets.py took 0.302 seconds
[2023-08-29T15:17:52.715+0000] {processor.py:157} INFO - Started process (PID=6436) to work on /home/airflow/.local/lib/python3.8/site-packages/airflow/example_dags/example_datasets.py
[2023-08-29T15:17:52.716+0000] {processor.py:829} INFO - Processing file /home/airflow/.local/lib/python3.8/site-packages/airflow/example_dags/example_datasets.py for tasks to queue
[2023-08-29T15:17:52.718+0000] {logging_mixin.py:151} INFO - [2023-08-29T15:17:52.717+0000] {dagbag.py:539} INFO - Filling up the DagBag from /home/airflow/.local/lib/python3.8/site-packages/airflow/example_dags/example_datasets.py
[2023-08-29T15:17:52.727+0000] {processor.py:839} INFO - DAG(s) dict_keys(['dataset_produces_1', 'dataset_produces_2', 'dataset_consumes_1_never_scheduled', 'dataset_consumes_1_and_2', 'dataset_consumes_1', 'dataset_consumes_unknown_never_scheduled']) retrieved from /home/airflow/.local/lib/python3.8/site-packages/airflow/example_dags/example_datasets.py
[2023-08-29T15:17:52.776+0000] {logging_mixin.py:151} INFO - [2023-08-29T15:17:52.776+0000] {dag.py:2907} INFO - Sync 6 DAGs
[2023-08-29T15:17:52.801+0000] {logging_mixin.py:151} INFO - [2023-08-29T15:17:52.800+0000] {dag.py:3677} INFO - Setting next_dagrun for dataset_consumes_1 to None, run_after=None
[2023-08-29T15:17:52.806+0000] {logging_mixin.py:151} INFO - [2023-08-29T15:17:52.806+0000] {dag.py:3677} INFO - Setting next_dagrun for dataset_consumes_1_and_2 to None, run_after=None
[2023-08-29T15:17:52.809+0000] {logging_mixin.py:151} INFO - [2023-08-29T15:17:52.809+0000] {dag.py:3677} INFO - Setting next_dagrun for dataset_consumes_1_never_scheduled to None, run_after=None
[2023-08-29T15:17:52.812+0000] {logging_mixin.py:151} INFO - [2023-08-29T15:17:52.811+0000] {dag.py:3677} INFO - Setting next_dagrun for dataset_consumes_unknown_never_scheduled to None, run_after=None
[2023-08-29T15:17:52.816+0000] {logging_mixin.py:151} INFO - [2023-08-29T15:17:52.815+0000] {dag.py:3677} INFO - Setting next_dagrun for dataset_produces_1 to 2023-08-28T00:00:00+00:00, run_after=2023-08-29T00:00:00+00:00
[2023-08-29T15:17:52.819+0000] {logging_mixin.py:151} INFO - [2023-08-29T15:17:52.819+0000] {dag.py:3677} INFO - Setting next_dagrun for dataset_produces_2 to None, run_after=None
[2023-08-29T15:17:52.874+0000] {processor.py:179} INFO - Processing /home/airflow/.local/lib/python3.8/site-packages/airflow/example_dags/example_datasets.py took 0.161 seconds
[2023-08-29T15:18:22.914+0000] {processor.py:157} INFO - Started process (PID=6671) to work on /home/airflow/.local/lib/python3.8/site-packages/airflow/example_dags/example_datasets.py
[2023-08-29T15:18:22.916+0000] {processor.py:829} INFO - Processing file /home/airflow/.local/lib/python3.8/site-packages/airflow/example_dags/example_datasets.py for tasks to queue
[2023-08-29T15:18:22.917+0000] {logging_mixin.py:151} INFO - [2023-08-29T15:18:22.917+0000] {dagbag.py:539} INFO - Filling up the DagBag from /home/airflow/.local/lib/python3.8/site-packages/airflow/example_dags/example_datasets.py
[2023-08-29T15:18:22.925+0000] {processor.py:839} INFO - DAG(s) dict_keys(['dataset_consumes_1', 'dataset_produces_2', 'dataset_consumes_1_and_2', 'dataset_consumes_unknown_never_scheduled', 'dataset_consumes_1_never_scheduled', 'dataset_produces_1']) retrieved from /home/airflow/.local/lib/python3.8/site-packages/airflow/example_dags/example_datasets.py
[2023-08-29T15:18:22.968+0000] {logging_mixin.py:151} INFO - [2023-08-29T15:18:22.967+0000] {dag.py:2907} INFO - Sync 6 DAGs
[2023-08-29T15:18:22.992+0000] {logging_mixin.py:151} INFO - [2023-08-29T15:18:22.991+0000] {dag.py:3677} INFO - Setting next_dagrun for dataset_consumes_1 to None, run_after=None
[2023-08-29T15:18:22.997+0000] {logging_mixin.py:151} INFO - [2023-08-29T15:18:22.997+0000] {dag.py:3677} INFO - Setting next_dagrun for dataset_consumes_1_and_2 to None, run_after=None
[2023-08-29T15:18:23.000+0000] {logging_mixin.py:151} INFO - [2023-08-29T15:18:23.000+0000] {dag.py:3677} INFO - Setting next_dagrun for dataset_consumes_1_never_scheduled to None, run_after=None
[2023-08-29T15:18:23.003+0000] {logging_mixin.py:151} INFO - [2023-08-29T15:18:23.003+0000] {dag.py:3677} INFO - Setting next_dagrun for dataset_consumes_unknown_never_scheduled to None, run_after=None
[2023-08-29T15:18:23.008+0000] {logging_mixin.py:151} INFO - [2023-08-29T15:18:23.007+0000] {dag.py:3677} INFO - Setting next_dagrun for dataset_produces_1 to 2023-08-28T00:00:00+00:00, run_after=2023-08-29T00:00:00+00:00
[2023-08-29T15:18:23.011+0000] {logging_mixin.py:151} INFO - [2023-08-29T15:18:23.011+0000] {dag.py:3677} INFO - Setting next_dagrun for dataset_produces_2 to None, run_after=None
[2023-08-29T15:18:23.062+0000] {processor.py:179} INFO - Processing /home/airflow/.local/lib/python3.8/site-packages/airflow/example_dags/example_datasets.py took 0.150 seconds
[2023-08-29T15:18:53.118+0000] {processor.py:157} INFO - Started process (PID=6909) to work on /home/airflow/.local/lib/python3.8/site-packages/airflow/example_dags/example_datasets.py
[2023-08-29T15:18:53.120+0000] {processor.py:829} INFO - Processing file /home/airflow/.local/lib/python3.8/site-packages/airflow/example_dags/example_datasets.py for tasks to queue
[2023-08-29T15:18:53.121+0000] {logging_mixin.py:151} INFO - [2023-08-29T15:18:53.121+0000] {dagbag.py:539} INFO - Filling up the DagBag from /home/airflow/.local/lib/python3.8/site-packages/airflow/example_dags/example_datasets.py
[2023-08-29T15:18:53.133+0000] {processor.py:839} INFO - DAG(s) dict_keys(['dataset_consumes_1_never_scheduled', 'dataset_consumes_unknown_never_scheduled', 'dataset_consumes_1_and_2', 'dataset_produces_2', 'dataset_produces_1', 'dataset_consumes_1']) retrieved from /home/airflow/.local/lib/python3.8/site-packages/airflow/example_dags/example_datasets.py
[2023-08-29T15:18:53.181+0000] {logging_mixin.py:151} INFO - [2023-08-29T15:18:53.180+0000] {dag.py:2907} INFO - Sync 6 DAGs
[2023-08-29T15:18:53.208+0000] {logging_mixin.py:151} INFO - [2023-08-29T15:18:53.208+0000] {dag.py:3677} INFO - Setting next_dagrun for dataset_consumes_1 to None, run_after=None
[2023-08-29T15:18:53.214+0000] {logging_mixin.py:151} INFO - [2023-08-29T15:18:53.214+0000] {dag.py:3677} INFO - Setting next_dagrun for dataset_consumes_1_and_2 to None, run_after=None
[2023-08-29T15:18:53.217+0000] {logging_mixin.py:151} INFO - [2023-08-29T15:18:53.217+0000] {dag.py:3677} INFO - Setting next_dagrun for dataset_consumes_1_never_scheduled to None, run_after=None
[2023-08-29T15:18:53.220+0000] {logging_mixin.py:151} INFO - [2023-08-29T15:18:53.220+0000] {dag.py:3677} INFO - Setting next_dagrun for dataset_consumes_unknown_never_scheduled to None, run_after=None
[2023-08-29T15:18:53.224+0000] {logging_mixin.py:151} INFO - [2023-08-29T15:18:53.224+0000] {dag.py:3677} INFO - Setting next_dagrun for dataset_produces_1 to 2023-08-28T00:00:00+00:00, run_after=2023-08-29T00:00:00+00:00
[2023-08-29T15:18:53.227+0000] {logging_mixin.py:151} INFO - [2023-08-29T15:18:53.226+0000] {dag.py:3677} INFO - Setting next_dagrun for dataset_produces_2 to None, run_after=None
[2023-08-29T15:18:53.284+0000] {processor.py:179} INFO - Processing /home/airflow/.local/lib/python3.8/site-packages/airflow/example_dags/example_datasets.py took 0.170 seconds
[2023-08-29T15:19:23.388+0000] {processor.py:157} INFO - Started process (PID=7147) to work on /home/airflow/.local/lib/python3.8/site-packages/airflow/example_dags/example_datasets.py
[2023-08-29T15:19:23.390+0000] {processor.py:829} INFO - Processing file /home/airflow/.local/lib/python3.8/site-packages/airflow/example_dags/example_datasets.py for tasks to queue
[2023-08-29T15:19:23.391+0000] {logging_mixin.py:151} INFO - [2023-08-29T15:19:23.391+0000] {dagbag.py:539} INFO - Filling up the DagBag from /home/airflow/.local/lib/python3.8/site-packages/airflow/example_dags/example_datasets.py
[2023-08-29T15:19:23.399+0000] {processor.py:839} INFO - DAG(s) dict_keys(['dataset_consumes_unknown_never_scheduled', 'dataset_consumes_1', 'dataset_consumes_1_and_2', 'dataset_produces_1', 'dataset_consumes_1_never_scheduled', 'dataset_produces_2']) retrieved from /home/airflow/.local/lib/python3.8/site-packages/airflow/example_dags/example_datasets.py
[2023-08-29T15:19:23.447+0000] {logging_mixin.py:151} INFO - [2023-08-29T15:19:23.447+0000] {dag.py:2907} INFO - Sync 6 DAGs
[2023-08-29T15:19:23.469+0000] {logging_mixin.py:151} INFO - [2023-08-29T15:19:23.469+0000] {dag.py:3677} INFO - Setting next_dagrun for dataset_consumes_1 to None, run_after=None
[2023-08-29T15:19:23.474+0000] {logging_mixin.py:151} INFO - [2023-08-29T15:19:23.474+0000] {dag.py:3677} INFO - Setting next_dagrun for dataset_consumes_1_and_2 to None, run_after=None
[2023-08-29T15:19:23.477+0000] {logging_mixin.py:151} INFO - [2023-08-29T15:19:23.477+0000] {dag.py:3677} INFO - Setting next_dagrun for dataset_consumes_1_never_scheduled to None, run_after=None
[2023-08-29T15:19:23.480+0000] {logging_mixin.py:151} INFO - [2023-08-29T15:19:23.480+0000] {dag.py:3677} INFO - Setting next_dagrun for dataset_consumes_unknown_never_scheduled to None, run_after=None
[2023-08-29T15:19:23.484+0000] {logging_mixin.py:151} INFO - [2023-08-29T15:19:23.484+0000] {dag.py:3677} INFO - Setting next_dagrun for dataset_produces_1 to 2023-08-28T00:00:00+00:00, run_after=2023-08-29T00:00:00+00:00
[2023-08-29T15:19:23.487+0000] {logging_mixin.py:151} INFO - [2023-08-29T15:19:23.486+0000] {dag.py:3677} INFO - Setting next_dagrun for dataset_produces_2 to None, run_after=None
[2023-08-29T15:19:23.541+0000] {processor.py:179} INFO - Processing /home/airflow/.local/lib/python3.8/site-packages/airflow/example_dags/example_datasets.py took 0.155 seconds
[2023-08-29T15:19:53.881+0000] {processor.py:157} INFO - Started process (PID=7385) to work on /home/airflow/.local/lib/python3.8/site-packages/airflow/example_dags/example_datasets.py
[2023-08-29T15:19:53.883+0000] {processor.py:829} INFO - Processing file /home/airflow/.local/lib/python3.8/site-packages/airflow/example_dags/example_datasets.py for tasks to queue
[2023-08-29T15:19:53.884+0000] {logging_mixin.py:151} INFO - [2023-08-29T15:19:53.884+0000] {dagbag.py:539} INFO - Filling up the DagBag from /home/airflow/.local/lib/python3.8/site-packages/airflow/example_dags/example_datasets.py
[2023-08-29T15:19:53.893+0000] {processor.py:839} INFO - DAG(s) dict_keys(['dataset_consumes_unknown_never_scheduled', 'dataset_produces_2', 'dataset_consumes_1', 'dataset_produces_1', 'dataset_consumes_1_never_scheduled', 'dataset_consumes_1_and_2']) retrieved from /home/airflow/.local/lib/python3.8/site-packages/airflow/example_dags/example_datasets.py
[2023-08-29T15:19:53.942+0000] {logging_mixin.py:151} INFO - [2023-08-29T15:19:53.942+0000] {dag.py:2907} INFO - Sync 6 DAGs
[2023-08-29T15:19:53.969+0000] {logging_mixin.py:151} INFO - [2023-08-29T15:19:53.968+0000] {dag.py:3677} INFO - Setting next_dagrun for dataset_consumes_1 to None, run_after=None
[2023-08-29T15:19:53.974+0000] {logging_mixin.py:151} INFO - [2023-08-29T15:19:53.973+0000] {dag.py:3677} INFO - Setting next_dagrun for dataset_consumes_1_and_2 to None, run_after=None
[2023-08-29T15:19:53.976+0000] {logging_mixin.py:151} INFO - [2023-08-29T15:19:53.976+0000] {dag.py:3677} INFO - Setting next_dagrun for dataset_consumes_1_never_scheduled to None, run_after=None
[2023-08-29T15:19:53.979+0000] {logging_mixin.py:151} INFO - [2023-08-29T15:19:53.979+0000] {dag.py:3677} INFO - Setting next_dagrun for dataset_consumes_unknown_never_scheduled to None, run_after=None
[2023-08-29T15:19:53.984+0000] {logging_mixin.py:151} INFO - [2023-08-29T15:19:53.984+0000] {dag.py:3677} INFO - Setting next_dagrun for dataset_produces_1 to 2023-08-28T00:00:00+00:00, run_after=2023-08-29T00:00:00+00:00
[2023-08-29T15:19:53.987+0000] {logging_mixin.py:151} INFO - [2023-08-29T15:19:53.987+0000] {dag.py:3677} INFO - Setting next_dagrun for dataset_produces_2 to None, run_after=None
[2023-08-29T15:19:54.040+0000] {processor.py:179} INFO - Processing /home/airflow/.local/lib/python3.8/site-packages/airflow/example_dags/example_datasets.py took 0.161 seconds
[2023-08-29T15:20:24.596+0000] {processor.py:157} INFO - Started process (PID=7623) to work on /home/airflow/.local/lib/python3.8/site-packages/airflow/example_dags/example_datasets.py
[2023-08-29T15:20:24.598+0000] {processor.py:829} INFO - Processing file /home/airflow/.local/lib/python3.8/site-packages/airflow/example_dags/example_datasets.py for tasks to queue
[2023-08-29T15:20:24.599+0000] {logging_mixin.py:151} INFO - [2023-08-29T15:20:24.599+0000] {dagbag.py:539} INFO - Filling up the DagBag from /home/airflow/.local/lib/python3.8/site-packages/airflow/example_dags/example_datasets.py
[2023-08-29T15:20:24.609+0000] {processor.py:839} INFO - DAG(s) dict_keys(['dataset_consumes_1', 'dataset_produces_1', 'dataset_consumes_unknown_never_scheduled', 'dataset_produces_2', 'dataset_consumes_1_and_2', 'dataset_consumes_1_never_scheduled']) retrieved from /home/airflow/.local/lib/python3.8/site-packages/airflow/example_dags/example_datasets.py
[2023-08-29T15:20:24.672+0000] {logging_mixin.py:151} INFO - [2023-08-29T15:20:24.672+0000] {dag.py:2907} INFO - Sync 6 DAGs
[2023-08-29T15:20:24.705+0000] {logging_mixin.py:151} INFO - [2023-08-29T15:20:24.704+0000] {dag.py:3677} INFO - Setting next_dagrun for dataset_consumes_1 to None, run_after=None
[2023-08-29T15:20:24.710+0000] {logging_mixin.py:151} INFO - [2023-08-29T15:20:24.709+0000] {dag.py:3677} INFO - Setting next_dagrun for dataset_consumes_1_and_2 to None, run_after=None
[2023-08-29T15:20:24.714+0000] {logging_mixin.py:151} INFO - [2023-08-29T15:20:24.713+0000] {dag.py:3677} INFO - Setting next_dagrun for dataset_consumes_1_never_scheduled to None, run_after=None
[2023-08-29T15:20:24.717+0000] {logging_mixin.py:151} INFO - [2023-08-29T15:20:24.717+0000] {dag.py:3677} INFO - Setting next_dagrun for dataset_consumes_unknown_never_scheduled to None, run_after=None
[2023-08-29T15:20:24.723+0000] {logging_mixin.py:151} INFO - [2023-08-29T15:20:24.723+0000] {dag.py:3677} INFO - Setting next_dagrun for dataset_produces_1 to 2023-08-28T00:00:00+00:00, run_after=2023-08-29T00:00:00+00:00
[2023-08-29T15:20:24.726+0000] {logging_mixin.py:151} INFO - [2023-08-29T15:20:24.726+0000] {dag.py:3677} INFO - Setting next_dagrun for dataset_produces_2 to None, run_after=None
[2023-08-29T15:20:24.794+0000] {processor.py:179} INFO - Processing /home/airflow/.local/lib/python3.8/site-packages/airflow/example_dags/example_datasets.py took 0.201 seconds
[2023-08-29T15:20:55.189+0000] {processor.py:157} INFO - Started process (PID=7861) to work on /home/airflow/.local/lib/python3.8/site-packages/airflow/example_dags/example_datasets.py
[2023-08-29T15:20:55.190+0000] {processor.py:829} INFO - Processing file /home/airflow/.local/lib/python3.8/site-packages/airflow/example_dags/example_datasets.py for tasks to queue
[2023-08-29T15:20:55.192+0000] {logging_mixin.py:151} INFO - [2023-08-29T15:20:55.191+0000] {dagbag.py:539} INFO - Filling up the DagBag from /home/airflow/.local/lib/python3.8/site-packages/airflow/example_dags/example_datasets.py
[2023-08-29T15:20:55.201+0000] {processor.py:839} INFO - DAG(s) dict_keys(['dataset_produces_2', 'dataset_consumes_unknown_never_scheduled', 'dataset_consumes_1_never_scheduled', 'dataset_consumes_1', 'dataset_produces_1', 'dataset_consumes_1_and_2']) retrieved from /home/airflow/.local/lib/python3.8/site-packages/airflow/example_dags/example_datasets.py
[2023-08-29T15:20:55.246+0000] {logging_mixin.py:151} INFO - [2023-08-29T15:20:55.246+0000] {dag.py:2907} INFO - Sync 6 DAGs
[2023-08-29T15:20:55.271+0000] {logging_mixin.py:151} INFO - [2023-08-29T15:20:55.271+0000] {dag.py:3677} INFO - Setting next_dagrun for dataset_consumes_1 to None, run_after=None
[2023-08-29T15:20:55.276+0000] {logging_mixin.py:151} INFO - [2023-08-29T15:20:55.275+0000] {dag.py:3677} INFO - Setting next_dagrun for dataset_consumes_1_and_2 to None, run_after=None
[2023-08-29T15:20:55.278+0000] {logging_mixin.py:151} INFO - [2023-08-29T15:20:55.278+0000] {dag.py:3677} INFO - Setting next_dagrun for dataset_consumes_1_never_scheduled to None, run_after=None
[2023-08-29T15:20:55.281+0000] {logging_mixin.py:151} INFO - [2023-08-29T15:20:55.281+0000] {dag.py:3677} INFO - Setting next_dagrun for dataset_consumes_unknown_never_scheduled to None, run_after=None
[2023-08-29T15:20:55.286+0000] {logging_mixin.py:151} INFO - [2023-08-29T15:20:55.285+0000] {dag.py:3677} INFO - Setting next_dagrun for dataset_produces_1 to 2023-08-28T00:00:00+00:00, run_after=2023-08-29T00:00:00+00:00
[2023-08-29T15:20:55.289+0000] {logging_mixin.py:151} INFO - [2023-08-29T15:20:55.288+0000] {dag.py:3677} INFO - Setting next_dagrun for dataset_produces_2 to None, run_after=None
[2023-08-29T15:20:55.340+0000] {processor.py:179} INFO - Processing /home/airflow/.local/lib/python3.8/site-packages/airflow/example_dags/example_datasets.py took 0.154 seconds
[2023-08-29T15:21:25.444+0000] {processor.py:157} INFO - Started process (PID=8099) to work on /home/airflow/.local/lib/python3.8/site-packages/airflow/example_dags/example_datasets.py
[2023-08-29T15:21:25.445+0000] {processor.py:829} INFO - Processing file /home/airflow/.local/lib/python3.8/site-packages/airflow/example_dags/example_datasets.py for tasks to queue
[2023-08-29T15:21:25.446+0000] {logging_mixin.py:151} INFO - [2023-08-29T15:21:25.446+0000] {dagbag.py:539} INFO - Filling up the DagBag from /home/airflow/.local/lib/python3.8/site-packages/airflow/example_dags/example_datasets.py
[2023-08-29T15:21:25.455+0000] {processor.py:839} INFO - DAG(s) dict_keys(['dataset_consumes_1_and_2', 'dataset_consumes_unknown_never_scheduled', 'dataset_produces_1', 'dataset_consumes_1', 'dataset_produces_2', 'dataset_consumes_1_never_scheduled']) retrieved from /home/airflow/.local/lib/python3.8/site-packages/airflow/example_dags/example_datasets.py
[2023-08-29T15:21:25.499+0000] {logging_mixin.py:151} INFO - [2023-08-29T15:21:25.499+0000] {dag.py:2907} INFO - Sync 6 DAGs
[2023-08-29T15:21:25.526+0000] {logging_mixin.py:151} INFO - [2023-08-29T15:21:25.526+0000] {dag.py:3677} INFO - Setting next_dagrun for dataset_consumes_1 to None, run_after=None
[2023-08-29T15:21:25.531+0000] {logging_mixin.py:151} INFO - [2023-08-29T15:21:25.530+0000] {dag.py:3677} INFO - Setting next_dagrun for dataset_consumes_1_and_2 to None, run_after=None
[2023-08-29T15:21:25.534+0000] {logging_mixin.py:151} INFO - [2023-08-29T15:21:25.533+0000] {dag.py:3677} INFO - Setting next_dagrun for dataset_consumes_1_never_scheduled to None, run_after=None
[2023-08-29T15:21:25.537+0000] {logging_mixin.py:151} INFO - [2023-08-29T15:21:25.537+0000] {dag.py:3677} INFO - Setting next_dagrun for dataset_consumes_unknown_never_scheduled to None, run_after=None
[2023-08-29T15:21:25.541+0000] {logging_mixin.py:151} INFO - [2023-08-29T15:21:25.541+0000] {dag.py:3677} INFO - Setting next_dagrun for dataset_produces_1 to 2023-08-28T00:00:00+00:00, run_after=2023-08-29T00:00:00+00:00
[2023-08-29T15:21:25.544+0000] {logging_mixin.py:151} INFO - [2023-08-29T15:21:25.543+0000] {dag.py:3677} INFO - Setting next_dagrun for dataset_produces_2 to None, run_after=None
[2023-08-29T15:21:25.600+0000] {processor.py:179} INFO - Processing /home/airflow/.local/lib/python3.8/site-packages/airflow/example_dags/example_datasets.py took 0.158 seconds
[2023-08-29T15:21:55.755+0000] {processor.py:157} INFO - Started process (PID=8338) to work on /home/airflow/.local/lib/python3.8/site-packages/airflow/example_dags/example_datasets.py
[2023-08-29T15:21:55.759+0000] {processor.py:829} INFO - Processing file /home/airflow/.local/lib/python3.8/site-packages/airflow/example_dags/example_datasets.py for tasks to queue
[2023-08-29T15:21:55.761+0000] {logging_mixin.py:151} INFO - [2023-08-29T15:21:55.760+0000] {dagbag.py:539} INFO - Filling up the DagBag from /home/airflow/.local/lib/python3.8/site-packages/airflow/example_dags/example_datasets.py
[2023-08-29T15:21:55.777+0000] {processor.py:839} INFO - DAG(s) dict_keys(['dataset_consumes_1_and_2', 'dataset_consumes_1_never_scheduled', 'dataset_produces_2', 'dataset_consumes_unknown_never_scheduled', 'dataset_produces_1', 'dataset_consumes_1']) retrieved from /home/airflow/.local/lib/python3.8/site-packages/airflow/example_dags/example_datasets.py
