[2023-08-29T15:04:36.136+0000] {processor.py:157} INFO - Started process (PID=204) to work on /home/airflow/.local/lib/python3.8/site-packages/airflow/example_dags/example_branch_labels.py
[2023-08-29T15:04:36.138+0000] {processor.py:829} INFO - Processing file /home/airflow/.local/lib/python3.8/site-packages/airflow/example_dags/example_branch_labels.py for tasks to queue
[2023-08-29T15:04:36.141+0000] {logging_mixin.py:151} INFO - [2023-08-29T15:04:36.140+0000] {dagbag.py:539} INFO - Filling up the DagBag from /home/airflow/.local/lib/python3.8/site-packages/airflow/example_dags/example_branch_labels.py
[2023-08-29T15:04:36.158+0000] {processor.py:839} INFO - DAG(s) dict_keys(['example_branch_labels']) retrieved from /home/airflow/.local/lib/python3.8/site-packages/airflow/example_dags/example_branch_labels.py
[2023-08-29T15:04:36.186+0000] {logging_mixin.py:151} INFO - [2023-08-29T15:04:36.185+0000] {dag.py:2907} INFO - Sync 1 DAGs
[2023-08-29T15:04:36.242+0000] {logging_mixin.py:151} INFO - [2023-08-29T15:04:36.242+0000] {dag.py:3677} INFO - Setting next_dagrun for example_branch_labels to 2023-08-28T00:00:00+00:00, run_after=2023-08-29T00:00:00+00:00
[2023-08-29T15:04:36.274+0000] {processor.py:179} INFO - Processing /home/airflow/.local/lib/python3.8/site-packages/airflow/example_dags/example_branch_labels.py took 0.142 seconds
[2023-08-29T15:05:06.978+0000] {processor.py:157} INFO - Started process (PID=437) to work on /home/airflow/.local/lib/python3.8/site-packages/airflow/example_dags/example_branch_labels.py
[2023-08-29T15:05:06.980+0000] {processor.py:829} INFO - Processing file /home/airflow/.local/lib/python3.8/site-packages/airflow/example_dags/example_branch_labels.py for tasks to queue
[2023-08-29T15:05:06.982+0000] {logging_mixin.py:151} INFO - [2023-08-29T15:05:06.982+0000] {dagbag.py:539} INFO - Filling up the DagBag from /home/airflow/.local/lib/python3.8/site-packages/airflow/example_dags/example_branch_labels.py
[2023-08-29T15:05:06.991+0000] {processor.py:839} INFO - DAG(s) dict_keys(['example_branch_labels']) retrieved from /home/airflow/.local/lib/python3.8/site-packages/airflow/example_dags/example_branch_labels.py
[2023-08-29T15:05:07.015+0000] {logging_mixin.py:151} INFO - [2023-08-29T15:05:07.014+0000] {dag.py:2907} INFO - Sync 1 DAGs
[2023-08-29T15:05:07.040+0000] {logging_mixin.py:151} INFO - [2023-08-29T15:05:07.040+0000] {dag.py:3677} INFO - Setting next_dagrun for example_branch_labels to 2023-08-28T00:00:00+00:00, run_after=2023-08-29T00:00:00+00:00
[2023-08-29T15:05:07.069+0000] {processor.py:179} INFO - Processing /home/airflow/.local/lib/python3.8/site-packages/airflow/example_dags/example_branch_labels.py took 0.094 seconds
[2023-08-29T15:05:37.701+0000] {processor.py:157} INFO - Started process (PID=675) to work on /home/airflow/.local/lib/python3.8/site-packages/airflow/example_dags/example_branch_labels.py
[2023-08-29T15:05:37.702+0000] {processor.py:829} INFO - Processing file /home/airflow/.local/lib/python3.8/site-packages/airflow/example_dags/example_branch_labels.py for tasks to queue
[2023-08-29T15:05:37.704+0000] {logging_mixin.py:151} INFO - [2023-08-29T15:05:37.704+0000] {dagbag.py:539} INFO - Filling up the DagBag from /home/airflow/.local/lib/python3.8/site-packages/airflow/example_dags/example_branch_labels.py
[2023-08-29T15:05:37.713+0000] {processor.py:839} INFO - DAG(s) dict_keys(['example_branch_labels']) retrieved from /home/airflow/.local/lib/python3.8/site-packages/airflow/example_dags/example_branch_labels.py
[2023-08-29T15:05:37.739+0000] {logging_mixin.py:151} INFO - [2023-08-29T15:05:37.738+0000] {dag.py:2907} INFO - Sync 1 DAGs
[2023-08-29T15:05:37.890+0000] {logging_mixin.py:151} INFO - [2023-08-29T15:05:37.890+0000] {dag.py:3677} INFO - Setting next_dagrun for example_branch_labels to 2023-08-28T00:00:00+00:00, run_after=2023-08-29T00:00:00+00:00
[2023-08-29T15:05:37.918+0000] {processor.py:179} INFO - Processing /home/airflow/.local/lib/python3.8/site-packages/airflow/example_dags/example_branch_labels.py took 0.221 seconds
[2023-08-29T15:06:08.903+0000] {processor.py:157} INFO - Started process (PID=913) to work on /home/airflow/.local/lib/python3.8/site-packages/airflow/example_dags/example_branch_labels.py
[2023-08-29T15:06:08.904+0000] {processor.py:829} INFO - Processing file /home/airflow/.local/lib/python3.8/site-packages/airflow/example_dags/example_branch_labels.py for tasks to queue
[2023-08-29T15:06:08.906+0000] {logging_mixin.py:151} INFO - [2023-08-29T15:06:08.905+0000] {dagbag.py:539} INFO - Filling up the DagBag from /home/airflow/.local/lib/python3.8/site-packages/airflow/example_dags/example_branch_labels.py
[2023-08-29T15:06:08.914+0000] {processor.py:839} INFO - DAG(s) dict_keys(['example_branch_labels']) retrieved from /home/airflow/.local/lib/python3.8/site-packages/airflow/example_dags/example_branch_labels.py
[2023-08-29T15:06:08.936+0000] {logging_mixin.py:151} INFO - [2023-08-29T15:06:08.936+0000] {dag.py:2907} INFO - Sync 1 DAGs
[2023-08-29T15:06:08.960+0000] {logging_mixin.py:151} INFO - [2023-08-29T15:06:08.960+0000] {dag.py:3677} INFO - Setting next_dagrun for example_branch_labels to 2023-08-28T00:00:00+00:00, run_after=2023-08-29T00:00:00+00:00
[2023-08-29T15:06:08.985+0000] {processor.py:179} INFO - Processing /home/airflow/.local/lib/python3.8/site-packages/airflow/example_dags/example_branch_labels.py took 0.085 seconds
[2023-08-29T15:06:39.394+0000] {processor.py:157} INFO - Started process (PID=1151) to work on /home/airflow/.local/lib/python3.8/site-packages/airflow/example_dags/example_branch_labels.py
[2023-08-29T15:06:39.395+0000] {processor.py:829} INFO - Processing file /home/airflow/.local/lib/python3.8/site-packages/airflow/example_dags/example_branch_labels.py for tasks to queue
[2023-08-29T15:06:39.397+0000] {logging_mixin.py:151} INFO - [2023-08-29T15:06:39.397+0000] {dagbag.py:539} INFO - Filling up the DagBag from /home/airflow/.local/lib/python3.8/site-packages/airflow/example_dags/example_branch_labels.py
[2023-08-29T15:06:39.406+0000] {processor.py:839} INFO - DAG(s) dict_keys(['example_branch_labels']) retrieved from /home/airflow/.local/lib/python3.8/site-packages/airflow/example_dags/example_branch_labels.py
[2023-08-29T15:06:39.434+0000] {logging_mixin.py:151} INFO - [2023-08-29T15:06:39.434+0000] {dag.py:2907} INFO - Sync 1 DAGs
[2023-08-29T15:06:39.465+0000] {logging_mixin.py:151} INFO - [2023-08-29T15:06:39.465+0000] {dag.py:3677} INFO - Setting next_dagrun for example_branch_labels to 2023-08-28T00:00:00+00:00, run_after=2023-08-29T00:00:00+00:00
[2023-08-29T15:06:39.498+0000] {processor.py:179} INFO - Processing /home/airflow/.local/lib/python3.8/site-packages/airflow/example_dags/example_branch_labels.py took 0.107 seconds
[2023-08-29T15:07:09.854+0000] {processor.py:157} INFO - Started process (PID=1389) to work on /home/airflow/.local/lib/python3.8/site-packages/airflow/example_dags/example_branch_labels.py
[2023-08-29T15:07:09.856+0000] {processor.py:829} INFO - Processing file /home/airflow/.local/lib/python3.8/site-packages/airflow/example_dags/example_branch_labels.py for tasks to queue
[2023-08-29T15:07:09.857+0000] {logging_mixin.py:151} INFO - [2023-08-29T15:07:09.857+0000] {dagbag.py:539} INFO - Filling up the DagBag from /home/airflow/.local/lib/python3.8/site-packages/airflow/example_dags/example_branch_labels.py
[2023-08-29T15:07:09.864+0000] {processor.py:839} INFO - DAG(s) dict_keys(['example_branch_labels']) retrieved from /home/airflow/.local/lib/python3.8/site-packages/airflow/example_dags/example_branch_labels.py
[2023-08-29T15:07:09.886+0000] {logging_mixin.py:151} INFO - [2023-08-29T15:07:09.886+0000] {dag.py:2907} INFO - Sync 1 DAGs
[2023-08-29T15:07:09.910+0000] {logging_mixin.py:151} INFO - [2023-08-29T15:07:09.910+0000] {dag.py:3677} INFO - Setting next_dagrun for example_branch_labels to 2023-08-28T00:00:00+00:00, run_after=2023-08-29T00:00:00+00:00
[2023-08-29T15:07:09.938+0000] {processor.py:179} INFO - Processing /home/airflow/.local/lib/python3.8/site-packages/airflow/example_dags/example_branch_labels.py took 0.086 seconds
[2023-08-29T15:07:40.455+0000] {processor.py:157} INFO - Started process (PID=1627) to work on /home/airflow/.local/lib/python3.8/site-packages/airflow/example_dags/example_branch_labels.py
[2023-08-29T15:07:40.457+0000] {processor.py:829} INFO - Processing file /home/airflow/.local/lib/python3.8/site-packages/airflow/example_dags/example_branch_labels.py for tasks to queue
[2023-08-29T15:07:40.459+0000] {logging_mixin.py:151} INFO - [2023-08-29T15:07:40.459+0000] {dagbag.py:539} INFO - Filling up the DagBag from /home/airflow/.local/lib/python3.8/site-packages/airflow/example_dags/example_branch_labels.py
[2023-08-29T15:07:40.469+0000] {processor.py:839} INFO - DAG(s) dict_keys(['example_branch_labels']) retrieved from /home/airflow/.local/lib/python3.8/site-packages/airflow/example_dags/example_branch_labels.py
[2023-08-29T15:07:40.495+0000] {logging_mixin.py:151} INFO - [2023-08-29T15:07:40.495+0000] {dag.py:2907} INFO - Sync 1 DAGs
[2023-08-29T15:07:40.523+0000] {logging_mixin.py:151} INFO - [2023-08-29T15:07:40.523+0000] {dag.py:3677} INFO - Setting next_dagrun for example_branch_labels to 2023-08-28T00:00:00+00:00, run_after=2023-08-29T00:00:00+00:00
[2023-08-29T15:07:40.553+0000] {processor.py:179} INFO - Processing /home/airflow/.local/lib/python3.8/site-packages/airflow/example_dags/example_branch_labels.py took 0.102 seconds
[2023-08-29T15:08:11.200+0000] {processor.py:157} INFO - Started process (PID=1865) to work on /home/airflow/.local/lib/python3.8/site-packages/airflow/example_dags/example_branch_labels.py
[2023-08-29T15:08:11.201+0000] {processor.py:829} INFO - Processing file /home/airflow/.local/lib/python3.8/site-packages/airflow/example_dags/example_branch_labels.py for tasks to queue
[2023-08-29T15:08:11.203+0000] {logging_mixin.py:151} INFO - [2023-08-29T15:08:11.202+0000] {dagbag.py:539} INFO - Filling up the DagBag from /home/airflow/.local/lib/python3.8/site-packages/airflow/example_dags/example_branch_labels.py
[2023-08-29T15:08:11.210+0000] {processor.py:839} INFO - DAG(s) dict_keys(['example_branch_labels']) retrieved from /home/airflow/.local/lib/python3.8/site-packages/airflow/example_dags/example_branch_labels.py
[2023-08-29T15:08:11.234+0000] {logging_mixin.py:151} INFO - [2023-08-29T15:08:11.233+0000] {dag.py:2907} INFO - Sync 1 DAGs
[2023-08-29T15:08:11.258+0000] {logging_mixin.py:151} INFO - [2023-08-29T15:08:11.258+0000] {dag.py:3677} INFO - Setting next_dagrun for example_branch_labels to 2023-08-28T00:00:00+00:00, run_after=2023-08-29T00:00:00+00:00
[2023-08-29T15:08:11.284+0000] {processor.py:179} INFO - Processing /home/airflow/.local/lib/python3.8/site-packages/airflow/example_dags/example_branch_labels.py took 0.086 seconds
[2023-08-29T15:08:41.416+0000] {processor.py:157} INFO - Started process (PID=2103) to work on /home/airflow/.local/lib/python3.8/site-packages/airflow/example_dags/example_branch_labels.py
[2023-08-29T15:08:41.417+0000] {processor.py:829} INFO - Processing file /home/airflow/.local/lib/python3.8/site-packages/airflow/example_dags/example_branch_labels.py for tasks to queue
[2023-08-29T15:08:41.419+0000] {logging_mixin.py:151} INFO - [2023-08-29T15:08:41.418+0000] {dagbag.py:539} INFO - Filling up the DagBag from /home/airflow/.local/lib/python3.8/site-packages/airflow/example_dags/example_branch_labels.py
[2023-08-29T15:08:41.427+0000] {processor.py:839} INFO - DAG(s) dict_keys(['example_branch_labels']) retrieved from /home/airflow/.local/lib/python3.8/site-packages/airflow/example_dags/example_branch_labels.py
[2023-08-29T15:08:41.451+0000] {logging_mixin.py:151} INFO - [2023-08-29T15:08:41.451+0000] {dag.py:2907} INFO - Sync 1 DAGs
[2023-08-29T15:08:41.476+0000] {logging_mixin.py:151} INFO - [2023-08-29T15:08:41.475+0000] {dag.py:3677} INFO - Setting next_dagrun for example_branch_labels to 2023-08-28T00:00:00+00:00, run_after=2023-08-29T00:00:00+00:00
[2023-08-29T15:08:41.501+0000] {processor.py:179} INFO - Processing /home/airflow/.local/lib/python3.8/site-packages/airflow/example_dags/example_branch_labels.py took 0.088 seconds
[2023-08-29T15:09:11.723+0000] {processor.py:157} INFO - Started process (PID=2341) to work on /home/airflow/.local/lib/python3.8/site-packages/airflow/example_dags/example_branch_labels.py
[2023-08-29T15:09:11.724+0000] {processor.py:829} INFO - Processing file /home/airflow/.local/lib/python3.8/site-packages/airflow/example_dags/example_branch_labels.py for tasks to queue
[2023-08-29T15:09:11.726+0000] {logging_mixin.py:151} INFO - [2023-08-29T15:09:11.725+0000] {dagbag.py:539} INFO - Filling up the DagBag from /home/airflow/.local/lib/python3.8/site-packages/airflow/example_dags/example_branch_labels.py
[2023-08-29T15:09:11.733+0000] {processor.py:839} INFO - DAG(s) dict_keys(['example_branch_labels']) retrieved from /home/airflow/.local/lib/python3.8/site-packages/airflow/example_dags/example_branch_labels.py
[2023-08-29T15:09:11.755+0000] {logging_mixin.py:151} INFO - [2023-08-29T15:09:11.755+0000] {dag.py:2907} INFO - Sync 1 DAGs
[2023-08-29T15:09:11.779+0000] {logging_mixin.py:151} INFO - [2023-08-29T15:09:11.779+0000] {dag.py:3677} INFO - Setting next_dagrun for example_branch_labels to 2023-08-28T00:00:00+00:00, run_after=2023-08-29T00:00:00+00:00
[2023-08-29T15:09:11.805+0000] {processor.py:179} INFO - Processing /home/airflow/.local/lib/python3.8/site-packages/airflow/example_dags/example_branch_labels.py took 0.084 seconds
[2023-08-29T15:09:41.858+0000] {processor.py:157} INFO - Started process (PID=2579) to work on /home/airflow/.local/lib/python3.8/site-packages/airflow/example_dags/example_branch_labels.py
[2023-08-29T15:09:41.859+0000] {processor.py:829} INFO - Processing file /home/airflow/.local/lib/python3.8/site-packages/airflow/example_dags/example_branch_labels.py for tasks to queue
[2023-08-29T15:09:41.861+0000] {logging_mixin.py:151} INFO - [2023-08-29T15:09:41.860+0000] {dagbag.py:539} INFO - Filling up the DagBag from /home/airflow/.local/lib/python3.8/site-packages/airflow/example_dags/example_branch_labels.py
[2023-08-29T15:09:41.870+0000] {processor.py:839} INFO - DAG(s) dict_keys(['example_branch_labels']) retrieved from /home/airflow/.local/lib/python3.8/site-packages/airflow/example_dags/example_branch_labels.py
[2023-08-29T15:09:41.895+0000] {logging_mixin.py:151} INFO - [2023-08-29T15:09:41.895+0000] {dag.py:2907} INFO - Sync 1 DAGs
[2023-08-29T15:09:41.921+0000] {logging_mixin.py:151} INFO - [2023-08-29T15:09:41.921+0000] {dag.py:3677} INFO - Setting next_dagrun for example_branch_labels to 2023-08-28T00:00:00+00:00, run_after=2023-08-29T00:00:00+00:00
[2023-08-29T15:09:41.950+0000] {processor.py:179} INFO - Processing /home/airflow/.local/lib/python3.8/site-packages/airflow/example_dags/example_branch_labels.py took 0.095 seconds
[2023-08-29T15:10:12.311+0000] {processor.py:157} INFO - Started process (PID=2817) to work on /home/airflow/.local/lib/python3.8/site-packages/airflow/example_dags/example_branch_labels.py
[2023-08-29T15:10:12.312+0000] {processor.py:829} INFO - Processing file /home/airflow/.local/lib/python3.8/site-packages/airflow/example_dags/example_branch_labels.py for tasks to queue
[2023-08-29T15:10:12.314+0000] {logging_mixin.py:151} INFO - [2023-08-29T15:10:12.313+0000] {dagbag.py:539} INFO - Filling up the DagBag from /home/airflow/.local/lib/python3.8/site-packages/airflow/example_dags/example_branch_labels.py
[2023-08-29T15:10:12.320+0000] {processor.py:839} INFO - DAG(s) dict_keys(['example_branch_labels']) retrieved from /home/airflow/.local/lib/python3.8/site-packages/airflow/example_dags/example_branch_labels.py
[2023-08-29T15:10:12.343+0000] {logging_mixin.py:151} INFO - [2023-08-29T15:10:12.343+0000] {dag.py:2907} INFO - Sync 1 DAGs
[2023-08-29T15:10:12.374+0000] {logging_mixin.py:151} INFO - [2023-08-29T15:10:12.374+0000] {dag.py:3677} INFO - Setting next_dagrun for example_branch_labels to 2023-08-28T00:00:00+00:00, run_after=2023-08-29T00:00:00+00:00
[2023-08-29T15:10:12.398+0000] {processor.py:179} INFO - Processing /home/airflow/.local/lib/python3.8/site-packages/airflow/example_dags/example_branch_labels.py took 0.090 seconds
[2023-08-29T15:10:42.661+0000] {processor.py:157} INFO - Started process (PID=3055) to work on /home/airflow/.local/lib/python3.8/site-packages/airflow/example_dags/example_branch_labels.py
[2023-08-29T15:10:42.662+0000] {processor.py:829} INFO - Processing file /home/airflow/.local/lib/python3.8/site-packages/airflow/example_dags/example_branch_labels.py for tasks to queue
[2023-08-29T15:10:42.663+0000] {logging_mixin.py:151} INFO - [2023-08-29T15:10:42.663+0000] {dagbag.py:539} INFO - Filling up the DagBag from /home/airflow/.local/lib/python3.8/site-packages/airflow/example_dags/example_branch_labels.py
[2023-08-29T15:10:42.671+0000] {processor.py:839} INFO - DAG(s) dict_keys(['example_branch_labels']) retrieved from /home/airflow/.local/lib/python3.8/site-packages/airflow/example_dags/example_branch_labels.py
[2023-08-29T15:10:42.697+0000] {logging_mixin.py:151} INFO - [2023-08-29T15:10:42.697+0000] {dag.py:2907} INFO - Sync 1 DAGs
[2023-08-29T15:10:42.723+0000] {logging_mixin.py:151} INFO - [2023-08-29T15:10:42.722+0000] {dag.py:3677} INFO - Setting next_dagrun for example_branch_labels to 2023-08-28T00:00:00+00:00, run_after=2023-08-29T00:00:00+00:00
[2023-08-29T15:10:42.752+0000] {processor.py:179} INFO - Processing /home/airflow/.local/lib/python3.8/site-packages/airflow/example_dags/example_branch_labels.py took 0.094 seconds
[2023-08-29T15:11:13.312+0000] {processor.py:157} INFO - Started process (PID=3317) to work on /home/airflow/.local/lib/python3.8/site-packages/airflow/example_dags/example_branch_labels.py
[2023-08-29T15:11:13.313+0000] {processor.py:829} INFO - Processing file /home/airflow/.local/lib/python3.8/site-packages/airflow/example_dags/example_branch_labels.py for tasks to queue
[2023-08-29T15:11:13.314+0000] {logging_mixin.py:151} INFO - [2023-08-29T15:11:13.314+0000] {dagbag.py:539} INFO - Filling up the DagBag from /home/airflow/.local/lib/python3.8/site-packages/airflow/example_dags/example_branch_labels.py
[2023-08-29T15:11:13.324+0000] {processor.py:839} INFO - DAG(s) dict_keys(['example_branch_labels']) retrieved from /home/airflow/.local/lib/python3.8/site-packages/airflow/example_dags/example_branch_labels.py
[2023-08-29T15:11:13.350+0000] {logging_mixin.py:151} INFO - [2023-08-29T15:11:13.350+0000] {dag.py:2907} INFO - Sync 1 DAGs
[2023-08-29T15:11:13.382+0000] {logging_mixin.py:151} INFO - [2023-08-29T15:11:13.382+0000] {dag.py:3677} INFO - Setting next_dagrun for example_branch_labels to 2023-08-28T00:00:00+00:00, run_after=2023-08-29T00:00:00+00:00
[2023-08-29T15:11:13.410+0000] {processor.py:179} INFO - Processing /home/airflow/.local/lib/python3.8/site-packages/airflow/example_dags/example_branch_labels.py took 0.101 seconds
[2023-08-29T15:11:43.811+0000] {processor.py:157} INFO - Started process (PID=3555) to work on /home/airflow/.local/lib/python3.8/site-packages/airflow/example_dags/example_branch_labels.py
[2023-08-29T15:11:43.813+0000] {processor.py:829} INFO - Processing file /home/airflow/.local/lib/python3.8/site-packages/airflow/example_dags/example_branch_labels.py for tasks to queue
[2023-08-29T15:11:43.815+0000] {logging_mixin.py:151} INFO - [2023-08-29T15:11:43.815+0000] {dagbag.py:539} INFO - Filling up the DagBag from /home/airflow/.local/lib/python3.8/site-packages/airflow/example_dags/example_branch_labels.py
[2023-08-29T15:11:43.824+0000] {processor.py:839} INFO - DAG(s) dict_keys(['example_branch_labels']) retrieved from /home/airflow/.local/lib/python3.8/site-packages/airflow/example_dags/example_branch_labels.py
[2023-08-29T15:11:43.852+0000] {logging_mixin.py:151} INFO - [2023-08-29T15:11:43.852+0000] {dag.py:2907} INFO - Sync 1 DAGs
[2023-08-29T15:11:43.888+0000] {logging_mixin.py:151} INFO - [2023-08-29T15:11:43.888+0000] {dag.py:3677} INFO - Setting next_dagrun for example_branch_labels to 2023-08-28T00:00:00+00:00, run_after=2023-08-29T00:00:00+00:00
[2023-08-29T15:11:43.921+0000] {processor.py:179} INFO - Processing /home/airflow/.local/lib/python3.8/site-packages/airflow/example_dags/example_branch_labels.py took 0.115 seconds
[2023-08-29T15:12:14.231+0000] {processor.py:157} INFO - Started process (PID=3793) to work on /home/airflow/.local/lib/python3.8/site-packages/airflow/example_dags/example_branch_labels.py
[2023-08-29T15:12:14.233+0000] {processor.py:829} INFO - Processing file /home/airflow/.local/lib/python3.8/site-packages/airflow/example_dags/example_branch_labels.py for tasks to queue
[2023-08-29T15:12:14.234+0000] {logging_mixin.py:151} INFO - [2023-08-29T15:12:14.234+0000] {dagbag.py:539} INFO - Filling up the DagBag from /home/airflow/.local/lib/python3.8/site-packages/airflow/example_dags/example_branch_labels.py
[2023-08-29T15:12:14.241+0000] {processor.py:839} INFO - DAG(s) dict_keys(['example_branch_labels']) retrieved from /home/airflow/.local/lib/python3.8/site-packages/airflow/example_dags/example_branch_labels.py
[2023-08-29T15:12:14.266+0000] {logging_mixin.py:151} INFO - [2023-08-29T15:12:14.266+0000] {dag.py:2907} INFO - Sync 1 DAGs
[2023-08-29T15:12:14.290+0000] {logging_mixin.py:151} INFO - [2023-08-29T15:12:14.290+0000] {dag.py:3677} INFO - Setting next_dagrun for example_branch_labels to 2023-08-28T00:00:00+00:00, run_after=2023-08-29T00:00:00+00:00
[2023-08-29T15:12:14.318+0000] {processor.py:179} INFO - Processing /home/airflow/.local/lib/python3.8/site-packages/airflow/example_dags/example_branch_labels.py took 0.090 seconds
[2023-08-29T15:12:44.585+0000] {processor.py:157} INFO - Started process (PID=4031) to work on /home/airflow/.local/lib/python3.8/site-packages/airflow/example_dags/example_branch_labels.py
[2023-08-29T15:12:44.587+0000] {processor.py:829} INFO - Processing file /home/airflow/.local/lib/python3.8/site-packages/airflow/example_dags/example_branch_labels.py for tasks to queue
[2023-08-29T15:12:44.588+0000] {logging_mixin.py:151} INFO - [2023-08-29T15:12:44.588+0000] {dagbag.py:539} INFO - Filling up the DagBag from /home/airflow/.local/lib/python3.8/site-packages/airflow/example_dags/example_branch_labels.py
[2023-08-29T15:12:44.595+0000] {processor.py:839} INFO - DAG(s) dict_keys(['example_branch_labels']) retrieved from /home/airflow/.local/lib/python3.8/site-packages/airflow/example_dags/example_branch_labels.py
[2023-08-29T15:12:44.618+0000] {logging_mixin.py:151} INFO - [2023-08-29T15:12:44.618+0000] {dag.py:2907} INFO - Sync 1 DAGs
[2023-08-29T15:12:44.642+0000] {logging_mixin.py:151} INFO - [2023-08-29T15:12:44.642+0000] {dag.py:3677} INFO - Setting next_dagrun for example_branch_labels to 2023-08-28T00:00:00+00:00, run_after=2023-08-29T00:00:00+00:00
[2023-08-29T15:12:44.667+0000] {processor.py:179} INFO - Processing /home/airflow/.local/lib/python3.8/site-packages/airflow/example_dags/example_branch_labels.py took 0.084 seconds
[2023-08-29T15:13:15.092+0000] {processor.py:157} INFO - Started process (PID=4269) to work on /home/airflow/.local/lib/python3.8/site-packages/airflow/example_dags/example_branch_labels.py
[2023-08-29T15:13:15.093+0000] {processor.py:829} INFO - Processing file /home/airflow/.local/lib/python3.8/site-packages/airflow/example_dags/example_branch_labels.py for tasks to queue
[2023-08-29T15:13:15.095+0000] {logging_mixin.py:151} INFO - [2023-08-29T15:13:15.094+0000] {dagbag.py:539} INFO - Filling up the DagBag from /home/airflow/.local/lib/python3.8/site-packages/airflow/example_dags/example_branch_labels.py
[2023-08-29T15:13:15.102+0000] {processor.py:839} INFO - DAG(s) dict_keys(['example_branch_labels']) retrieved from /home/airflow/.local/lib/python3.8/site-packages/airflow/example_dags/example_branch_labels.py
[2023-08-29T15:13:15.127+0000] {logging_mixin.py:151} INFO - [2023-08-29T15:13:15.127+0000] {dag.py:2907} INFO - Sync 1 DAGs
[2023-08-29T15:13:15.151+0000] {logging_mixin.py:151} INFO - [2023-08-29T15:13:15.150+0000] {dag.py:3677} INFO - Setting next_dagrun for example_branch_labels to 2023-08-28T00:00:00+00:00, run_after=2023-08-29T00:00:00+00:00
[2023-08-29T15:13:15.180+0000] {processor.py:179} INFO - Processing /home/airflow/.local/lib/python3.8/site-packages/airflow/example_dags/example_branch_labels.py took 0.091 seconds
[2023-08-29T15:13:45.584+0000] {processor.py:157} INFO - Started process (PID=4507) to work on /home/airflow/.local/lib/python3.8/site-packages/airflow/example_dags/example_branch_labels.py
[2023-08-29T15:13:45.585+0000] {processor.py:829} INFO - Processing file /home/airflow/.local/lib/python3.8/site-packages/airflow/example_dags/example_branch_labels.py for tasks to queue
[2023-08-29T15:13:45.587+0000] {logging_mixin.py:151} INFO - [2023-08-29T15:13:45.587+0000] {dagbag.py:539} INFO - Filling up the DagBag from /home/airflow/.local/lib/python3.8/site-packages/airflow/example_dags/example_branch_labels.py
[2023-08-29T15:13:45.594+0000] {processor.py:839} INFO - DAG(s) dict_keys(['example_branch_labels']) retrieved from /home/airflow/.local/lib/python3.8/site-packages/airflow/example_dags/example_branch_labels.py
[2023-08-29T15:13:45.621+0000] {logging_mixin.py:151} INFO - [2023-08-29T15:13:45.621+0000] {dag.py:2907} INFO - Sync 1 DAGs
[2023-08-29T15:13:45.645+0000] {logging_mixin.py:151} INFO - [2023-08-29T15:13:45.645+0000] {dag.py:3677} INFO - Setting next_dagrun for example_branch_labels to 2023-08-28T00:00:00+00:00, run_after=2023-08-29T00:00:00+00:00
[2023-08-29T15:13:45.671+0000] {processor.py:179} INFO - Processing /home/airflow/.local/lib/python3.8/site-packages/airflow/example_dags/example_branch_labels.py took 0.091 seconds
[2023-08-29T15:14:15.867+0000] {processor.py:157} INFO - Started process (PID=4745) to work on /home/airflow/.local/lib/python3.8/site-packages/airflow/example_dags/example_branch_labels.py
[2023-08-29T15:14:15.868+0000] {processor.py:829} INFO - Processing file /home/airflow/.local/lib/python3.8/site-packages/airflow/example_dags/example_branch_labels.py for tasks to queue
[2023-08-29T15:14:15.870+0000] {logging_mixin.py:151} INFO - [2023-08-29T15:14:15.870+0000] {dagbag.py:539} INFO - Filling up the DagBag from /home/airflow/.local/lib/python3.8/site-packages/airflow/example_dags/example_branch_labels.py
[2023-08-29T15:14:15.877+0000] {processor.py:839} INFO - DAG(s) dict_keys(['example_branch_labels']) retrieved from /home/airflow/.local/lib/python3.8/site-packages/airflow/example_dags/example_branch_labels.py
[2023-08-29T15:14:15.902+0000] {logging_mixin.py:151} INFO - [2023-08-29T15:14:15.902+0000] {dag.py:2907} INFO - Sync 1 DAGs
[2023-08-29T15:14:15.927+0000] {logging_mixin.py:151} INFO - [2023-08-29T15:14:15.927+0000] {dag.py:3677} INFO - Setting next_dagrun for example_branch_labels to 2023-08-28T00:00:00+00:00, run_after=2023-08-29T00:00:00+00:00
[2023-08-29T15:14:15.956+0000] {processor.py:179} INFO - Processing /home/airflow/.local/lib/python3.8/site-packages/airflow/example_dags/example_branch_labels.py took 0.091 seconds
[2023-08-29T15:14:46.602+0000] {processor.py:157} INFO - Started process (PID=4983) to work on /home/airflow/.local/lib/python3.8/site-packages/airflow/example_dags/example_branch_labels.py
[2023-08-29T15:14:46.604+0000] {processor.py:829} INFO - Processing file /home/airflow/.local/lib/python3.8/site-packages/airflow/example_dags/example_branch_labels.py for tasks to queue
[2023-08-29T15:14:46.605+0000] {logging_mixin.py:151} INFO - [2023-08-29T15:14:46.605+0000] {dagbag.py:539} INFO - Filling up the DagBag from /home/airflow/.local/lib/python3.8/site-packages/airflow/example_dags/example_branch_labels.py
[2023-08-29T15:14:46.612+0000] {processor.py:839} INFO - DAG(s) dict_keys(['example_branch_labels']) retrieved from /home/airflow/.local/lib/python3.8/site-packages/airflow/example_dags/example_branch_labels.py
[2023-08-29T15:14:46.638+0000] {logging_mixin.py:151} INFO - [2023-08-29T15:14:46.638+0000] {dag.py:2907} INFO - Sync 1 DAGs
[2023-08-29T15:14:46.663+0000] {logging_mixin.py:151} INFO - [2023-08-29T15:14:46.663+0000] {dag.py:3677} INFO - Setting next_dagrun for example_branch_labels to 2023-08-28T00:00:00+00:00, run_after=2023-08-29T00:00:00+00:00
[2023-08-29T15:14:46.689+0000] {processor.py:179} INFO - Processing /home/airflow/.local/lib/python3.8/site-packages/airflow/example_dags/example_branch_labels.py took 0.089 seconds
[2023-08-29T15:15:16.926+0000] {processor.py:157} INFO - Started process (PID=5221) to work on /home/airflow/.local/lib/python3.8/site-packages/airflow/example_dags/example_branch_labels.py
[2023-08-29T15:15:16.928+0000] {processor.py:829} INFO - Processing file /home/airflow/.local/lib/python3.8/site-packages/airflow/example_dags/example_branch_labels.py for tasks to queue
[2023-08-29T15:15:16.930+0000] {logging_mixin.py:151} INFO - [2023-08-29T15:15:16.929+0000] {dagbag.py:539} INFO - Filling up the DagBag from /home/airflow/.local/lib/python3.8/site-packages/airflow/example_dags/example_branch_labels.py
[2023-08-29T15:15:16.936+0000] {processor.py:839} INFO - DAG(s) dict_keys(['example_branch_labels']) retrieved from /home/airflow/.local/lib/python3.8/site-packages/airflow/example_dags/example_branch_labels.py
[2023-08-29T15:15:16.961+0000] {logging_mixin.py:151} INFO - [2023-08-29T15:15:16.961+0000] {dag.py:2907} INFO - Sync 1 DAGs
[2023-08-29T15:15:16.986+0000] {logging_mixin.py:151} INFO - [2023-08-29T15:15:16.986+0000] {dag.py:3677} INFO - Setting next_dagrun for example_branch_labels to 2023-08-28T00:00:00+00:00, run_after=2023-08-29T00:00:00+00:00
[2023-08-29T15:15:17.019+0000] {processor.py:179} INFO - Processing /home/airflow/.local/lib/python3.8/site-packages/airflow/example_dags/example_branch_labels.py took 0.095 seconds
[2023-08-29T15:15:47.664+0000] {processor.py:157} INFO - Started process (PID=5459) to work on /home/airflow/.local/lib/python3.8/site-packages/airflow/example_dags/example_branch_labels.py
[2023-08-29T15:15:47.666+0000] {processor.py:829} INFO - Processing file /home/airflow/.local/lib/python3.8/site-packages/airflow/example_dags/example_branch_labels.py for tasks to queue
[2023-08-29T15:15:47.668+0000] {logging_mixin.py:151} INFO - [2023-08-29T15:15:47.668+0000] {dagbag.py:539} INFO - Filling up the DagBag from /home/airflow/.local/lib/python3.8/site-packages/airflow/example_dags/example_branch_labels.py
[2023-08-29T15:15:47.674+0000] {processor.py:839} INFO - DAG(s) dict_keys(['example_branch_labels']) retrieved from /home/airflow/.local/lib/python3.8/site-packages/airflow/example_dags/example_branch_labels.py
[2023-08-29T15:15:47.702+0000] {logging_mixin.py:151} INFO - [2023-08-29T15:15:47.701+0000] {dag.py:2907} INFO - Sync 1 DAGs
[2023-08-29T15:15:47.726+0000] {logging_mixin.py:151} INFO - [2023-08-29T15:15:47.726+0000] {dag.py:3677} INFO - Setting next_dagrun for example_branch_labels to 2023-08-28T00:00:00+00:00, run_after=2023-08-29T00:00:00+00:00
[2023-08-29T15:15:47.754+0000] {processor.py:179} INFO - Processing /home/airflow/.local/lib/python3.8/site-packages/airflow/example_dags/example_branch_labels.py took 0.093 seconds
[2023-08-29T15:16:18.240+0000] {processor.py:157} INFO - Started process (PID=5697) to work on /home/airflow/.local/lib/python3.8/site-packages/airflow/example_dags/example_branch_labels.py
[2023-08-29T15:16:18.242+0000] {processor.py:829} INFO - Processing file /home/airflow/.local/lib/python3.8/site-packages/airflow/example_dags/example_branch_labels.py for tasks to queue
[2023-08-29T15:16:18.245+0000] {logging_mixin.py:151} INFO - [2023-08-29T15:16:18.244+0000] {dagbag.py:539} INFO - Filling up the DagBag from /home/airflow/.local/lib/python3.8/site-packages/airflow/example_dags/example_branch_labels.py
[2023-08-29T15:16:18.260+0000] {processor.py:839} INFO - DAG(s) dict_keys(['example_branch_labels']) retrieved from /home/airflow/.local/lib/python3.8/site-packages/airflow/example_dags/example_branch_labels.py
[2023-08-29T15:16:18.297+0000] {logging_mixin.py:151} INFO - [2023-08-29T15:16:18.296+0000] {dag.py:2907} INFO - Sync 1 DAGs
[2023-08-29T15:16:18.339+0000] {logging_mixin.py:151} INFO - [2023-08-29T15:16:18.339+0000] {dag.py:3677} INFO - Setting next_dagrun for example_branch_labels to 2023-08-28T00:00:00+00:00, run_after=2023-08-29T00:00:00+00:00
[2023-08-29T15:16:18.383+0000] {processor.py:179} INFO - Processing /home/airflow/.local/lib/python3.8/site-packages/airflow/example_dags/example_branch_labels.py took 0.147 seconds
[2023-08-29T15:16:48.621+0000] {processor.py:157} INFO - Started process (PID=5935) to work on /home/airflow/.local/lib/python3.8/site-packages/airflow/example_dags/example_branch_labels.py
[2023-08-29T15:16:48.625+0000] {processor.py:829} INFO - Processing file /home/airflow/.local/lib/python3.8/site-packages/airflow/example_dags/example_branch_labels.py for tasks to queue
[2023-08-29T15:16:48.630+0000] {logging_mixin.py:151} INFO - [2023-08-29T15:16:48.630+0000] {dagbag.py:539} INFO - Filling up the DagBag from /home/airflow/.local/lib/python3.8/site-packages/airflow/example_dags/example_branch_labels.py
[2023-08-29T15:16:48.650+0000] {processor.py:839} INFO - DAG(s) dict_keys(['example_branch_labels']) retrieved from /home/airflow/.local/lib/python3.8/site-packages/airflow/example_dags/example_branch_labels.py
[2023-08-29T15:16:48.703+0000] {logging_mixin.py:151} INFO - [2023-08-29T15:16:48.702+0000] {dag.py:2907} INFO - Sync 1 DAGs
[2023-08-29T15:16:48.762+0000] {logging_mixin.py:151} INFO - [2023-08-29T15:16:48.761+0000] {dag.py:3677} INFO - Setting next_dagrun for example_branch_labels to 2023-08-28T00:00:00+00:00, run_after=2023-08-29T00:00:00+00:00
[2023-08-29T15:16:48.804+0000] {processor.py:179} INFO - Processing /home/airflow/.local/lib/python3.8/site-packages/airflow/example_dags/example_branch_labels.py took 0.190 seconds
[2023-08-29T15:17:18.912+0000] {processor.py:157} INFO - Started process (PID=6170) to work on /home/airflow/.local/lib/python3.8/site-packages/airflow/example_dags/example_branch_labels.py
[2023-08-29T15:17:18.913+0000] {processor.py:829} INFO - Processing file /home/airflow/.local/lib/python3.8/site-packages/airflow/example_dags/example_branch_labels.py for tasks to queue
[2023-08-29T15:17:18.914+0000] {logging_mixin.py:151} INFO - [2023-08-29T15:17:18.914+0000] {dagbag.py:539} INFO - Filling up the DagBag from /home/airflow/.local/lib/python3.8/site-packages/airflow/example_dags/example_branch_labels.py
[2023-08-29T15:17:18.922+0000] {processor.py:839} INFO - DAG(s) dict_keys(['example_branch_labels']) retrieved from /home/airflow/.local/lib/python3.8/site-packages/airflow/example_dags/example_branch_labels.py
[2023-08-29T15:17:18.950+0000] {logging_mixin.py:151} INFO - [2023-08-29T15:17:18.949+0000] {dag.py:2907} INFO - Sync 1 DAGs
[2023-08-29T15:17:18.976+0000] {logging_mixin.py:151} INFO - [2023-08-29T15:17:18.976+0000] {dag.py:3677} INFO - Setting next_dagrun for example_branch_labels to 2023-08-28T00:00:00+00:00, run_after=2023-08-29T00:00:00+00:00
[2023-08-29T15:17:19.005+0000] {processor.py:179} INFO - Processing /home/airflow/.local/lib/python3.8/site-packages/airflow/example_dags/example_branch_labels.py took 0.095 seconds
[2023-08-29T15:17:49.270+0000] {processor.py:157} INFO - Started process (PID=6411) to work on /home/airflow/.local/lib/python3.8/site-packages/airflow/example_dags/example_branch_labels.py
[2023-08-29T15:17:49.271+0000] {processor.py:829} INFO - Processing file /home/airflow/.local/lib/python3.8/site-packages/airflow/example_dags/example_branch_labels.py for tasks to queue
[2023-08-29T15:17:49.272+0000] {logging_mixin.py:151} INFO - [2023-08-29T15:17:49.272+0000] {dagbag.py:539} INFO - Filling up the DagBag from /home/airflow/.local/lib/python3.8/site-packages/airflow/example_dags/example_branch_labels.py
[2023-08-29T15:17:49.279+0000] {processor.py:839} INFO - DAG(s) dict_keys(['example_branch_labels']) retrieved from /home/airflow/.local/lib/python3.8/site-packages/airflow/example_dags/example_branch_labels.py
[2023-08-29T15:17:49.305+0000] {logging_mixin.py:151} INFO - [2023-08-29T15:17:49.305+0000] {dag.py:2907} INFO - Sync 1 DAGs
[2023-08-29T15:17:49.329+0000] {logging_mixin.py:151} INFO - [2023-08-29T15:17:49.329+0000] {dag.py:3677} INFO - Setting next_dagrun for example_branch_labels to 2023-08-28T00:00:00+00:00, run_after=2023-08-29T00:00:00+00:00
[2023-08-29T15:17:49.360+0000] {processor.py:179} INFO - Processing /home/airflow/.local/lib/python3.8/site-packages/airflow/example_dags/example_branch_labels.py took 0.094 seconds
[2023-08-29T15:18:19.526+0000] {processor.py:157} INFO - Started process (PID=6649) to work on /home/airflow/.local/lib/python3.8/site-packages/airflow/example_dags/example_branch_labels.py
[2023-08-29T15:18:19.527+0000] {processor.py:829} INFO - Processing file /home/airflow/.local/lib/python3.8/site-packages/airflow/example_dags/example_branch_labels.py for tasks to queue
[2023-08-29T15:18:19.529+0000] {logging_mixin.py:151} INFO - [2023-08-29T15:18:19.528+0000] {dagbag.py:539} INFO - Filling up the DagBag from /home/airflow/.local/lib/python3.8/site-packages/airflow/example_dags/example_branch_labels.py
[2023-08-29T15:18:19.535+0000] {processor.py:839} INFO - DAG(s) dict_keys(['example_branch_labels']) retrieved from /home/airflow/.local/lib/python3.8/site-packages/airflow/example_dags/example_branch_labels.py
[2023-08-29T15:18:19.558+0000] {logging_mixin.py:151} INFO - [2023-08-29T15:18:19.558+0000] {dag.py:2907} INFO - Sync 1 DAGs
[2023-08-29T15:18:19.582+0000] {logging_mixin.py:151} INFO - [2023-08-29T15:18:19.581+0000] {dag.py:3677} INFO - Setting next_dagrun for example_branch_labels to 2023-08-28T00:00:00+00:00, run_after=2023-08-29T00:00:00+00:00
[2023-08-29T15:18:19.609+0000] {processor.py:179} INFO - Processing /home/airflow/.local/lib/python3.8/site-packages/airflow/example_dags/example_branch_labels.py took 0.085 seconds
[2023-08-29T15:18:49.824+0000] {processor.py:157} INFO - Started process (PID=6887) to work on /home/airflow/.local/lib/python3.8/site-packages/airflow/example_dags/example_branch_labels.py
[2023-08-29T15:18:49.826+0000] {processor.py:829} INFO - Processing file /home/airflow/.local/lib/python3.8/site-packages/airflow/example_dags/example_branch_labels.py for tasks to queue
[2023-08-29T15:18:49.827+0000] {logging_mixin.py:151} INFO - [2023-08-29T15:18:49.827+0000] {dagbag.py:539} INFO - Filling up the DagBag from /home/airflow/.local/lib/python3.8/site-packages/airflow/example_dags/example_branch_labels.py
[2023-08-29T15:18:49.836+0000] {processor.py:839} INFO - DAG(s) dict_keys(['example_branch_labels']) retrieved from /home/airflow/.local/lib/python3.8/site-packages/airflow/example_dags/example_branch_labels.py
[2023-08-29T15:18:49.863+0000] {logging_mixin.py:151} INFO - [2023-08-29T15:18:49.862+0000] {dag.py:2907} INFO - Sync 1 DAGs
[2023-08-29T15:18:49.889+0000] {logging_mixin.py:151} INFO - [2023-08-29T15:18:49.889+0000] {dag.py:3677} INFO - Setting next_dagrun for example_branch_labels to 2023-08-28T00:00:00+00:00, run_after=2023-08-29T00:00:00+00:00
[2023-08-29T15:18:49.921+0000] {processor.py:179} INFO - Processing /home/airflow/.local/lib/python3.8/site-packages/airflow/example_dags/example_branch_labels.py took 0.100 seconds
[2023-08-29T15:19:20.117+0000] {processor.py:157} INFO - Started process (PID=7125) to work on /home/airflow/.local/lib/python3.8/site-packages/airflow/example_dags/example_branch_labels.py
[2023-08-29T15:19:20.118+0000] {processor.py:829} INFO - Processing file /home/airflow/.local/lib/python3.8/site-packages/airflow/example_dags/example_branch_labels.py for tasks to queue
[2023-08-29T15:19:20.120+0000] {logging_mixin.py:151} INFO - [2023-08-29T15:19:20.120+0000] {dagbag.py:539} INFO - Filling up the DagBag from /home/airflow/.local/lib/python3.8/site-packages/airflow/example_dags/example_branch_labels.py
[2023-08-29T15:19:20.127+0000] {processor.py:839} INFO - DAG(s) dict_keys(['example_branch_labels']) retrieved from /home/airflow/.local/lib/python3.8/site-packages/airflow/example_dags/example_branch_labels.py
[2023-08-29T15:19:20.150+0000] {logging_mixin.py:151} INFO - [2023-08-29T15:19:20.150+0000] {dag.py:2907} INFO - Sync 1 DAGs
[2023-08-29T15:19:20.174+0000] {logging_mixin.py:151} INFO - [2023-08-29T15:19:20.174+0000] {dag.py:3677} INFO - Setting next_dagrun for example_branch_labels to 2023-08-28T00:00:00+00:00, run_after=2023-08-29T00:00:00+00:00
[2023-08-29T15:19:20.204+0000] {processor.py:179} INFO - Processing /home/airflow/.local/lib/python3.8/site-packages/airflow/example_dags/example_branch_labels.py took 0.089 seconds
[2023-08-29T15:19:50.599+0000] {processor.py:157} INFO - Started process (PID=7363) to work on /home/airflow/.local/lib/python3.8/site-packages/airflow/example_dags/example_branch_labels.py
[2023-08-29T15:19:50.601+0000] {processor.py:829} INFO - Processing file /home/airflow/.local/lib/python3.8/site-packages/airflow/example_dags/example_branch_labels.py for tasks to queue
[2023-08-29T15:19:50.602+0000] {logging_mixin.py:151} INFO - [2023-08-29T15:19:50.601+0000] {dagbag.py:539} INFO - Filling up the DagBag from /home/airflow/.local/lib/python3.8/site-packages/airflow/example_dags/example_branch_labels.py
[2023-08-29T15:19:50.609+0000] {processor.py:839} INFO - DAG(s) dict_keys(['example_branch_labels']) retrieved from /home/airflow/.local/lib/python3.8/site-packages/airflow/example_dags/example_branch_labels.py
[2023-08-29T15:19:50.632+0000] {logging_mixin.py:151} INFO - [2023-08-29T15:19:50.632+0000] {dag.py:2907} INFO - Sync 1 DAGs
[2023-08-29T15:19:50.655+0000] {logging_mixin.py:151} INFO - [2023-08-29T15:19:50.655+0000] {dag.py:3677} INFO - Setting next_dagrun for example_branch_labels to 2023-08-28T00:00:00+00:00, run_after=2023-08-29T00:00:00+00:00
[2023-08-29T15:19:50.681+0000] {processor.py:179} INFO - Processing /home/airflow/.local/lib/python3.8/site-packages/airflow/example_dags/example_branch_labels.py took 0.084 seconds
[2023-08-29T15:20:21.296+0000] {processor.py:157} INFO - Started process (PID=7601) to work on /home/airflow/.local/lib/python3.8/site-packages/airflow/example_dags/example_branch_labels.py
[2023-08-29T15:20:21.298+0000] {processor.py:829} INFO - Processing file /home/airflow/.local/lib/python3.8/site-packages/airflow/example_dags/example_branch_labels.py for tasks to queue
[2023-08-29T15:20:21.300+0000] {logging_mixin.py:151} INFO - [2023-08-29T15:20:21.299+0000] {dagbag.py:539} INFO - Filling up the DagBag from /home/airflow/.local/lib/python3.8/site-packages/airflow/example_dags/example_branch_labels.py
[2023-08-29T15:20:21.308+0000] {processor.py:839} INFO - DAG(s) dict_keys(['example_branch_labels']) retrieved from /home/airflow/.local/lib/python3.8/site-packages/airflow/example_dags/example_branch_labels.py
[2023-08-29T15:20:21.336+0000] {logging_mixin.py:151} INFO - [2023-08-29T15:20:21.336+0000] {dag.py:2907} INFO - Sync 1 DAGs
[2023-08-29T15:20:21.360+0000] {logging_mixin.py:151} INFO - [2023-08-29T15:20:21.359+0000] {dag.py:3677} INFO - Setting next_dagrun for example_branch_labels to 2023-08-28T00:00:00+00:00, run_after=2023-08-29T00:00:00+00:00
[2023-08-29T15:20:21.389+0000] {processor.py:179} INFO - Processing /home/airflow/.local/lib/python3.8/site-packages/airflow/example_dags/example_branch_labels.py took 0.099 seconds
[2023-08-29T15:20:51.871+0000] {processor.py:157} INFO - Started process (PID=7839) to work on /home/airflow/.local/lib/python3.8/site-packages/airflow/example_dags/example_branch_labels.py
[2023-08-29T15:20:51.872+0000] {processor.py:829} INFO - Processing file /home/airflow/.local/lib/python3.8/site-packages/airflow/example_dags/example_branch_labels.py for tasks to queue
[2023-08-29T15:20:51.874+0000] {logging_mixin.py:151} INFO - [2023-08-29T15:20:51.873+0000] {dagbag.py:539} INFO - Filling up the DagBag from /home/airflow/.local/lib/python3.8/site-packages/airflow/example_dags/example_branch_labels.py
[2023-08-29T15:20:51.884+0000] {processor.py:839} INFO - DAG(s) dict_keys(['example_branch_labels']) retrieved from /home/airflow/.local/lib/python3.8/site-packages/airflow/example_dags/example_branch_labels.py
[2023-08-29T15:20:51.916+0000] {logging_mixin.py:151} INFO - [2023-08-29T15:20:51.916+0000] {dag.py:2907} INFO - Sync 1 DAGs
[2023-08-29T15:20:51.943+0000] {logging_mixin.py:151} INFO - [2023-08-29T15:20:51.943+0000] {dag.py:3677} INFO - Setting next_dagrun for example_branch_labels to 2023-08-28T00:00:00+00:00, run_after=2023-08-29T00:00:00+00:00
[2023-08-29T15:20:51.974+0000] {processor.py:179} INFO - Processing /home/airflow/.local/lib/python3.8/site-packages/airflow/example_dags/example_branch_labels.py took 0.108 seconds
[2023-08-29T15:21:22.167+0000] {processor.py:157} INFO - Started process (PID=8077) to work on /home/airflow/.local/lib/python3.8/site-packages/airflow/example_dags/example_branch_labels.py
[2023-08-29T15:21:22.168+0000] {processor.py:829} INFO - Processing file /home/airflow/.local/lib/python3.8/site-packages/airflow/example_dags/example_branch_labels.py for tasks to queue
[2023-08-29T15:21:22.170+0000] {logging_mixin.py:151} INFO - [2023-08-29T15:21:22.169+0000] {dagbag.py:539} INFO - Filling up the DagBag from /home/airflow/.local/lib/python3.8/site-packages/airflow/example_dags/example_branch_labels.py
[2023-08-29T15:21:22.176+0000] {processor.py:839} INFO - DAG(s) dict_keys(['example_branch_labels']) retrieved from /home/airflow/.local/lib/python3.8/site-packages/airflow/example_dags/example_branch_labels.py
[2023-08-29T15:21:22.200+0000] {logging_mixin.py:151} INFO - [2023-08-29T15:21:22.200+0000] {dag.py:2907} INFO - Sync 1 DAGs
[2023-08-29T15:21:22.225+0000] {logging_mixin.py:151} INFO - [2023-08-29T15:21:22.225+0000] {dag.py:3677} INFO - Setting next_dagrun for example_branch_labels to 2023-08-28T00:00:00+00:00, run_after=2023-08-29T00:00:00+00:00
[2023-08-29T15:21:22.254+0000] {processor.py:179} INFO - Processing /home/airflow/.local/lib/python3.8/site-packages/airflow/example_dags/example_branch_labels.py took 0.090 seconds
[2023-08-29T15:21:52.434+0000] {processor.py:157} INFO - Started process (PID=8318) to work on /home/airflow/.local/lib/python3.8/site-packages/airflow/example_dags/example_branch_labels.py
[2023-08-29T15:21:52.436+0000] {processor.py:829} INFO - Processing file /home/airflow/.local/lib/python3.8/site-packages/airflow/example_dags/example_branch_labels.py for tasks to queue
[2023-08-29T15:21:52.438+0000] {logging_mixin.py:151} INFO - [2023-08-29T15:21:52.438+0000] {dagbag.py:539} INFO - Filling up the DagBag from /home/airflow/.local/lib/python3.8/site-packages/airflow/example_dags/example_branch_labels.py
[2023-08-29T15:21:52.450+0000] {processor.py:839} INFO - DAG(s) dict_keys(['example_branch_labels']) retrieved from /home/airflow/.local/lib/python3.8/site-packages/airflow/example_dags/example_branch_labels.py
[2023-08-29T15:21:52.480+0000] {logging_mixin.py:151} INFO - [2023-08-29T15:21:52.480+0000] {dag.py:2907} INFO - Sync 1 DAGs
[2023-08-29T15:21:52.511+0000] {logging_mixin.py:151} INFO - [2023-08-29T15:21:52.511+0000] {dag.py:3677} INFO - Setting next_dagrun for example_branch_labels to 2023-08-28T00:00:00+00:00, run_after=2023-08-29T00:00:00+00:00
[2023-08-29T15:21:52.536+0000] {processor.py:179} INFO - Processing /home/airflow/.local/lib/python3.8/site-packages/airflow/example_dags/example_branch_labels.py took 0.106 seconds
