[2023-08-29T15:04:39.828+0000] {processor.py:157} INFO - Started process (PID=311) to work on /home/airflow/.local/lib/python3.8/site-packages/airflow/example_dags/example_branch_operator.py
[2023-08-29T15:04:39.830+0000] {processor.py:829} INFO - Processing file /home/airflow/.local/lib/python3.8/site-packages/airflow/example_dags/example_branch_operator.py for tasks to queue
[2023-08-29T15:04:39.833+0000] {logging_mixin.py:151} INFO - [2023-08-29T15:04:39.832+0000] {dagbag.py:539} INFO - Filling up the DagBag from /home/airflow/.local/lib/python3.8/site-packages/airflow/example_dags/example_branch_operator.py
[2023-08-29T15:04:39.849+0000] {processor.py:839} INFO - DAG(s) dict_keys(['example_branch_operator']) retrieved from /home/airflow/.local/lib/python3.8/site-packages/airflow/example_dags/example_branch_operator.py
[2023-08-29T15:04:39.877+0000] {logging_mixin.py:151} INFO - [2023-08-29T15:04:39.876+0000] {dag.py:2907} INFO - Sync 1 DAGs
[2023-08-29T15:04:39.920+0000] {logging_mixin.py:151} INFO - [2023-08-29T15:04:39.920+0000] {dag.py:3677} INFO - Setting next_dagrun for example_branch_operator to 2023-08-28T00:00:00+00:00, run_after=2023-08-29T00:00:00+00:00
[2023-08-29T15:04:39.953+0000] {processor.py:179} INFO - Processing /home/airflow/.local/lib/python3.8/site-packages/airflow/example_dags/example_branch_operator.py took 0.132 seconds
[2023-08-29T15:05:10.312+0000] {processor.py:157} INFO - Started process (PID=547) to work on /home/airflow/.local/lib/python3.8/site-packages/airflow/example_dags/example_branch_operator.py
[2023-08-29T15:05:10.314+0000] {processor.py:829} INFO - Processing file /home/airflow/.local/lib/python3.8/site-packages/airflow/example_dags/example_branch_operator.py for tasks to queue
[2023-08-29T15:05:10.315+0000] {logging_mixin.py:151} INFO - [2023-08-29T15:05:10.315+0000] {dagbag.py:539} INFO - Filling up the DagBag from /home/airflow/.local/lib/python3.8/site-packages/airflow/example_dags/example_branch_operator.py
[2023-08-29T15:05:10.326+0000] {processor.py:839} INFO - DAG(s) dict_keys(['example_branch_operator']) retrieved from /home/airflow/.local/lib/python3.8/site-packages/airflow/example_dags/example_branch_operator.py
[2023-08-29T15:05:10.353+0000] {logging_mixin.py:151} INFO - [2023-08-29T15:05:10.353+0000] {dag.py:2907} INFO - Sync 1 DAGs
[2023-08-29T15:05:10.379+0000] {logging_mixin.py:151} INFO - [2023-08-29T15:05:10.379+0000] {dag.py:3677} INFO - Setting next_dagrun for example_branch_operator to 2023-08-28T00:00:00+00:00, run_after=2023-08-29T00:00:00+00:00
[2023-08-29T15:05:10.586+0000] {processor.py:179} INFO - Processing /home/airflow/.local/lib/python3.8/site-packages/airflow/example_dags/example_branch_operator.py took 0.277 seconds
[2023-08-29T15:05:40.774+0000] {processor.py:157} INFO - Started process (PID=785) to work on /home/airflow/.local/lib/python3.8/site-packages/airflow/example_dags/example_branch_operator.py
[2023-08-29T15:05:40.776+0000] {processor.py:829} INFO - Processing file /home/airflow/.local/lib/python3.8/site-packages/airflow/example_dags/example_branch_operator.py for tasks to queue
[2023-08-29T15:05:40.779+0000] {logging_mixin.py:151} INFO - [2023-08-29T15:05:40.778+0000] {dagbag.py:539} INFO - Filling up the DagBag from /home/airflow/.local/lib/python3.8/site-packages/airflow/example_dags/example_branch_operator.py
[2023-08-29T15:05:40.791+0000] {processor.py:839} INFO - DAG(s) dict_keys(['example_branch_operator']) retrieved from /home/airflow/.local/lib/python3.8/site-packages/airflow/example_dags/example_branch_operator.py
[2023-08-29T15:05:40.821+0000] {logging_mixin.py:151} INFO - [2023-08-29T15:05:40.820+0000] {dag.py:2907} INFO - Sync 1 DAGs
[2023-08-29T15:05:40.848+0000] {logging_mixin.py:151} INFO - [2023-08-29T15:05:40.848+0000] {dag.py:3677} INFO - Setting next_dagrun for example_branch_operator to 2023-08-28T00:00:00+00:00, run_after=2023-08-29T00:00:00+00:00
[2023-08-29T15:05:40.877+0000] {processor.py:179} INFO - Processing /home/airflow/.local/lib/python3.8/site-packages/airflow/example_dags/example_branch_operator.py took 0.106 seconds
[2023-08-29T15:06:11.658+0000] {processor.py:157} INFO - Started process (PID=1023) to work on /home/airflow/.local/lib/python3.8/site-packages/airflow/example_dags/example_branch_operator.py
[2023-08-29T15:06:11.659+0000] {processor.py:829} INFO - Processing file /home/airflow/.local/lib/python3.8/site-packages/airflow/example_dags/example_branch_operator.py for tasks to queue
[2023-08-29T15:06:11.660+0000] {logging_mixin.py:151} INFO - [2023-08-29T15:06:11.660+0000] {dagbag.py:539} INFO - Filling up the DagBag from /home/airflow/.local/lib/python3.8/site-packages/airflow/example_dags/example_branch_operator.py
[2023-08-29T15:06:11.668+0000] {processor.py:839} INFO - DAG(s) dict_keys(['example_branch_operator']) retrieved from /home/airflow/.local/lib/python3.8/site-packages/airflow/example_dags/example_branch_operator.py
[2023-08-29T15:06:11.694+0000] {logging_mixin.py:151} INFO - [2023-08-29T15:06:11.694+0000] {dag.py:2907} INFO - Sync 1 DAGs
[2023-08-29T15:06:11.721+0000] {logging_mixin.py:151} INFO - [2023-08-29T15:06:11.721+0000] {dag.py:3677} INFO - Setting next_dagrun for example_branch_operator to 2023-08-28T00:00:00+00:00, run_after=2023-08-29T00:00:00+00:00
[2023-08-29T15:06:11.747+0000] {processor.py:179} INFO - Processing /home/airflow/.local/lib/python3.8/site-packages/airflow/example_dags/example_branch_operator.py took 0.092 seconds
[2023-08-29T15:06:42.156+0000] {processor.py:157} INFO - Started process (PID=1263) to work on /home/airflow/.local/lib/python3.8/site-packages/airflow/example_dags/example_branch_operator.py
[2023-08-29T15:06:42.157+0000] {processor.py:829} INFO - Processing file /home/airflow/.local/lib/python3.8/site-packages/airflow/example_dags/example_branch_operator.py for tasks to queue
[2023-08-29T15:06:42.160+0000] {logging_mixin.py:151} INFO - [2023-08-29T15:06:42.159+0000] {dagbag.py:539} INFO - Filling up the DagBag from /home/airflow/.local/lib/python3.8/site-packages/airflow/example_dags/example_branch_operator.py
[2023-08-29T15:06:42.168+0000] {processor.py:839} INFO - DAG(s) dict_keys(['example_branch_operator']) retrieved from /home/airflow/.local/lib/python3.8/site-packages/airflow/example_dags/example_branch_operator.py
[2023-08-29T15:06:42.195+0000] {logging_mixin.py:151} INFO - [2023-08-29T15:06:42.195+0000] {dag.py:2907} INFO - Sync 1 DAGs
[2023-08-29T15:06:42.221+0000] {logging_mixin.py:151} INFO - [2023-08-29T15:06:42.221+0000] {dag.py:3677} INFO - Setting next_dagrun for example_branch_operator to 2023-08-28T00:00:00+00:00, run_after=2023-08-29T00:00:00+00:00
[2023-08-29T15:06:42.248+0000] {processor.py:179} INFO - Processing /home/airflow/.local/lib/python3.8/site-packages/airflow/example_dags/example_branch_operator.py took 0.095 seconds
[2023-08-29T15:07:12.549+0000] {processor.py:157} INFO - Started process (PID=1499) to work on /home/airflow/.local/lib/python3.8/site-packages/airflow/example_dags/example_branch_operator.py
[2023-08-29T15:07:12.550+0000] {processor.py:829} INFO - Processing file /home/airflow/.local/lib/python3.8/site-packages/airflow/example_dags/example_branch_operator.py for tasks to queue
[2023-08-29T15:07:12.551+0000] {logging_mixin.py:151} INFO - [2023-08-29T15:07:12.551+0000] {dagbag.py:539} INFO - Filling up the DagBag from /home/airflow/.local/lib/python3.8/site-packages/airflow/example_dags/example_branch_operator.py
[2023-08-29T15:07:12.560+0000] {processor.py:839} INFO - DAG(s) dict_keys(['example_branch_operator']) retrieved from /home/airflow/.local/lib/python3.8/site-packages/airflow/example_dags/example_branch_operator.py
[2023-08-29T15:07:12.585+0000] {logging_mixin.py:151} INFO - [2023-08-29T15:07:12.585+0000] {dag.py:2907} INFO - Sync 1 DAGs
[2023-08-29T15:07:12.610+0000] {logging_mixin.py:151} INFO - [2023-08-29T15:07:12.609+0000] {dag.py:3677} INFO - Setting next_dagrun for example_branch_operator to 2023-08-28T00:00:00+00:00, run_after=2023-08-29T00:00:00+00:00
[2023-08-29T15:07:12.638+0000] {processor.py:179} INFO - Processing /home/airflow/.local/lib/python3.8/site-packages/airflow/example_dags/example_branch_operator.py took 0.092 seconds
[2023-08-29T15:07:43.462+0000] {processor.py:157} INFO - Started process (PID=1739) to work on /home/airflow/.local/lib/python3.8/site-packages/airflow/example_dags/example_branch_operator.py
[2023-08-29T15:07:43.464+0000] {processor.py:829} INFO - Processing file /home/airflow/.local/lib/python3.8/site-packages/airflow/example_dags/example_branch_operator.py for tasks to queue
[2023-08-29T15:07:43.466+0000] {logging_mixin.py:151} INFO - [2023-08-29T15:07:43.465+0000] {dagbag.py:539} INFO - Filling up the DagBag from /home/airflow/.local/lib/python3.8/site-packages/airflow/example_dags/example_branch_operator.py
[2023-08-29T15:07:43.475+0000] {processor.py:839} INFO - DAG(s) dict_keys(['example_branch_operator']) retrieved from /home/airflow/.local/lib/python3.8/site-packages/airflow/example_dags/example_branch_operator.py
[2023-08-29T15:07:43.507+0000] {logging_mixin.py:151} INFO - [2023-08-29T15:07:43.506+0000] {dag.py:2907} INFO - Sync 1 DAGs
[2023-08-29T15:07:43.530+0000] {logging_mixin.py:151} INFO - [2023-08-29T15:07:43.530+0000] {dag.py:3677} INFO - Setting next_dagrun for example_branch_operator to 2023-08-28T00:00:00+00:00, run_after=2023-08-29T00:00:00+00:00
[2023-08-29T15:07:43.564+0000] {processor.py:179} INFO - Processing /home/airflow/.local/lib/python3.8/site-packages/airflow/example_dags/example_branch_operator.py took 0.104 seconds
[2023-08-29T15:08:14.211+0000] {processor.py:157} INFO - Started process (PID=1980) to work on /home/airflow/.local/lib/python3.8/site-packages/airflow/example_dags/example_branch_operator.py
[2023-08-29T15:08:14.212+0000] {processor.py:829} INFO - Processing file /home/airflow/.local/lib/python3.8/site-packages/airflow/example_dags/example_branch_operator.py for tasks to queue
[2023-08-29T15:08:14.214+0000] {logging_mixin.py:151} INFO - [2023-08-29T15:08:14.213+0000] {dagbag.py:539} INFO - Filling up the DagBag from /home/airflow/.local/lib/python3.8/site-packages/airflow/example_dags/example_branch_operator.py
[2023-08-29T15:08:14.223+0000] {processor.py:839} INFO - DAG(s) dict_keys(['example_branch_operator']) retrieved from /home/airflow/.local/lib/python3.8/site-packages/airflow/example_dags/example_branch_operator.py
[2023-08-29T15:08:14.256+0000] {logging_mixin.py:151} INFO - [2023-08-29T15:08:14.255+0000] {dag.py:2907} INFO - Sync 1 DAGs
[2023-08-29T15:08:14.291+0000] {logging_mixin.py:151} INFO - [2023-08-29T15:08:14.290+0000] {dag.py:3677} INFO - Setting next_dagrun for example_branch_operator to 2023-08-28T00:00:00+00:00, run_after=2023-08-29T00:00:00+00:00
[2023-08-29T15:08:14.345+0000] {processor.py:179} INFO - Processing /home/airflow/.local/lib/python3.8/site-packages/airflow/example_dags/example_branch_operator.py took 0.137 seconds
[2023-08-29T15:08:44.801+0000] {processor.py:157} INFO - Started process (PID=2220) to work on /home/airflow/.local/lib/python3.8/site-packages/airflow/example_dags/example_branch_operator.py
[2023-08-29T15:08:44.802+0000] {processor.py:829} INFO - Processing file /home/airflow/.local/lib/python3.8/site-packages/airflow/example_dags/example_branch_operator.py for tasks to queue
[2023-08-29T15:08:44.804+0000] {logging_mixin.py:151} INFO - [2023-08-29T15:08:44.804+0000] {dagbag.py:539} INFO - Filling up the DagBag from /home/airflow/.local/lib/python3.8/site-packages/airflow/example_dags/example_branch_operator.py
[2023-08-29T15:08:44.813+0000] {processor.py:839} INFO - DAG(s) dict_keys(['example_branch_operator']) retrieved from /home/airflow/.local/lib/python3.8/site-packages/airflow/example_dags/example_branch_operator.py
[2023-08-29T15:08:44.840+0000] {logging_mixin.py:151} INFO - [2023-08-29T15:08:44.840+0000] {dag.py:2907} INFO - Sync 1 DAGs
[2023-08-29T15:08:44.867+0000] {logging_mixin.py:151} INFO - [2023-08-29T15:08:44.867+0000] {dag.py:3677} INFO - Setting next_dagrun for example_branch_operator to 2023-08-28T00:00:00+00:00, run_after=2023-08-29T00:00:00+00:00
[2023-08-29T15:08:44.898+0000] {processor.py:179} INFO - Processing /home/airflow/.local/lib/python3.8/site-packages/airflow/example_dags/example_branch_operator.py took 0.100 seconds
[2023-08-29T15:09:14.969+0000] {processor.py:157} INFO - Started process (PID=2458) to work on /home/airflow/.local/lib/python3.8/site-packages/airflow/example_dags/example_branch_operator.py
[2023-08-29T15:09:14.971+0000] {processor.py:829} INFO - Processing file /home/airflow/.local/lib/python3.8/site-packages/airflow/example_dags/example_branch_operator.py for tasks to queue
[2023-08-29T15:09:14.972+0000] {logging_mixin.py:151} INFO - [2023-08-29T15:09:14.972+0000] {dagbag.py:539} INFO - Filling up the DagBag from /home/airflow/.local/lib/python3.8/site-packages/airflow/example_dags/example_branch_operator.py
[2023-08-29T15:09:14.982+0000] {processor.py:839} INFO - DAG(s) dict_keys(['example_branch_operator']) retrieved from /home/airflow/.local/lib/python3.8/site-packages/airflow/example_dags/example_branch_operator.py
[2023-08-29T15:09:15.011+0000] {logging_mixin.py:151} INFO - [2023-08-29T15:09:15.011+0000] {dag.py:2907} INFO - Sync 1 DAGs
[2023-08-29T15:09:15.037+0000] {logging_mixin.py:151} INFO - [2023-08-29T15:09:15.037+0000] {dag.py:3677} INFO - Setting next_dagrun for example_branch_operator to 2023-08-28T00:00:00+00:00, run_after=2023-08-29T00:00:00+00:00
[2023-08-29T15:09:15.074+0000] {processor.py:179} INFO - Processing /home/airflow/.local/lib/python3.8/site-packages/airflow/example_dags/example_branch_operator.py took 0.107 seconds
[2023-08-29T15:09:45.630+0000] {processor.py:157} INFO - Started process (PID=2691) to work on /home/airflow/.local/lib/python3.8/site-packages/airflow/example_dags/example_branch_operator.py
[2023-08-29T15:09:45.631+0000] {processor.py:829} INFO - Processing file /home/airflow/.local/lib/python3.8/site-packages/airflow/example_dags/example_branch_operator.py for tasks to queue
[2023-08-29T15:09:45.633+0000] {logging_mixin.py:151} INFO - [2023-08-29T15:09:45.633+0000] {dagbag.py:539} INFO - Filling up the DagBag from /home/airflow/.local/lib/python3.8/site-packages/airflow/example_dags/example_branch_operator.py
[2023-08-29T15:09:45.642+0000] {processor.py:839} INFO - DAG(s) dict_keys(['example_branch_operator']) retrieved from /home/airflow/.local/lib/python3.8/site-packages/airflow/example_dags/example_branch_operator.py
[2023-08-29T15:09:45.671+0000] {logging_mixin.py:151} INFO - [2023-08-29T15:09:45.671+0000] {dag.py:2907} INFO - Sync 1 DAGs
[2023-08-29T15:09:45.697+0000] {logging_mixin.py:151} INFO - [2023-08-29T15:09:45.697+0000] {dag.py:3677} INFO - Setting next_dagrun for example_branch_operator to 2023-08-28T00:00:00+00:00, run_after=2023-08-29T00:00:00+00:00
[2023-08-29T15:09:45.724+0000] {processor.py:179} INFO - Processing /home/airflow/.local/lib/python3.8/site-packages/airflow/example_dags/example_branch_operator.py took 0.097 seconds
[2023-08-29T15:10:16.156+0000] {processor.py:157} INFO - Started process (PID=2929) to work on /home/airflow/.local/lib/python3.8/site-packages/airflow/example_dags/example_branch_operator.py
[2023-08-29T15:10:16.158+0000] {processor.py:829} INFO - Processing file /home/airflow/.local/lib/python3.8/site-packages/airflow/example_dags/example_branch_operator.py for tasks to queue
[2023-08-29T15:10:16.159+0000] {logging_mixin.py:151} INFO - [2023-08-29T15:10:16.159+0000] {dagbag.py:539} INFO - Filling up the DagBag from /home/airflow/.local/lib/python3.8/site-packages/airflow/example_dags/example_branch_operator.py
[2023-08-29T15:10:16.169+0000] {processor.py:839} INFO - DAG(s) dict_keys(['example_branch_operator']) retrieved from /home/airflow/.local/lib/python3.8/site-packages/airflow/example_dags/example_branch_operator.py
[2023-08-29T15:10:16.196+0000] {logging_mixin.py:151} INFO - [2023-08-29T15:10:16.195+0000] {dag.py:2907} INFO - Sync 1 DAGs
[2023-08-29T15:10:16.218+0000] {logging_mixin.py:151} INFO - [2023-08-29T15:10:16.218+0000] {dag.py:3677} INFO - Setting next_dagrun for example_branch_operator to 2023-08-28T00:00:00+00:00, run_after=2023-08-29T00:00:00+00:00
[2023-08-29T15:10:16.246+0000] {processor.py:179} INFO - Processing /home/airflow/.local/lib/python3.8/site-packages/airflow/example_dags/example_branch_operator.py took 0.093 seconds
[2023-08-29T15:10:46.451+0000] {processor.py:157} INFO - Started process (PID=3165) to work on /home/airflow/.local/lib/python3.8/site-packages/airflow/example_dags/example_branch_operator.py
[2023-08-29T15:10:46.453+0000] {processor.py:829} INFO - Processing file /home/airflow/.local/lib/python3.8/site-packages/airflow/example_dags/example_branch_operator.py for tasks to queue
[2023-08-29T15:10:46.454+0000] {logging_mixin.py:151} INFO - [2023-08-29T15:10:46.454+0000] {dagbag.py:539} INFO - Filling up the DagBag from /home/airflow/.local/lib/python3.8/site-packages/airflow/example_dags/example_branch_operator.py
[2023-08-29T15:10:46.466+0000] {processor.py:839} INFO - DAG(s) dict_keys(['example_branch_operator']) retrieved from /home/airflow/.local/lib/python3.8/site-packages/airflow/example_dags/example_branch_operator.py
[2023-08-29T15:10:46.496+0000] {logging_mixin.py:151} INFO - [2023-08-29T15:10:46.495+0000] {dag.py:2907} INFO - Sync 1 DAGs
[2023-08-29T15:10:46.522+0000] {logging_mixin.py:151} INFO - [2023-08-29T15:10:46.522+0000] {dag.py:3677} INFO - Setting next_dagrun for example_branch_operator to 2023-08-28T00:00:00+00:00, run_after=2023-08-29T00:00:00+00:00
[2023-08-29T15:10:46.555+0000] {processor.py:179} INFO - Processing /home/airflow/.local/lib/python3.8/site-packages/airflow/example_dags/example_branch_operator.py took 0.107 seconds
[2023-08-29T15:11:17.075+0000] {processor.py:157} INFO - Started process (PID=3427) to work on /home/airflow/.local/lib/python3.8/site-packages/airflow/example_dags/example_branch_operator.py
[2023-08-29T15:11:17.076+0000] {processor.py:829} INFO - Processing file /home/airflow/.local/lib/python3.8/site-packages/airflow/example_dags/example_branch_operator.py for tasks to queue
[2023-08-29T15:11:17.078+0000] {logging_mixin.py:151} INFO - [2023-08-29T15:11:17.078+0000] {dagbag.py:539} INFO - Filling up the DagBag from /home/airflow/.local/lib/python3.8/site-packages/airflow/example_dags/example_branch_operator.py
[2023-08-29T15:11:17.087+0000] {processor.py:839} INFO - DAG(s) dict_keys(['example_branch_operator']) retrieved from /home/airflow/.local/lib/python3.8/site-packages/airflow/example_dags/example_branch_operator.py
[2023-08-29T15:11:17.114+0000] {logging_mixin.py:151} INFO - [2023-08-29T15:11:17.113+0000] {dag.py:2907} INFO - Sync 1 DAGs
[2023-08-29T15:11:17.139+0000] {logging_mixin.py:151} INFO - [2023-08-29T15:11:17.139+0000] {dag.py:3677} INFO - Setting next_dagrun for example_branch_operator to 2023-08-28T00:00:00+00:00, run_after=2023-08-29T00:00:00+00:00
[2023-08-29T15:11:17.171+0000] {processor.py:179} INFO - Processing /home/airflow/.local/lib/python3.8/site-packages/airflow/example_dags/example_branch_operator.py took 0.099 seconds
[2023-08-29T15:11:47.738+0000] {processor.py:157} INFO - Started process (PID=3667) to work on /home/airflow/.local/lib/python3.8/site-packages/airflow/example_dags/example_branch_operator.py
[2023-08-29T15:11:47.739+0000] {processor.py:829} INFO - Processing file /home/airflow/.local/lib/python3.8/site-packages/airflow/example_dags/example_branch_operator.py for tasks to queue
[2023-08-29T15:11:47.741+0000] {logging_mixin.py:151} INFO - [2023-08-29T15:11:47.741+0000] {dagbag.py:539} INFO - Filling up the DagBag from /home/airflow/.local/lib/python3.8/site-packages/airflow/example_dags/example_branch_operator.py
[2023-08-29T15:11:47.754+0000] {processor.py:839} INFO - DAG(s) dict_keys(['example_branch_operator']) retrieved from /home/airflow/.local/lib/python3.8/site-packages/airflow/example_dags/example_branch_operator.py
[2023-08-29T15:11:47.788+0000] {logging_mixin.py:151} INFO - [2023-08-29T15:11:47.788+0000] {dag.py:2907} INFO - Sync 1 DAGs
[2023-08-29T15:11:47.814+0000] {logging_mixin.py:151} INFO - [2023-08-29T15:11:47.813+0000] {dag.py:3677} INFO - Setting next_dagrun for example_branch_operator to 2023-08-28T00:00:00+00:00, run_after=2023-08-29T00:00:00+00:00
[2023-08-29T15:11:47.843+0000] {processor.py:179} INFO - Processing /home/airflow/.local/lib/python3.8/site-packages/airflow/example_dags/example_branch_operator.py took 0.109 seconds
[2023-08-29T15:12:18.318+0000] {processor.py:157} INFO - Started process (PID=3905) to work on /home/airflow/.local/lib/python3.8/site-packages/airflow/example_dags/example_branch_operator.py
[2023-08-29T15:12:18.320+0000] {processor.py:829} INFO - Processing file /home/airflow/.local/lib/python3.8/site-packages/airflow/example_dags/example_branch_operator.py for tasks to queue
[2023-08-29T15:12:18.321+0000] {logging_mixin.py:151} INFO - [2023-08-29T15:12:18.321+0000] {dagbag.py:539} INFO - Filling up the DagBag from /home/airflow/.local/lib/python3.8/site-packages/airflow/example_dags/example_branch_operator.py
[2023-08-29T15:12:18.332+0000] {processor.py:839} INFO - DAG(s) dict_keys(['example_branch_operator']) retrieved from /home/airflow/.local/lib/python3.8/site-packages/airflow/example_dags/example_branch_operator.py
[2023-08-29T15:12:18.367+0000] {logging_mixin.py:151} INFO - [2023-08-29T15:12:18.366+0000] {dag.py:2907} INFO - Sync 1 DAGs
[2023-08-29T15:12:18.398+0000] {logging_mixin.py:151} INFO - [2023-08-29T15:12:18.398+0000] {dag.py:3677} INFO - Setting next_dagrun for example_branch_operator to 2023-08-28T00:00:00+00:00, run_after=2023-08-29T00:00:00+00:00
[2023-08-29T15:12:18.435+0000] {processor.py:179} INFO - Processing /home/airflow/.local/lib/python3.8/site-packages/airflow/example_dags/example_branch_operator.py took 0.120 seconds
[2023-08-29T15:12:49.173+0000] {processor.py:157} INFO - Started process (PID=4141) to work on /home/airflow/.local/lib/python3.8/site-packages/airflow/example_dags/example_branch_operator.py
[2023-08-29T15:12:49.174+0000] {processor.py:829} INFO - Processing file /home/airflow/.local/lib/python3.8/site-packages/airflow/example_dags/example_branch_operator.py for tasks to queue
[2023-08-29T15:12:49.176+0000] {logging_mixin.py:151} INFO - [2023-08-29T15:12:49.175+0000] {dagbag.py:539} INFO - Filling up the DagBag from /home/airflow/.local/lib/python3.8/site-packages/airflow/example_dags/example_branch_operator.py
[2023-08-29T15:12:49.185+0000] {processor.py:839} INFO - DAG(s) dict_keys(['example_branch_operator']) retrieved from /home/airflow/.local/lib/python3.8/site-packages/airflow/example_dags/example_branch_operator.py
[2023-08-29T15:12:49.212+0000] {logging_mixin.py:151} INFO - [2023-08-29T15:12:49.211+0000] {dag.py:2907} INFO - Sync 1 DAGs
[2023-08-29T15:12:49.238+0000] {logging_mixin.py:151} INFO - [2023-08-29T15:12:49.237+0000] {dag.py:3677} INFO - Setting next_dagrun for example_branch_operator to 2023-08-28T00:00:00+00:00, run_after=2023-08-29T00:00:00+00:00
[2023-08-29T15:12:49.264+0000] {processor.py:179} INFO - Processing /home/airflow/.local/lib/python3.8/site-packages/airflow/example_dags/example_branch_operator.py took 0.094 seconds
[2023-08-29T15:13:19.882+0000] {processor.py:157} INFO - Started process (PID=4379) to work on /home/airflow/.local/lib/python3.8/site-packages/airflow/example_dags/example_branch_operator.py
[2023-08-29T15:13:19.883+0000] {processor.py:829} INFO - Processing file /home/airflow/.local/lib/python3.8/site-packages/airflow/example_dags/example_branch_operator.py for tasks to queue
[2023-08-29T15:13:19.885+0000] {logging_mixin.py:151} INFO - [2023-08-29T15:13:19.884+0000] {dagbag.py:539} INFO - Filling up the DagBag from /home/airflow/.local/lib/python3.8/site-packages/airflow/example_dags/example_branch_operator.py
[2023-08-29T15:13:19.899+0000] {processor.py:839} INFO - DAG(s) dict_keys(['example_branch_operator']) retrieved from /home/airflow/.local/lib/python3.8/site-packages/airflow/example_dags/example_branch_operator.py
[2023-08-29T15:13:19.931+0000] {logging_mixin.py:151} INFO - [2023-08-29T15:13:19.930+0000] {dag.py:2907} INFO - Sync 1 DAGs
[2023-08-29T15:13:19.962+0000] {logging_mixin.py:151} INFO - [2023-08-29T15:13:19.961+0000] {dag.py:3677} INFO - Setting next_dagrun for example_branch_operator to 2023-08-28T00:00:00+00:00, run_after=2023-08-29T00:00:00+00:00
[2023-08-29T15:13:19.993+0000] {processor.py:179} INFO - Processing /home/airflow/.local/lib/python3.8/site-packages/airflow/example_dags/example_branch_operator.py took 0.114 seconds
[2023-08-29T15:13:50.216+0000] {processor.py:157} INFO - Started process (PID=4617) to work on /home/airflow/.local/lib/python3.8/site-packages/airflow/example_dags/example_branch_operator.py
[2023-08-29T15:13:50.217+0000] {processor.py:829} INFO - Processing file /home/airflow/.local/lib/python3.8/site-packages/airflow/example_dags/example_branch_operator.py for tasks to queue
[2023-08-29T15:13:50.218+0000] {logging_mixin.py:151} INFO - [2023-08-29T15:13:50.218+0000] {dagbag.py:539} INFO - Filling up the DagBag from /home/airflow/.local/lib/python3.8/site-packages/airflow/example_dags/example_branch_operator.py
[2023-08-29T15:13:50.226+0000] {processor.py:839} INFO - DAG(s) dict_keys(['example_branch_operator']) retrieved from /home/airflow/.local/lib/python3.8/site-packages/airflow/example_dags/example_branch_operator.py
[2023-08-29T15:13:50.254+0000] {logging_mixin.py:151} INFO - [2023-08-29T15:13:50.253+0000] {dag.py:2907} INFO - Sync 1 DAGs
[2023-08-29T15:13:50.278+0000] {logging_mixin.py:151} INFO - [2023-08-29T15:13:50.278+0000] {dag.py:3677} INFO - Setting next_dagrun for example_branch_operator to 2023-08-28T00:00:00+00:00, run_after=2023-08-29T00:00:00+00:00
[2023-08-29T15:13:50.307+0000] {processor.py:179} INFO - Processing /home/airflow/.local/lib/python3.8/site-packages/airflow/example_dags/example_branch_operator.py took 0.094 seconds
[2023-08-29T15:14:20.392+0000] {processor.py:157} INFO - Started process (PID=4850) to work on /home/airflow/.local/lib/python3.8/site-packages/airflow/example_dags/example_branch_operator.py
[2023-08-29T15:14:20.393+0000] {processor.py:829} INFO - Processing file /home/airflow/.local/lib/python3.8/site-packages/airflow/example_dags/example_branch_operator.py for tasks to queue
[2023-08-29T15:14:20.395+0000] {logging_mixin.py:151} INFO - [2023-08-29T15:14:20.395+0000] {dagbag.py:539} INFO - Filling up the DagBag from /home/airflow/.local/lib/python3.8/site-packages/airflow/example_dags/example_branch_operator.py
[2023-08-29T15:14:20.403+0000] {processor.py:839} INFO - DAG(s) dict_keys(['example_branch_operator']) retrieved from /home/airflow/.local/lib/python3.8/site-packages/airflow/example_dags/example_branch_operator.py
[2023-08-29T15:14:20.430+0000] {logging_mixin.py:151} INFO - [2023-08-29T15:14:20.430+0000] {dag.py:2907} INFO - Sync 1 DAGs
[2023-08-29T15:14:20.457+0000] {logging_mixin.py:151} INFO - [2023-08-29T15:14:20.457+0000] {dag.py:3677} INFO - Setting next_dagrun for example_branch_operator to 2023-08-28T00:00:00+00:00, run_after=2023-08-29T00:00:00+00:00
[2023-08-29T15:14:20.500+0000] {processor.py:179} INFO - Processing /home/airflow/.local/lib/python3.8/site-packages/airflow/example_dags/example_branch_operator.py took 0.111 seconds
[2023-08-29T15:14:51.203+0000] {processor.py:157} INFO - Started process (PID=5088) to work on /home/airflow/.local/lib/python3.8/site-packages/airflow/example_dags/example_branch_operator.py
[2023-08-29T15:14:51.204+0000] {processor.py:829} INFO - Processing file /home/airflow/.local/lib/python3.8/site-packages/airflow/example_dags/example_branch_operator.py for tasks to queue
[2023-08-29T15:14:51.205+0000] {logging_mixin.py:151} INFO - [2023-08-29T15:14:51.205+0000] {dagbag.py:539} INFO - Filling up the DagBag from /home/airflow/.local/lib/python3.8/site-packages/airflow/example_dags/example_branch_operator.py
[2023-08-29T15:14:51.214+0000] {processor.py:839} INFO - DAG(s) dict_keys(['example_branch_operator']) retrieved from /home/airflow/.local/lib/python3.8/site-packages/airflow/example_dags/example_branch_operator.py
[2023-08-29T15:14:51.238+0000] {logging_mixin.py:151} INFO - [2023-08-29T15:14:51.238+0000] {dag.py:2907} INFO - Sync 1 DAGs
[2023-08-29T15:14:51.264+0000] {logging_mixin.py:151} INFO - [2023-08-29T15:14:51.263+0000] {dag.py:3677} INFO - Setting next_dagrun for example_branch_operator to 2023-08-28T00:00:00+00:00, run_after=2023-08-29T00:00:00+00:00
[2023-08-29T15:14:51.426+0000] {processor.py:179} INFO - Processing /home/airflow/.local/lib/python3.8/site-packages/airflow/example_dags/example_branch_operator.py took 0.226 seconds
[2023-08-29T15:15:21.576+0000] {processor.py:157} INFO - Started process (PID=5326) to work on /home/airflow/.local/lib/python3.8/site-packages/airflow/example_dags/example_branch_operator.py
[2023-08-29T15:15:21.577+0000] {processor.py:829} INFO - Processing file /home/airflow/.local/lib/python3.8/site-packages/airflow/example_dags/example_branch_operator.py for tasks to queue
[2023-08-29T15:15:21.579+0000] {logging_mixin.py:151} INFO - [2023-08-29T15:15:21.578+0000] {dagbag.py:539} INFO - Filling up the DagBag from /home/airflow/.local/lib/python3.8/site-packages/airflow/example_dags/example_branch_operator.py
[2023-08-29T15:15:21.591+0000] {processor.py:839} INFO - DAG(s) dict_keys(['example_branch_operator']) retrieved from /home/airflow/.local/lib/python3.8/site-packages/airflow/example_dags/example_branch_operator.py
[2023-08-29T15:15:21.619+0000] {logging_mixin.py:151} INFO - [2023-08-29T15:15:21.619+0000] {dag.py:2907} INFO - Sync 1 DAGs
[2023-08-29T15:15:21.645+0000] {logging_mixin.py:151} INFO - [2023-08-29T15:15:21.645+0000] {dag.py:3677} INFO - Setting next_dagrun for example_branch_operator to 2023-08-28T00:00:00+00:00, run_after=2023-08-29T00:00:00+00:00
[2023-08-29T15:15:21.675+0000] {processor.py:179} INFO - Processing /home/airflow/.local/lib/python3.8/site-packages/airflow/example_dags/example_branch_operator.py took 0.104 seconds
[2023-08-29T15:15:52.213+0000] {processor.py:157} INFO - Started process (PID=5566) to work on /home/airflow/.local/lib/python3.8/site-packages/airflow/example_dags/example_branch_operator.py
[2023-08-29T15:15:52.214+0000] {processor.py:829} INFO - Processing file /home/airflow/.local/lib/python3.8/site-packages/airflow/example_dags/example_branch_operator.py for tasks to queue
[2023-08-29T15:15:52.216+0000] {logging_mixin.py:151} INFO - [2023-08-29T15:15:52.216+0000] {dagbag.py:539} INFO - Filling up the DagBag from /home/airflow/.local/lib/python3.8/site-packages/airflow/example_dags/example_branch_operator.py
[2023-08-29T15:15:52.228+0000] {processor.py:839} INFO - DAG(s) dict_keys(['example_branch_operator']) retrieved from /home/airflow/.local/lib/python3.8/site-packages/airflow/example_dags/example_branch_operator.py
[2023-08-29T15:15:52.256+0000] {logging_mixin.py:151} INFO - [2023-08-29T15:15:52.256+0000] {dag.py:2907} INFO - Sync 1 DAGs
[2023-08-29T15:15:52.281+0000] {logging_mixin.py:151} INFO - [2023-08-29T15:15:52.281+0000] {dag.py:3677} INFO - Setting next_dagrun for example_branch_operator to 2023-08-28T00:00:00+00:00, run_after=2023-08-29T00:00:00+00:00
[2023-08-29T15:15:52.311+0000] {processor.py:179} INFO - Processing /home/airflow/.local/lib/python3.8/site-packages/airflow/example_dags/example_branch_operator.py took 0.102 seconds
[2023-08-29T15:16:22.859+0000] {processor.py:157} INFO - Started process (PID=5802) to work on /home/airflow/.local/lib/python3.8/site-packages/airflow/example_dags/example_branch_operator.py
[2023-08-29T15:16:22.861+0000] {processor.py:829} INFO - Processing file /home/airflow/.local/lib/python3.8/site-packages/airflow/example_dags/example_branch_operator.py for tasks to queue
[2023-08-29T15:16:22.863+0000] {logging_mixin.py:151} INFO - [2023-08-29T15:16:22.863+0000] {dagbag.py:539} INFO - Filling up the DagBag from /home/airflow/.local/lib/python3.8/site-packages/airflow/example_dags/example_branch_operator.py
[2023-08-29T15:16:22.875+0000] {processor.py:839} INFO - DAG(s) dict_keys(['example_branch_operator']) retrieved from /home/airflow/.local/lib/python3.8/site-packages/airflow/example_dags/example_branch_operator.py
[2023-08-29T15:16:22.904+0000] {logging_mixin.py:151} INFO - [2023-08-29T15:16:22.904+0000] {dag.py:2907} INFO - Sync 1 DAGs
[2023-08-29T15:16:22.931+0000] {logging_mixin.py:151} INFO - [2023-08-29T15:16:22.931+0000] {dag.py:3677} INFO - Setting next_dagrun for example_branch_operator to 2023-08-28T00:00:00+00:00, run_after=2023-08-29T00:00:00+00:00
[2023-08-29T15:16:22.963+0000] {processor.py:179} INFO - Processing /home/airflow/.local/lib/python3.8/site-packages/airflow/example_dags/example_branch_operator.py took 0.107 seconds
[2023-08-29T15:16:53.195+0000] {processor.py:157} INFO - Started process (PID=6040) to work on /home/airflow/.local/lib/python3.8/site-packages/airflow/example_dags/example_branch_operator.py
[2023-08-29T15:16:53.196+0000] {processor.py:829} INFO - Processing file /home/airflow/.local/lib/python3.8/site-packages/airflow/example_dags/example_branch_operator.py for tasks to queue
[2023-08-29T15:16:53.198+0000] {logging_mixin.py:151} INFO - [2023-08-29T15:16:53.198+0000] {dagbag.py:539} INFO - Filling up the DagBag from /home/airflow/.local/lib/python3.8/site-packages/airflow/example_dags/example_branch_operator.py
[2023-08-29T15:16:53.215+0000] {processor.py:839} INFO - DAG(s) dict_keys(['example_branch_operator']) retrieved from /home/airflow/.local/lib/python3.8/site-packages/airflow/example_dags/example_branch_operator.py
[2023-08-29T15:16:53.254+0000] {logging_mixin.py:151} INFO - [2023-08-29T15:16:53.253+0000] {dag.py:2907} INFO - Sync 1 DAGs
[2023-08-29T15:16:53.296+0000] {logging_mixin.py:151} INFO - [2023-08-29T15:16:53.295+0000] {dag.py:3677} INFO - Setting next_dagrun for example_branch_operator to 2023-08-28T00:00:00+00:00, run_after=2023-08-29T00:00:00+00:00
[2023-08-29T15:16:53.333+0000] {processor.py:179} INFO - Processing /home/airflow/.local/lib/python3.8/site-packages/airflow/example_dags/example_branch_operator.py took 0.144 seconds
[2023-08-29T15:17:23.744+0000] {processor.py:157} INFO - Started process (PID=6278) to work on /home/airflow/.local/lib/python3.8/site-packages/airflow/example_dags/example_branch_operator.py
[2023-08-29T15:17:23.745+0000] {processor.py:829} INFO - Processing file /home/airflow/.local/lib/python3.8/site-packages/airflow/example_dags/example_branch_operator.py for tasks to queue
[2023-08-29T15:17:23.747+0000] {logging_mixin.py:151} INFO - [2023-08-29T15:17:23.747+0000] {dagbag.py:539} INFO - Filling up the DagBag from /home/airflow/.local/lib/python3.8/site-packages/airflow/example_dags/example_branch_operator.py
[2023-08-29T15:17:23.757+0000] {processor.py:839} INFO - DAG(s) dict_keys(['example_branch_operator']) retrieved from /home/airflow/.local/lib/python3.8/site-packages/airflow/example_dags/example_branch_operator.py
[2023-08-29T15:17:23.784+0000] {logging_mixin.py:151} INFO - [2023-08-29T15:17:23.784+0000] {dag.py:2907} INFO - Sync 1 DAGs
[2023-08-29T15:17:23.813+0000] {logging_mixin.py:151} INFO - [2023-08-29T15:17:23.813+0000] {dag.py:3677} INFO - Setting next_dagrun for example_branch_operator to 2023-08-28T00:00:00+00:00, run_after=2023-08-29T00:00:00+00:00
[2023-08-29T15:17:23.853+0000] {processor.py:179} INFO - Processing /home/airflow/.local/lib/python3.8/site-packages/airflow/example_dags/example_branch_operator.py took 0.113 seconds
[2023-08-29T15:17:54.247+0000] {processor.py:157} INFO - Started process (PID=6516) to work on /home/airflow/.local/lib/python3.8/site-packages/airflow/example_dags/example_branch_operator.py
[2023-08-29T15:17:54.248+0000] {processor.py:829} INFO - Processing file /home/airflow/.local/lib/python3.8/site-packages/airflow/example_dags/example_branch_operator.py for tasks to queue
[2023-08-29T15:17:54.250+0000] {logging_mixin.py:151} INFO - [2023-08-29T15:17:54.250+0000] {dagbag.py:539} INFO - Filling up the DagBag from /home/airflow/.local/lib/python3.8/site-packages/airflow/example_dags/example_branch_operator.py
[2023-08-29T15:17:54.261+0000] {processor.py:839} INFO - DAG(s) dict_keys(['example_branch_operator']) retrieved from /home/airflow/.local/lib/python3.8/site-packages/airflow/example_dags/example_branch_operator.py
[2023-08-29T15:17:54.290+0000] {logging_mixin.py:151} INFO - [2023-08-29T15:17:54.290+0000] {dag.py:2907} INFO - Sync 1 DAGs
[2023-08-29T15:17:54.319+0000] {logging_mixin.py:151} INFO - [2023-08-29T15:17:54.319+0000] {dag.py:3677} INFO - Setting next_dagrun for example_branch_operator to 2023-08-28T00:00:00+00:00, run_after=2023-08-29T00:00:00+00:00
[2023-08-29T15:17:54.346+0000] {processor.py:179} INFO - Processing /home/airflow/.local/lib/python3.8/site-packages/airflow/example_dags/example_branch_operator.py took 0.101 seconds
[2023-08-29T15:18:25.461+0000] {processor.py:157} INFO - Started process (PID=6756) to work on /home/airflow/.local/lib/python3.8/site-packages/airflow/example_dags/example_branch_operator.py
[2023-08-29T15:18:25.462+0000] {processor.py:829} INFO - Processing file /home/airflow/.local/lib/python3.8/site-packages/airflow/example_dags/example_branch_operator.py for tasks to queue
[2023-08-29T15:18:25.464+0000] {logging_mixin.py:151} INFO - [2023-08-29T15:18:25.463+0000] {dagbag.py:539} INFO - Filling up the DagBag from /home/airflow/.local/lib/python3.8/site-packages/airflow/example_dags/example_branch_operator.py
[2023-08-29T15:18:25.472+0000] {processor.py:839} INFO - DAG(s) dict_keys(['example_branch_operator']) retrieved from /home/airflow/.local/lib/python3.8/site-packages/airflow/example_dags/example_branch_operator.py
[2023-08-29T15:18:25.498+0000] {logging_mixin.py:151} INFO - [2023-08-29T15:18:25.498+0000] {dag.py:2907} INFO - Sync 1 DAGs
[2023-08-29T15:18:25.524+0000] {logging_mixin.py:151} INFO - [2023-08-29T15:18:25.524+0000] {dag.py:3677} INFO - Setting next_dagrun for example_branch_operator to 2023-08-28T00:00:00+00:00, run_after=2023-08-29T00:00:00+00:00
[2023-08-29T15:18:25.551+0000] {processor.py:179} INFO - Processing /home/airflow/.local/lib/python3.8/site-packages/airflow/example_dags/example_branch_operator.py took 0.093 seconds
[2023-08-29T15:18:55.784+0000] {processor.py:157} INFO - Started process (PID=6994) to work on /home/airflow/.local/lib/python3.8/site-packages/airflow/example_dags/example_branch_operator.py
[2023-08-29T15:18:55.788+0000] {processor.py:829} INFO - Processing file /home/airflow/.local/lib/python3.8/site-packages/airflow/example_dags/example_branch_operator.py for tasks to queue
[2023-08-29T15:18:55.791+0000] {logging_mixin.py:151} INFO - [2023-08-29T15:18:55.790+0000] {dagbag.py:539} INFO - Filling up the DagBag from /home/airflow/.local/lib/python3.8/site-packages/airflow/example_dags/example_branch_operator.py
[2023-08-29T15:18:55.802+0000] {processor.py:839} INFO - DAG(s) dict_keys(['example_branch_operator']) retrieved from /home/airflow/.local/lib/python3.8/site-packages/airflow/example_dags/example_branch_operator.py
[2023-08-29T15:18:55.830+0000] {logging_mixin.py:151} INFO - [2023-08-29T15:18:55.829+0000] {dag.py:2907} INFO - Sync 1 DAGs
[2023-08-29T15:18:55.855+0000] {logging_mixin.py:151} INFO - [2023-08-29T15:18:55.855+0000] {dag.py:3677} INFO - Setting next_dagrun for example_branch_operator to 2023-08-28T00:00:00+00:00, run_after=2023-08-29T00:00:00+00:00
[2023-08-29T15:18:55.884+0000] {processor.py:179} INFO - Processing /home/airflow/.local/lib/python3.8/site-packages/airflow/example_dags/example_branch_operator.py took 0.107 seconds
[2023-08-29T15:19:26.656+0000] {processor.py:157} INFO - Started process (PID=7232) to work on /home/airflow/.local/lib/python3.8/site-packages/airflow/example_dags/example_branch_operator.py
[2023-08-29T15:19:26.658+0000] {processor.py:829} INFO - Processing file /home/airflow/.local/lib/python3.8/site-packages/airflow/example_dags/example_branch_operator.py for tasks to queue
[2023-08-29T15:19:26.659+0000] {logging_mixin.py:151} INFO - [2023-08-29T15:19:26.659+0000] {dagbag.py:539} INFO - Filling up the DagBag from /home/airflow/.local/lib/python3.8/site-packages/airflow/example_dags/example_branch_operator.py
[2023-08-29T15:19:26.667+0000] {processor.py:839} INFO - DAG(s) dict_keys(['example_branch_operator']) retrieved from /home/airflow/.local/lib/python3.8/site-packages/airflow/example_dags/example_branch_operator.py
[2023-08-29T15:19:26.692+0000] {logging_mixin.py:151} INFO - [2023-08-29T15:19:26.692+0000] {dag.py:2907} INFO - Sync 1 DAGs
[2023-08-29T15:19:26.716+0000] {logging_mixin.py:151} INFO - [2023-08-29T15:19:26.716+0000] {dag.py:3677} INFO - Setting next_dagrun for example_branch_operator to 2023-08-28T00:00:00+00:00, run_after=2023-08-29T00:00:00+00:00
[2023-08-29T15:19:26.744+0000] {processor.py:179} INFO - Processing /home/airflow/.local/lib/python3.8/site-packages/airflow/example_dags/example_branch_operator.py took 0.090 seconds
[2023-08-29T15:19:57.499+0000] {processor.py:157} INFO - Started process (PID=7477) to work on /home/airflow/.local/lib/python3.8/site-packages/airflow/example_dags/example_branch_operator.py
[2023-08-29T15:19:57.501+0000] {processor.py:829} INFO - Processing file /home/airflow/.local/lib/python3.8/site-packages/airflow/example_dags/example_branch_operator.py for tasks to queue
[2023-08-29T15:19:57.505+0000] {logging_mixin.py:151} INFO - [2023-08-29T15:19:57.503+0000] {dagbag.py:539} INFO - Filling up the DagBag from /home/airflow/.local/lib/python3.8/site-packages/airflow/example_dags/example_branch_operator.py
[2023-08-29T15:19:57.518+0000] {processor.py:839} INFO - DAG(s) dict_keys(['example_branch_operator']) retrieved from /home/airflow/.local/lib/python3.8/site-packages/airflow/example_dags/example_branch_operator.py
[2023-08-29T15:19:57.553+0000] {logging_mixin.py:151} INFO - [2023-08-29T15:19:57.553+0000] {dag.py:2907} INFO - Sync 1 DAGs
[2023-08-29T15:19:57.580+0000] {logging_mixin.py:151} INFO - [2023-08-29T15:19:57.580+0000] {dag.py:3677} INFO - Setting next_dagrun for example_branch_operator to 2023-08-28T00:00:00+00:00, run_after=2023-08-29T00:00:00+00:00
[2023-08-29T15:19:57.609+0000] {processor.py:179} INFO - Processing /home/airflow/.local/lib/python3.8/site-packages/airflow/example_dags/example_branch_operator.py took 0.112 seconds
[2023-08-29T15:20:27.953+0000] {processor.py:157} INFO - Started process (PID=7715) to work on /home/airflow/.local/lib/python3.8/site-packages/airflow/example_dags/example_branch_operator.py
[2023-08-29T15:20:27.954+0000] {processor.py:829} INFO - Processing file /home/airflow/.local/lib/python3.8/site-packages/airflow/example_dags/example_branch_operator.py for tasks to queue
[2023-08-29T15:20:27.956+0000] {logging_mixin.py:151} INFO - [2023-08-29T15:20:27.956+0000] {dagbag.py:539} INFO - Filling up the DagBag from /home/airflow/.local/lib/python3.8/site-packages/airflow/example_dags/example_branch_operator.py
[2023-08-29T15:20:27.966+0000] {processor.py:839} INFO - DAG(s) dict_keys(['example_branch_operator']) retrieved from /home/airflow/.local/lib/python3.8/site-packages/airflow/example_dags/example_branch_operator.py
[2023-08-29T15:20:27.993+0000] {logging_mixin.py:151} INFO - [2023-08-29T15:20:27.992+0000] {dag.py:2907} INFO - Sync 1 DAGs
[2023-08-29T15:20:28.021+0000] {logging_mixin.py:151} INFO - [2023-08-29T15:20:28.021+0000] {dag.py:3677} INFO - Setting next_dagrun for example_branch_operator to 2023-08-28T00:00:00+00:00, run_after=2023-08-29T00:00:00+00:00
[2023-08-29T15:20:28.050+0000] {processor.py:179} INFO - Processing /home/airflow/.local/lib/python3.8/site-packages/airflow/example_dags/example_branch_operator.py took 0.099 seconds
[2023-08-29T15:20:58.546+0000] {processor.py:157} INFO - Started process (PID=7953) to work on /home/airflow/.local/lib/python3.8/site-packages/airflow/example_dags/example_branch_operator.py
[2023-08-29T15:20:58.547+0000] {processor.py:829} INFO - Processing file /home/airflow/.local/lib/python3.8/site-packages/airflow/example_dags/example_branch_operator.py for tasks to queue
[2023-08-29T15:20:58.549+0000] {logging_mixin.py:151} INFO - [2023-08-29T15:20:58.549+0000] {dagbag.py:539} INFO - Filling up the DagBag from /home/airflow/.local/lib/python3.8/site-packages/airflow/example_dags/example_branch_operator.py
[2023-08-29T15:20:58.563+0000] {processor.py:839} INFO - DAG(s) dict_keys(['example_branch_operator']) retrieved from /home/airflow/.local/lib/python3.8/site-packages/airflow/example_dags/example_branch_operator.py
[2023-08-29T15:20:58.595+0000] {logging_mixin.py:151} INFO - [2023-08-29T15:20:58.595+0000] {dag.py:2907} INFO - Sync 1 DAGs
[2023-08-29T15:20:58.625+0000] {logging_mixin.py:151} INFO - [2023-08-29T15:20:58.625+0000] {dag.py:3677} INFO - Setting next_dagrun for example_branch_operator to 2023-08-28T00:00:00+00:00, run_after=2023-08-29T00:00:00+00:00
[2023-08-29T15:20:58.658+0000] {processor.py:179} INFO - Processing /home/airflow/.local/lib/python3.8/site-packages/airflow/example_dags/example_branch_operator.py took 0.116 seconds
[2023-08-29T15:21:28.838+0000] {processor.py:157} INFO - Started process (PID=8192) to work on /home/airflow/.local/lib/python3.8/site-packages/airflow/example_dags/example_branch_operator.py
[2023-08-29T15:21:28.839+0000] {processor.py:829} INFO - Processing file /home/airflow/.local/lib/python3.8/site-packages/airflow/example_dags/example_branch_operator.py for tasks to queue
[2023-08-29T15:21:28.841+0000] {logging_mixin.py:151} INFO - [2023-08-29T15:21:28.840+0000] {dagbag.py:539} INFO - Filling up the DagBag from /home/airflow/.local/lib/python3.8/site-packages/airflow/example_dags/example_branch_operator.py
[2023-08-29T15:21:28.849+0000] {processor.py:839} INFO - DAG(s) dict_keys(['example_branch_operator']) retrieved from /home/airflow/.local/lib/python3.8/site-packages/airflow/example_dags/example_branch_operator.py
[2023-08-29T15:21:28.876+0000] {logging_mixin.py:151} INFO - [2023-08-29T15:21:28.876+0000] {dag.py:2907} INFO - Sync 1 DAGs
[2023-08-29T15:21:28.901+0000] {logging_mixin.py:151} INFO - [2023-08-29T15:21:28.901+0000] {dag.py:3677} INFO - Setting next_dagrun for example_branch_operator to 2023-08-28T00:00:00+00:00, run_after=2023-08-29T00:00:00+00:00
[2023-08-29T15:21:28.927+0000] {processor.py:179} INFO - Processing /home/airflow/.local/lib/python3.8/site-packages/airflow/example_dags/example_branch_operator.py took 0.092 seconds
