[2023-08-29T15:04:40.347+0000] {processor.py:157} INFO - Started process (PID=341) to work on /home/airflow/.local/lib/python3.8/site-packages/airflow/example_dags/example_branch_python_dop_operator_3.py
[2023-08-29T15:04:40.349+0000] {processor.py:829} INFO - Processing file /home/airflow/.local/lib/python3.8/site-packages/airflow/example_dags/example_branch_python_dop_operator_3.py for tasks to queue
[2023-08-29T15:04:40.351+0000] {logging_mixin.py:151} INFO - [2023-08-29T15:04:40.350+0000] {dagbag.py:539} INFO - Filling up the DagBag from /home/airflow/.local/lib/python3.8/site-packages/airflow/example_dags/example_branch_python_dop_operator_3.py
[2023-08-29T15:04:40.364+0000] {processor.py:839} INFO - DAG(s) dict_keys(['example_branch_dop_operator_v3']) retrieved from /home/airflow/.local/lib/python3.8/site-packages/airflow/example_dags/example_branch_python_dop_operator_3.py
[2023-08-29T15:04:40.382+0000] {logging_mixin.py:151} INFO - [2023-08-29T15:04:40.381+0000] {dag.py:2907} INFO - Sync 1 DAGs
[2023-08-29T15:04:40.419+0000] {logging_mixin.py:151} INFO - [2023-08-29T15:04:40.419+0000] {dag.py:3677} INFO - Setting next_dagrun for example_branch_dop_operator_v3 to 2023-08-29T15:03:00+00:00, run_after=2023-08-29T15:04:00+00:00
[2023-08-29T15:04:40.456+0000] {processor.py:179} INFO - Processing /home/airflow/.local/lib/python3.8/site-packages/airflow/example_dags/example_branch_python_dop_operator_3.py took 0.113 seconds
[2023-08-29T15:05:11.231+0000] {processor.py:157} INFO - Started process (PID=577) to work on /home/airflow/.local/lib/python3.8/site-packages/airflow/example_dags/example_branch_python_dop_operator_3.py
[2023-08-29T15:05:11.232+0000] {processor.py:829} INFO - Processing file /home/airflow/.local/lib/python3.8/site-packages/airflow/example_dags/example_branch_python_dop_operator_3.py for tasks to queue
[2023-08-29T15:05:11.234+0000] {logging_mixin.py:151} INFO - [2023-08-29T15:05:11.233+0000] {dagbag.py:539} INFO - Filling up the DagBag from /home/airflow/.local/lib/python3.8/site-packages/airflow/example_dags/example_branch_python_dop_operator_3.py
[2023-08-29T15:05:11.241+0000] {processor.py:839} INFO - DAG(s) dict_keys(['example_branch_dop_operator_v3']) retrieved from /home/airflow/.local/lib/python3.8/site-packages/airflow/example_dags/example_branch_python_dop_operator_3.py
[2023-08-29T15:05:11.265+0000] {logging_mixin.py:151} INFO - [2023-08-29T15:05:11.264+0000] {dag.py:2907} INFO - Sync 1 DAGs
[2023-08-29T15:05:11.294+0000] {logging_mixin.py:151} INFO - [2023-08-29T15:05:11.294+0000] {dag.py:3677} INFO - Setting next_dagrun for example_branch_dop_operator_v3 to 2023-08-29T15:04:00+00:00, run_after=2023-08-29T15:05:00+00:00
[2023-08-29T15:05:11.441+0000] {processor.py:179} INFO - Processing /home/airflow/.local/lib/python3.8/site-packages/airflow/example_dags/example_branch_python_dop_operator_3.py took 0.213 seconds
[2023-08-29T15:05:41.503+0000] {processor.py:157} INFO - Started process (PID=815) to work on /home/airflow/.local/lib/python3.8/site-packages/airflow/example_dags/example_branch_python_dop_operator_3.py
[2023-08-29T15:05:41.504+0000] {processor.py:829} INFO - Processing file /home/airflow/.local/lib/python3.8/site-packages/airflow/example_dags/example_branch_python_dop_operator_3.py for tasks to queue
[2023-08-29T15:05:41.505+0000] {logging_mixin.py:151} INFO - [2023-08-29T15:05:41.505+0000] {dagbag.py:539} INFO - Filling up the DagBag from /home/airflow/.local/lib/python3.8/site-packages/airflow/example_dags/example_branch_python_dop_operator_3.py
[2023-08-29T15:05:41.514+0000] {processor.py:839} INFO - DAG(s) dict_keys(['example_branch_dop_operator_v3']) retrieved from /home/airflow/.local/lib/python3.8/site-packages/airflow/example_dags/example_branch_python_dop_operator_3.py
[2023-08-29T15:05:41.538+0000] {logging_mixin.py:151} INFO - [2023-08-29T15:05:41.537+0000] {dag.py:2907} INFO - Sync 1 DAGs
[2023-08-29T15:05:41.567+0000] {logging_mixin.py:151} INFO - [2023-08-29T15:05:41.566+0000] {dag.py:3677} INFO - Setting next_dagrun for example_branch_dop_operator_v3 to 2023-08-29T15:04:00+00:00, run_after=2023-08-29T15:05:00+00:00
[2023-08-29T15:05:41.594+0000] {processor.py:179} INFO - Processing /home/airflow/.local/lib/python3.8/site-packages/airflow/example_dags/example_branch_python_dop_operator_3.py took 0.094 seconds
[2023-08-29T15:06:12.060+0000] {processor.py:157} INFO - Started process (PID=1053) to work on /home/airflow/.local/lib/python3.8/site-packages/airflow/example_dags/example_branch_python_dop_operator_3.py
[2023-08-29T15:06:12.061+0000] {processor.py:829} INFO - Processing file /home/airflow/.local/lib/python3.8/site-packages/airflow/example_dags/example_branch_python_dop_operator_3.py for tasks to queue
[2023-08-29T15:06:12.062+0000] {logging_mixin.py:151} INFO - [2023-08-29T15:06:12.062+0000] {dagbag.py:539} INFO - Filling up the DagBag from /home/airflow/.local/lib/python3.8/site-packages/airflow/example_dags/example_branch_python_dop_operator_3.py
[2023-08-29T15:06:12.071+0000] {processor.py:839} INFO - DAG(s) dict_keys(['example_branch_dop_operator_v3']) retrieved from /home/airflow/.local/lib/python3.8/site-packages/airflow/example_dags/example_branch_python_dop_operator_3.py
[2023-08-29T15:06:12.094+0000] {logging_mixin.py:151} INFO - [2023-08-29T15:06:12.093+0000] {dag.py:2907} INFO - Sync 1 DAGs
[2023-08-29T15:06:12.120+0000] {logging_mixin.py:151} INFO - [2023-08-29T15:06:12.120+0000] {dag.py:3677} INFO - Setting next_dagrun for example_branch_dop_operator_v3 to 2023-08-29T15:05:00+00:00, run_after=2023-08-29T15:06:00+00:00
[2023-08-29T15:06:12.148+0000] {processor.py:179} INFO - Processing /home/airflow/.local/lib/python3.8/site-packages/airflow/example_dags/example_branch_python_dop_operator_3.py took 0.091 seconds
[2023-08-29T15:06:42.569+0000] {processor.py:157} INFO - Started process (PID=1293) to work on /home/airflow/.local/lib/python3.8/site-packages/airflow/example_dags/example_branch_python_dop_operator_3.py
[2023-08-29T15:06:42.570+0000] {processor.py:829} INFO - Processing file /home/airflow/.local/lib/python3.8/site-packages/airflow/example_dags/example_branch_python_dop_operator_3.py for tasks to queue
[2023-08-29T15:06:42.571+0000] {logging_mixin.py:151} INFO - [2023-08-29T15:06:42.571+0000] {dagbag.py:539} INFO - Filling up the DagBag from /home/airflow/.local/lib/python3.8/site-packages/airflow/example_dags/example_branch_python_dop_operator_3.py
[2023-08-29T15:06:42.579+0000] {processor.py:839} INFO - DAG(s) dict_keys(['example_branch_dop_operator_v3']) retrieved from /home/airflow/.local/lib/python3.8/site-packages/airflow/example_dags/example_branch_python_dop_operator_3.py
[2023-08-29T15:06:42.603+0000] {logging_mixin.py:151} INFO - [2023-08-29T15:06:42.602+0000] {dag.py:2907} INFO - Sync 1 DAGs
[2023-08-29T15:06:42.630+0000] {logging_mixin.py:151} INFO - [2023-08-29T15:06:42.630+0000] {dag.py:3677} INFO - Setting next_dagrun for example_branch_dop_operator_v3 to 2023-08-29T15:05:00+00:00, run_after=2023-08-29T15:06:00+00:00
[2023-08-29T15:06:42.655+0000] {processor.py:179} INFO - Processing /home/airflow/.local/lib/python3.8/site-packages/airflow/example_dags/example_branch_python_dop_operator_3.py took 0.089 seconds
[2023-08-29T15:07:12.965+0000] {processor.py:157} INFO - Started process (PID=1529) to work on /home/airflow/.local/lib/python3.8/site-packages/airflow/example_dags/example_branch_python_dop_operator_3.py
[2023-08-29T15:07:12.967+0000] {processor.py:829} INFO - Processing file /home/airflow/.local/lib/python3.8/site-packages/airflow/example_dags/example_branch_python_dop_operator_3.py for tasks to queue
[2023-08-29T15:07:12.968+0000] {logging_mixin.py:151} INFO - [2023-08-29T15:07:12.968+0000] {dagbag.py:539} INFO - Filling up the DagBag from /home/airflow/.local/lib/python3.8/site-packages/airflow/example_dags/example_branch_python_dop_operator_3.py
[2023-08-29T15:07:12.976+0000] {processor.py:839} INFO - DAG(s) dict_keys(['example_branch_dop_operator_v3']) retrieved from /home/airflow/.local/lib/python3.8/site-packages/airflow/example_dags/example_branch_python_dop_operator_3.py
[2023-08-29T15:07:12.998+0000] {logging_mixin.py:151} INFO - [2023-08-29T15:07:12.998+0000] {dag.py:2907} INFO - Sync 1 DAGs
[2023-08-29T15:07:13.027+0000] {logging_mixin.py:151} INFO - [2023-08-29T15:07:13.026+0000] {dag.py:3677} INFO - Setting next_dagrun for example_branch_dop_operator_v3 to 2023-08-29T15:06:00+00:00, run_after=2023-08-29T15:07:00+00:00
[2023-08-29T15:07:13.053+0000] {processor.py:179} INFO - Processing /home/airflow/.local/lib/python3.8/site-packages/airflow/example_dags/example_branch_python_dop_operator_3.py took 0.090 seconds
[2023-08-29T15:07:43.922+0000] {processor.py:157} INFO - Started process (PID=1767) to work on /home/airflow/.local/lib/python3.8/site-packages/airflow/example_dags/example_branch_python_dop_operator_3.py
[2023-08-29T15:07:43.924+0000] {processor.py:829} INFO - Processing file /home/airflow/.local/lib/python3.8/site-packages/airflow/example_dags/example_branch_python_dop_operator_3.py for tasks to queue
[2023-08-29T15:07:43.926+0000] {logging_mixin.py:151} INFO - [2023-08-29T15:07:43.925+0000] {dagbag.py:539} INFO - Filling up the DagBag from /home/airflow/.local/lib/python3.8/site-packages/airflow/example_dags/example_branch_python_dop_operator_3.py
[2023-08-29T15:07:43.935+0000] {processor.py:839} INFO - DAG(s) dict_keys(['example_branch_dop_operator_v3']) retrieved from /home/airflow/.local/lib/python3.8/site-packages/airflow/example_dags/example_branch_python_dop_operator_3.py
[2023-08-29T15:07:43.958+0000] {logging_mixin.py:151} INFO - [2023-08-29T15:07:43.958+0000] {dag.py:2907} INFO - Sync 1 DAGs
[2023-08-29T15:07:43.989+0000] {logging_mixin.py:151} INFO - [2023-08-29T15:07:43.988+0000] {dag.py:3677} INFO - Setting next_dagrun for example_branch_dop_operator_v3 to 2023-08-29T15:06:00+00:00, run_after=2023-08-29T15:07:00+00:00
[2023-08-29T15:07:44.022+0000] {processor.py:179} INFO - Processing /home/airflow/.local/lib/python3.8/site-packages/airflow/example_dags/example_branch_python_dop_operator_3.py took 0.102 seconds
[2023-08-29T15:08:14.636+0000] {processor.py:157} INFO - Started process (PID=2005) to work on /home/airflow/.local/lib/python3.8/site-packages/airflow/example_dags/example_branch_python_dop_operator_3.py
[2023-08-29T15:08:14.637+0000] {processor.py:829} INFO - Processing file /home/airflow/.local/lib/python3.8/site-packages/airflow/example_dags/example_branch_python_dop_operator_3.py for tasks to queue
[2023-08-29T15:08:14.638+0000] {logging_mixin.py:151} INFO - [2023-08-29T15:08:14.638+0000] {dagbag.py:539} INFO - Filling up the DagBag from /home/airflow/.local/lib/python3.8/site-packages/airflow/example_dags/example_branch_python_dop_operator_3.py
[2023-08-29T15:08:14.649+0000] {processor.py:839} INFO - DAG(s) dict_keys(['example_branch_dop_operator_v3']) retrieved from /home/airflow/.local/lib/python3.8/site-packages/airflow/example_dags/example_branch_python_dop_operator_3.py
[2023-08-29T15:08:14.679+0000] {logging_mixin.py:151} INFO - [2023-08-29T15:08:14.679+0000] {dag.py:2907} INFO - Sync 1 DAGs
[2023-08-29T15:08:14.711+0000] {logging_mixin.py:151} INFO - [2023-08-29T15:08:14.711+0000] {dag.py:3677} INFO - Setting next_dagrun for example_branch_dop_operator_v3 to 2023-08-29T15:07:00+00:00, run_after=2023-08-29T15:08:00+00:00
[2023-08-29T15:08:14.746+0000] {processor.py:179} INFO - Processing /home/airflow/.local/lib/python3.8/site-packages/airflow/example_dags/example_branch_python_dop_operator_3.py took 0.113 seconds
[2023-08-29T15:08:45.105+0000] {processor.py:157} INFO - Started process (PID=2243) to work on /home/airflow/.local/lib/python3.8/site-packages/airflow/example_dags/example_branch_python_dop_operator_3.py
[2023-08-29T15:08:45.107+0000] {processor.py:829} INFO - Processing file /home/airflow/.local/lib/python3.8/site-packages/airflow/example_dags/example_branch_python_dop_operator_3.py for tasks to queue
[2023-08-29T15:08:45.109+0000] {logging_mixin.py:151} INFO - [2023-08-29T15:08:45.108+0000] {dagbag.py:539} INFO - Filling up the DagBag from /home/airflow/.local/lib/python3.8/site-packages/airflow/example_dags/example_branch_python_dop_operator_3.py
[2023-08-29T15:08:45.119+0000] {processor.py:839} INFO - DAG(s) dict_keys(['example_branch_dop_operator_v3']) retrieved from /home/airflow/.local/lib/python3.8/site-packages/airflow/example_dags/example_branch_python_dop_operator_3.py
[2023-08-29T15:08:45.146+0000] {logging_mixin.py:151} INFO - [2023-08-29T15:08:45.145+0000] {dag.py:2907} INFO - Sync 1 DAGs
[2023-08-29T15:08:45.175+0000] {logging_mixin.py:151} INFO - [2023-08-29T15:08:45.175+0000] {dag.py:3677} INFO - Setting next_dagrun for example_branch_dop_operator_v3 to 2023-08-29T15:07:00+00:00, run_after=2023-08-29T15:08:00+00:00
[2023-08-29T15:08:45.205+0000] {processor.py:179} INFO - Processing /home/airflow/.local/lib/python3.8/site-packages/airflow/example_dags/example_branch_python_dop_operator_3.py took 0.102 seconds
[2023-08-29T15:09:15.312+0000] {processor.py:157} INFO - Started process (PID=2481) to work on /home/airflow/.local/lib/python3.8/site-packages/airflow/example_dags/example_branch_python_dop_operator_3.py
[2023-08-29T15:09:15.313+0000] {processor.py:829} INFO - Processing file /home/airflow/.local/lib/python3.8/site-packages/airflow/example_dags/example_branch_python_dop_operator_3.py for tasks to queue
[2023-08-29T15:09:15.315+0000] {logging_mixin.py:151} INFO - [2023-08-29T15:09:15.315+0000] {dagbag.py:539} INFO - Filling up the DagBag from /home/airflow/.local/lib/python3.8/site-packages/airflow/example_dags/example_branch_python_dop_operator_3.py
[2023-08-29T15:09:15.328+0000] {processor.py:839} INFO - DAG(s) dict_keys(['example_branch_dop_operator_v3']) retrieved from /home/airflow/.local/lib/python3.8/site-packages/airflow/example_dags/example_branch_python_dop_operator_3.py
[2023-08-29T15:09:15.359+0000] {logging_mixin.py:151} INFO - [2023-08-29T15:09:15.359+0000] {dag.py:2907} INFO - Sync 1 DAGs
[2023-08-29T15:09:15.391+0000] {logging_mixin.py:151} INFO - [2023-08-29T15:09:15.390+0000] {dag.py:3677} INFO - Setting next_dagrun for example_branch_dop_operator_v3 to 2023-08-29T15:08:00+00:00, run_after=2023-08-29T15:09:00+00:00
[2023-08-29T15:09:15.419+0000] {processor.py:179} INFO - Processing /home/airflow/.local/lib/python3.8/site-packages/airflow/example_dags/example_branch_python_dop_operator_3.py took 0.112 seconds
[2023-08-29T15:09:46.059+0000] {processor.py:157} INFO - Started process (PID=2719) to work on /home/airflow/.local/lib/python3.8/site-packages/airflow/example_dags/example_branch_python_dop_operator_3.py
[2023-08-29T15:09:46.061+0000] {processor.py:829} INFO - Processing file /home/airflow/.local/lib/python3.8/site-packages/airflow/example_dags/example_branch_python_dop_operator_3.py for tasks to queue
[2023-08-29T15:09:46.063+0000] {logging_mixin.py:151} INFO - [2023-08-29T15:09:46.062+0000] {dagbag.py:539} INFO - Filling up the DagBag from /home/airflow/.local/lib/python3.8/site-packages/airflow/example_dags/example_branch_python_dop_operator_3.py
[2023-08-29T15:09:46.079+0000] {processor.py:839} INFO - DAG(s) dict_keys(['example_branch_dop_operator_v3']) retrieved from /home/airflow/.local/lib/python3.8/site-packages/airflow/example_dags/example_branch_python_dop_operator_3.py
[2023-08-29T15:09:46.120+0000] {logging_mixin.py:151} INFO - [2023-08-29T15:09:46.120+0000] {dag.py:2907} INFO - Sync 1 DAGs
[2023-08-29T15:09:46.163+0000] {logging_mixin.py:151} INFO - [2023-08-29T15:09:46.162+0000] {dag.py:3677} INFO - Setting next_dagrun for example_branch_dop_operator_v3 to 2023-08-29T15:08:00+00:00, run_after=2023-08-29T15:09:00+00:00
[2023-08-29T15:09:46.197+0000] {processor.py:179} INFO - Processing /home/airflow/.local/lib/python3.8/site-packages/airflow/example_dags/example_branch_python_dop_operator_3.py took 0.141 seconds
[2023-08-29T15:10:16.584+0000] {processor.py:157} INFO - Started process (PID=2959) to work on /home/airflow/.local/lib/python3.8/site-packages/airflow/example_dags/example_branch_python_dop_operator_3.py
[2023-08-29T15:10:16.586+0000] {processor.py:829} INFO - Processing file /home/airflow/.local/lib/python3.8/site-packages/airflow/example_dags/example_branch_python_dop_operator_3.py for tasks to queue
[2023-08-29T15:10:16.588+0000] {logging_mixin.py:151} INFO - [2023-08-29T15:10:16.587+0000] {dagbag.py:539} INFO - Filling up the DagBag from /home/airflow/.local/lib/python3.8/site-packages/airflow/example_dags/example_branch_python_dop_operator_3.py
[2023-08-29T15:10:16.599+0000] {processor.py:839} INFO - DAG(s) dict_keys(['example_branch_dop_operator_v3']) retrieved from /home/airflow/.local/lib/python3.8/site-packages/airflow/example_dags/example_branch_python_dop_operator_3.py
[2023-08-29T15:10:16.626+0000] {logging_mixin.py:151} INFO - [2023-08-29T15:10:16.626+0000] {dag.py:2907} INFO - Sync 1 DAGs
[2023-08-29T15:10:16.655+0000] {logging_mixin.py:151} INFO - [2023-08-29T15:10:16.655+0000] {dag.py:3677} INFO - Setting next_dagrun for example_branch_dop_operator_v3 to 2023-08-29T15:09:00+00:00, run_after=2023-08-29T15:10:00+00:00
[2023-08-29T15:10:16.682+0000] {processor.py:179} INFO - Processing /home/airflow/.local/lib/python3.8/site-packages/airflow/example_dags/example_branch_python_dop_operator_3.py took 0.101 seconds
[2023-08-29T15:10:47.040+0000] {processor.py:157} INFO - Started process (PID=3196) to work on /home/airflow/.local/lib/python3.8/site-packages/airflow/example_dags/example_branch_python_dop_operator_3.py
[2023-08-29T15:10:47.042+0000] {processor.py:829} INFO - Processing file /home/airflow/.local/lib/python3.8/site-packages/airflow/example_dags/example_branch_python_dop_operator_3.py for tasks to queue
[2023-08-29T15:10:47.043+0000] {logging_mixin.py:151} INFO - [2023-08-29T15:10:47.043+0000] {dagbag.py:539} INFO - Filling up the DagBag from /home/airflow/.local/lib/python3.8/site-packages/airflow/example_dags/example_branch_python_dop_operator_3.py
[2023-08-29T15:10:47.051+0000] {processor.py:839} INFO - DAG(s) dict_keys(['example_branch_dop_operator_v3']) retrieved from /home/airflow/.local/lib/python3.8/site-packages/airflow/example_dags/example_branch_python_dop_operator_3.py
[2023-08-29T15:10:47.075+0000] {logging_mixin.py:151} INFO - [2023-08-29T15:10:47.074+0000] {dag.py:2907} INFO - Sync 1 DAGs
[2023-08-29T15:10:47.105+0000] {logging_mixin.py:151} INFO - [2023-08-29T15:10:47.104+0000] {dag.py:3677} INFO - Setting next_dagrun for example_branch_dop_operator_v3 to 2023-08-29T15:09:00+00:00, run_after=2023-08-29T15:10:00+00:00
[2023-08-29T15:10:47.132+0000] {processor.py:179} INFO - Processing /home/airflow/.local/lib/python3.8/site-packages/airflow/example_dags/example_branch_python_dop_operator_3.py took 0.095 seconds
[2023-08-29T15:11:17.502+0000] {processor.py:157} INFO - Started process (PID=3457) to work on /home/airflow/.local/lib/python3.8/site-packages/airflow/example_dags/example_branch_python_dop_operator_3.py
[2023-08-29T15:11:17.504+0000] {processor.py:829} INFO - Processing file /home/airflow/.local/lib/python3.8/site-packages/airflow/example_dags/example_branch_python_dop_operator_3.py for tasks to queue
[2023-08-29T15:11:17.506+0000] {logging_mixin.py:151} INFO - [2023-08-29T15:11:17.505+0000] {dagbag.py:539} INFO - Filling up the DagBag from /home/airflow/.local/lib/python3.8/site-packages/airflow/example_dags/example_branch_python_dop_operator_3.py
[2023-08-29T15:11:17.515+0000] {processor.py:839} INFO - DAG(s) dict_keys(['example_branch_dop_operator_v3']) retrieved from /home/airflow/.local/lib/python3.8/site-packages/airflow/example_dags/example_branch_python_dop_operator_3.py
[2023-08-29T15:11:17.546+0000] {logging_mixin.py:151} INFO - [2023-08-29T15:11:17.546+0000] {dag.py:2907} INFO - Sync 1 DAGs
[2023-08-29T15:11:17.581+0000] {logging_mixin.py:151} INFO - [2023-08-29T15:11:17.580+0000] {dag.py:3677} INFO - Setting next_dagrun for example_branch_dop_operator_v3 to 2023-08-29T15:10:00+00:00, run_after=2023-08-29T15:11:00+00:00
[2023-08-29T15:11:17.612+0000] {processor.py:179} INFO - Processing /home/airflow/.local/lib/python3.8/site-packages/airflow/example_dags/example_branch_python_dop_operator_3.py took 0.114 seconds
[2023-08-29T15:11:48.536+0000] {processor.py:157} INFO - Started process (PID=3695) to work on /home/airflow/.local/lib/python3.8/site-packages/airflow/example_dags/example_branch_python_dop_operator_3.py
[2023-08-29T15:11:48.539+0000] {processor.py:829} INFO - Processing file /home/airflow/.local/lib/python3.8/site-packages/airflow/example_dags/example_branch_python_dop_operator_3.py for tasks to queue
[2023-08-29T15:11:48.544+0000] {logging_mixin.py:151} INFO - [2023-08-29T15:11:48.542+0000] {dagbag.py:539} INFO - Filling up the DagBag from /home/airflow/.local/lib/python3.8/site-packages/airflow/example_dags/example_branch_python_dop_operator_3.py
[2023-08-29T15:11:48.567+0000] {processor.py:839} INFO - DAG(s) dict_keys(['example_branch_dop_operator_v3']) retrieved from /home/airflow/.local/lib/python3.8/site-packages/airflow/example_dags/example_branch_python_dop_operator_3.py
[2023-08-29T15:11:48.607+0000] {logging_mixin.py:151} INFO - [2023-08-29T15:11:48.607+0000] {dag.py:2907} INFO - Sync 1 DAGs
[2023-08-29T15:11:48.755+0000] {logging_mixin.py:151} INFO - [2023-08-29T15:11:48.755+0000] {dag.py:3677} INFO - Setting next_dagrun for example_branch_dop_operator_v3 to 2023-08-29T15:10:00+00:00, run_after=2023-08-29T15:11:00+00:00
[2023-08-29T15:11:48.795+0000] {processor.py:179} INFO - Processing /home/airflow/.local/lib/python3.8/site-packages/airflow/example_dags/example_branch_python_dop_operator_3.py took 0.265 seconds
[2023-08-29T15:12:18.889+0000] {processor.py:157} INFO - Started process (PID=3933) to work on /home/airflow/.local/lib/python3.8/site-packages/airflow/example_dags/example_branch_python_dop_operator_3.py
[2023-08-29T15:12:18.890+0000] {processor.py:829} INFO - Processing file /home/airflow/.local/lib/python3.8/site-packages/airflow/example_dags/example_branch_python_dop_operator_3.py for tasks to queue
[2023-08-29T15:12:18.892+0000] {logging_mixin.py:151} INFO - [2023-08-29T15:12:18.892+0000] {dagbag.py:539} INFO - Filling up the DagBag from /home/airflow/.local/lib/python3.8/site-packages/airflow/example_dags/example_branch_python_dop_operator_3.py
[2023-08-29T15:12:18.908+0000] {processor.py:839} INFO - DAG(s) dict_keys(['example_branch_dop_operator_v3']) retrieved from /home/airflow/.local/lib/python3.8/site-packages/airflow/example_dags/example_branch_python_dop_operator_3.py
[2023-08-29T15:12:18.947+0000] {logging_mixin.py:151} INFO - [2023-08-29T15:12:18.947+0000] {dag.py:2907} INFO - Sync 1 DAGs
[2023-08-29T15:12:18.990+0000] {logging_mixin.py:151} INFO - [2023-08-29T15:12:18.990+0000] {dag.py:3677} INFO - Setting next_dagrun for example_branch_dop_operator_v3 to 2023-08-29T15:11:00+00:00, run_after=2023-08-29T15:12:00+00:00
[2023-08-29T15:12:19.025+0000] {processor.py:179} INFO - Processing /home/airflow/.local/lib/python3.8/site-packages/airflow/example_dags/example_branch_python_dop_operator_3.py took 0.140 seconds
[2023-08-29T15:12:49.859+0000] {processor.py:157} INFO - Started process (PID=4173) to work on /home/airflow/.local/lib/python3.8/site-packages/airflow/example_dags/example_branch_python_dop_operator_3.py
[2023-08-29T15:12:49.861+0000] {processor.py:829} INFO - Processing file /home/airflow/.local/lib/python3.8/site-packages/airflow/example_dags/example_branch_python_dop_operator_3.py for tasks to queue
[2023-08-29T15:12:49.862+0000] {logging_mixin.py:151} INFO - [2023-08-29T15:12:49.862+0000] {dagbag.py:539} INFO - Filling up the DagBag from /home/airflow/.local/lib/python3.8/site-packages/airflow/example_dags/example_branch_python_dop_operator_3.py
[2023-08-29T15:12:49.869+0000] {processor.py:839} INFO - DAG(s) dict_keys(['example_branch_dop_operator_v3']) retrieved from /home/airflow/.local/lib/python3.8/site-packages/airflow/example_dags/example_branch_python_dop_operator_3.py
[2023-08-29T15:12:49.893+0000] {logging_mixin.py:151} INFO - [2023-08-29T15:12:49.893+0000] {dag.py:2907} INFO - Sync 1 DAGs
[2023-08-29T15:12:49.921+0000] {logging_mixin.py:151} INFO - [2023-08-29T15:12:49.921+0000] {dag.py:3677} INFO - Setting next_dagrun for example_branch_dop_operator_v3 to 2023-08-29T15:11:00+00:00, run_after=2023-08-29T15:12:00+00:00
[2023-08-29T15:12:49.951+0000] {processor.py:179} INFO - Processing /home/airflow/.local/lib/python3.8/site-packages/airflow/example_dags/example_branch_python_dop_operator_3.py took 0.095 seconds
[2023-08-29T15:13:20.317+0000] {processor.py:157} INFO - Started process (PID=4409) to work on /home/airflow/.local/lib/python3.8/site-packages/airflow/example_dags/example_branch_python_dop_operator_3.py
[2023-08-29T15:13:20.318+0000] {processor.py:829} INFO - Processing file /home/airflow/.local/lib/python3.8/site-packages/airflow/example_dags/example_branch_python_dop_operator_3.py for tasks to queue
[2023-08-29T15:13:20.320+0000] {logging_mixin.py:151} INFO - [2023-08-29T15:13:20.320+0000] {dagbag.py:539} INFO - Filling up the DagBag from /home/airflow/.local/lib/python3.8/site-packages/airflow/example_dags/example_branch_python_dop_operator_3.py
[2023-08-29T15:13:20.333+0000] {processor.py:839} INFO - DAG(s) dict_keys(['example_branch_dop_operator_v3']) retrieved from /home/airflow/.local/lib/python3.8/site-packages/airflow/example_dags/example_branch_python_dop_operator_3.py
[2023-08-29T15:13:20.360+0000] {logging_mixin.py:151} INFO - [2023-08-29T15:13:20.360+0000] {dag.py:2907} INFO - Sync 1 DAGs
[2023-08-29T15:13:20.393+0000] {logging_mixin.py:151} INFO - [2023-08-29T15:13:20.393+0000] {dag.py:3677} INFO - Setting next_dagrun for example_branch_dop_operator_v3 to 2023-08-29T15:12:00+00:00, run_after=2023-08-29T15:13:00+00:00
[2023-08-29T15:13:20.423+0000] {processor.py:179} INFO - Processing /home/airflow/.local/lib/python3.8/site-packages/airflow/example_dags/example_branch_python_dop_operator_3.py took 0.109 seconds
[2023-08-29T15:13:50.720+0000] {processor.py:157} INFO - Started process (PID=4647) to work on /home/airflow/.local/lib/python3.8/site-packages/airflow/example_dags/example_branch_python_dop_operator_3.py
[2023-08-29T15:13:50.722+0000] {processor.py:829} INFO - Processing file /home/airflow/.local/lib/python3.8/site-packages/airflow/example_dags/example_branch_python_dop_operator_3.py for tasks to queue
[2023-08-29T15:13:50.723+0000] {logging_mixin.py:151} INFO - [2023-08-29T15:13:50.723+0000] {dagbag.py:539} INFO - Filling up the DagBag from /home/airflow/.local/lib/python3.8/site-packages/airflow/example_dags/example_branch_python_dop_operator_3.py
[2023-08-29T15:13:50.731+0000] {processor.py:839} INFO - DAG(s) dict_keys(['example_branch_dop_operator_v3']) retrieved from /home/airflow/.local/lib/python3.8/site-packages/airflow/example_dags/example_branch_python_dop_operator_3.py
[2023-08-29T15:13:50.754+0000] {logging_mixin.py:151} INFO - [2023-08-29T15:13:50.753+0000] {dag.py:2907} INFO - Sync 1 DAGs
[2023-08-29T15:13:50.781+0000] {logging_mixin.py:151} INFO - [2023-08-29T15:13:50.781+0000] {dag.py:3677} INFO - Setting next_dagrun for example_branch_dop_operator_v3 to 2023-08-29T15:12:00+00:00, run_after=2023-08-29T15:13:00+00:00
[2023-08-29T15:13:50.810+0000] {processor.py:179} INFO - Processing /home/airflow/.local/lib/python3.8/site-packages/airflow/example_dags/example_branch_python_dop_operator_3.py took 0.093 seconds
[2023-08-29T15:14:21.310+0000] {processor.py:157} INFO - Started process (PID=4887) to work on /home/airflow/.local/lib/python3.8/site-packages/airflow/example_dags/example_branch_python_dop_operator_3.py
[2023-08-29T15:14:21.311+0000] {processor.py:829} INFO - Processing file /home/airflow/.local/lib/python3.8/site-packages/airflow/example_dags/example_branch_python_dop_operator_3.py for tasks to queue
[2023-08-29T15:14:21.313+0000] {logging_mixin.py:151} INFO - [2023-08-29T15:14:21.313+0000] {dagbag.py:539} INFO - Filling up the DagBag from /home/airflow/.local/lib/python3.8/site-packages/airflow/example_dags/example_branch_python_dop_operator_3.py
[2023-08-29T15:14:21.321+0000] {processor.py:839} INFO - DAG(s) dict_keys(['example_branch_dop_operator_v3']) retrieved from /home/airflow/.local/lib/python3.8/site-packages/airflow/example_dags/example_branch_python_dop_operator_3.py
[2023-08-29T15:14:21.342+0000] {logging_mixin.py:151} INFO - [2023-08-29T15:14:21.341+0000] {dag.py:2907} INFO - Sync 1 DAGs
[2023-08-29T15:14:21.369+0000] {logging_mixin.py:151} INFO - [2023-08-29T15:14:21.368+0000] {dag.py:3677} INFO - Setting next_dagrun for example_branch_dop_operator_v3 to 2023-08-29T15:13:00+00:00, run_after=2023-08-29T15:14:00+00:00
[2023-08-29T15:14:21.396+0000] {processor.py:179} INFO - Processing /home/airflow/.local/lib/python3.8/site-packages/airflow/example_dags/example_branch_python_dop_operator_3.py took 0.088 seconds
[2023-08-29T15:14:52.094+0000] {processor.py:157} INFO - Started process (PID=5123) to work on /home/airflow/.local/lib/python3.8/site-packages/airflow/example_dags/example_branch_python_dop_operator_3.py
[2023-08-29T15:14:52.095+0000] {processor.py:829} INFO - Processing file /home/airflow/.local/lib/python3.8/site-packages/airflow/example_dags/example_branch_python_dop_operator_3.py for tasks to queue
[2023-08-29T15:14:52.097+0000] {logging_mixin.py:151} INFO - [2023-08-29T15:14:52.097+0000] {dagbag.py:539} INFO - Filling up the DagBag from /home/airflow/.local/lib/python3.8/site-packages/airflow/example_dags/example_branch_python_dop_operator_3.py
[2023-08-29T15:14:52.105+0000] {processor.py:839} INFO - DAG(s) dict_keys(['example_branch_dop_operator_v3']) retrieved from /home/airflow/.local/lib/python3.8/site-packages/airflow/example_dags/example_branch_python_dop_operator_3.py
[2023-08-29T15:14:52.128+0000] {logging_mixin.py:151} INFO - [2023-08-29T15:14:52.128+0000] {dag.py:2907} INFO - Sync 1 DAGs
[2023-08-29T15:14:52.156+0000] {logging_mixin.py:151} INFO - [2023-08-29T15:14:52.156+0000] {dag.py:3677} INFO - Setting next_dagrun for example_branch_dop_operator_v3 to 2023-08-29T15:13:00+00:00, run_after=2023-08-29T15:14:00+00:00
[2023-08-29T15:14:52.200+0000] {processor.py:179} INFO - Processing /home/airflow/.local/lib/python3.8/site-packages/airflow/example_dags/example_branch_python_dop_operator_3.py took 0.109 seconds
[2023-08-29T15:15:23.297+0000] {processor.py:157} INFO - Started process (PID=5363) to work on /home/airflow/.local/lib/python3.8/site-packages/airflow/example_dags/example_branch_python_dop_operator_3.py
[2023-08-29T15:15:23.298+0000] {processor.py:829} INFO - Processing file /home/airflow/.local/lib/python3.8/site-packages/airflow/example_dags/example_branch_python_dop_operator_3.py for tasks to queue
[2023-08-29T15:15:23.299+0000] {logging_mixin.py:151} INFO - [2023-08-29T15:15:23.299+0000] {dagbag.py:539} INFO - Filling up the DagBag from /home/airflow/.local/lib/python3.8/site-packages/airflow/example_dags/example_branch_python_dop_operator_3.py
[2023-08-29T15:15:23.309+0000] {processor.py:839} INFO - DAG(s) dict_keys(['example_branch_dop_operator_v3']) retrieved from /home/airflow/.local/lib/python3.8/site-packages/airflow/example_dags/example_branch_python_dop_operator_3.py
[2023-08-29T15:15:23.335+0000] {logging_mixin.py:151} INFO - [2023-08-29T15:15:23.334+0000] {dag.py:2907} INFO - Sync 1 DAGs
[2023-08-29T15:15:23.366+0000] {logging_mixin.py:151} INFO - [2023-08-29T15:15:23.365+0000] {dag.py:3677} INFO - Setting next_dagrun for example_branch_dop_operator_v3 to 2023-08-29T15:14:00+00:00, run_after=2023-08-29T15:15:00+00:00
[2023-08-29T15:15:23.394+0000] {processor.py:179} INFO - Processing /home/airflow/.local/lib/python3.8/site-packages/airflow/example_dags/example_branch_python_dop_operator_3.py took 0.100 seconds
[2023-08-29T15:15:53.850+0000] {processor.py:157} INFO - Started process (PID=5599) to work on /home/airflow/.local/lib/python3.8/site-packages/airflow/example_dags/example_branch_python_dop_operator_3.py
[2023-08-29T15:15:53.851+0000] {processor.py:829} INFO - Processing file /home/airflow/.local/lib/python3.8/site-packages/airflow/example_dags/example_branch_python_dop_operator_3.py for tasks to queue
[2023-08-29T15:15:53.853+0000] {logging_mixin.py:151} INFO - [2023-08-29T15:15:53.853+0000] {dagbag.py:539} INFO - Filling up the DagBag from /home/airflow/.local/lib/python3.8/site-packages/airflow/example_dags/example_branch_python_dop_operator_3.py
[2023-08-29T15:15:53.862+0000] {processor.py:839} INFO - DAG(s) dict_keys(['example_branch_dop_operator_v3']) retrieved from /home/airflow/.local/lib/python3.8/site-packages/airflow/example_dags/example_branch_python_dop_operator_3.py
[2023-08-29T15:15:53.889+0000] {logging_mixin.py:151} INFO - [2023-08-29T15:15:53.889+0000] {dag.py:2907} INFO - Sync 1 DAGs
[2023-08-29T15:15:53.928+0000] {logging_mixin.py:151} INFO - [2023-08-29T15:15:53.928+0000] {dag.py:3677} INFO - Setting next_dagrun for example_branch_dop_operator_v3 to 2023-08-29T15:14:00+00:00, run_after=2023-08-29T15:15:00+00:00
[2023-08-29T15:15:53.970+0000] {processor.py:179} INFO - Processing /home/airflow/.local/lib/python3.8/site-packages/airflow/example_dags/example_branch_python_dop_operator_3.py took 0.123 seconds
[2023-08-29T15:16:24.615+0000] {processor.py:157} INFO - Started process (PID=5839) to work on /home/airflow/.local/lib/python3.8/site-packages/airflow/example_dags/example_branch_python_dop_operator_3.py
[2023-08-29T15:16:24.617+0000] {processor.py:829} INFO - Processing file /home/airflow/.local/lib/python3.8/site-packages/airflow/example_dags/example_branch_python_dop_operator_3.py for tasks to queue
[2023-08-29T15:16:24.618+0000] {logging_mixin.py:151} INFO - [2023-08-29T15:16:24.618+0000] {dagbag.py:539} INFO - Filling up the DagBag from /home/airflow/.local/lib/python3.8/site-packages/airflow/example_dags/example_branch_python_dop_operator_3.py
[2023-08-29T15:16:24.627+0000] {processor.py:839} INFO - DAG(s) dict_keys(['example_branch_dop_operator_v3']) retrieved from /home/airflow/.local/lib/python3.8/site-packages/airflow/example_dags/example_branch_python_dop_operator_3.py
[2023-08-29T15:16:24.655+0000] {logging_mixin.py:151} INFO - [2023-08-29T15:16:24.654+0000] {dag.py:2907} INFO - Sync 1 DAGs
[2023-08-29T15:16:24.691+0000] {logging_mixin.py:151} INFO - [2023-08-29T15:16:24.691+0000] {dag.py:3677} INFO - Setting next_dagrun for example_branch_dop_operator_v3 to 2023-08-29T15:15:00+00:00, run_after=2023-08-29T15:16:00+00:00
[2023-08-29T15:16:24.721+0000] {processor.py:179} INFO - Processing /home/airflow/.local/lib/python3.8/site-packages/airflow/example_dags/example_branch_python_dop_operator_3.py took 0.111 seconds
[2023-08-29T15:16:55.023+0000] {processor.py:157} INFO - Started process (PID=6077) to work on /home/airflow/.local/lib/python3.8/site-packages/airflow/example_dags/example_branch_python_dop_operator_3.py
[2023-08-29T15:16:55.032+0000] {processor.py:829} INFO - Processing file /home/airflow/.local/lib/python3.8/site-packages/airflow/example_dags/example_branch_python_dop_operator_3.py for tasks to queue
[2023-08-29T15:16:55.036+0000] {logging_mixin.py:151} INFO - [2023-08-29T15:16:55.035+0000] {dagbag.py:539} INFO - Filling up the DagBag from /home/airflow/.local/lib/python3.8/site-packages/airflow/example_dags/example_branch_python_dop_operator_3.py
[2023-08-29T15:16:55.059+0000] {processor.py:839} INFO - DAG(s) dict_keys(['example_branch_dop_operator_v3']) retrieved from /home/airflow/.local/lib/python3.8/site-packages/airflow/example_dags/example_branch_python_dop_operator_3.py
[2023-08-29T15:16:55.103+0000] {logging_mixin.py:151} INFO - [2023-08-29T15:16:55.103+0000] {dag.py:2907} INFO - Sync 1 DAGs
[2023-08-29T15:16:55.149+0000] {logging_mixin.py:151} INFO - [2023-08-29T15:16:55.148+0000] {dag.py:3677} INFO - Setting next_dagrun for example_branch_dop_operator_v3 to 2023-08-29T15:15:00+00:00, run_after=2023-08-29T15:16:00+00:00
[2023-08-29T15:16:55.192+0000] {processor.py:179} INFO - Processing /home/airflow/.local/lib/python3.8/site-packages/airflow/example_dags/example_branch_python_dop_operator_3.py took 0.173 seconds
[2023-08-29T15:17:25.458+0000] {processor.py:157} INFO - Started process (PID=6313) to work on /home/airflow/.local/lib/python3.8/site-packages/airflow/example_dags/example_branch_python_dop_operator_3.py
[2023-08-29T15:17:25.459+0000] {processor.py:829} INFO - Processing file /home/airflow/.local/lib/python3.8/site-packages/airflow/example_dags/example_branch_python_dop_operator_3.py for tasks to queue
[2023-08-29T15:17:25.460+0000] {logging_mixin.py:151} INFO - [2023-08-29T15:17:25.460+0000] {dagbag.py:539} INFO - Filling up the DagBag from /home/airflow/.local/lib/python3.8/site-packages/airflow/example_dags/example_branch_python_dop_operator_3.py
[2023-08-29T15:17:25.470+0000] {processor.py:839} INFO - DAG(s) dict_keys(['example_branch_dop_operator_v3']) retrieved from /home/airflow/.local/lib/python3.8/site-packages/airflow/example_dags/example_branch_python_dop_operator_3.py
[2023-08-29T15:17:25.498+0000] {logging_mixin.py:151} INFO - [2023-08-29T15:17:25.498+0000] {dag.py:2907} INFO - Sync 1 DAGs
[2023-08-29T15:17:25.529+0000] {logging_mixin.py:151} INFO - [2023-08-29T15:17:25.529+0000] {dag.py:3677} INFO - Setting next_dagrun for example_branch_dop_operator_v3 to 2023-08-29T15:16:00+00:00, run_after=2023-08-29T15:17:00+00:00
[2023-08-29T15:17:25.557+0000] {processor.py:179} INFO - Processing /home/airflow/.local/lib/python3.8/site-packages/airflow/example_dags/example_branch_python_dop_operator_3.py took 0.102 seconds
[2023-08-29T15:17:55.920+0000] {processor.py:157} INFO - Started process (PID=6553) to work on /home/airflow/.local/lib/python3.8/site-packages/airflow/example_dags/example_branch_python_dop_operator_3.py
[2023-08-29T15:17:55.921+0000] {processor.py:829} INFO - Processing file /home/airflow/.local/lib/python3.8/site-packages/airflow/example_dags/example_branch_python_dop_operator_3.py for tasks to queue
[2023-08-29T15:17:55.923+0000] {logging_mixin.py:151} INFO - [2023-08-29T15:17:55.922+0000] {dagbag.py:539} INFO - Filling up the DagBag from /home/airflow/.local/lib/python3.8/site-packages/airflow/example_dags/example_branch_python_dop_operator_3.py
[2023-08-29T15:17:55.931+0000] {processor.py:839} INFO - DAG(s) dict_keys(['example_branch_dop_operator_v3']) retrieved from /home/airflow/.local/lib/python3.8/site-packages/airflow/example_dags/example_branch_python_dop_operator_3.py
[2023-08-29T15:17:55.956+0000] {logging_mixin.py:151} INFO - [2023-08-29T15:17:55.955+0000] {dag.py:2907} INFO - Sync 1 DAGs
[2023-08-29T15:17:55.985+0000] {logging_mixin.py:151} INFO - [2023-08-29T15:17:55.985+0000] {dag.py:3677} INFO - Setting next_dagrun for example_branch_dop_operator_v3 to 2023-08-29T15:16:00+00:00, run_after=2023-08-29T15:17:00+00:00
[2023-08-29T15:17:56.015+0000] {processor.py:179} INFO - Processing /home/airflow/.local/lib/python3.8/site-packages/airflow/example_dags/example_branch_python_dop_operator_3.py took 0.098 seconds
[2023-08-29T15:18:27.180+0000] {processor.py:157} INFO - Started process (PID=6798) to work on /home/airflow/.local/lib/python3.8/site-packages/airflow/example_dags/example_branch_python_dop_operator_3.py
[2023-08-29T15:18:27.181+0000] {processor.py:829} INFO - Processing file /home/airflow/.local/lib/python3.8/site-packages/airflow/example_dags/example_branch_python_dop_operator_3.py for tasks to queue
[2023-08-29T15:18:27.183+0000] {logging_mixin.py:151} INFO - [2023-08-29T15:18:27.182+0000] {dagbag.py:539} INFO - Filling up the DagBag from /home/airflow/.local/lib/python3.8/site-packages/airflow/example_dags/example_branch_python_dop_operator_3.py
[2023-08-29T15:18:27.192+0000] {processor.py:839} INFO - DAG(s) dict_keys(['example_branch_dop_operator_v3']) retrieved from /home/airflow/.local/lib/python3.8/site-packages/airflow/example_dags/example_branch_python_dop_operator_3.py
[2023-08-29T15:18:27.216+0000] {logging_mixin.py:151} INFO - [2023-08-29T15:18:27.215+0000] {dag.py:2907} INFO - Sync 1 DAGs
[2023-08-29T15:18:27.245+0000] {logging_mixin.py:151} INFO - [2023-08-29T15:18:27.245+0000] {dag.py:3677} INFO - Setting next_dagrun for example_branch_dop_operator_v3 to 2023-08-29T15:17:00+00:00, run_after=2023-08-29T15:18:00+00:00
[2023-08-29T15:18:27.274+0000] {processor.py:179} INFO - Processing /home/airflow/.local/lib/python3.8/site-packages/airflow/example_dags/example_branch_python_dop_operator_3.py took 0.096 seconds
[2023-08-29T15:18:57.452+0000] {processor.py:157} INFO - Started process (PID=7034) to work on /home/airflow/.local/lib/python3.8/site-packages/airflow/example_dags/example_branch_python_dop_operator_3.py
[2023-08-29T15:18:57.455+0000] {processor.py:829} INFO - Processing file /home/airflow/.local/lib/python3.8/site-packages/airflow/example_dags/example_branch_python_dop_operator_3.py for tasks to queue
[2023-08-29T15:18:57.457+0000] {logging_mixin.py:151} INFO - [2023-08-29T15:18:57.456+0000] {dagbag.py:539} INFO - Filling up the DagBag from /home/airflow/.local/lib/python3.8/site-packages/airflow/example_dags/example_branch_python_dop_operator_3.py
[2023-08-29T15:18:57.474+0000] {processor.py:839} INFO - DAG(s) dict_keys(['example_branch_dop_operator_v3']) retrieved from /home/airflow/.local/lib/python3.8/site-packages/airflow/example_dags/example_branch_python_dop_operator_3.py
[2023-08-29T15:18:57.531+0000] {logging_mixin.py:151} INFO - [2023-08-29T15:18:57.530+0000] {dag.py:2907} INFO - Sync 1 DAGs
[2023-08-29T15:18:57.601+0000] {logging_mixin.py:151} INFO - [2023-08-29T15:18:57.601+0000] {dag.py:3677} INFO - Setting next_dagrun for example_branch_dop_operator_v3 to 2023-08-29T15:17:00+00:00, run_after=2023-08-29T15:18:00+00:00
[2023-08-29T15:18:57.651+0000] {processor.py:179} INFO - Processing /home/airflow/.local/lib/python3.8/site-packages/airflow/example_dags/example_branch_python_dop_operator_3.py took 0.206 seconds
[2023-08-29T15:19:27.948+0000] {processor.py:157} INFO - Started process (PID=7267) to work on /home/airflow/.local/lib/python3.8/site-packages/airflow/example_dags/example_branch_python_dop_operator_3.py
[2023-08-29T15:19:27.950+0000] {processor.py:829} INFO - Processing file /home/airflow/.local/lib/python3.8/site-packages/airflow/example_dags/example_branch_python_dop_operator_3.py for tasks to queue
[2023-08-29T15:19:27.951+0000] {logging_mixin.py:151} INFO - [2023-08-29T15:19:27.951+0000] {dagbag.py:539} INFO - Filling up the DagBag from /home/airflow/.local/lib/python3.8/site-packages/airflow/example_dags/example_branch_python_dop_operator_3.py
[2023-08-29T15:19:27.960+0000] {processor.py:839} INFO - DAG(s) dict_keys(['example_branch_dop_operator_v3']) retrieved from /home/airflow/.local/lib/python3.8/site-packages/airflow/example_dags/example_branch_python_dop_operator_3.py
[2023-08-29T15:19:27.984+0000] {logging_mixin.py:151} INFO - [2023-08-29T15:19:27.984+0000] {dag.py:2907} INFO - Sync 1 DAGs
[2023-08-29T15:19:28.012+0000] {logging_mixin.py:151} INFO - [2023-08-29T15:19:28.011+0000] {dag.py:3677} INFO - Setting next_dagrun for example_branch_dop_operator_v3 to 2023-08-29T15:18:00+00:00, run_after=2023-08-29T15:19:00+00:00
[2023-08-29T15:19:28.039+0000] {processor.py:179} INFO - Processing /home/airflow/.local/lib/python3.8/site-packages/airflow/example_dags/example_branch_python_dop_operator_3.py took 0.093 seconds
[2023-08-29T15:19:59.058+0000] {processor.py:157} INFO - Started process (PID=7510) to work on /home/airflow/.local/lib/python3.8/site-packages/airflow/example_dags/example_branch_python_dop_operator_3.py
[2023-08-29T15:19:59.059+0000] {processor.py:829} INFO - Processing file /home/airflow/.local/lib/python3.8/site-packages/airflow/example_dags/example_branch_python_dop_operator_3.py for tasks to queue
[2023-08-29T15:19:59.060+0000] {logging_mixin.py:151} INFO - [2023-08-29T15:19:59.060+0000] {dagbag.py:539} INFO - Filling up the DagBag from /home/airflow/.local/lib/python3.8/site-packages/airflow/example_dags/example_branch_python_dop_operator_3.py
[2023-08-29T15:19:59.069+0000] {processor.py:839} INFO - DAG(s) dict_keys(['example_branch_dop_operator_v3']) retrieved from /home/airflow/.local/lib/python3.8/site-packages/airflow/example_dags/example_branch_python_dop_operator_3.py
[2023-08-29T15:19:59.093+0000] {logging_mixin.py:151} INFO - [2023-08-29T15:19:59.093+0000] {dag.py:2907} INFO - Sync 1 DAGs
[2023-08-29T15:19:59.125+0000] {logging_mixin.py:151} INFO - [2023-08-29T15:19:59.125+0000] {dag.py:3677} INFO - Setting next_dagrun for example_branch_dop_operator_v3 to 2023-08-29T15:18:00+00:00, run_after=2023-08-29T15:19:00+00:00
[2023-08-29T15:19:59.154+0000] {processor.py:179} INFO - Processing /home/airflow/.local/lib/python3.8/site-packages/airflow/example_dags/example_branch_python_dop_operator_3.py took 0.098 seconds
[2023-08-29T15:20:29.481+0000] {processor.py:157} INFO - Started process (PID=7748) to work on /home/airflow/.local/lib/python3.8/site-packages/airflow/example_dags/example_branch_python_dop_operator_3.py
[2023-08-29T15:20:29.482+0000] {processor.py:829} INFO - Processing file /home/airflow/.local/lib/python3.8/site-packages/airflow/example_dags/example_branch_python_dop_operator_3.py for tasks to queue
[2023-08-29T15:20:29.484+0000] {logging_mixin.py:151} INFO - [2023-08-29T15:20:29.483+0000] {dagbag.py:539} INFO - Filling up the DagBag from /home/airflow/.local/lib/python3.8/site-packages/airflow/example_dags/example_branch_python_dop_operator_3.py
[2023-08-29T15:20:29.493+0000] {processor.py:839} INFO - DAG(s) dict_keys(['example_branch_dop_operator_v3']) retrieved from /home/airflow/.local/lib/python3.8/site-packages/airflow/example_dags/example_branch_python_dop_operator_3.py
[2023-08-29T15:20:29.519+0000] {logging_mixin.py:151} INFO - [2023-08-29T15:20:29.519+0000] {dag.py:2907} INFO - Sync 1 DAGs
[2023-08-29T15:20:29.553+0000] {logging_mixin.py:151} INFO - [2023-08-29T15:20:29.552+0000] {dag.py:3677} INFO - Setting next_dagrun for example_branch_dop_operator_v3 to 2023-08-29T15:19:00+00:00, run_after=2023-08-29T15:20:00+00:00
[2023-08-29T15:20:29.598+0000] {processor.py:179} INFO - Processing /home/airflow/.local/lib/python3.8/site-packages/airflow/example_dags/example_branch_python_dop_operator_3.py took 0.120 seconds
[2023-08-29T15:21:00.534+0000] {processor.py:157} INFO - Started process (PID=7986) to work on /home/airflow/.local/lib/python3.8/site-packages/airflow/example_dags/example_branch_python_dop_operator_3.py
[2023-08-29T15:21:00.535+0000] {processor.py:829} INFO - Processing file /home/airflow/.local/lib/python3.8/site-packages/airflow/example_dags/example_branch_python_dop_operator_3.py for tasks to queue
[2023-08-29T15:21:00.537+0000] {logging_mixin.py:151} INFO - [2023-08-29T15:21:00.537+0000] {dagbag.py:539} INFO - Filling up the DagBag from /home/airflow/.local/lib/python3.8/site-packages/airflow/example_dags/example_branch_python_dop_operator_3.py
[2023-08-29T15:21:00.550+0000] {processor.py:839} INFO - DAG(s) dict_keys(['example_branch_dop_operator_v3']) retrieved from /home/airflow/.local/lib/python3.8/site-packages/airflow/example_dags/example_branch_python_dop_operator_3.py
[2023-08-29T15:21:00.581+0000] {logging_mixin.py:151} INFO - [2023-08-29T15:21:00.581+0000] {dag.py:2907} INFO - Sync 1 DAGs
[2023-08-29T15:21:00.615+0000] {logging_mixin.py:151} INFO - [2023-08-29T15:21:00.614+0000] {dag.py:3677} INFO - Setting next_dagrun for example_branch_dop_operator_v3 to 2023-08-29T15:20:00+00:00, run_after=2023-08-29T15:21:00+00:00
[2023-08-29T15:21:00.646+0000] {processor.py:179} INFO - Processing /home/airflow/.local/lib/python3.8/site-packages/airflow/example_dags/example_branch_python_dop_operator_3.py took 0.115 seconds
[2023-08-29T15:21:31.478+0000] {processor.py:157} INFO - Started process (PID=8225) to work on /home/airflow/.local/lib/python3.8/site-packages/airflow/example_dags/example_branch_python_dop_operator_3.py
[2023-08-29T15:21:31.480+0000] {processor.py:829} INFO - Processing file /home/airflow/.local/lib/python3.8/site-packages/airflow/example_dags/example_branch_python_dop_operator_3.py for tasks to queue
[2023-08-29T15:21:31.481+0000] {logging_mixin.py:151} INFO - [2023-08-29T15:21:31.481+0000] {dagbag.py:539} INFO - Filling up the DagBag from /home/airflow/.local/lib/python3.8/site-packages/airflow/example_dags/example_branch_python_dop_operator_3.py
[2023-08-29T15:21:31.491+0000] {processor.py:839} INFO - DAG(s) dict_keys(['example_branch_dop_operator_v3']) retrieved from /home/airflow/.local/lib/python3.8/site-packages/airflow/example_dags/example_branch_python_dop_operator_3.py
[2023-08-29T15:21:31.516+0000] {logging_mixin.py:151} INFO - [2023-08-29T15:21:31.516+0000] {dag.py:2907} INFO - Sync 1 DAGs
[2023-08-29T15:21:31.547+0000] {logging_mixin.py:151} INFO - [2023-08-29T15:21:31.547+0000] {dag.py:3677} INFO - Setting next_dagrun for example_branch_dop_operator_v3 to 2023-08-29T15:20:00+00:00, run_after=2023-08-29T15:21:00+00:00
[2023-08-29T15:21:31.577+0000] {processor.py:179} INFO - Processing /home/airflow/.local/lib/python3.8/site-packages/airflow/example_dags/example_branch_python_dop_operator_3.py took 0.102 seconds
