[2023-08-29T15:04:40.010+0000] {processor.py:157} INFO - Started process (PID=324) to work on /home/airflow/.local/lib/python3.8/site-packages/airflow/example_dags/example_bash_operator.py
[2023-08-29T15:04:40.013+0000] {processor.py:829} INFO - Processing file /home/airflow/.local/lib/python3.8/site-packages/airflow/example_dags/example_bash_operator.py for tasks to queue
[2023-08-29T15:04:40.015+0000] {logging_mixin.py:151} INFO - [2023-08-29T15:04:40.015+0000] {dagbag.py:539} INFO - Filling up the DagBag from /home/airflow/.local/lib/python3.8/site-packages/airflow/example_dags/example_bash_operator.py
[2023-08-29T15:04:40.035+0000] {processor.py:839} INFO - DAG(s) dict_keys(['example_bash_operator']) retrieved from /home/airflow/.local/lib/python3.8/site-packages/airflow/example_dags/example_bash_operator.py
[2023-08-29T15:04:40.054+0000] {logging_mixin.py:151} INFO - [2023-08-29T15:04:40.053+0000] {dag.py:2907} INFO - Sync 1 DAGs
[2023-08-29T15:04:40.095+0000] {logging_mixin.py:151} INFO - [2023-08-29T15:04:40.094+0000] {dag.py:3677} INFO - Setting next_dagrun for example_bash_operator to 2023-08-28T00:00:00+00:00, run_after=2023-08-29T00:00:00+00:00
[2023-08-29T15:04:40.129+0000] {processor.py:179} INFO - Processing /home/airflow/.local/lib/python3.8/site-packages/airflow/example_dags/example_bash_operator.py took 0.123 seconds
[2023-08-29T15:05:10.855+0000] {processor.py:157} INFO - Started process (PID=562) to work on /home/airflow/.local/lib/python3.8/site-packages/airflow/example_dags/example_bash_operator.py
[2023-08-29T15:05:10.856+0000] {processor.py:829} INFO - Processing file /home/airflow/.local/lib/python3.8/site-packages/airflow/example_dags/example_bash_operator.py for tasks to queue
[2023-08-29T15:05:10.857+0000] {logging_mixin.py:151} INFO - [2023-08-29T15:05:10.857+0000] {dagbag.py:539} INFO - Filling up the DagBag from /home/airflow/.local/lib/python3.8/site-packages/airflow/example_dags/example_bash_operator.py
[2023-08-29T15:05:10.867+0000] {processor.py:839} INFO - DAG(s) dict_keys(['example_bash_operator']) retrieved from /home/airflow/.local/lib/python3.8/site-packages/airflow/example_dags/example_bash_operator.py
[2023-08-29T15:05:10.899+0000] {logging_mixin.py:151} INFO - [2023-08-29T15:05:10.899+0000] {dag.py:2907} INFO - Sync 1 DAGs
[2023-08-29T15:05:10.923+0000] {logging_mixin.py:151} INFO - [2023-08-29T15:05:10.923+0000] {dag.py:3677} INFO - Setting next_dagrun for example_bash_operator to 2023-08-28T00:00:00+00:00, run_after=2023-08-29T00:00:00+00:00
[2023-08-29T15:05:11.063+0000] {processor.py:179} INFO - Processing /home/airflow/.local/lib/python3.8/site-packages/airflow/example_dags/example_bash_operator.py took 0.211 seconds
[2023-08-29T15:05:41.186+0000] {processor.py:157} INFO - Started process (PID=802) to work on /home/airflow/.local/lib/python3.8/site-packages/airflow/example_dags/example_bash_operator.py
[2023-08-29T15:05:41.187+0000] {processor.py:829} INFO - Processing file /home/airflow/.local/lib/python3.8/site-packages/airflow/example_dags/example_bash_operator.py for tasks to queue
[2023-08-29T15:05:41.188+0000] {logging_mixin.py:151} INFO - [2023-08-29T15:05:41.188+0000] {dagbag.py:539} INFO - Filling up the DagBag from /home/airflow/.local/lib/python3.8/site-packages/airflow/example_dags/example_bash_operator.py
[2023-08-29T15:05:41.198+0000] {processor.py:839} INFO - DAG(s) dict_keys(['example_bash_operator']) retrieved from /home/airflow/.local/lib/python3.8/site-packages/airflow/example_dags/example_bash_operator.py
[2023-08-29T15:05:41.234+0000] {logging_mixin.py:151} INFO - [2023-08-29T15:05:41.234+0000] {dag.py:2907} INFO - Sync 1 DAGs
[2023-08-29T15:05:41.260+0000] {logging_mixin.py:151} INFO - [2023-08-29T15:05:41.259+0000] {dag.py:3677} INFO - Setting next_dagrun for example_bash_operator to 2023-08-28T00:00:00+00:00, run_after=2023-08-29T00:00:00+00:00
[2023-08-29T15:05:41.289+0000] {processor.py:179} INFO - Processing /home/airflow/.local/lib/python3.8/site-packages/airflow/example_dags/example_bash_operator.py took 0.105 seconds
[2023-08-29T15:06:11.889+0000] {processor.py:157} INFO - Started process (PID=1038) to work on /home/airflow/.local/lib/python3.8/site-packages/airflow/example_dags/example_bash_operator.py
[2023-08-29T15:06:11.891+0000] {processor.py:829} INFO - Processing file /home/airflow/.local/lib/python3.8/site-packages/airflow/example_dags/example_bash_operator.py for tasks to queue
[2023-08-29T15:06:11.892+0000] {logging_mixin.py:151} INFO - [2023-08-29T15:06:11.892+0000] {dagbag.py:539} INFO - Filling up the DagBag from /home/airflow/.local/lib/python3.8/site-packages/airflow/example_dags/example_bash_operator.py
[2023-08-29T15:06:11.904+0000] {processor.py:839} INFO - DAG(s) dict_keys(['example_bash_operator']) retrieved from /home/airflow/.local/lib/python3.8/site-packages/airflow/example_dags/example_bash_operator.py
[2023-08-29T15:06:11.936+0000] {logging_mixin.py:151} INFO - [2023-08-29T15:06:11.935+0000] {dag.py:2907} INFO - Sync 1 DAGs
[2023-08-29T15:06:11.959+0000] {logging_mixin.py:151} INFO - [2023-08-29T15:06:11.959+0000] {dag.py:3677} INFO - Setting next_dagrun for example_bash_operator to 2023-08-28T00:00:00+00:00, run_after=2023-08-29T00:00:00+00:00
[2023-08-29T15:06:11.985+0000] {processor.py:179} INFO - Processing /home/airflow/.local/lib/python3.8/site-packages/airflow/example_dags/example_bash_operator.py took 0.099 seconds
[2023-08-29T15:06:42.285+0000] {processor.py:157} INFO - Started process (PID=1276) to work on /home/airflow/.local/lib/python3.8/site-packages/airflow/example_dags/example_bash_operator.py
[2023-08-29T15:06:42.286+0000] {processor.py:829} INFO - Processing file /home/airflow/.local/lib/python3.8/site-packages/airflow/example_dags/example_bash_operator.py for tasks to queue
[2023-08-29T15:06:42.288+0000] {logging_mixin.py:151} INFO - [2023-08-29T15:06:42.287+0000] {dagbag.py:539} INFO - Filling up the DagBag from /home/airflow/.local/lib/python3.8/site-packages/airflow/example_dags/example_bash_operator.py
[2023-08-29T15:06:42.299+0000] {processor.py:839} INFO - DAG(s) dict_keys(['example_bash_operator']) retrieved from /home/airflow/.local/lib/python3.8/site-packages/airflow/example_dags/example_bash_operator.py
[2023-08-29T15:06:42.336+0000] {logging_mixin.py:151} INFO - [2023-08-29T15:06:42.336+0000] {dag.py:2907} INFO - Sync 1 DAGs
[2023-08-29T15:06:42.363+0000] {logging_mixin.py:151} INFO - [2023-08-29T15:06:42.363+0000] {dag.py:3677} INFO - Setting next_dagrun for example_bash_operator to 2023-08-28T00:00:00+00:00, run_after=2023-08-29T00:00:00+00:00
[2023-08-29T15:06:42.391+0000] {processor.py:179} INFO - Processing /home/airflow/.local/lib/python3.8/site-packages/airflow/example_dags/example_bash_operator.py took 0.108 seconds
[2023-08-29T15:07:12.810+0000] {processor.py:157} INFO - Started process (PID=1516) to work on /home/airflow/.local/lib/python3.8/site-packages/airflow/example_dags/example_bash_operator.py
[2023-08-29T15:07:12.811+0000] {processor.py:829} INFO - Processing file /home/airflow/.local/lib/python3.8/site-packages/airflow/example_dags/example_bash_operator.py for tasks to queue
[2023-08-29T15:07:12.813+0000] {logging_mixin.py:151} INFO - [2023-08-29T15:07:12.812+0000] {dagbag.py:539} INFO - Filling up the DagBag from /home/airflow/.local/lib/python3.8/site-packages/airflow/example_dags/example_bash_operator.py
[2023-08-29T15:07:12.824+0000] {processor.py:839} INFO - DAG(s) dict_keys(['example_bash_operator']) retrieved from /home/airflow/.local/lib/python3.8/site-packages/airflow/example_dags/example_bash_operator.py
[2023-08-29T15:07:12.857+0000] {logging_mixin.py:151} INFO - [2023-08-29T15:07:12.857+0000] {dag.py:2907} INFO - Sync 1 DAGs
[2023-08-29T15:07:12.881+0000] {logging_mixin.py:151} INFO - [2023-08-29T15:07:12.881+0000] {dag.py:3677} INFO - Setting next_dagrun for example_bash_operator to 2023-08-28T00:00:00+00:00, run_after=2023-08-29T00:00:00+00:00
[2023-08-29T15:07:12.908+0000] {processor.py:179} INFO - Processing /home/airflow/.local/lib/python3.8/site-packages/airflow/example_dags/example_bash_operator.py took 0.100 seconds
[2023-08-29T15:07:43.759+0000] {processor.py:157} INFO - Started process (PID=1754) to work on /home/airflow/.local/lib/python3.8/site-packages/airflow/example_dags/example_bash_operator.py
[2023-08-29T15:07:43.761+0000] {processor.py:829} INFO - Processing file /home/airflow/.local/lib/python3.8/site-packages/airflow/example_dags/example_bash_operator.py for tasks to queue
[2023-08-29T15:07:43.762+0000] {logging_mixin.py:151} INFO - [2023-08-29T15:07:43.762+0000] {dagbag.py:539} INFO - Filling up the DagBag from /home/airflow/.local/lib/python3.8/site-packages/airflow/example_dags/example_bash_operator.py
[2023-08-29T15:07:43.772+0000] {processor.py:839} INFO - DAG(s) dict_keys(['example_bash_operator']) retrieved from /home/airflow/.local/lib/python3.8/site-packages/airflow/example_dags/example_bash_operator.py
[2023-08-29T15:07:43.808+0000] {logging_mixin.py:151} INFO - [2023-08-29T15:07:43.808+0000] {dag.py:2907} INFO - Sync 1 DAGs
[2023-08-29T15:07:43.834+0000] {logging_mixin.py:151} INFO - [2023-08-29T15:07:43.834+0000] {dag.py:3677} INFO - Setting next_dagrun for example_bash_operator to 2023-08-28T00:00:00+00:00, run_after=2023-08-29T00:00:00+00:00
[2023-08-29T15:07:43.863+0000] {processor.py:179} INFO - Processing /home/airflow/.local/lib/python3.8/site-packages/airflow/example_dags/example_bash_operator.py took 0.107 seconds
[2023-08-29T15:08:14.410+0000] {processor.py:157} INFO - Started process (PID=1990) to work on /home/airflow/.local/lib/python3.8/site-packages/airflow/example_dags/example_bash_operator.py
[2023-08-29T15:08:14.412+0000] {processor.py:829} INFO - Processing file /home/airflow/.local/lib/python3.8/site-packages/airflow/example_dags/example_bash_operator.py for tasks to queue
[2023-08-29T15:08:14.415+0000] {logging_mixin.py:151} INFO - [2023-08-29T15:08:14.414+0000] {dagbag.py:539} INFO - Filling up the DagBag from /home/airflow/.local/lib/python3.8/site-packages/airflow/example_dags/example_bash_operator.py
[2023-08-29T15:08:14.428+0000] {processor.py:839} INFO - DAG(s) dict_keys(['example_bash_operator']) retrieved from /home/airflow/.local/lib/python3.8/site-packages/airflow/example_dags/example_bash_operator.py
[2023-08-29T15:08:14.472+0000] {logging_mixin.py:151} INFO - [2023-08-29T15:08:14.471+0000] {dag.py:2907} INFO - Sync 1 DAGs
[2023-08-29T15:08:14.512+0000] {logging_mixin.py:151} INFO - [2023-08-29T15:08:14.512+0000] {dag.py:3677} INFO - Setting next_dagrun for example_bash_operator to 2023-08-28T00:00:00+00:00, run_after=2023-08-29T00:00:00+00:00
[2023-08-29T15:08:14.551+0000] {processor.py:179} INFO - Processing /home/airflow/.local/lib/python3.8/site-packages/airflow/example_dags/example_bash_operator.py took 0.145 seconds
[2023-08-29T15:08:44.922+0000] {processor.py:157} INFO - Started process (PID=2230) to work on /home/airflow/.local/lib/python3.8/site-packages/airflow/example_dags/example_bash_operator.py
[2023-08-29T15:08:44.923+0000] {processor.py:829} INFO - Processing file /home/airflow/.local/lib/python3.8/site-packages/airflow/example_dags/example_bash_operator.py for tasks to queue
[2023-08-29T15:08:44.925+0000] {logging_mixin.py:151} INFO - [2023-08-29T15:08:44.924+0000] {dagbag.py:539} INFO - Filling up the DagBag from /home/airflow/.local/lib/python3.8/site-packages/airflow/example_dags/example_bash_operator.py
[2023-08-29T15:08:44.937+0000] {processor.py:839} INFO - DAG(s) dict_keys(['example_bash_operator']) retrieved from /home/airflow/.local/lib/python3.8/site-packages/airflow/example_dags/example_bash_operator.py
[2023-08-29T15:08:44.972+0000] {logging_mixin.py:151} INFO - [2023-08-29T15:08:44.972+0000] {dag.py:2907} INFO - Sync 1 DAGs
[2023-08-29T15:08:45.000+0000] {logging_mixin.py:151} INFO - [2023-08-29T15:08:45.000+0000] {dag.py:3677} INFO - Setting next_dagrun for example_bash_operator to 2023-08-28T00:00:00+00:00, run_after=2023-08-29T00:00:00+00:00
[2023-08-29T15:08:45.032+0000] {processor.py:179} INFO - Processing /home/airflow/.local/lib/python3.8/site-packages/airflow/example_dags/example_bash_operator.py took 0.113 seconds
[2023-08-29T15:09:15.098+0000] {processor.py:157} INFO - Started process (PID=2468) to work on /home/airflow/.local/lib/python3.8/site-packages/airflow/example_dags/example_bash_operator.py
[2023-08-29T15:09:15.100+0000] {processor.py:829} INFO - Processing file /home/airflow/.local/lib/python3.8/site-packages/airflow/example_dags/example_bash_operator.py for tasks to queue
[2023-08-29T15:09:15.101+0000] {logging_mixin.py:151} INFO - [2023-08-29T15:09:15.101+0000] {dagbag.py:539} INFO - Filling up the DagBag from /home/airflow/.local/lib/python3.8/site-packages/airflow/example_dags/example_bash_operator.py
[2023-08-29T15:09:15.116+0000] {processor.py:839} INFO - DAG(s) dict_keys(['example_bash_operator']) retrieved from /home/airflow/.local/lib/python3.8/site-packages/airflow/example_dags/example_bash_operator.py
[2023-08-29T15:09:15.153+0000] {logging_mixin.py:151} INFO - [2023-08-29T15:09:15.153+0000] {dag.py:2907} INFO - Sync 1 DAGs
[2023-08-29T15:09:15.197+0000] {logging_mixin.py:151} INFO - [2023-08-29T15:09:15.197+0000] {dag.py:3677} INFO - Setting next_dagrun for example_bash_operator to 2023-08-28T00:00:00+00:00, run_after=2023-08-29T00:00:00+00:00
[2023-08-29T15:09:15.236+0000] {processor.py:179} INFO - Processing /home/airflow/.local/lib/python3.8/site-packages/airflow/example_dags/example_bash_operator.py took 0.140 seconds
[2023-08-29T15:09:45.878+0000] {processor.py:157} INFO - Started process (PID=2705) to work on /home/airflow/.local/lib/python3.8/site-packages/airflow/example_dags/example_bash_operator.py
[2023-08-29T15:09:45.879+0000] {processor.py:829} INFO - Processing file /home/airflow/.local/lib/python3.8/site-packages/airflow/example_dags/example_bash_operator.py for tasks to queue
[2023-08-29T15:09:45.881+0000] {logging_mixin.py:151} INFO - [2023-08-29T15:09:45.880+0000] {dagbag.py:539} INFO - Filling up the DagBag from /home/airflow/.local/lib/python3.8/site-packages/airflow/example_dags/example_bash_operator.py
[2023-08-29T15:09:45.892+0000] {processor.py:839} INFO - DAG(s) dict_keys(['example_bash_operator']) retrieved from /home/airflow/.local/lib/python3.8/site-packages/airflow/example_dags/example_bash_operator.py
[2023-08-29T15:09:45.922+0000] {logging_mixin.py:151} INFO - [2023-08-29T15:09:45.922+0000] {dag.py:2907} INFO - Sync 1 DAGs
[2023-08-29T15:09:45.946+0000] {logging_mixin.py:151} INFO - [2023-08-29T15:09:45.946+0000] {dag.py:3677} INFO - Setting next_dagrun for example_bash_operator to 2023-08-28T00:00:00+00:00, run_after=2023-08-29T00:00:00+00:00
[2023-08-29T15:09:45.974+0000] {processor.py:179} INFO - Processing /home/airflow/.local/lib/python3.8/site-packages/airflow/example_dags/example_bash_operator.py took 0.099 seconds
[2023-08-29T15:10:16.292+0000] {processor.py:157} INFO - Started process (PID=2942) to work on /home/airflow/.local/lib/python3.8/site-packages/airflow/example_dags/example_bash_operator.py
[2023-08-29T15:10:16.293+0000] {processor.py:829} INFO - Processing file /home/airflow/.local/lib/python3.8/site-packages/airflow/example_dags/example_bash_operator.py for tasks to queue
[2023-08-29T15:10:16.295+0000] {logging_mixin.py:151} INFO - [2023-08-29T15:10:16.294+0000] {dagbag.py:539} INFO - Filling up the DagBag from /home/airflow/.local/lib/python3.8/site-packages/airflow/example_dags/example_bash_operator.py
[2023-08-29T15:10:16.305+0000] {processor.py:839} INFO - DAG(s) dict_keys(['example_bash_operator']) retrieved from /home/airflow/.local/lib/python3.8/site-packages/airflow/example_dags/example_bash_operator.py
[2023-08-29T15:10:16.340+0000] {logging_mixin.py:151} INFO - [2023-08-29T15:10:16.339+0000] {dag.py:2907} INFO - Sync 1 DAGs
[2023-08-29T15:10:16.363+0000] {logging_mixin.py:151} INFO - [2023-08-29T15:10:16.363+0000] {dag.py:3677} INFO - Setting next_dagrun for example_bash_operator to 2023-08-28T00:00:00+00:00, run_after=2023-08-29T00:00:00+00:00
[2023-08-29T15:10:16.390+0000] {processor.py:179} INFO - Processing /home/airflow/.local/lib/python3.8/site-packages/airflow/example_dags/example_bash_operator.py took 0.101 seconds
[2023-08-29T15:10:46.716+0000] {processor.py:157} INFO - Started process (PID=3182) to work on /home/airflow/.local/lib/python3.8/site-packages/airflow/example_dags/example_bash_operator.py
[2023-08-29T15:10:46.718+0000] {processor.py:829} INFO - Processing file /home/airflow/.local/lib/python3.8/site-packages/airflow/example_dags/example_bash_operator.py for tasks to queue
[2023-08-29T15:10:46.719+0000] {logging_mixin.py:151} INFO - [2023-08-29T15:10:46.719+0000] {dagbag.py:539} INFO - Filling up the DagBag from /home/airflow/.local/lib/python3.8/site-packages/airflow/example_dags/example_bash_operator.py
[2023-08-29T15:10:46.730+0000] {processor.py:839} INFO - DAG(s) dict_keys(['example_bash_operator']) retrieved from /home/airflow/.local/lib/python3.8/site-packages/airflow/example_dags/example_bash_operator.py
[2023-08-29T15:10:46.764+0000] {logging_mixin.py:151} INFO - [2023-08-29T15:10:46.764+0000] {dag.py:2907} INFO - Sync 1 DAGs
[2023-08-29T15:10:46.792+0000] {logging_mixin.py:151} INFO - [2023-08-29T15:10:46.791+0000] {dag.py:3677} INFO - Setting next_dagrun for example_bash_operator to 2023-08-28T00:00:00+00:00, run_after=2023-08-29T00:00:00+00:00
[2023-08-29T15:10:46.824+0000] {processor.py:179} INFO - Processing /home/airflow/.local/lib/python3.8/site-packages/airflow/example_dags/example_bash_operator.py took 0.111 seconds
[2023-08-29T15:11:17.290+0000] {processor.py:157} INFO - Started process (PID=3442) to work on /home/airflow/.local/lib/python3.8/site-packages/airflow/example_dags/example_bash_operator.py
[2023-08-29T15:11:17.291+0000] {processor.py:829} INFO - Processing file /home/airflow/.local/lib/python3.8/site-packages/airflow/example_dags/example_bash_operator.py for tasks to queue
[2023-08-29T15:11:17.293+0000] {logging_mixin.py:151} INFO - [2023-08-29T15:11:17.292+0000] {dagbag.py:539} INFO - Filling up the DagBag from /home/airflow/.local/lib/python3.8/site-packages/airflow/example_dags/example_bash_operator.py
[2023-08-29T15:11:17.305+0000] {processor.py:839} INFO - DAG(s) dict_keys(['example_bash_operator']) retrieved from /home/airflow/.local/lib/python3.8/site-packages/airflow/example_dags/example_bash_operator.py
[2023-08-29T15:11:17.344+0000] {logging_mixin.py:151} INFO - [2023-08-29T15:11:17.344+0000] {dag.py:2907} INFO - Sync 1 DAGs
[2023-08-29T15:11:17.370+0000] {logging_mixin.py:151} INFO - [2023-08-29T15:11:17.370+0000] {dag.py:3677} INFO - Setting next_dagrun for example_bash_operator to 2023-08-29T00:00:00+00:00, run_after=2023-08-30T00:00:00+00:00
[2023-08-29T15:11:17.400+0000] {processor.py:179} INFO - Processing /home/airflow/.local/lib/python3.8/site-packages/airflow/example_dags/example_bash_operator.py took 0.113 seconds
[2023-08-29T15:11:48.105+0000] {processor.py:157} INFO - Started process (PID=3680) to work on /home/airflow/.local/lib/python3.8/site-packages/airflow/example_dags/example_bash_operator.py
[2023-08-29T15:11:48.108+0000] {processor.py:829} INFO - Processing file /home/airflow/.local/lib/python3.8/site-packages/airflow/example_dags/example_bash_operator.py for tasks to queue
[2023-08-29T15:11:48.112+0000] {logging_mixin.py:151} INFO - [2023-08-29T15:11:48.110+0000] {dagbag.py:539} INFO - Filling up the DagBag from /home/airflow/.local/lib/python3.8/site-packages/airflow/example_dags/example_bash_operator.py
[2023-08-29T15:11:48.138+0000] {processor.py:839} INFO - DAG(s) dict_keys(['example_bash_operator']) retrieved from /home/airflow/.local/lib/python3.8/site-packages/airflow/example_dags/example_bash_operator.py
[2023-08-29T15:11:48.218+0000] {logging_mixin.py:151} INFO - [2023-08-29T15:11:48.217+0000] {dag.py:2907} INFO - Sync 1 DAGs
[2023-08-29T15:11:48.272+0000] {logging_mixin.py:151} INFO - [2023-08-29T15:11:48.271+0000] {dag.py:3677} INFO - Setting next_dagrun for example_bash_operator to 2023-08-29T00:00:00+00:00, run_after=2023-08-30T00:00:00+00:00
[2023-08-29T15:11:48.372+0000] {processor.py:179} INFO - Processing /home/airflow/.local/lib/python3.8/site-packages/airflow/example_dags/example_bash_operator.py took 0.276 seconds
[2023-08-29T15:12:18.661+0000] {processor.py:157} INFO - Started process (PID=3918) to work on /home/airflow/.local/lib/python3.8/site-packages/airflow/example_dags/example_bash_operator.py
[2023-08-29T15:12:18.663+0000] {processor.py:829} INFO - Processing file /home/airflow/.local/lib/python3.8/site-packages/airflow/example_dags/example_bash_operator.py for tasks to queue
[2023-08-29T15:12:18.665+0000] {logging_mixin.py:151} INFO - [2023-08-29T15:12:18.664+0000] {dagbag.py:539} INFO - Filling up the DagBag from /home/airflow/.local/lib/python3.8/site-packages/airflow/example_dags/example_bash_operator.py
[2023-08-29T15:12:18.681+0000] {processor.py:839} INFO - DAG(s) dict_keys(['example_bash_operator']) retrieved from /home/airflow/.local/lib/python3.8/site-packages/airflow/example_dags/example_bash_operator.py
[2023-08-29T15:12:18.731+0000] {logging_mixin.py:151} INFO - [2023-08-29T15:12:18.731+0000] {dag.py:2907} INFO - Sync 1 DAGs
[2023-08-29T15:12:18.766+0000] {logging_mixin.py:151} INFO - [2023-08-29T15:12:18.766+0000] {dag.py:3677} INFO - Setting next_dagrun for example_bash_operator to 2023-08-29T00:00:00+00:00, run_after=2023-08-30T00:00:00+00:00
[2023-08-29T15:12:18.802+0000] {processor.py:179} INFO - Processing /home/airflow/.local/lib/python3.8/site-packages/airflow/example_dags/example_bash_operator.py took 0.145 seconds
[2023-08-29T15:12:49.573+0000] {processor.py:157} INFO - Started process (PID=4158) to work on /home/airflow/.local/lib/python3.8/site-packages/airflow/example_dags/example_bash_operator.py
[2023-08-29T15:12:49.574+0000] {processor.py:829} INFO - Processing file /home/airflow/.local/lib/python3.8/site-packages/airflow/example_dags/example_bash_operator.py for tasks to queue
[2023-08-29T15:12:49.575+0000] {logging_mixin.py:151} INFO - [2023-08-29T15:12:49.575+0000] {dagbag.py:539} INFO - Filling up the DagBag from /home/airflow/.local/lib/python3.8/site-packages/airflow/example_dags/example_bash_operator.py
[2023-08-29T15:12:49.585+0000] {processor.py:839} INFO - DAG(s) dict_keys(['example_bash_operator']) retrieved from /home/airflow/.local/lib/python3.8/site-packages/airflow/example_dags/example_bash_operator.py
[2023-08-29T15:12:49.618+0000] {logging_mixin.py:151} INFO - [2023-08-29T15:12:49.617+0000] {dag.py:2907} INFO - Sync 1 DAGs
[2023-08-29T15:12:49.643+0000] {logging_mixin.py:151} INFO - [2023-08-29T15:12:49.643+0000] {dag.py:3677} INFO - Setting next_dagrun for example_bash_operator to 2023-08-29T00:00:00+00:00, run_after=2023-08-30T00:00:00+00:00
[2023-08-29T15:12:49.672+0000] {processor.py:179} INFO - Processing /home/airflow/.local/lib/python3.8/site-packages/airflow/example_dags/example_bash_operator.py took 0.102 seconds
[2023-08-29T15:13:20.099+0000] {processor.py:157} INFO - Started process (PID=4394) to work on /home/airflow/.local/lib/python3.8/site-packages/airflow/example_dags/example_bash_operator.py
[2023-08-29T15:13:20.101+0000] {processor.py:829} INFO - Processing file /home/airflow/.local/lib/python3.8/site-packages/airflow/example_dags/example_bash_operator.py for tasks to queue
[2023-08-29T15:13:20.102+0000] {logging_mixin.py:151} INFO - [2023-08-29T15:13:20.102+0000] {dagbag.py:539} INFO - Filling up the DagBag from /home/airflow/.local/lib/python3.8/site-packages/airflow/example_dags/example_bash_operator.py
[2023-08-29T15:13:20.114+0000] {processor.py:839} INFO - DAG(s) dict_keys(['example_bash_operator']) retrieved from /home/airflow/.local/lib/python3.8/site-packages/airflow/example_dags/example_bash_operator.py
[2023-08-29T15:13:20.153+0000] {logging_mixin.py:151} INFO - [2023-08-29T15:13:20.153+0000] {dag.py:2907} INFO - Sync 1 DAGs
[2023-08-29T15:13:20.181+0000] {logging_mixin.py:151} INFO - [2023-08-29T15:13:20.181+0000] {dag.py:3677} INFO - Setting next_dagrun for example_bash_operator to 2023-08-29T00:00:00+00:00, run_after=2023-08-30T00:00:00+00:00
[2023-08-29T15:13:20.211+0000] {processor.py:179} INFO - Processing /home/airflow/.local/lib/python3.8/site-packages/airflow/example_dags/example_bash_operator.py took 0.115 seconds
[2023-08-29T15:13:50.467+0000] {processor.py:157} INFO - Started process (PID=4632) to work on /home/airflow/.local/lib/python3.8/site-packages/airflow/example_dags/example_bash_operator.py
[2023-08-29T15:13:50.469+0000] {processor.py:829} INFO - Processing file /home/airflow/.local/lib/python3.8/site-packages/airflow/example_dags/example_bash_operator.py for tasks to queue
[2023-08-29T15:13:50.470+0000] {logging_mixin.py:151} INFO - [2023-08-29T15:13:50.470+0000] {dagbag.py:539} INFO - Filling up the DagBag from /home/airflow/.local/lib/python3.8/site-packages/airflow/example_dags/example_bash_operator.py
[2023-08-29T15:13:50.480+0000] {processor.py:839} INFO - DAG(s) dict_keys(['example_bash_operator']) retrieved from /home/airflow/.local/lib/python3.8/site-packages/airflow/example_dags/example_bash_operator.py
[2023-08-29T15:13:50.512+0000] {logging_mixin.py:151} INFO - [2023-08-29T15:13:50.512+0000] {dag.py:2907} INFO - Sync 1 DAGs
[2023-08-29T15:13:50.538+0000] {logging_mixin.py:151} INFO - [2023-08-29T15:13:50.537+0000] {dag.py:3677} INFO - Setting next_dagrun for example_bash_operator to 2023-08-29T00:00:00+00:00, run_after=2023-08-30T00:00:00+00:00
[2023-08-29T15:13:50.567+0000] {processor.py:179} INFO - Processing /home/airflow/.local/lib/python3.8/site-packages/airflow/example_dags/example_bash_operator.py took 0.102 seconds
[2023-08-29T15:14:21.041+0000] {processor.py:157} INFO - Started process (PID=4870) to work on /home/airflow/.local/lib/python3.8/site-packages/airflow/example_dags/example_bash_operator.py
[2023-08-29T15:14:21.042+0000] {processor.py:829} INFO - Processing file /home/airflow/.local/lib/python3.8/site-packages/airflow/example_dags/example_bash_operator.py for tasks to queue
[2023-08-29T15:14:21.044+0000] {logging_mixin.py:151} INFO - [2023-08-29T15:14:21.044+0000] {dagbag.py:539} INFO - Filling up the DagBag from /home/airflow/.local/lib/python3.8/site-packages/airflow/example_dags/example_bash_operator.py
[2023-08-29T15:14:21.055+0000] {processor.py:839} INFO - DAG(s) dict_keys(['example_bash_operator']) retrieved from /home/airflow/.local/lib/python3.8/site-packages/airflow/example_dags/example_bash_operator.py
[2023-08-29T15:14:21.089+0000] {logging_mixin.py:151} INFO - [2023-08-29T15:14:21.088+0000] {dag.py:2907} INFO - Sync 1 DAGs
[2023-08-29T15:14:21.114+0000] {logging_mixin.py:151} INFO - [2023-08-29T15:14:21.114+0000] {dag.py:3677} INFO - Setting next_dagrun for example_bash_operator to 2023-08-29T00:00:00+00:00, run_after=2023-08-30T00:00:00+00:00
[2023-08-29T15:14:21.145+0000] {processor.py:179} INFO - Processing /home/airflow/.local/lib/python3.8/site-packages/airflow/example_dags/example_bash_operator.py took 0.107 seconds
[2023-08-29T15:14:51.930+0000] {processor.py:157} INFO - Started process (PID=5110) to work on /home/airflow/.local/lib/python3.8/site-packages/airflow/example_dags/example_bash_operator.py
[2023-08-29T15:14:51.931+0000] {processor.py:829} INFO - Processing file /home/airflow/.local/lib/python3.8/site-packages/airflow/example_dags/example_bash_operator.py for tasks to queue
[2023-08-29T15:14:51.933+0000] {logging_mixin.py:151} INFO - [2023-08-29T15:14:51.933+0000] {dagbag.py:539} INFO - Filling up the DagBag from /home/airflow/.local/lib/python3.8/site-packages/airflow/example_dags/example_bash_operator.py
[2023-08-29T15:14:51.943+0000] {processor.py:839} INFO - DAG(s) dict_keys(['example_bash_operator']) retrieved from /home/airflow/.local/lib/python3.8/site-packages/airflow/example_dags/example_bash_operator.py
[2023-08-29T15:14:51.973+0000] {logging_mixin.py:151} INFO - [2023-08-29T15:14:51.973+0000] {dag.py:2907} INFO - Sync 1 DAGs
[2023-08-29T15:14:51.998+0000] {logging_mixin.py:151} INFO - [2023-08-29T15:14:51.997+0000] {dag.py:3677} INFO - Setting next_dagrun for example_bash_operator to 2023-08-29T00:00:00+00:00, run_after=2023-08-30T00:00:00+00:00
[2023-08-29T15:14:52.030+0000] {processor.py:179} INFO - Processing /home/airflow/.local/lib/python3.8/site-packages/airflow/example_dags/example_bash_operator.py took 0.101 seconds
[2023-08-29T15:15:22.968+0000] {processor.py:157} INFO - Started process (PID=5346) to work on /home/airflow/.local/lib/python3.8/site-packages/airflow/example_dags/example_bash_operator.py
[2023-08-29T15:15:22.970+0000] {processor.py:829} INFO - Processing file /home/airflow/.local/lib/python3.8/site-packages/airflow/example_dags/example_bash_operator.py for tasks to queue
[2023-08-29T15:15:22.972+0000] {logging_mixin.py:151} INFO - [2023-08-29T15:15:22.971+0000] {dagbag.py:539} INFO - Filling up the DagBag from /home/airflow/.local/lib/python3.8/site-packages/airflow/example_dags/example_bash_operator.py
[2023-08-29T15:15:22.983+0000] {processor.py:839} INFO - DAG(s) dict_keys(['example_bash_operator']) retrieved from /home/airflow/.local/lib/python3.8/site-packages/airflow/example_dags/example_bash_operator.py
[2023-08-29T15:15:23.020+0000] {logging_mixin.py:151} INFO - [2023-08-29T15:15:23.019+0000] {dag.py:2907} INFO - Sync 1 DAGs
[2023-08-29T15:15:23.050+0000] {logging_mixin.py:151} INFO - [2023-08-29T15:15:23.049+0000] {dag.py:3677} INFO - Setting next_dagrun for example_bash_operator to 2023-08-29T00:00:00+00:00, run_after=2023-08-30T00:00:00+00:00
[2023-08-29T15:15:23.081+0000] {processor.py:179} INFO - Processing /home/airflow/.local/lib/python3.8/site-packages/airflow/example_dags/example_bash_operator.py took 0.115 seconds
[2023-08-29T15:15:53.529+0000] {processor.py:157} INFO - Started process (PID=5584) to work on /home/airflow/.local/lib/python3.8/site-packages/airflow/example_dags/example_bash_operator.py
[2023-08-29T15:15:53.531+0000] {processor.py:829} INFO - Processing file /home/airflow/.local/lib/python3.8/site-packages/airflow/example_dags/example_bash_operator.py for tasks to queue
[2023-08-29T15:15:53.532+0000] {logging_mixin.py:151} INFO - [2023-08-29T15:15:53.532+0000] {dagbag.py:539} INFO - Filling up the DagBag from /home/airflow/.local/lib/python3.8/site-packages/airflow/example_dags/example_bash_operator.py
[2023-08-29T15:15:53.545+0000] {processor.py:839} INFO - DAG(s) dict_keys(['example_bash_operator']) retrieved from /home/airflow/.local/lib/python3.8/site-packages/airflow/example_dags/example_bash_operator.py
[2023-08-29T15:15:53.582+0000] {logging_mixin.py:151} INFO - [2023-08-29T15:15:53.582+0000] {dag.py:2907} INFO - Sync 1 DAGs
[2023-08-29T15:15:53.611+0000] {logging_mixin.py:151} INFO - [2023-08-29T15:15:53.611+0000] {dag.py:3677} INFO - Setting next_dagrun for example_bash_operator to 2023-08-29T00:00:00+00:00, run_after=2023-08-30T00:00:00+00:00
[2023-08-29T15:15:53.641+0000] {processor.py:179} INFO - Processing /home/airflow/.local/lib/python3.8/site-packages/airflow/example_dags/example_bash_operator.py took 0.114 seconds
[2023-08-29T15:16:24.277+0000] {processor.py:157} INFO - Started process (PID=5822) to work on /home/airflow/.local/lib/python3.8/site-packages/airflow/example_dags/example_bash_operator.py
[2023-08-29T15:16:24.279+0000] {processor.py:829} INFO - Processing file /home/airflow/.local/lib/python3.8/site-packages/airflow/example_dags/example_bash_operator.py for tasks to queue
[2023-08-29T15:16:24.281+0000] {logging_mixin.py:151} INFO - [2023-08-29T15:16:24.280+0000] {dagbag.py:539} INFO - Filling up the DagBag from /home/airflow/.local/lib/python3.8/site-packages/airflow/example_dags/example_bash_operator.py
[2023-08-29T15:16:24.292+0000] {processor.py:839} INFO - DAG(s) dict_keys(['example_bash_operator']) retrieved from /home/airflow/.local/lib/python3.8/site-packages/airflow/example_dags/example_bash_operator.py
[2023-08-29T15:16:24.326+0000] {logging_mixin.py:151} INFO - [2023-08-29T15:16:24.326+0000] {dag.py:2907} INFO - Sync 1 DAGs
[2023-08-29T15:16:24.355+0000] {logging_mixin.py:151} INFO - [2023-08-29T15:16:24.354+0000] {dag.py:3677} INFO - Setting next_dagrun for example_bash_operator to 2023-08-29T00:00:00+00:00, run_after=2023-08-30T00:00:00+00:00
[2023-08-29T15:16:24.388+0000] {processor.py:179} INFO - Processing /home/airflow/.local/lib/python3.8/site-packages/airflow/example_dags/example_bash_operator.py took 0.113 seconds
[2023-08-29T15:16:54.633+0000] {processor.py:157} INFO - Started process (PID=6060) to work on /home/airflow/.local/lib/python3.8/site-packages/airflow/example_dags/example_bash_operator.py
[2023-08-29T15:16:54.635+0000] {processor.py:829} INFO - Processing file /home/airflow/.local/lib/python3.8/site-packages/airflow/example_dags/example_bash_operator.py for tasks to queue
[2023-08-29T15:16:54.637+0000] {logging_mixin.py:151} INFO - [2023-08-29T15:16:54.636+0000] {dagbag.py:539} INFO - Filling up the DagBag from /home/airflow/.local/lib/python3.8/site-packages/airflow/example_dags/example_bash_operator.py
[2023-08-29T15:16:54.651+0000] {processor.py:839} INFO - DAG(s) dict_keys(['example_bash_operator']) retrieved from /home/airflow/.local/lib/python3.8/site-packages/airflow/example_dags/example_bash_operator.py
[2023-08-29T15:16:54.699+0000] {logging_mixin.py:151} INFO - [2023-08-29T15:16:54.698+0000] {dag.py:2907} INFO - Sync 1 DAGs
[2023-08-29T15:16:54.733+0000] {logging_mixin.py:151} INFO - [2023-08-29T15:16:54.733+0000] {dag.py:3677} INFO - Setting next_dagrun for example_bash_operator to 2023-08-29T00:00:00+00:00, run_after=2023-08-30T00:00:00+00:00
[2023-08-29T15:16:54.768+0000] {processor.py:179} INFO - Processing /home/airflow/.local/lib/python3.8/site-packages/airflow/example_dags/example_bash_operator.py took 0.138 seconds
[2023-08-29T15:17:25.107+0000] {processor.py:157} INFO - Started process (PID=6298) to work on /home/airflow/.local/lib/python3.8/site-packages/airflow/example_dags/example_bash_operator.py
[2023-08-29T15:17:25.109+0000] {processor.py:829} INFO - Processing file /home/airflow/.local/lib/python3.8/site-packages/airflow/example_dags/example_bash_operator.py for tasks to queue
[2023-08-29T15:17:25.110+0000] {logging_mixin.py:151} INFO - [2023-08-29T15:17:25.110+0000] {dagbag.py:539} INFO - Filling up the DagBag from /home/airflow/.local/lib/python3.8/site-packages/airflow/example_dags/example_bash_operator.py
[2023-08-29T15:17:25.125+0000] {processor.py:839} INFO - DAG(s) dict_keys(['example_bash_operator']) retrieved from /home/airflow/.local/lib/python3.8/site-packages/airflow/example_dags/example_bash_operator.py
[2023-08-29T15:17:25.164+0000] {logging_mixin.py:151} INFO - [2023-08-29T15:17:25.164+0000] {dag.py:2907} INFO - Sync 1 DAGs
[2023-08-29T15:17:25.198+0000] {logging_mixin.py:151} INFO - [2023-08-29T15:17:25.198+0000] {dag.py:3677} INFO - Setting next_dagrun for example_bash_operator to 2023-08-29T00:00:00+00:00, run_after=2023-08-30T00:00:00+00:00
[2023-08-29T15:17:25.234+0000] {processor.py:179} INFO - Processing /home/airflow/.local/lib/python3.8/site-packages/airflow/example_dags/example_bash_operator.py took 0.131 seconds
[2023-08-29T15:17:55.555+0000] {processor.py:157} INFO - Started process (PID=6536) to work on /home/airflow/.local/lib/python3.8/site-packages/airflow/example_dags/example_bash_operator.py
[2023-08-29T15:17:55.557+0000] {processor.py:829} INFO - Processing file /home/airflow/.local/lib/python3.8/site-packages/airflow/example_dags/example_bash_operator.py for tasks to queue
[2023-08-29T15:17:55.559+0000] {logging_mixin.py:151} INFO - [2023-08-29T15:17:55.558+0000] {dagbag.py:539} INFO - Filling up the DagBag from /home/airflow/.local/lib/python3.8/site-packages/airflow/example_dags/example_bash_operator.py
[2023-08-29T15:17:55.577+0000] {processor.py:839} INFO - DAG(s) dict_keys(['example_bash_operator']) retrieved from /home/airflow/.local/lib/python3.8/site-packages/airflow/example_dags/example_bash_operator.py
[2023-08-29T15:17:55.629+0000] {logging_mixin.py:151} INFO - [2023-08-29T15:17:55.628+0000] {dag.py:2907} INFO - Sync 1 DAGs
[2023-08-29T15:17:55.665+0000] {logging_mixin.py:151} INFO - [2023-08-29T15:17:55.665+0000] {dag.py:3677} INFO - Setting next_dagrun for example_bash_operator to 2023-08-29T00:00:00+00:00, run_after=2023-08-30T00:00:00+00:00
[2023-08-29T15:17:55.697+0000] {processor.py:179} INFO - Processing /home/airflow/.local/lib/python3.8/site-packages/airflow/example_dags/example_bash_operator.py took 0.149 seconds
[2023-08-29T15:18:26.731+0000] {processor.py:157} INFO - Started process (PID=6781) to work on /home/airflow/.local/lib/python3.8/site-packages/airflow/example_dags/example_bash_operator.py
[2023-08-29T15:18:26.733+0000] {processor.py:829} INFO - Processing file /home/airflow/.local/lib/python3.8/site-packages/airflow/example_dags/example_bash_operator.py for tasks to queue
[2023-08-29T15:18:26.736+0000] {logging_mixin.py:151} INFO - [2023-08-29T15:18:26.735+0000] {dagbag.py:539} INFO - Filling up the DagBag from /home/airflow/.local/lib/python3.8/site-packages/airflow/example_dags/example_bash_operator.py
[2023-08-29T15:18:26.756+0000] {processor.py:839} INFO - DAG(s) dict_keys(['example_bash_operator']) retrieved from /home/airflow/.local/lib/python3.8/site-packages/airflow/example_dags/example_bash_operator.py
[2023-08-29T15:18:26.817+0000] {logging_mixin.py:151} INFO - [2023-08-29T15:18:26.817+0000] {dag.py:2907} INFO - Sync 1 DAGs
[2023-08-29T15:18:26.843+0000] {logging_mixin.py:151} INFO - [2023-08-29T15:18:26.843+0000] {dag.py:3677} INFO - Setting next_dagrun for example_bash_operator to 2023-08-29T00:00:00+00:00, run_after=2023-08-30T00:00:00+00:00
[2023-08-29T15:18:26.876+0000] {processor.py:179} INFO - Processing /home/airflow/.local/lib/python3.8/site-packages/airflow/example_dags/example_bash_operator.py took 0.150 seconds
[2023-08-29T15:18:56.940+0000] {processor.py:157} INFO - Started process (PID=7016) to work on /home/airflow/.local/lib/python3.8/site-packages/airflow/example_dags/example_bash_operator.py
[2023-08-29T15:18:56.941+0000] {processor.py:829} INFO - Processing file /home/airflow/.local/lib/python3.8/site-packages/airflow/example_dags/example_bash_operator.py for tasks to queue
[2023-08-29T15:18:56.943+0000] {logging_mixin.py:151} INFO - [2023-08-29T15:18:56.943+0000] {dagbag.py:539} INFO - Filling up the DagBag from /home/airflow/.local/lib/python3.8/site-packages/airflow/example_dags/example_bash_operator.py
[2023-08-29T15:18:56.957+0000] {processor.py:839} INFO - DAG(s) dict_keys(['example_bash_operator']) retrieved from /home/airflow/.local/lib/python3.8/site-packages/airflow/example_dags/example_bash_operator.py
[2023-08-29T15:18:56.991+0000] {logging_mixin.py:151} INFO - [2023-08-29T15:18:56.990+0000] {dag.py:2907} INFO - Sync 1 DAGs
[2023-08-29T15:18:57.018+0000] {logging_mixin.py:151} INFO - [2023-08-29T15:18:57.017+0000] {dag.py:3677} INFO - Setting next_dagrun for example_bash_operator to 2023-08-29T00:00:00+00:00, run_after=2023-08-30T00:00:00+00:00
[2023-08-29T15:18:57.051+0000] {processor.py:179} INFO - Processing /home/airflow/.local/lib/python3.8/site-packages/airflow/example_dags/example_bash_operator.py took 0.113 seconds
[2023-08-29T15:19:27.800+0000] {processor.py:157} INFO - Started process (PID=7254) to work on /home/airflow/.local/lib/python3.8/site-packages/airflow/example_dags/example_bash_operator.py
[2023-08-29T15:19:27.801+0000] {processor.py:829} INFO - Processing file /home/airflow/.local/lib/python3.8/site-packages/airflow/example_dags/example_bash_operator.py for tasks to queue
[2023-08-29T15:19:27.803+0000] {logging_mixin.py:151} INFO - [2023-08-29T15:19:27.803+0000] {dagbag.py:539} INFO - Filling up the DagBag from /home/airflow/.local/lib/python3.8/site-packages/airflow/example_dags/example_bash_operator.py
[2023-08-29T15:19:27.812+0000] {processor.py:839} INFO - DAG(s) dict_keys(['example_bash_operator']) retrieved from /home/airflow/.local/lib/python3.8/site-packages/airflow/example_dags/example_bash_operator.py
[2023-08-29T15:19:27.844+0000] {logging_mixin.py:151} INFO - [2023-08-29T15:19:27.844+0000] {dag.py:2907} INFO - Sync 1 DAGs
[2023-08-29T15:19:27.869+0000] {logging_mixin.py:151} INFO - [2023-08-29T15:19:27.869+0000] {dag.py:3677} INFO - Setting next_dagrun for example_bash_operator to 2023-08-29T00:00:00+00:00, run_after=2023-08-30T00:00:00+00:00
[2023-08-29T15:19:27.905+0000] {processor.py:179} INFO - Processing /home/airflow/.local/lib/python3.8/site-packages/airflow/example_dags/example_bash_operator.py took 0.108 seconds
[2023-08-29T15:19:58.667+0000] {processor.py:157} INFO - Started process (PID=7495) to work on /home/airflow/.local/lib/python3.8/site-packages/airflow/example_dags/example_bash_operator.py
[2023-08-29T15:19:58.669+0000] {processor.py:829} INFO - Processing file /home/airflow/.local/lib/python3.8/site-packages/airflow/example_dags/example_bash_operator.py for tasks to queue
[2023-08-29T15:19:58.670+0000] {logging_mixin.py:151} INFO - [2023-08-29T15:19:58.669+0000] {dagbag.py:539} INFO - Filling up the DagBag from /home/airflow/.local/lib/python3.8/site-packages/airflow/example_dags/example_bash_operator.py
[2023-08-29T15:19:58.683+0000] {processor.py:839} INFO - DAG(s) dict_keys(['example_bash_operator']) retrieved from /home/airflow/.local/lib/python3.8/site-packages/airflow/example_dags/example_bash_operator.py
[2023-08-29T15:19:58.715+0000] {logging_mixin.py:151} INFO - [2023-08-29T15:19:58.715+0000] {dag.py:2907} INFO - Sync 1 DAGs
[2023-08-29T15:19:58.742+0000] {logging_mixin.py:151} INFO - [2023-08-29T15:19:58.741+0000] {dag.py:3677} INFO - Setting next_dagrun for example_bash_operator to 2023-08-29T00:00:00+00:00, run_after=2023-08-30T00:00:00+00:00
[2023-08-29T15:19:58.779+0000] {processor.py:179} INFO - Processing /home/airflow/.local/lib/python3.8/site-packages/airflow/example_dags/example_bash_operator.py took 0.115 seconds
[2023-08-29T15:20:29.108+0000] {processor.py:157} INFO - Started process (PID=7733) to work on /home/airflow/.local/lib/python3.8/site-packages/airflow/example_dags/example_bash_operator.py
[2023-08-29T15:20:29.109+0000] {processor.py:829} INFO - Processing file /home/airflow/.local/lib/python3.8/site-packages/airflow/example_dags/example_bash_operator.py for tasks to queue
[2023-08-29T15:20:29.111+0000] {logging_mixin.py:151} INFO - [2023-08-29T15:20:29.110+0000] {dagbag.py:539} INFO - Filling up the DagBag from /home/airflow/.local/lib/python3.8/site-packages/airflow/example_dags/example_bash_operator.py
[2023-08-29T15:20:29.120+0000] {processor.py:839} INFO - DAG(s) dict_keys(['example_bash_operator']) retrieved from /home/airflow/.local/lib/python3.8/site-packages/airflow/example_dags/example_bash_operator.py
[2023-08-29T15:20:29.152+0000] {logging_mixin.py:151} INFO - [2023-08-29T15:20:29.152+0000] {dag.py:2907} INFO - Sync 1 DAGs
[2023-08-29T15:20:29.177+0000] {logging_mixin.py:151} INFO - [2023-08-29T15:20:29.177+0000] {dag.py:3677} INFO - Setting next_dagrun for example_bash_operator to 2023-08-29T00:00:00+00:00, run_after=2023-08-30T00:00:00+00:00
[2023-08-29T15:20:29.213+0000] {processor.py:179} INFO - Processing /home/airflow/.local/lib/python3.8/site-packages/airflow/example_dags/example_bash_operator.py took 0.108 seconds
[2023-08-29T15:20:59.921+0000] {processor.py:157} INFO - Started process (PID=7971) to work on /home/airflow/.local/lib/python3.8/site-packages/airflow/example_dags/example_bash_operator.py
[2023-08-29T15:20:59.924+0000] {processor.py:829} INFO - Processing file /home/airflow/.local/lib/python3.8/site-packages/airflow/example_dags/example_bash_operator.py for tasks to queue
[2023-08-29T15:20:59.927+0000] {logging_mixin.py:151} INFO - [2023-08-29T15:20:59.926+0000] {dagbag.py:539} INFO - Filling up the DagBag from /home/airflow/.local/lib/python3.8/site-packages/airflow/example_dags/example_bash_operator.py
[2023-08-29T15:20:59.958+0000] {processor.py:839} INFO - DAG(s) dict_keys(['example_bash_operator']) retrieved from /home/airflow/.local/lib/python3.8/site-packages/airflow/example_dags/example_bash_operator.py
[2023-08-29T15:21:00.023+0000] {logging_mixin.py:151} INFO - [2023-08-29T15:21:00.023+0000] {dag.py:2907} INFO - Sync 1 DAGs
[2023-08-29T15:21:00.055+0000] {logging_mixin.py:151} INFO - [2023-08-29T15:21:00.054+0000] {dag.py:3677} INFO - Setting next_dagrun for example_bash_operator to 2023-08-29T00:00:00+00:00, run_after=2023-08-30T00:00:00+00:00
[2023-08-29T15:21:00.090+0000] {processor.py:179} INFO - Processing /home/airflow/.local/lib/python3.8/site-packages/airflow/example_dags/example_bash_operator.py took 0.180 seconds
[2023-08-29T15:21:31.111+0000] {processor.py:157} INFO - Started process (PID=8210) to work on /home/airflow/.local/lib/python3.8/site-packages/airflow/example_dags/example_bash_operator.py
[2023-08-29T15:21:31.113+0000] {processor.py:829} INFO - Processing file /home/airflow/.local/lib/python3.8/site-packages/airflow/example_dags/example_bash_operator.py for tasks to queue
[2023-08-29T15:21:31.114+0000] {logging_mixin.py:151} INFO - [2023-08-29T15:21:31.114+0000] {dagbag.py:539} INFO - Filling up the DagBag from /home/airflow/.local/lib/python3.8/site-packages/airflow/example_dags/example_bash_operator.py
[2023-08-29T15:21:31.125+0000] {processor.py:839} INFO - DAG(s) dict_keys(['example_bash_operator']) retrieved from /home/airflow/.local/lib/python3.8/site-packages/airflow/example_dags/example_bash_operator.py
[2023-08-29T15:21:31.158+0000] {logging_mixin.py:151} INFO - [2023-08-29T15:21:31.157+0000] {dag.py:2907} INFO - Sync 1 DAGs
[2023-08-29T15:21:31.185+0000] {logging_mixin.py:151} INFO - [2023-08-29T15:21:31.185+0000] {dag.py:3677} INFO - Setting next_dagrun for example_bash_operator to 2023-08-29T00:00:00+00:00, run_after=2023-08-30T00:00:00+00:00
[2023-08-29T15:21:31.213+0000] {processor.py:179} INFO - Processing /home/airflow/.local/lib/python3.8/site-packages/airflow/example_dags/example_bash_operator.py took 0.105 seconds
