[2023-08-29T15:04:36.516+0000] {processor.py:157} INFO - Started process (PID=214) to work on /home/airflow/.local/lib/python3.8/site-packages/airflow/example_dags/example_dynamic_task_mapping_with_no_taskflow_operators.py
[2023-08-29T15:04:36.518+0000] {processor.py:829} INFO - Processing file /home/airflow/.local/lib/python3.8/site-packages/airflow/example_dags/example_dynamic_task_mapping_with_no_taskflow_operators.py for tasks to queue
[2023-08-29T15:04:36.519+0000] {logging_mixin.py:151} INFO - [2023-08-29T15:04:36.519+0000] {dagbag.py:539} INFO - Filling up the DagBag from /home/airflow/.local/lib/python3.8/site-packages/airflow/example_dags/example_dynamic_task_mapping_with_no_taskflow_operators.py
[2023-08-29T15:04:36.533+0000] {processor.py:839} INFO - DAG(s) dict_keys(['example_dynamic_task_mapping_with_no_taskflow_operators']) retrieved from /home/airflow/.local/lib/python3.8/site-packages/airflow/example_dags/example_dynamic_task_mapping_with_no_taskflow_operators.py
[2023-08-29T15:04:36.554+0000] {logging_mixin.py:151} INFO - [2023-08-29T15:04:36.553+0000] {dag.py:2907} INFO - Sync 1 DAGs
[2023-08-29T15:04:36.584+0000] {logging_mixin.py:151} INFO - [2023-08-29T15:04:36.584+0000] {dag.py:3677} INFO - Setting next_dagrun for example_dynamic_task_mapping_with_no_taskflow_operators to 2023-08-28T15:04:36.584248+00:00, run_after=2023-08-29T15:04:36.584248+00:00
[2023-08-29T15:04:36.619+0000] {processor.py:179} INFO - Processing /home/airflow/.local/lib/python3.8/site-packages/airflow/example_dags/example_dynamic_task_mapping_with_no_taskflow_operators.py took 0.106 seconds
[2023-08-29T15:05:07.106+0000] {processor.py:157} INFO - Started process (PID=447) to work on /home/airflow/.local/lib/python3.8/site-packages/airflow/example_dags/example_dynamic_task_mapping_with_no_taskflow_operators.py
[2023-08-29T15:05:07.108+0000] {processor.py:829} INFO - Processing file /home/airflow/.local/lib/python3.8/site-packages/airflow/example_dags/example_dynamic_task_mapping_with_no_taskflow_operators.py for tasks to queue
[2023-08-29T15:05:07.109+0000] {logging_mixin.py:151} INFO - [2023-08-29T15:05:07.109+0000] {dagbag.py:539} INFO - Filling up the DagBag from /home/airflow/.local/lib/python3.8/site-packages/airflow/example_dags/example_dynamic_task_mapping_with_no_taskflow_operators.py
[2023-08-29T15:05:07.116+0000] {processor.py:839} INFO - DAG(s) dict_keys(['example_dynamic_task_mapping_with_no_taskflow_operators']) retrieved from /home/airflow/.local/lib/python3.8/site-packages/airflow/example_dags/example_dynamic_task_mapping_with_no_taskflow_operators.py
[2023-08-29T15:05:07.141+0000] {logging_mixin.py:151} INFO - [2023-08-29T15:05:07.141+0000] {dag.py:2907} INFO - Sync 1 DAGs
[2023-08-29T15:05:07.169+0000] {logging_mixin.py:151} INFO - [2023-08-29T15:05:07.168+0000] {dag.py:3677} INFO - Setting next_dagrun for example_dynamic_task_mapping_with_no_taskflow_operators to 2023-08-28T15:05:07.168385+00:00, run_after=2023-08-29T15:05:07.168385+00:00
[2023-08-29T15:05:07.202+0000] {processor.py:179} INFO - Processing /home/airflow/.local/lib/python3.8/site-packages/airflow/example_dags/example_dynamic_task_mapping_with_no_taskflow_operators.py took 0.099 seconds
[2023-08-29T15:05:37.965+0000] {processor.py:157} INFO - Started process (PID=685) to work on /home/airflow/.local/lib/python3.8/site-packages/airflow/example_dags/example_dynamic_task_mapping_with_no_taskflow_operators.py
[2023-08-29T15:05:37.967+0000] {processor.py:829} INFO - Processing file /home/airflow/.local/lib/python3.8/site-packages/airflow/example_dags/example_dynamic_task_mapping_with_no_taskflow_operators.py for tasks to queue
[2023-08-29T15:05:37.968+0000] {logging_mixin.py:151} INFO - [2023-08-29T15:05:37.968+0000] {dagbag.py:539} INFO - Filling up the DagBag from /home/airflow/.local/lib/python3.8/site-packages/airflow/example_dags/example_dynamic_task_mapping_with_no_taskflow_operators.py
[2023-08-29T15:05:37.976+0000] {processor.py:839} INFO - DAG(s) dict_keys(['example_dynamic_task_mapping_with_no_taskflow_operators']) retrieved from /home/airflow/.local/lib/python3.8/site-packages/airflow/example_dags/example_dynamic_task_mapping_with_no_taskflow_operators.py
[2023-08-29T15:05:38.000+0000] {logging_mixin.py:151} INFO - [2023-08-29T15:05:38.000+0000] {dag.py:2907} INFO - Sync 1 DAGs
[2023-08-29T15:05:38.175+0000] {logging_mixin.py:151} INFO - [2023-08-29T15:05:38.174+0000] {dag.py:3677} INFO - Setting next_dagrun for example_dynamic_task_mapping_with_no_taskflow_operators to 2023-08-28T15:05:38.174615+00:00, run_after=2023-08-29T15:05:38.174615+00:00
[2023-08-29T15:05:38.204+0000] {processor.py:179} INFO - Processing /home/airflow/.local/lib/python3.8/site-packages/airflow/example_dags/example_dynamic_task_mapping_with_no_taskflow_operators.py took 0.243 seconds
[2023-08-29T15:06:09.150+0000] {processor.py:157} INFO - Started process (PID=925) to work on /home/airflow/.local/lib/python3.8/site-packages/airflow/example_dags/example_dynamic_task_mapping_with_no_taskflow_operators.py
[2023-08-29T15:06:09.151+0000] {processor.py:829} INFO - Processing file /home/airflow/.local/lib/python3.8/site-packages/airflow/example_dags/example_dynamic_task_mapping_with_no_taskflow_operators.py for tasks to queue
[2023-08-29T15:06:09.152+0000] {logging_mixin.py:151} INFO - [2023-08-29T15:06:09.152+0000] {dagbag.py:539} INFO - Filling up the DagBag from /home/airflow/.local/lib/python3.8/site-packages/airflow/example_dags/example_dynamic_task_mapping_with_no_taskflow_operators.py
[2023-08-29T15:06:09.160+0000] {processor.py:839} INFO - DAG(s) dict_keys(['example_dynamic_task_mapping_with_no_taskflow_operators']) retrieved from /home/airflow/.local/lib/python3.8/site-packages/airflow/example_dags/example_dynamic_task_mapping_with_no_taskflow_operators.py
[2023-08-29T15:06:09.180+0000] {logging_mixin.py:151} INFO - [2023-08-29T15:06:09.180+0000] {dag.py:2907} INFO - Sync 1 DAGs
[2023-08-29T15:06:09.203+0000] {logging_mixin.py:151} INFO - [2023-08-29T15:06:09.203+0000] {dag.py:3677} INFO - Setting next_dagrun for example_dynamic_task_mapping_with_no_taskflow_operators to 2023-08-28T15:06:09.203163+00:00, run_after=2023-08-29T15:06:09.203163+00:00
[2023-08-29T15:06:09.230+0000] {processor.py:179} INFO - Processing /home/airflow/.local/lib/python3.8/site-packages/airflow/example_dags/example_dynamic_task_mapping_with_no_taskflow_operators.py took 0.082 seconds
[2023-08-29T15:06:39.540+0000] {processor.py:157} INFO - Started process (PID=1161) to work on /home/airflow/.local/lib/python3.8/site-packages/airflow/example_dags/example_dynamic_task_mapping_with_no_taskflow_operators.py
[2023-08-29T15:06:39.542+0000] {processor.py:829} INFO - Processing file /home/airflow/.local/lib/python3.8/site-packages/airflow/example_dags/example_dynamic_task_mapping_with_no_taskflow_operators.py for tasks to queue
[2023-08-29T15:06:39.543+0000] {logging_mixin.py:151} INFO - [2023-08-29T15:06:39.543+0000] {dagbag.py:539} INFO - Filling up the DagBag from /home/airflow/.local/lib/python3.8/site-packages/airflow/example_dags/example_dynamic_task_mapping_with_no_taskflow_operators.py
[2023-08-29T15:06:39.551+0000] {processor.py:839} INFO - DAG(s) dict_keys(['example_dynamic_task_mapping_with_no_taskflow_operators']) retrieved from /home/airflow/.local/lib/python3.8/site-packages/airflow/example_dags/example_dynamic_task_mapping_with_no_taskflow_operators.py
[2023-08-29T15:06:39.575+0000] {logging_mixin.py:151} INFO - [2023-08-29T15:06:39.575+0000] {dag.py:2907} INFO - Sync 1 DAGs
[2023-08-29T15:06:39.599+0000] {logging_mixin.py:151} INFO - [2023-08-29T15:06:39.599+0000] {dag.py:3677} INFO - Setting next_dagrun for example_dynamic_task_mapping_with_no_taskflow_operators to 2023-08-28T15:06:39.599278+00:00, run_after=2023-08-29T15:06:39.599278+00:00
[2023-08-29T15:06:39.629+0000] {processor.py:179} INFO - Processing /home/airflow/.local/lib/python3.8/site-packages/airflow/example_dags/example_dynamic_task_mapping_with_no_taskflow_operators.py took 0.092 seconds
[2023-08-29T15:07:09.974+0000] {processor.py:157} INFO - Started process (PID=1399) to work on /home/airflow/.local/lib/python3.8/site-packages/airflow/example_dags/example_dynamic_task_mapping_with_no_taskflow_operators.py
[2023-08-29T15:07:09.975+0000] {processor.py:829} INFO - Processing file /home/airflow/.local/lib/python3.8/site-packages/airflow/example_dags/example_dynamic_task_mapping_with_no_taskflow_operators.py for tasks to queue
[2023-08-29T15:07:09.976+0000] {logging_mixin.py:151} INFO - [2023-08-29T15:07:09.976+0000] {dagbag.py:539} INFO - Filling up the DagBag from /home/airflow/.local/lib/python3.8/site-packages/airflow/example_dags/example_dynamic_task_mapping_with_no_taskflow_operators.py
[2023-08-29T15:07:09.982+0000] {processor.py:839} INFO - DAG(s) dict_keys(['example_dynamic_task_mapping_with_no_taskflow_operators']) retrieved from /home/airflow/.local/lib/python3.8/site-packages/airflow/example_dags/example_dynamic_task_mapping_with_no_taskflow_operators.py
[2023-08-29T15:07:10.002+0000] {logging_mixin.py:151} INFO - [2023-08-29T15:07:10.002+0000] {dag.py:2907} INFO - Sync 1 DAGs
[2023-08-29T15:07:10.023+0000] {logging_mixin.py:151} INFO - [2023-08-29T15:07:10.023+0000] {dag.py:3677} INFO - Setting next_dagrun for example_dynamic_task_mapping_with_no_taskflow_operators to 2023-08-28T15:07:10.023071+00:00, run_after=2023-08-29T15:07:10.023071+00:00
[2023-08-29T15:07:10.049+0000] {processor.py:179} INFO - Processing /home/airflow/.local/lib/python3.8/site-packages/airflow/example_dags/example_dynamic_task_mapping_with_no_taskflow_operators.py took 0.078 seconds
[2023-08-29T15:07:40.594+0000] {processor.py:157} INFO - Started process (PID=1637) to work on /home/airflow/.local/lib/python3.8/site-packages/airflow/example_dags/example_dynamic_task_mapping_with_no_taskflow_operators.py
[2023-08-29T15:07:40.595+0000] {processor.py:829} INFO - Processing file /home/airflow/.local/lib/python3.8/site-packages/airflow/example_dags/example_dynamic_task_mapping_with_no_taskflow_operators.py for tasks to queue
[2023-08-29T15:07:40.597+0000] {logging_mixin.py:151} INFO - [2023-08-29T15:07:40.597+0000] {dagbag.py:539} INFO - Filling up the DagBag from /home/airflow/.local/lib/python3.8/site-packages/airflow/example_dags/example_dynamic_task_mapping_with_no_taskflow_operators.py
[2023-08-29T15:07:40.605+0000] {processor.py:839} INFO - DAG(s) dict_keys(['example_dynamic_task_mapping_with_no_taskflow_operators']) retrieved from /home/airflow/.local/lib/python3.8/site-packages/airflow/example_dags/example_dynamic_task_mapping_with_no_taskflow_operators.py
[2023-08-29T15:07:40.631+0000] {logging_mixin.py:151} INFO - [2023-08-29T15:07:40.630+0000] {dag.py:2907} INFO - Sync 1 DAGs
[2023-08-29T15:07:40.654+0000] {logging_mixin.py:151} INFO - [2023-08-29T15:07:40.654+0000] {dag.py:3677} INFO - Setting next_dagrun for example_dynamic_task_mapping_with_no_taskflow_operators to 2023-08-28T15:07:40.654172+00:00, run_after=2023-08-29T15:07:40.654172+00:00
[2023-08-29T15:07:40.685+0000] {processor.py:179} INFO - Processing /home/airflow/.local/lib/python3.8/site-packages/airflow/example_dags/example_dynamic_task_mapping_with_no_taskflow_operators.py took 0.093 seconds
[2023-08-29T15:08:11.452+0000] {processor.py:157} INFO - Started process (PID=1877) to work on /home/airflow/.local/lib/python3.8/site-packages/airflow/example_dags/example_dynamic_task_mapping_with_no_taskflow_operators.py
[2023-08-29T15:08:11.454+0000] {processor.py:829} INFO - Processing file /home/airflow/.local/lib/python3.8/site-packages/airflow/example_dags/example_dynamic_task_mapping_with_no_taskflow_operators.py for tasks to queue
[2023-08-29T15:08:11.455+0000] {logging_mixin.py:151} INFO - [2023-08-29T15:08:11.455+0000] {dagbag.py:539} INFO - Filling up the DagBag from /home/airflow/.local/lib/python3.8/site-packages/airflow/example_dags/example_dynamic_task_mapping_with_no_taskflow_operators.py
[2023-08-29T15:08:11.462+0000] {processor.py:839} INFO - DAG(s) dict_keys(['example_dynamic_task_mapping_with_no_taskflow_operators']) retrieved from /home/airflow/.local/lib/python3.8/site-packages/airflow/example_dags/example_dynamic_task_mapping_with_no_taskflow_operators.py
[2023-08-29T15:08:11.483+0000] {logging_mixin.py:151} INFO - [2023-08-29T15:08:11.483+0000] {dag.py:2907} INFO - Sync 1 DAGs
[2023-08-29T15:08:11.510+0000] {logging_mixin.py:151} INFO - [2023-08-29T15:08:11.510+0000] {dag.py:3677} INFO - Setting next_dagrun for example_dynamic_task_mapping_with_no_taskflow_operators to 2023-08-28T15:08:11.510399+00:00, run_after=2023-08-29T15:08:11.510399+00:00
[2023-08-29T15:08:11.536+0000] {processor.py:179} INFO - Processing /home/airflow/.local/lib/python3.8/site-packages/airflow/example_dags/example_dynamic_task_mapping_with_no_taskflow_operators.py took 0.086 seconds
[2023-08-29T15:08:41.668+0000] {processor.py:157} INFO - Started process (PID=2115) to work on /home/airflow/.local/lib/python3.8/site-packages/airflow/example_dags/example_dynamic_task_mapping_with_no_taskflow_operators.py
[2023-08-29T15:08:41.670+0000] {processor.py:829} INFO - Processing file /home/airflow/.local/lib/python3.8/site-packages/airflow/example_dags/example_dynamic_task_mapping_with_no_taskflow_operators.py for tasks to queue
[2023-08-29T15:08:41.671+0000] {logging_mixin.py:151} INFO - [2023-08-29T15:08:41.671+0000] {dagbag.py:539} INFO - Filling up the DagBag from /home/airflow/.local/lib/python3.8/site-packages/airflow/example_dags/example_dynamic_task_mapping_with_no_taskflow_operators.py
[2023-08-29T15:08:41.678+0000] {processor.py:839} INFO - DAG(s) dict_keys(['example_dynamic_task_mapping_with_no_taskflow_operators']) retrieved from /home/airflow/.local/lib/python3.8/site-packages/airflow/example_dags/example_dynamic_task_mapping_with_no_taskflow_operators.py
[2023-08-29T15:08:41.703+0000] {logging_mixin.py:151} INFO - [2023-08-29T15:08:41.702+0000] {dag.py:2907} INFO - Sync 1 DAGs
[2023-08-29T15:08:41.727+0000] {logging_mixin.py:151} INFO - [2023-08-29T15:08:41.727+0000] {dag.py:3677} INFO - Setting next_dagrun for example_dynamic_task_mapping_with_no_taskflow_operators to 2023-08-28T15:08:41.727076+00:00, run_after=2023-08-29T15:08:41.727076+00:00
[2023-08-29T15:08:41.756+0000] {processor.py:179} INFO - Processing /home/airflow/.local/lib/python3.8/site-packages/airflow/example_dags/example_dynamic_task_mapping_with_no_taskflow_operators.py took 0.090 seconds
[2023-08-29T15:09:11.979+0000] {processor.py:157} INFO - Started process (PID=2353) to work on /home/airflow/.local/lib/python3.8/site-packages/airflow/example_dags/example_dynamic_task_mapping_with_no_taskflow_operators.py
[2023-08-29T15:09:11.980+0000] {processor.py:829} INFO - Processing file /home/airflow/.local/lib/python3.8/site-packages/airflow/example_dags/example_dynamic_task_mapping_with_no_taskflow_operators.py for tasks to queue
[2023-08-29T15:09:11.981+0000] {logging_mixin.py:151} INFO - [2023-08-29T15:09:11.981+0000] {dagbag.py:539} INFO - Filling up the DagBag from /home/airflow/.local/lib/python3.8/site-packages/airflow/example_dags/example_dynamic_task_mapping_with_no_taskflow_operators.py
[2023-08-29T15:09:11.988+0000] {processor.py:839} INFO - DAG(s) dict_keys(['example_dynamic_task_mapping_with_no_taskflow_operators']) retrieved from /home/airflow/.local/lib/python3.8/site-packages/airflow/example_dags/example_dynamic_task_mapping_with_no_taskflow_operators.py
[2023-08-29T15:09:12.010+0000] {logging_mixin.py:151} INFO - [2023-08-29T15:09:12.010+0000] {dag.py:2907} INFO - Sync 1 DAGs
[2023-08-29T15:09:12.033+0000] {logging_mixin.py:151} INFO - [2023-08-29T15:09:12.033+0000] {dag.py:3677} INFO - Setting next_dagrun for example_dynamic_task_mapping_with_no_taskflow_operators to 2023-08-28T15:09:12.033544+00:00, run_after=2023-08-29T15:09:12.033544+00:00
[2023-08-29T15:09:12.062+0000] {processor.py:179} INFO - Processing /home/airflow/.local/lib/python3.8/site-packages/airflow/example_dags/example_dynamic_task_mapping_with_no_taskflow_operators.py took 0.086 seconds
[2023-08-29T15:09:42.127+0000] {processor.py:157} INFO - Started process (PID=2591) to work on /home/airflow/.local/lib/python3.8/site-packages/airflow/example_dags/example_dynamic_task_mapping_with_no_taskflow_operators.py
[2023-08-29T15:09:42.129+0000] {processor.py:829} INFO - Processing file /home/airflow/.local/lib/python3.8/site-packages/airflow/example_dags/example_dynamic_task_mapping_with_no_taskflow_operators.py for tasks to queue
[2023-08-29T15:09:42.130+0000] {logging_mixin.py:151} INFO - [2023-08-29T15:09:42.130+0000] {dagbag.py:539} INFO - Filling up the DagBag from /home/airflow/.local/lib/python3.8/site-packages/airflow/example_dags/example_dynamic_task_mapping_with_no_taskflow_operators.py
[2023-08-29T15:09:42.136+0000] {processor.py:839} INFO - DAG(s) dict_keys(['example_dynamic_task_mapping_with_no_taskflow_operators']) retrieved from /home/airflow/.local/lib/python3.8/site-packages/airflow/example_dags/example_dynamic_task_mapping_with_no_taskflow_operators.py
[2023-08-29T15:09:42.161+0000] {logging_mixin.py:151} INFO - [2023-08-29T15:09:42.160+0000] {dag.py:2907} INFO - Sync 1 DAGs
[2023-08-29T15:09:42.185+0000] {logging_mixin.py:151} INFO - [2023-08-29T15:09:42.185+0000] {dag.py:3677} INFO - Setting next_dagrun for example_dynamic_task_mapping_with_no_taskflow_operators to 2023-08-28T15:09:42.185478+00:00, run_after=2023-08-29T15:09:42.185478+00:00
[2023-08-29T15:09:42.214+0000] {processor.py:179} INFO - Processing /home/airflow/.local/lib/python3.8/site-packages/airflow/example_dags/example_dynamic_task_mapping_with_no_taskflow_operators.py took 0.090 seconds
[2023-08-29T15:10:12.475+0000] {processor.py:157} INFO - Started process (PID=2827) to work on /home/airflow/.local/lib/python3.8/site-packages/airflow/example_dags/example_dynamic_task_mapping_with_no_taskflow_operators.py
[2023-08-29T15:10:12.477+0000] {processor.py:829} INFO - Processing file /home/airflow/.local/lib/python3.8/site-packages/airflow/example_dags/example_dynamic_task_mapping_with_no_taskflow_operators.py for tasks to queue
[2023-08-29T15:10:12.478+0000] {logging_mixin.py:151} INFO - [2023-08-29T15:10:12.478+0000] {dagbag.py:539} INFO - Filling up the DagBag from /home/airflow/.local/lib/python3.8/site-packages/airflow/example_dags/example_dynamic_task_mapping_with_no_taskflow_operators.py
[2023-08-29T15:10:12.485+0000] {processor.py:839} INFO - DAG(s) dict_keys(['example_dynamic_task_mapping_with_no_taskflow_operators']) retrieved from /home/airflow/.local/lib/python3.8/site-packages/airflow/example_dags/example_dynamic_task_mapping_with_no_taskflow_operators.py
[2023-08-29T15:10:12.508+0000] {logging_mixin.py:151} INFO - [2023-08-29T15:10:12.508+0000] {dag.py:2907} INFO - Sync 1 DAGs
[2023-08-29T15:10:12.531+0000] {logging_mixin.py:151} INFO - [2023-08-29T15:10:12.531+0000] {dag.py:3677} INFO - Setting next_dagrun for example_dynamic_task_mapping_with_no_taskflow_operators to 2023-08-28T15:10:12.531260+00:00, run_after=2023-08-29T15:10:12.531260+00:00
[2023-08-29T15:10:12.560+0000] {processor.py:179} INFO - Processing /home/airflow/.local/lib/python3.8/site-packages/airflow/example_dags/example_dynamic_task_mapping_with_no_taskflow_operators.py took 0.087 seconds
[2023-08-29T15:10:42.796+0000] {processor.py:157} INFO - Started process (PID=3065) to work on /home/airflow/.local/lib/python3.8/site-packages/airflow/example_dags/example_dynamic_task_mapping_with_no_taskflow_operators.py
[2023-08-29T15:10:42.798+0000] {processor.py:829} INFO - Processing file /home/airflow/.local/lib/python3.8/site-packages/airflow/example_dags/example_dynamic_task_mapping_with_no_taskflow_operators.py for tasks to queue
[2023-08-29T15:10:42.799+0000] {logging_mixin.py:151} INFO - [2023-08-29T15:10:42.798+0000] {dagbag.py:539} INFO - Filling up the DagBag from /home/airflow/.local/lib/python3.8/site-packages/airflow/example_dags/example_dynamic_task_mapping_with_no_taskflow_operators.py
[2023-08-29T15:10:42.805+0000] {processor.py:839} INFO - DAG(s) dict_keys(['example_dynamic_task_mapping_with_no_taskflow_operators']) retrieved from /home/airflow/.local/lib/python3.8/site-packages/airflow/example_dags/example_dynamic_task_mapping_with_no_taskflow_operators.py
[2023-08-29T15:10:42.828+0000] {logging_mixin.py:151} INFO - [2023-08-29T15:10:42.828+0000] {dag.py:2907} INFO - Sync 1 DAGs
[2023-08-29T15:10:42.852+0000] {logging_mixin.py:151} INFO - [2023-08-29T15:10:42.852+0000] {dag.py:3677} INFO - Setting next_dagrun for example_dynamic_task_mapping_with_no_taskflow_operators to 2023-08-28T15:10:42.852035+00:00, run_after=2023-08-29T15:10:42.852035+00:00
[2023-08-29T15:10:42.878+0000] {processor.py:179} INFO - Processing /home/airflow/.local/lib/python3.8/site-packages/airflow/example_dags/example_dynamic_task_mapping_with_no_taskflow_operators.py took 0.084 seconds
[2023-08-29T15:11:13.449+0000] {processor.py:157} INFO - Started process (PID=3327) to work on /home/airflow/.local/lib/python3.8/site-packages/airflow/example_dags/example_dynamic_task_mapping_with_no_taskflow_operators.py
[2023-08-29T15:11:13.450+0000] {processor.py:829} INFO - Processing file /home/airflow/.local/lib/python3.8/site-packages/airflow/example_dags/example_dynamic_task_mapping_with_no_taskflow_operators.py for tasks to queue
[2023-08-29T15:11:13.452+0000] {logging_mixin.py:151} INFO - [2023-08-29T15:11:13.451+0000] {dagbag.py:539} INFO - Filling up the DagBag from /home/airflow/.local/lib/python3.8/site-packages/airflow/example_dags/example_dynamic_task_mapping_with_no_taskflow_operators.py
[2023-08-29T15:11:13.459+0000] {processor.py:839} INFO - DAG(s) dict_keys(['example_dynamic_task_mapping_with_no_taskflow_operators']) retrieved from /home/airflow/.local/lib/python3.8/site-packages/airflow/example_dags/example_dynamic_task_mapping_with_no_taskflow_operators.py
[2023-08-29T15:11:13.480+0000] {logging_mixin.py:151} INFO - [2023-08-29T15:11:13.480+0000] {dag.py:2907} INFO - Sync 1 DAGs
[2023-08-29T15:11:13.504+0000] {logging_mixin.py:151} INFO - [2023-08-29T15:11:13.504+0000] {dag.py:3677} INFO - Setting next_dagrun for example_dynamic_task_mapping_with_no_taskflow_operators to 2023-08-28T15:11:13.504344+00:00, run_after=2023-08-29T15:11:13.504344+00:00
[2023-08-29T15:11:13.530+0000] {processor.py:179} INFO - Processing /home/airflow/.local/lib/python3.8/site-packages/airflow/example_dags/example_dynamic_task_mapping_with_no_taskflow_operators.py took 0.084 seconds
[2023-08-29T15:11:43.965+0000] {processor.py:157} INFO - Started process (PID=3565) to work on /home/airflow/.local/lib/python3.8/site-packages/airflow/example_dags/example_dynamic_task_mapping_with_no_taskflow_operators.py
[2023-08-29T15:11:43.966+0000] {processor.py:829} INFO - Processing file /home/airflow/.local/lib/python3.8/site-packages/airflow/example_dags/example_dynamic_task_mapping_with_no_taskflow_operators.py for tasks to queue
[2023-08-29T15:11:43.968+0000] {logging_mixin.py:151} INFO - [2023-08-29T15:11:43.968+0000] {dagbag.py:539} INFO - Filling up the DagBag from /home/airflow/.local/lib/python3.8/site-packages/airflow/example_dags/example_dynamic_task_mapping_with_no_taskflow_operators.py
[2023-08-29T15:11:43.976+0000] {processor.py:839} INFO - DAG(s) dict_keys(['example_dynamic_task_mapping_with_no_taskflow_operators']) retrieved from /home/airflow/.local/lib/python3.8/site-packages/airflow/example_dags/example_dynamic_task_mapping_with_no_taskflow_operators.py
[2023-08-29T15:11:43.999+0000] {logging_mixin.py:151} INFO - [2023-08-29T15:11:43.998+0000] {dag.py:2907} INFO - Sync 1 DAGs
[2023-08-29T15:11:44.022+0000] {logging_mixin.py:151} INFO - [2023-08-29T15:11:44.021+0000] {dag.py:3677} INFO - Setting next_dagrun for example_dynamic_task_mapping_with_no_taskflow_operators to 2023-08-28T15:11:44.021523+00:00, run_after=2023-08-29T15:11:44.021523+00:00
[2023-08-29T15:11:44.048+0000] {processor.py:179} INFO - Processing /home/airflow/.local/lib/python3.8/site-packages/airflow/example_dags/example_dynamic_task_mapping_with_no_taskflow_operators.py took 0.087 seconds
[2023-08-29T15:12:14.501+0000] {processor.py:157} INFO - Started process (PID=3805) to work on /home/airflow/.local/lib/python3.8/site-packages/airflow/example_dags/example_dynamic_task_mapping_with_no_taskflow_operators.py
[2023-08-29T15:12:14.502+0000] {processor.py:829} INFO - Processing file /home/airflow/.local/lib/python3.8/site-packages/airflow/example_dags/example_dynamic_task_mapping_with_no_taskflow_operators.py for tasks to queue
[2023-08-29T15:12:14.503+0000] {logging_mixin.py:151} INFO - [2023-08-29T15:12:14.503+0000] {dagbag.py:539} INFO - Filling up the DagBag from /home/airflow/.local/lib/python3.8/site-packages/airflow/example_dags/example_dynamic_task_mapping_with_no_taskflow_operators.py
[2023-08-29T15:12:14.510+0000] {processor.py:839} INFO - DAG(s) dict_keys(['example_dynamic_task_mapping_with_no_taskflow_operators']) retrieved from /home/airflow/.local/lib/python3.8/site-packages/airflow/example_dags/example_dynamic_task_mapping_with_no_taskflow_operators.py
[2023-08-29T15:12:14.533+0000] {logging_mixin.py:151} INFO - [2023-08-29T15:12:14.533+0000] {dag.py:2907} INFO - Sync 1 DAGs
[2023-08-29T15:12:14.558+0000] {logging_mixin.py:151} INFO - [2023-08-29T15:12:14.558+0000] {dag.py:3677} INFO - Setting next_dagrun for example_dynamic_task_mapping_with_no_taskflow_operators to 2023-08-28T15:12:14.558071+00:00, run_after=2023-08-29T15:12:14.558071+00:00
[2023-08-29T15:12:14.587+0000] {processor.py:179} INFO - Processing /home/airflow/.local/lib/python3.8/site-packages/airflow/example_dags/example_dynamic_task_mapping_with_no_taskflow_operators.py took 0.088 seconds
[2023-08-29T15:12:44.833+0000] {processor.py:157} INFO - Started process (PID=4043) to work on /home/airflow/.local/lib/python3.8/site-packages/airflow/example_dags/example_dynamic_task_mapping_with_no_taskflow_operators.py
[2023-08-29T15:12:44.834+0000] {processor.py:829} INFO - Processing file /home/airflow/.local/lib/python3.8/site-packages/airflow/example_dags/example_dynamic_task_mapping_with_no_taskflow_operators.py for tasks to queue
[2023-08-29T15:12:44.836+0000] {logging_mixin.py:151} INFO - [2023-08-29T15:12:44.835+0000] {dagbag.py:539} INFO - Filling up the DagBag from /home/airflow/.local/lib/python3.8/site-packages/airflow/example_dags/example_dynamic_task_mapping_with_no_taskflow_operators.py
[2023-08-29T15:12:44.843+0000] {processor.py:839} INFO - DAG(s) dict_keys(['example_dynamic_task_mapping_with_no_taskflow_operators']) retrieved from /home/airflow/.local/lib/python3.8/site-packages/airflow/example_dags/example_dynamic_task_mapping_with_no_taskflow_operators.py
[2023-08-29T15:12:44.867+0000] {logging_mixin.py:151} INFO - [2023-08-29T15:12:44.867+0000] {dag.py:2907} INFO - Sync 1 DAGs
[2023-08-29T15:12:44.890+0000] {logging_mixin.py:151} INFO - [2023-08-29T15:12:44.890+0000] {dag.py:3677} INFO - Setting next_dagrun for example_dynamic_task_mapping_with_no_taskflow_operators to 2023-08-28T15:12:44.890188+00:00, run_after=2023-08-29T15:12:44.890188+00:00
[2023-08-29T15:12:44.917+0000] {processor.py:179} INFO - Processing /home/airflow/.local/lib/python3.8/site-packages/airflow/example_dags/example_dynamic_task_mapping_with_no_taskflow_operators.py took 0.086 seconds
[2023-08-29T15:13:15.226+0000] {processor.py:157} INFO - Started process (PID=4279) to work on /home/airflow/.local/lib/python3.8/site-packages/airflow/example_dags/example_dynamic_task_mapping_with_no_taskflow_operators.py
[2023-08-29T15:13:15.228+0000] {processor.py:829} INFO - Processing file /home/airflow/.local/lib/python3.8/site-packages/airflow/example_dags/example_dynamic_task_mapping_with_no_taskflow_operators.py for tasks to queue
[2023-08-29T15:13:15.229+0000] {logging_mixin.py:151} INFO - [2023-08-29T15:13:15.229+0000] {dagbag.py:539} INFO - Filling up the DagBag from /home/airflow/.local/lib/python3.8/site-packages/airflow/example_dags/example_dynamic_task_mapping_with_no_taskflow_operators.py
[2023-08-29T15:13:15.237+0000] {processor.py:839} INFO - DAG(s) dict_keys(['example_dynamic_task_mapping_with_no_taskflow_operators']) retrieved from /home/airflow/.local/lib/python3.8/site-packages/airflow/example_dags/example_dynamic_task_mapping_with_no_taskflow_operators.py
[2023-08-29T15:13:15.259+0000] {logging_mixin.py:151} INFO - [2023-08-29T15:13:15.259+0000] {dag.py:2907} INFO - Sync 1 DAGs
[2023-08-29T15:13:15.283+0000] {logging_mixin.py:151} INFO - [2023-08-29T15:13:15.283+0000] {dag.py:3677} INFO - Setting next_dagrun for example_dynamic_task_mapping_with_no_taskflow_operators to 2023-08-28T15:13:15.283076+00:00, run_after=2023-08-29T15:13:15.283076+00:00
[2023-08-29T15:13:15.310+0000] {processor.py:179} INFO - Processing /home/airflow/.local/lib/python3.8/site-packages/airflow/example_dags/example_dynamic_task_mapping_with_no_taskflow_operators.py took 0.086 seconds
[2023-08-29T15:13:45.836+0000] {processor.py:157} INFO - Started process (PID=4519) to work on /home/airflow/.local/lib/python3.8/site-packages/airflow/example_dags/example_dynamic_task_mapping_with_no_taskflow_operators.py
[2023-08-29T15:13:45.837+0000] {processor.py:829} INFO - Processing file /home/airflow/.local/lib/python3.8/site-packages/airflow/example_dags/example_dynamic_task_mapping_with_no_taskflow_operators.py for tasks to queue
[2023-08-29T15:13:45.838+0000] {logging_mixin.py:151} INFO - [2023-08-29T15:13:45.838+0000] {dagbag.py:539} INFO - Filling up the DagBag from /home/airflow/.local/lib/python3.8/site-packages/airflow/example_dags/example_dynamic_task_mapping_with_no_taskflow_operators.py
[2023-08-29T15:13:45.845+0000] {processor.py:839} INFO - DAG(s) dict_keys(['example_dynamic_task_mapping_with_no_taskflow_operators']) retrieved from /home/airflow/.local/lib/python3.8/site-packages/airflow/example_dags/example_dynamic_task_mapping_with_no_taskflow_operators.py
[2023-08-29T15:13:45.869+0000] {logging_mixin.py:151} INFO - [2023-08-29T15:13:45.868+0000] {dag.py:2907} INFO - Sync 1 DAGs
[2023-08-29T15:13:45.893+0000] {logging_mixin.py:151} INFO - [2023-08-29T15:13:45.892+0000] {dag.py:3677} INFO - Setting next_dagrun for example_dynamic_task_mapping_with_no_taskflow_operators to 2023-08-28T15:13:45.892593+00:00, run_after=2023-08-29T15:13:45.892593+00:00
[2023-08-29T15:13:45.920+0000] {processor.py:179} INFO - Processing /home/airflow/.local/lib/python3.8/site-packages/airflow/example_dags/example_dynamic_task_mapping_with_no_taskflow_operators.py took 0.087 seconds
[2023-08-29T15:14:15.997+0000] {processor.py:157} INFO - Started process (PID=4755) to work on /home/airflow/.local/lib/python3.8/site-packages/airflow/example_dags/example_dynamic_task_mapping_with_no_taskflow_operators.py
[2023-08-29T15:14:15.998+0000] {processor.py:829} INFO - Processing file /home/airflow/.local/lib/python3.8/site-packages/airflow/example_dags/example_dynamic_task_mapping_with_no_taskflow_operators.py for tasks to queue
[2023-08-29T15:14:15.999+0000] {logging_mixin.py:151} INFO - [2023-08-29T15:14:15.999+0000] {dagbag.py:539} INFO - Filling up the DagBag from /home/airflow/.local/lib/python3.8/site-packages/airflow/example_dags/example_dynamic_task_mapping_with_no_taskflow_operators.py
[2023-08-29T15:14:16.005+0000] {processor.py:839} INFO - DAG(s) dict_keys(['example_dynamic_task_mapping_with_no_taskflow_operators']) retrieved from /home/airflow/.local/lib/python3.8/site-packages/airflow/example_dags/example_dynamic_task_mapping_with_no_taskflow_operators.py
[2023-08-29T15:14:16.030+0000] {logging_mixin.py:151} INFO - [2023-08-29T15:14:16.029+0000] {dag.py:2907} INFO - Sync 1 DAGs
[2023-08-29T15:14:16.054+0000] {logging_mixin.py:151} INFO - [2023-08-29T15:14:16.054+0000] {dag.py:3677} INFO - Setting next_dagrun for example_dynamic_task_mapping_with_no_taskflow_operators to 2023-08-28T15:14:16.054184+00:00, run_after=2023-08-29T15:14:16.054184+00:00
[2023-08-29T15:14:16.081+0000] {processor.py:179} INFO - Processing /home/airflow/.local/lib/python3.8/site-packages/airflow/example_dags/example_dynamic_task_mapping_with_no_taskflow_operators.py took 0.087 seconds
[2023-08-29T15:14:46.726+0000] {processor.py:157} INFO - Started process (PID=4993) to work on /home/airflow/.local/lib/python3.8/site-packages/airflow/example_dags/example_dynamic_task_mapping_with_no_taskflow_operators.py
[2023-08-29T15:14:46.770+0000] {processor.py:829} INFO - Processing file /home/airflow/.local/lib/python3.8/site-packages/airflow/example_dags/example_dynamic_task_mapping_with_no_taskflow_operators.py for tasks to queue
[2023-08-29T15:14:46.772+0000] {logging_mixin.py:151} INFO - [2023-08-29T15:14:46.772+0000] {dagbag.py:539} INFO - Filling up the DagBag from /home/airflow/.local/lib/python3.8/site-packages/airflow/example_dags/example_dynamic_task_mapping_with_no_taskflow_operators.py
[2023-08-29T15:14:46.779+0000] {processor.py:839} INFO - DAG(s) dict_keys(['example_dynamic_task_mapping_with_no_taskflow_operators']) retrieved from /home/airflow/.local/lib/python3.8/site-packages/airflow/example_dags/example_dynamic_task_mapping_with_no_taskflow_operators.py
[2023-08-29T15:14:46.800+0000] {logging_mixin.py:151} INFO - [2023-08-29T15:14:46.800+0000] {dag.py:2907} INFO - Sync 1 DAGs
[2023-08-29T15:14:46.824+0000] {logging_mixin.py:151} INFO - [2023-08-29T15:14:46.824+0000] {dag.py:3677} INFO - Setting next_dagrun for example_dynamic_task_mapping_with_no_taskflow_operators to 2023-08-28T15:14:46.824231+00:00, run_after=2023-08-29T15:14:46.824231+00:00
[2023-08-29T15:14:46.858+0000] {processor.py:179} INFO - Processing /home/airflow/.local/lib/python3.8/site-packages/airflow/example_dags/example_dynamic_task_mapping_with_no_taskflow_operators.py took 0.135 seconds
[2023-08-29T15:15:17.060+0000] {processor.py:157} INFO - Started process (PID=5231) to work on /home/airflow/.local/lib/python3.8/site-packages/airflow/example_dags/example_dynamic_task_mapping_with_no_taskflow_operators.py
[2023-08-29T15:15:17.062+0000] {processor.py:829} INFO - Processing file /home/airflow/.local/lib/python3.8/site-packages/airflow/example_dags/example_dynamic_task_mapping_with_no_taskflow_operators.py for tasks to queue
[2023-08-29T15:15:17.063+0000] {logging_mixin.py:151} INFO - [2023-08-29T15:15:17.062+0000] {dagbag.py:539} INFO - Filling up the DagBag from /home/airflow/.local/lib/python3.8/site-packages/airflow/example_dags/example_dynamic_task_mapping_with_no_taskflow_operators.py
[2023-08-29T15:15:17.070+0000] {processor.py:839} INFO - DAG(s) dict_keys(['example_dynamic_task_mapping_with_no_taskflow_operators']) retrieved from /home/airflow/.local/lib/python3.8/site-packages/airflow/example_dags/example_dynamic_task_mapping_with_no_taskflow_operators.py
[2023-08-29T15:15:17.094+0000] {logging_mixin.py:151} INFO - [2023-08-29T15:15:17.093+0000] {dag.py:2907} INFO - Sync 1 DAGs
[2023-08-29T15:15:17.129+0000] {logging_mixin.py:151} INFO - [2023-08-29T15:15:17.129+0000] {dag.py:3677} INFO - Setting next_dagrun for example_dynamic_task_mapping_with_no_taskflow_operators to 2023-08-28T15:15:17.129269+00:00, run_after=2023-08-29T15:15:17.129269+00:00
[2023-08-29T15:15:17.170+0000] {processor.py:179} INFO - Processing /home/airflow/.local/lib/python3.8/site-packages/airflow/example_dags/example_dynamic_task_mapping_with_no_taskflow_operators.py took 0.113 seconds
[2023-08-29T15:15:47.940+0000] {processor.py:157} INFO - Started process (PID=5471) to work on /home/airflow/.local/lib/python3.8/site-packages/airflow/example_dags/example_dynamic_task_mapping_with_no_taskflow_operators.py
[2023-08-29T15:15:47.941+0000] {processor.py:829} INFO - Processing file /home/airflow/.local/lib/python3.8/site-packages/airflow/example_dags/example_dynamic_task_mapping_with_no_taskflow_operators.py for tasks to queue
[2023-08-29T15:15:47.943+0000] {logging_mixin.py:151} INFO - [2023-08-29T15:15:47.943+0000] {dagbag.py:539} INFO - Filling up the DagBag from /home/airflow/.local/lib/python3.8/site-packages/airflow/example_dags/example_dynamic_task_mapping_with_no_taskflow_operators.py
[2023-08-29T15:15:47.951+0000] {processor.py:839} INFO - DAG(s) dict_keys(['example_dynamic_task_mapping_with_no_taskflow_operators']) retrieved from /home/airflow/.local/lib/python3.8/site-packages/airflow/example_dags/example_dynamic_task_mapping_with_no_taskflow_operators.py
[2023-08-29T15:15:47.974+0000] {logging_mixin.py:151} INFO - [2023-08-29T15:15:47.974+0000] {dag.py:2907} INFO - Sync 1 DAGs
[2023-08-29T15:15:48.001+0000] {logging_mixin.py:151} INFO - [2023-08-29T15:15:48.000+0000] {dag.py:3677} INFO - Setting next_dagrun for example_dynamic_task_mapping_with_no_taskflow_operators to 2023-08-28T15:15:48.000561+00:00, run_after=2023-08-29T15:15:48.000561+00:00
[2023-08-29T15:15:48.029+0000] {processor.py:179} INFO - Processing /home/airflow/.local/lib/python3.8/site-packages/airflow/example_dags/example_dynamic_task_mapping_with_no_taskflow_operators.py took 0.092 seconds
[2023-08-29T15:16:18.444+0000] {processor.py:157} INFO - Started process (PID=5707) to work on /home/airflow/.local/lib/python3.8/site-packages/airflow/example_dags/example_dynamic_task_mapping_with_no_taskflow_operators.py
[2023-08-29T15:16:18.446+0000] {processor.py:829} INFO - Processing file /home/airflow/.local/lib/python3.8/site-packages/airflow/example_dags/example_dynamic_task_mapping_with_no_taskflow_operators.py for tasks to queue
[2023-08-29T15:16:18.449+0000] {logging_mixin.py:151} INFO - [2023-08-29T15:16:18.448+0000] {dagbag.py:539} INFO - Filling up the DagBag from /home/airflow/.local/lib/python3.8/site-packages/airflow/example_dags/example_dynamic_task_mapping_with_no_taskflow_operators.py
[2023-08-29T15:16:18.460+0000] {processor.py:839} INFO - DAG(s) dict_keys(['example_dynamic_task_mapping_with_no_taskflow_operators']) retrieved from /home/airflow/.local/lib/python3.8/site-packages/airflow/example_dags/example_dynamic_task_mapping_with_no_taskflow_operators.py
[2023-08-29T15:16:18.495+0000] {logging_mixin.py:151} INFO - [2023-08-29T15:16:18.494+0000] {dag.py:2907} INFO - Sync 1 DAGs
[2023-08-29T15:16:18.531+0000] {logging_mixin.py:151} INFO - [2023-08-29T15:16:18.531+0000] {dag.py:3677} INFO - Setting next_dagrun for example_dynamic_task_mapping_with_no_taskflow_operators to 2023-08-28T15:16:18.531201+00:00, run_after=2023-08-29T15:16:18.531201+00:00
[2023-08-29T15:16:18.575+0000] {processor.py:179} INFO - Processing /home/airflow/.local/lib/python3.8/site-packages/airflow/example_dags/example_dynamic_task_mapping_with_no_taskflow_operators.py took 0.134 seconds
[2023-08-29T15:16:48.989+0000] {processor.py:157} INFO - Started process (PID=5945) to work on /home/airflow/.local/lib/python3.8/site-packages/airflow/example_dags/example_dynamic_task_mapping_with_no_taskflow_operators.py
[2023-08-29T15:16:48.991+0000] {processor.py:829} INFO - Processing file /home/airflow/.local/lib/python3.8/site-packages/airflow/example_dags/example_dynamic_task_mapping_with_no_taskflow_operators.py for tasks to queue
[2023-08-29T15:16:48.993+0000] {logging_mixin.py:151} INFO - [2023-08-29T15:16:48.992+0000] {dagbag.py:539} INFO - Filling up the DagBag from /home/airflow/.local/lib/python3.8/site-packages/airflow/example_dags/example_dynamic_task_mapping_with_no_taskflow_operators.py
[2023-08-29T15:16:49.010+0000] {processor.py:839} INFO - DAG(s) dict_keys(['example_dynamic_task_mapping_with_no_taskflow_operators']) retrieved from /home/airflow/.local/lib/python3.8/site-packages/airflow/example_dags/example_dynamic_task_mapping_with_no_taskflow_operators.py
[2023-08-29T15:16:49.046+0000] {logging_mixin.py:151} INFO - [2023-08-29T15:16:49.045+0000] {dag.py:2907} INFO - Sync 1 DAGs
[2023-08-29T15:16:49.089+0000] {logging_mixin.py:151} INFO - [2023-08-29T15:16:49.089+0000] {dag.py:3677} INFO - Setting next_dagrun for example_dynamic_task_mapping_with_no_taskflow_operators to 2023-08-28T15:16:49.089180+00:00, run_after=2023-08-29T15:16:49.089180+00:00
[2023-08-29T15:16:49.128+0000] {processor.py:179} INFO - Processing /home/airflow/.local/lib/python3.8/site-packages/airflow/example_dags/example_dynamic_task_mapping_with_no_taskflow_operators.py took 0.143 seconds
[2023-08-29T15:17:19.174+0000] {processor.py:157} INFO - Started process (PID=6183) to work on /home/airflow/.local/lib/python3.8/site-packages/airflow/example_dags/example_dynamic_task_mapping_with_no_taskflow_operators.py
[2023-08-29T15:17:19.175+0000] {processor.py:829} INFO - Processing file /home/airflow/.local/lib/python3.8/site-packages/airflow/example_dags/example_dynamic_task_mapping_with_no_taskflow_operators.py for tasks to queue
[2023-08-29T15:17:19.177+0000] {logging_mixin.py:151} INFO - [2023-08-29T15:17:19.176+0000] {dagbag.py:539} INFO - Filling up the DagBag from /home/airflow/.local/lib/python3.8/site-packages/airflow/example_dags/example_dynamic_task_mapping_with_no_taskflow_operators.py
[2023-08-29T15:17:19.182+0000] {processor.py:839} INFO - DAG(s) dict_keys(['example_dynamic_task_mapping_with_no_taskflow_operators']) retrieved from /home/airflow/.local/lib/python3.8/site-packages/airflow/example_dags/example_dynamic_task_mapping_with_no_taskflow_operators.py
[2023-08-29T15:17:19.208+0000] {logging_mixin.py:151} INFO - [2023-08-29T15:17:19.208+0000] {dag.py:2907} INFO - Sync 1 DAGs
[2023-08-29T15:17:19.232+0000] {logging_mixin.py:151} INFO - [2023-08-29T15:17:19.231+0000] {dag.py:3677} INFO - Setting next_dagrun for example_dynamic_task_mapping_with_no_taskflow_operators to 2023-08-28T15:17:19.231351+00:00, run_after=2023-08-29T15:17:19.231351+00:00
[2023-08-29T15:17:19.260+0000] {processor.py:179} INFO - Processing /home/airflow/.local/lib/python3.8/site-packages/airflow/example_dags/example_dynamic_task_mapping_with_no_taskflow_operators.py took 0.090 seconds
[2023-08-29T15:17:49.409+0000] {processor.py:157} INFO - Started process (PID=6421) to work on /home/airflow/.local/lib/python3.8/site-packages/airflow/example_dags/example_dynamic_task_mapping_with_no_taskflow_operators.py
[2023-08-29T15:17:49.411+0000] {processor.py:829} INFO - Processing file /home/airflow/.local/lib/python3.8/site-packages/airflow/example_dags/example_dynamic_task_mapping_with_no_taskflow_operators.py for tasks to queue
[2023-08-29T15:17:49.412+0000] {logging_mixin.py:151} INFO - [2023-08-29T15:17:49.412+0000] {dagbag.py:539} INFO - Filling up the DagBag from /home/airflow/.local/lib/python3.8/site-packages/airflow/example_dags/example_dynamic_task_mapping_with_no_taskflow_operators.py
[2023-08-29T15:17:49.421+0000] {processor.py:839} INFO - DAG(s) dict_keys(['example_dynamic_task_mapping_with_no_taskflow_operators']) retrieved from /home/airflow/.local/lib/python3.8/site-packages/airflow/example_dags/example_dynamic_task_mapping_with_no_taskflow_operators.py
[2023-08-29T15:17:49.451+0000] {logging_mixin.py:151} INFO - [2023-08-29T15:17:49.450+0000] {dag.py:2907} INFO - Sync 1 DAGs
[2023-08-29T15:17:49.477+0000] {logging_mixin.py:151} INFO - [2023-08-29T15:17:49.477+0000] {dag.py:3677} INFO - Setting next_dagrun for example_dynamic_task_mapping_with_no_taskflow_operators to 2023-08-28T15:17:49.476960+00:00, run_after=2023-08-29T15:17:49.476960+00:00
[2023-08-29T15:17:49.512+0000] {processor.py:179} INFO - Processing /home/airflow/.local/lib/python3.8/site-packages/airflow/example_dags/example_dynamic_task_mapping_with_no_taskflow_operators.py took 0.106 seconds
[2023-08-29T15:18:19.644+0000] {processor.py:157} INFO - Started process (PID=6656) to work on /home/airflow/.local/lib/python3.8/site-packages/airflow/example_dags/example_dynamic_task_mapping_with_no_taskflow_operators.py
[2023-08-29T15:18:19.645+0000] {processor.py:829} INFO - Processing file /home/airflow/.local/lib/python3.8/site-packages/airflow/example_dags/example_dynamic_task_mapping_with_no_taskflow_operators.py for tasks to queue
[2023-08-29T15:18:19.646+0000] {logging_mixin.py:151} INFO - [2023-08-29T15:18:19.646+0000] {dagbag.py:539} INFO - Filling up the DagBag from /home/airflow/.local/lib/python3.8/site-packages/airflow/example_dags/example_dynamic_task_mapping_with_no_taskflow_operators.py
[2023-08-29T15:18:19.653+0000] {processor.py:839} INFO - DAG(s) dict_keys(['example_dynamic_task_mapping_with_no_taskflow_operators']) retrieved from /home/airflow/.local/lib/python3.8/site-packages/airflow/example_dags/example_dynamic_task_mapping_with_no_taskflow_operators.py
[2023-08-29T15:18:19.674+0000] {logging_mixin.py:151} INFO - [2023-08-29T15:18:19.674+0000] {dag.py:2907} INFO - Sync 1 DAGs
[2023-08-29T15:18:19.698+0000] {logging_mixin.py:151} INFO - [2023-08-29T15:18:19.698+0000] {dag.py:3677} INFO - Setting next_dagrun for example_dynamic_task_mapping_with_no_taskflow_operators to 2023-08-28T15:18:19.698187+00:00, run_after=2023-08-29T15:18:19.698187+00:00
[2023-08-29T15:18:19.724+0000] {processor.py:179} INFO - Processing /home/airflow/.local/lib/python3.8/site-packages/airflow/example_dags/example_dynamic_task_mapping_with_no_taskflow_operators.py took 0.083 seconds
[2023-08-29T15:18:49.962+0000] {processor.py:157} INFO - Started process (PID=6897) to work on /home/airflow/.local/lib/python3.8/site-packages/airflow/example_dags/example_dynamic_task_mapping_with_no_taskflow_operators.py
[2023-08-29T15:18:49.963+0000] {processor.py:829} INFO - Processing file /home/airflow/.local/lib/python3.8/site-packages/airflow/example_dags/example_dynamic_task_mapping_with_no_taskflow_operators.py for tasks to queue
[2023-08-29T15:18:49.965+0000] {logging_mixin.py:151} INFO - [2023-08-29T15:18:49.964+0000] {dagbag.py:539} INFO - Filling up the DagBag from /home/airflow/.local/lib/python3.8/site-packages/airflow/example_dags/example_dynamic_task_mapping_with_no_taskflow_operators.py
[2023-08-29T15:18:49.972+0000] {processor.py:839} INFO - DAG(s) dict_keys(['example_dynamic_task_mapping_with_no_taskflow_operators']) retrieved from /home/airflow/.local/lib/python3.8/site-packages/airflow/example_dags/example_dynamic_task_mapping_with_no_taskflow_operators.py
[2023-08-29T15:18:49.996+0000] {logging_mixin.py:151} INFO - [2023-08-29T15:18:49.995+0000] {dag.py:2907} INFO - Sync 1 DAGs
[2023-08-29T15:18:50.020+0000] {logging_mixin.py:151} INFO - [2023-08-29T15:18:50.020+0000] {dag.py:3677} INFO - Setting next_dagrun for example_dynamic_task_mapping_with_no_taskflow_operators to 2023-08-28T15:18:50.020144+00:00, run_after=2023-08-29T15:18:50.020144+00:00
[2023-08-29T15:18:50.055+0000] {processor.py:179} INFO - Processing /home/airflow/.local/lib/python3.8/site-packages/airflow/example_dags/example_dynamic_task_mapping_with_no_taskflow_operators.py took 0.095 seconds
[2023-08-29T15:19:20.241+0000] {processor.py:157} INFO - Started process (PID=7135) to work on /home/airflow/.local/lib/python3.8/site-packages/airflow/example_dags/example_dynamic_task_mapping_with_no_taskflow_operators.py
[2023-08-29T15:19:20.243+0000] {processor.py:829} INFO - Processing file /home/airflow/.local/lib/python3.8/site-packages/airflow/example_dags/example_dynamic_task_mapping_with_no_taskflow_operators.py for tasks to queue
[2023-08-29T15:19:20.244+0000] {logging_mixin.py:151} INFO - [2023-08-29T15:19:20.244+0000] {dagbag.py:539} INFO - Filling up the DagBag from /home/airflow/.local/lib/python3.8/site-packages/airflow/example_dags/example_dynamic_task_mapping_with_no_taskflow_operators.py
[2023-08-29T15:19:20.250+0000] {processor.py:839} INFO - DAG(s) dict_keys(['example_dynamic_task_mapping_with_no_taskflow_operators']) retrieved from /home/airflow/.local/lib/python3.8/site-packages/airflow/example_dags/example_dynamic_task_mapping_with_no_taskflow_operators.py
[2023-08-29T15:19:20.271+0000] {logging_mixin.py:151} INFO - [2023-08-29T15:19:20.271+0000] {dag.py:2907} INFO - Sync 1 DAGs
[2023-08-29T15:19:20.295+0000] {logging_mixin.py:151} INFO - [2023-08-29T15:19:20.295+0000] {dag.py:3677} INFO - Setting next_dagrun for example_dynamic_task_mapping_with_no_taskflow_operators to 2023-08-28T15:19:20.294982+00:00, run_after=2023-08-29T15:19:20.294982+00:00
[2023-08-29T15:19:20.323+0000] {processor.py:179} INFO - Processing /home/airflow/.local/lib/python3.8/site-packages/airflow/example_dags/example_dynamic_task_mapping_with_no_taskflow_operators.py took 0.085 seconds
[2023-08-29T15:19:50.846+0000] {processor.py:157} INFO - Started process (PID=7375) to work on /home/airflow/.local/lib/python3.8/site-packages/airflow/example_dags/example_dynamic_task_mapping_with_no_taskflow_operators.py
[2023-08-29T15:19:50.847+0000] {processor.py:829} INFO - Processing file /home/airflow/.local/lib/python3.8/site-packages/airflow/example_dags/example_dynamic_task_mapping_with_no_taskflow_operators.py for tasks to queue
[2023-08-29T15:19:50.849+0000] {logging_mixin.py:151} INFO - [2023-08-29T15:19:50.848+0000] {dagbag.py:539} INFO - Filling up the DagBag from /home/airflow/.local/lib/python3.8/site-packages/airflow/example_dags/example_dynamic_task_mapping_with_no_taskflow_operators.py
[2023-08-29T15:19:50.855+0000] {processor.py:839} INFO - DAG(s) dict_keys(['example_dynamic_task_mapping_with_no_taskflow_operators']) retrieved from /home/airflow/.local/lib/python3.8/site-packages/airflow/example_dags/example_dynamic_task_mapping_with_no_taskflow_operators.py
[2023-08-29T15:19:50.878+0000] {logging_mixin.py:151} INFO - [2023-08-29T15:19:50.878+0000] {dag.py:2907} INFO - Sync 1 DAGs
[2023-08-29T15:19:50.900+0000] {logging_mixin.py:151} INFO - [2023-08-29T15:19:50.900+0000] {dag.py:3677} INFO - Setting next_dagrun for example_dynamic_task_mapping_with_no_taskflow_operators to 2023-08-28T15:19:50.900451+00:00, run_after=2023-08-29T15:19:50.900451+00:00
[2023-08-29T15:19:50.927+0000] {processor.py:179} INFO - Processing /home/airflow/.local/lib/python3.8/site-packages/airflow/example_dags/example_dynamic_task_mapping_with_no_taskflow_operators.py took 0.083 seconds
[2023-08-29T15:20:21.562+0000] {processor.py:157} INFO - Started process (PID=7613) to work on /home/airflow/.local/lib/python3.8/site-packages/airflow/example_dags/example_dynamic_task_mapping_with_no_taskflow_operators.py
[2023-08-29T15:20:21.563+0000] {processor.py:829} INFO - Processing file /home/airflow/.local/lib/python3.8/site-packages/airflow/example_dags/example_dynamic_task_mapping_with_no_taskflow_operators.py for tasks to queue
[2023-08-29T15:20:21.565+0000] {logging_mixin.py:151} INFO - [2023-08-29T15:20:21.565+0000] {dagbag.py:539} INFO - Filling up the DagBag from /home/airflow/.local/lib/python3.8/site-packages/airflow/example_dags/example_dynamic_task_mapping_with_no_taskflow_operators.py
[2023-08-29T15:20:21.571+0000] {processor.py:839} INFO - DAG(s) dict_keys(['example_dynamic_task_mapping_with_no_taskflow_operators']) retrieved from /home/airflow/.local/lib/python3.8/site-packages/airflow/example_dags/example_dynamic_task_mapping_with_no_taskflow_operators.py
[2023-08-29T15:20:21.595+0000] {logging_mixin.py:151} INFO - [2023-08-29T15:20:21.595+0000] {dag.py:2907} INFO - Sync 1 DAGs
[2023-08-29T15:20:21.621+0000] {logging_mixin.py:151} INFO - [2023-08-29T15:20:21.620+0000] {dag.py:3677} INFO - Setting next_dagrun for example_dynamic_task_mapping_with_no_taskflow_operators to 2023-08-28T15:20:21.620574+00:00, run_after=2023-08-29T15:20:21.620574+00:00
[2023-08-29T15:20:21.649+0000] {processor.py:179} INFO - Processing /home/airflow/.local/lib/python3.8/site-packages/airflow/example_dags/example_dynamic_task_mapping_with_no_taskflow_operators.py took 0.090 seconds
[2023-08-29T15:20:52.018+0000] {processor.py:157} INFO - Started process (PID=7849) to work on /home/airflow/.local/lib/python3.8/site-packages/airflow/example_dags/example_dynamic_task_mapping_with_no_taskflow_operators.py
[2023-08-29T15:20:52.020+0000] {processor.py:829} INFO - Processing file /home/airflow/.local/lib/python3.8/site-packages/airflow/example_dags/example_dynamic_task_mapping_with_no_taskflow_operators.py for tasks to queue
[2023-08-29T15:20:52.021+0000] {logging_mixin.py:151} INFO - [2023-08-29T15:20:52.021+0000] {dagbag.py:539} INFO - Filling up the DagBag from /home/airflow/.local/lib/python3.8/site-packages/airflow/example_dags/example_dynamic_task_mapping_with_no_taskflow_operators.py
[2023-08-29T15:20:52.029+0000] {processor.py:839} INFO - DAG(s) dict_keys(['example_dynamic_task_mapping_with_no_taskflow_operators']) retrieved from /home/airflow/.local/lib/python3.8/site-packages/airflow/example_dags/example_dynamic_task_mapping_with_no_taskflow_operators.py
[2023-08-29T15:20:52.052+0000] {logging_mixin.py:151} INFO - [2023-08-29T15:20:52.052+0000] {dag.py:2907} INFO - Sync 1 DAGs
[2023-08-29T15:20:52.078+0000] {logging_mixin.py:151} INFO - [2023-08-29T15:20:52.078+0000] {dag.py:3677} INFO - Setting next_dagrun for example_dynamic_task_mapping_with_no_taskflow_operators to 2023-08-28T15:20:52.078220+00:00, run_after=2023-08-29T15:20:52.078220+00:00
[2023-08-29T15:20:52.109+0000] {processor.py:179} INFO - Processing /home/airflow/.local/lib/python3.8/site-packages/airflow/example_dags/example_dynamic_task_mapping_with_no_taskflow_operators.py took 0.095 seconds
[2023-08-29T15:21:22.292+0000] {processor.py:157} INFO - Started process (PID=8087) to work on /home/airflow/.local/lib/python3.8/site-packages/airflow/example_dags/example_dynamic_task_mapping_with_no_taskflow_operators.py
[2023-08-29T15:21:22.293+0000] {processor.py:829} INFO - Processing file /home/airflow/.local/lib/python3.8/site-packages/airflow/example_dags/example_dynamic_task_mapping_with_no_taskflow_operators.py for tasks to queue
[2023-08-29T15:21:22.295+0000] {logging_mixin.py:151} INFO - [2023-08-29T15:21:22.295+0000] {dagbag.py:539} INFO - Filling up the DagBag from /home/airflow/.local/lib/python3.8/site-packages/airflow/example_dags/example_dynamic_task_mapping_with_no_taskflow_operators.py
[2023-08-29T15:21:22.301+0000] {processor.py:839} INFO - DAG(s) dict_keys(['example_dynamic_task_mapping_with_no_taskflow_operators']) retrieved from /home/airflow/.local/lib/python3.8/site-packages/airflow/example_dags/example_dynamic_task_mapping_with_no_taskflow_operators.py
[2023-08-29T15:21:22.325+0000] {logging_mixin.py:151} INFO - [2023-08-29T15:21:22.325+0000] {dag.py:2907} INFO - Sync 1 DAGs
[2023-08-29T15:21:22.353+0000] {logging_mixin.py:151} INFO - [2023-08-29T15:21:22.352+0000] {dag.py:3677} INFO - Setting next_dagrun for example_dynamic_task_mapping_with_no_taskflow_operators to 2023-08-28T15:21:22.352604+00:00, run_after=2023-08-29T15:21:22.352604+00:00
[2023-08-29T15:21:22.382+0000] {processor.py:179} INFO - Processing /home/airflow/.local/lib/python3.8/site-packages/airflow/example_dags/example_dynamic_task_mapping_with_no_taskflow_operators.py took 0.092 seconds
[2023-08-29T15:21:52.592+0000] {processor.py:157} INFO - Started process (PID=8328) to work on /home/airflow/.local/lib/python3.8/site-packages/airflow/example_dags/example_dynamic_task_mapping_with_no_taskflow_operators.py
[2023-08-29T15:21:52.594+0000] {processor.py:829} INFO - Processing file /home/airflow/.local/lib/python3.8/site-packages/airflow/example_dags/example_dynamic_task_mapping_with_no_taskflow_operators.py for tasks to queue
[2023-08-29T15:21:52.596+0000] {logging_mixin.py:151} INFO - [2023-08-29T15:21:52.595+0000] {dagbag.py:539} INFO - Filling up the DagBag from /home/airflow/.local/lib/python3.8/site-packages/airflow/example_dags/example_dynamic_task_mapping_with_no_taskflow_operators.py
[2023-08-29T15:21:52.604+0000] {processor.py:839} INFO - DAG(s) dict_keys(['example_dynamic_task_mapping_with_no_taskflow_operators']) retrieved from /home/airflow/.local/lib/python3.8/site-packages/airflow/example_dags/example_dynamic_task_mapping_with_no_taskflow_operators.py
[2023-08-29T15:21:52.628+0000] {logging_mixin.py:151} INFO - [2023-08-29T15:21:52.628+0000] {dag.py:2907} INFO - Sync 1 DAGs
[2023-08-29T15:21:52.653+0000] {logging_mixin.py:151} INFO - [2023-08-29T15:21:52.652+0000] {dag.py:3677} INFO - Setting next_dagrun for example_dynamic_task_mapping_with_no_taskflow_operators to 2023-08-28T15:21:52.652652+00:00, run_after=2023-08-29T15:21:52.652652+00:00
[2023-08-29T15:21:52.680+0000] {processor.py:179} INFO - Processing /home/airflow/.local/lib/python3.8/site-packages/airflow/example_dags/example_dynamic_task_mapping_with_no_taskflow_operators.py took 0.091 seconds
