[2023-08-29T15:04:41.121+0000] {processor.py:157} INFO - Started process (PID=374) to work on /home/airflow/.local/lib/python3.8/site-packages/airflow/example_dags/example_external_task_marker_dag.py
[2023-08-29T15:04:41.123+0000] {processor.py:829} INFO - Processing file /home/airflow/.local/lib/python3.8/site-packages/airflow/example_dags/example_external_task_marker_dag.py for tasks to queue
[2023-08-29T15:04:41.126+0000] {logging_mixin.py:151} INFO - [2023-08-29T15:04:41.125+0000] {dagbag.py:539} INFO - Filling up the DagBag from /home/airflow/.local/lib/python3.8/site-packages/airflow/example_dags/example_external_task_marker_dag.py
[2023-08-29T15:04:41.133+0000] {processor.py:839} INFO - DAG(s) dict_keys(['example_external_task_marker_parent', 'example_external_task_marker_child']) retrieved from /home/airflow/.local/lib/python3.8/site-packages/airflow/example_dags/example_external_task_marker_dag.py
[2023-08-29T15:04:41.152+0000] {logging_mixin.py:151} INFO - [2023-08-29T15:04:41.152+0000] {dag.py:2907} INFO - Sync 2 DAGs
[2023-08-29T15:04:41.178+0000] {logging_mixin.py:151} INFO - [2023-08-29T15:04:41.178+0000] {dag.py:3677} INFO - Setting next_dagrun for example_external_task_marker_child to None, run_after=None
[2023-08-29T15:04:41.183+0000] {logging_mixin.py:151} INFO - [2023-08-29T15:04:41.183+0000] {dag.py:3677} INFO - Setting next_dagrun for example_external_task_marker_parent to None, run_after=None
[2023-08-29T15:04:41.231+0000] {processor.py:179} INFO - Processing /home/airflow/.local/lib/python3.8/site-packages/airflow/example_dags/example_external_task_marker_dag.py took 0.112 seconds
[2023-08-29T15:05:12.078+0000] {processor.py:157} INFO - Started process (PID=612) to work on /home/airflow/.local/lib/python3.8/site-packages/airflow/example_dags/example_external_task_marker_dag.py
[2023-08-29T15:05:12.079+0000] {processor.py:829} INFO - Processing file /home/airflow/.local/lib/python3.8/site-packages/airflow/example_dags/example_external_task_marker_dag.py for tasks to queue
[2023-08-29T15:05:12.080+0000] {logging_mixin.py:151} INFO - [2023-08-29T15:05:12.080+0000] {dagbag.py:539} INFO - Filling up the DagBag from /home/airflow/.local/lib/python3.8/site-packages/airflow/example_dags/example_external_task_marker_dag.py
[2023-08-29T15:05:12.087+0000] {processor.py:839} INFO - DAG(s) dict_keys(['example_external_task_marker_parent', 'example_external_task_marker_child']) retrieved from /home/airflow/.local/lib/python3.8/site-packages/airflow/example_dags/example_external_task_marker_dag.py
[2023-08-29T15:05:12.118+0000] {logging_mixin.py:151} INFO - [2023-08-29T15:05:12.118+0000] {dag.py:2907} INFO - Sync 2 DAGs
[2023-08-29T15:05:12.134+0000] {logging_mixin.py:151} INFO - [2023-08-29T15:05:12.134+0000] {dag.py:3677} INFO - Setting next_dagrun for example_external_task_marker_child to None, run_after=None
[2023-08-29T15:05:12.140+0000] {logging_mixin.py:151} INFO - [2023-08-29T15:05:12.140+0000] {dag.py:3677} INFO - Setting next_dagrun for example_external_task_marker_parent to None, run_after=None
[2023-08-29T15:05:12.170+0000] {processor.py:179} INFO - Processing /home/airflow/.local/lib/python3.8/site-packages/airflow/example_dags/example_external_task_marker_dag.py took 0.095 seconds
[2023-08-29T15:05:43.148+0000] {processor.py:157} INFO - Started process (PID=850) to work on /home/airflow/.local/lib/python3.8/site-packages/airflow/example_dags/example_external_task_marker_dag.py
[2023-08-29T15:05:43.150+0000] {processor.py:829} INFO - Processing file /home/airflow/.local/lib/python3.8/site-packages/airflow/example_dags/example_external_task_marker_dag.py for tasks to queue
[2023-08-29T15:05:43.151+0000] {logging_mixin.py:151} INFO - [2023-08-29T15:05:43.151+0000] {dagbag.py:539} INFO - Filling up the DagBag from /home/airflow/.local/lib/python3.8/site-packages/airflow/example_dags/example_external_task_marker_dag.py
[2023-08-29T15:05:43.157+0000] {processor.py:839} INFO - DAG(s) dict_keys(['example_external_task_marker_parent', 'example_external_task_marker_child']) retrieved from /home/airflow/.local/lib/python3.8/site-packages/airflow/example_dags/example_external_task_marker_dag.py
[2023-08-29T15:05:43.190+0000] {logging_mixin.py:151} INFO - [2023-08-29T15:05:43.189+0000] {dag.py:2907} INFO - Sync 2 DAGs
[2023-08-29T15:05:43.207+0000] {logging_mixin.py:151} INFO - [2023-08-29T15:05:43.206+0000] {dag.py:3677} INFO - Setting next_dagrun for example_external_task_marker_child to None, run_after=None
[2023-08-29T15:05:43.212+0000] {logging_mixin.py:151} INFO - [2023-08-29T15:05:43.212+0000] {dag.py:3677} INFO - Setting next_dagrun for example_external_task_marker_parent to None, run_after=None
[2023-08-29T15:05:43.240+0000] {processor.py:179} INFO - Processing /home/airflow/.local/lib/python3.8/site-packages/airflow/example_dags/example_external_task_marker_dag.py took 0.095 seconds
[2023-08-29T15:06:13.663+0000] {processor.py:157} INFO - Started process (PID=1088) to work on /home/airflow/.local/lib/python3.8/site-packages/airflow/example_dags/example_external_task_marker_dag.py
[2023-08-29T15:06:13.665+0000] {processor.py:829} INFO - Processing file /home/airflow/.local/lib/python3.8/site-packages/airflow/example_dags/example_external_task_marker_dag.py for tasks to queue
[2023-08-29T15:06:13.666+0000] {logging_mixin.py:151} INFO - [2023-08-29T15:06:13.666+0000] {dagbag.py:539} INFO - Filling up the DagBag from /home/airflow/.local/lib/python3.8/site-packages/airflow/example_dags/example_external_task_marker_dag.py
[2023-08-29T15:06:13.673+0000] {processor.py:839} INFO - DAG(s) dict_keys(['example_external_task_marker_child', 'example_external_task_marker_parent']) retrieved from /home/airflow/.local/lib/python3.8/site-packages/airflow/example_dags/example_external_task_marker_dag.py
[2023-08-29T15:06:13.704+0000] {logging_mixin.py:151} INFO - [2023-08-29T15:06:13.704+0000] {dag.py:2907} INFO - Sync 2 DAGs
[2023-08-29T15:06:13.719+0000] {logging_mixin.py:151} INFO - [2023-08-29T15:06:13.718+0000] {dag.py:3677} INFO - Setting next_dagrun for example_external_task_marker_child to None, run_after=None
[2023-08-29T15:06:13.725+0000] {logging_mixin.py:151} INFO - [2023-08-29T15:06:13.725+0000] {dag.py:3677} INFO - Setting next_dagrun for example_external_task_marker_parent to None, run_after=None
[2023-08-29T15:06:13.750+0000] {processor.py:179} INFO - Processing /home/airflow/.local/lib/python3.8/site-packages/airflow/example_dags/example_external_task_marker_dag.py took 0.091 seconds
[2023-08-29T15:06:44.109+0000] {processor.py:157} INFO - Started process (PID=1326) to work on /home/airflow/.local/lib/python3.8/site-packages/airflow/example_dags/example_external_task_marker_dag.py
[2023-08-29T15:06:44.111+0000] {processor.py:829} INFO - Processing file /home/airflow/.local/lib/python3.8/site-packages/airflow/example_dags/example_external_task_marker_dag.py for tasks to queue
[2023-08-29T15:06:44.113+0000] {logging_mixin.py:151} INFO - [2023-08-29T15:06:44.112+0000] {dagbag.py:539} INFO - Filling up the DagBag from /home/airflow/.local/lib/python3.8/site-packages/airflow/example_dags/example_external_task_marker_dag.py
[2023-08-29T15:06:44.119+0000] {processor.py:839} INFO - DAG(s) dict_keys(['example_external_task_marker_parent', 'example_external_task_marker_child']) retrieved from /home/airflow/.local/lib/python3.8/site-packages/airflow/example_dags/example_external_task_marker_dag.py
[2023-08-29T15:06:44.152+0000] {logging_mixin.py:151} INFO - [2023-08-29T15:06:44.151+0000] {dag.py:2907} INFO - Sync 2 DAGs
[2023-08-29T15:06:44.166+0000] {logging_mixin.py:151} INFO - [2023-08-29T15:06:44.165+0000] {dag.py:3677} INFO - Setting next_dagrun for example_external_task_marker_child to None, run_after=None
[2023-08-29T15:06:44.171+0000] {logging_mixin.py:151} INFO - [2023-08-29T15:06:44.171+0000] {dag.py:3677} INFO - Setting next_dagrun for example_external_task_marker_parent to None, run_after=None
[2023-08-29T15:06:44.196+0000] {processor.py:179} INFO - Processing /home/airflow/.local/lib/python3.8/site-packages/airflow/example_dags/example_external_task_marker_dag.py took 0.090 seconds
[2023-08-29T15:07:14.664+0000] {processor.py:157} INFO - Started process (PID=1564) to work on /home/airflow/.local/lib/python3.8/site-packages/airflow/example_dags/example_external_task_marker_dag.py
[2023-08-29T15:07:14.666+0000] {processor.py:829} INFO - Processing file /home/airflow/.local/lib/python3.8/site-packages/airflow/example_dags/example_external_task_marker_dag.py for tasks to queue
[2023-08-29T15:07:14.667+0000] {logging_mixin.py:151} INFO - [2023-08-29T15:07:14.667+0000] {dagbag.py:539} INFO - Filling up the DagBag from /home/airflow/.local/lib/python3.8/site-packages/airflow/example_dags/example_external_task_marker_dag.py
[2023-08-29T15:07:14.674+0000] {processor.py:839} INFO - DAG(s) dict_keys(['example_external_task_marker_parent', 'example_external_task_marker_child']) retrieved from /home/airflow/.local/lib/python3.8/site-packages/airflow/example_dags/example_external_task_marker_dag.py
[2023-08-29T15:07:14.709+0000] {logging_mixin.py:151} INFO - [2023-08-29T15:07:14.708+0000] {dag.py:2907} INFO - Sync 2 DAGs
[2023-08-29T15:07:14.728+0000] {logging_mixin.py:151} INFO - [2023-08-29T15:07:14.728+0000] {dag.py:3677} INFO - Setting next_dagrun for example_external_task_marker_child to None, run_after=None
[2023-08-29T15:07:14.734+0000] {logging_mixin.py:151} INFO - [2023-08-29T15:07:14.733+0000] {dag.py:3677} INFO - Setting next_dagrun for example_external_task_marker_parent to None, run_after=None
[2023-08-29T15:07:14.762+0000] {processor.py:179} INFO - Processing /home/airflow/.local/lib/python3.8/site-packages/airflow/example_dags/example_external_task_marker_dag.py took 0.101 seconds
[2023-08-29T15:07:45.482+0000] {processor.py:157} INFO - Started process (PID=1802) to work on /home/airflow/.local/lib/python3.8/site-packages/airflow/example_dags/example_external_task_marker_dag.py
[2023-08-29T15:07:45.484+0000] {processor.py:829} INFO - Processing file /home/airflow/.local/lib/python3.8/site-packages/airflow/example_dags/example_external_task_marker_dag.py for tasks to queue
[2023-08-29T15:07:45.485+0000] {logging_mixin.py:151} INFO - [2023-08-29T15:07:45.485+0000] {dagbag.py:539} INFO - Filling up the DagBag from /home/airflow/.local/lib/python3.8/site-packages/airflow/example_dags/example_external_task_marker_dag.py
[2023-08-29T15:07:45.493+0000] {processor.py:839} INFO - DAG(s) dict_keys(['example_external_task_marker_child', 'example_external_task_marker_parent']) retrieved from /home/airflow/.local/lib/python3.8/site-packages/airflow/example_dags/example_external_task_marker_dag.py
[2023-08-29T15:07:45.525+0000] {logging_mixin.py:151} INFO - [2023-08-29T15:07:45.525+0000] {dag.py:2907} INFO - Sync 2 DAGs
[2023-08-29T15:07:45.541+0000] {logging_mixin.py:151} INFO - [2023-08-29T15:07:45.540+0000] {dag.py:3677} INFO - Setting next_dagrun for example_external_task_marker_child to None, run_after=None
[2023-08-29T15:07:45.545+0000] {logging_mixin.py:151} INFO - [2023-08-29T15:07:45.545+0000] {dag.py:3677} INFO - Setting next_dagrun for example_external_task_marker_parent to None, run_after=None
[2023-08-29T15:07:45.575+0000] {processor.py:179} INFO - Processing /home/airflow/.local/lib/python3.8/site-packages/airflow/example_dags/example_external_task_marker_dag.py took 0.095 seconds
[2023-08-29T15:08:16.363+0000] {processor.py:157} INFO - Started process (PID=2040) to work on /home/airflow/.local/lib/python3.8/site-packages/airflow/example_dags/example_external_task_marker_dag.py
[2023-08-29T15:08:16.365+0000] {processor.py:829} INFO - Processing file /home/airflow/.local/lib/python3.8/site-packages/airflow/example_dags/example_external_task_marker_dag.py for tasks to queue
[2023-08-29T15:08:16.366+0000] {logging_mixin.py:151} INFO - [2023-08-29T15:08:16.366+0000] {dagbag.py:539} INFO - Filling up the DagBag from /home/airflow/.local/lib/python3.8/site-packages/airflow/example_dags/example_external_task_marker_dag.py
[2023-08-29T15:08:16.372+0000] {processor.py:839} INFO - DAG(s) dict_keys(['example_external_task_marker_parent', 'example_external_task_marker_child']) retrieved from /home/airflow/.local/lib/python3.8/site-packages/airflow/example_dags/example_external_task_marker_dag.py
[2023-08-29T15:08:16.405+0000] {logging_mixin.py:151} INFO - [2023-08-29T15:08:16.405+0000] {dag.py:2907} INFO - Sync 2 DAGs
[2023-08-29T15:08:16.420+0000] {logging_mixin.py:151} INFO - [2023-08-29T15:08:16.419+0000] {dag.py:3677} INFO - Setting next_dagrun for example_external_task_marker_child to None, run_after=None
[2023-08-29T15:08:16.425+0000] {logging_mixin.py:151} INFO - [2023-08-29T15:08:16.425+0000] {dag.py:3677} INFO - Setting next_dagrun for example_external_task_marker_parent to None, run_after=None
[2023-08-29T15:08:16.451+0000] {processor.py:179} INFO - Processing /home/airflow/.local/lib/python3.8/site-packages/airflow/example_dags/example_external_task_marker_dag.py took 0.091 seconds
[2023-08-29T15:08:46.864+0000] {processor.py:157} INFO - Started process (PID=2278) to work on /home/airflow/.local/lib/python3.8/site-packages/airflow/example_dags/example_external_task_marker_dag.py
[2023-08-29T15:08:46.866+0000] {processor.py:829} INFO - Processing file /home/airflow/.local/lib/python3.8/site-packages/airflow/example_dags/example_external_task_marker_dag.py for tasks to queue
[2023-08-29T15:08:46.868+0000] {logging_mixin.py:151} INFO - [2023-08-29T15:08:46.867+0000] {dagbag.py:539} INFO - Filling up the DagBag from /home/airflow/.local/lib/python3.8/site-packages/airflow/example_dags/example_external_task_marker_dag.py
[2023-08-29T15:08:46.873+0000] {processor.py:839} INFO - DAG(s) dict_keys(['example_external_task_marker_parent', 'example_external_task_marker_child']) retrieved from /home/airflow/.local/lib/python3.8/site-packages/airflow/example_dags/example_external_task_marker_dag.py
[2023-08-29T15:08:46.907+0000] {logging_mixin.py:151} INFO - [2023-08-29T15:08:46.907+0000] {dag.py:2907} INFO - Sync 2 DAGs
[2023-08-29T15:08:46.926+0000] {logging_mixin.py:151} INFO - [2023-08-29T15:08:46.925+0000] {dag.py:3677} INFO - Setting next_dagrun for example_external_task_marker_child to None, run_after=None
[2023-08-29T15:08:46.932+0000] {logging_mixin.py:151} INFO - [2023-08-29T15:08:46.932+0000] {dag.py:3677} INFO - Setting next_dagrun for example_external_task_marker_parent to None, run_after=None
[2023-08-29T15:08:46.963+0000] {processor.py:179} INFO - Processing /home/airflow/.local/lib/python3.8/site-packages/airflow/example_dags/example_external_task_marker_dag.py took 0.102 seconds
[2023-08-29T15:09:17.886+0000] {processor.py:157} INFO - Started process (PID=2516) to work on /home/airflow/.local/lib/python3.8/site-packages/airflow/example_dags/example_external_task_marker_dag.py
[2023-08-29T15:09:17.887+0000] {processor.py:829} INFO - Processing file /home/airflow/.local/lib/python3.8/site-packages/airflow/example_dags/example_external_task_marker_dag.py for tasks to queue
[2023-08-29T15:09:17.889+0000] {logging_mixin.py:151} INFO - [2023-08-29T15:09:17.888+0000] {dagbag.py:539} INFO - Filling up the DagBag from /home/airflow/.local/lib/python3.8/site-packages/airflow/example_dags/example_external_task_marker_dag.py
[2023-08-29T15:09:17.895+0000] {processor.py:839} INFO - DAG(s) dict_keys(['example_external_task_marker_child', 'example_external_task_marker_parent']) retrieved from /home/airflow/.local/lib/python3.8/site-packages/airflow/example_dags/example_external_task_marker_dag.py
[2023-08-29T15:09:17.925+0000] {logging_mixin.py:151} INFO - [2023-08-29T15:09:17.925+0000] {dag.py:2907} INFO - Sync 2 DAGs
[2023-08-29T15:09:17.939+0000] {logging_mixin.py:151} INFO - [2023-08-29T15:09:17.939+0000] {dag.py:3677} INFO - Setting next_dagrun for example_external_task_marker_child to None, run_after=None
[2023-08-29T15:09:17.944+0000] {logging_mixin.py:151} INFO - [2023-08-29T15:09:17.944+0000] {dag.py:3677} INFO - Setting next_dagrun for example_external_task_marker_parent to None, run_after=None
[2023-08-29T15:09:17.969+0000] {processor.py:179} INFO - Processing /home/airflow/.local/lib/python3.8/site-packages/airflow/example_dags/example_external_task_marker_dag.py took 0.086 seconds
[2023-08-29T15:09:48.625+0000] {processor.py:157} INFO - Started process (PID=2754) to work on /home/airflow/.local/lib/python3.8/site-packages/airflow/example_dags/example_external_task_marker_dag.py
[2023-08-29T15:09:48.627+0000] {processor.py:829} INFO - Processing file /home/airflow/.local/lib/python3.8/site-packages/airflow/example_dags/example_external_task_marker_dag.py for tasks to queue
[2023-08-29T15:09:48.628+0000] {logging_mixin.py:151} INFO - [2023-08-29T15:09:48.628+0000] {dagbag.py:539} INFO - Filling up the DagBag from /home/airflow/.local/lib/python3.8/site-packages/airflow/example_dags/example_external_task_marker_dag.py
[2023-08-29T15:09:48.637+0000] {processor.py:839} INFO - DAG(s) dict_keys(['example_external_task_marker_parent', 'example_external_task_marker_child']) retrieved from /home/airflow/.local/lib/python3.8/site-packages/airflow/example_dags/example_external_task_marker_dag.py
[2023-08-29T15:09:48.671+0000] {logging_mixin.py:151} INFO - [2023-08-29T15:09:48.670+0000] {dag.py:2907} INFO - Sync 2 DAGs
[2023-08-29T15:09:48.688+0000] {logging_mixin.py:151} INFO - [2023-08-29T15:09:48.688+0000] {dag.py:3677} INFO - Setting next_dagrun for example_external_task_marker_child to None, run_after=None
[2023-08-29T15:09:48.695+0000] {logging_mixin.py:151} INFO - [2023-08-29T15:09:48.694+0000] {dag.py:3677} INFO - Setting next_dagrun for example_external_task_marker_parent to None, run_after=None
[2023-08-29T15:09:48.723+0000] {processor.py:179} INFO - Processing /home/airflow/.local/lib/python3.8/site-packages/airflow/example_dags/example_external_task_marker_dag.py took 0.100 seconds
[2023-08-29T15:10:19.009+0000] {processor.py:157} INFO - Started process (PID=2992) to work on /home/airflow/.local/lib/python3.8/site-packages/airflow/example_dags/example_external_task_marker_dag.py
[2023-08-29T15:10:19.010+0000] {processor.py:829} INFO - Processing file /home/airflow/.local/lib/python3.8/site-packages/airflow/example_dags/example_external_task_marker_dag.py for tasks to queue
[2023-08-29T15:10:19.012+0000] {logging_mixin.py:151} INFO - [2023-08-29T15:10:19.011+0000] {dagbag.py:539} INFO - Filling up the DagBag from /home/airflow/.local/lib/python3.8/site-packages/airflow/example_dags/example_external_task_marker_dag.py
[2023-08-29T15:10:19.018+0000] {processor.py:839} INFO - DAG(s) dict_keys(['example_external_task_marker_parent', 'example_external_task_marker_child']) retrieved from /home/airflow/.local/lib/python3.8/site-packages/airflow/example_dags/example_external_task_marker_dag.py
[2023-08-29T15:10:19.050+0000] {logging_mixin.py:151} INFO - [2023-08-29T15:10:19.050+0000] {dag.py:2907} INFO - Sync 2 DAGs
[2023-08-29T15:10:19.065+0000] {logging_mixin.py:151} INFO - [2023-08-29T15:10:19.065+0000] {dag.py:3677} INFO - Setting next_dagrun for example_external_task_marker_child to None, run_after=None
[2023-08-29T15:10:19.070+0000] {logging_mixin.py:151} INFO - [2023-08-29T15:10:19.070+0000] {dag.py:3677} INFO - Setting next_dagrun for example_external_task_marker_parent to None, run_after=None
[2023-08-29T15:10:19.096+0000] {processor.py:179} INFO - Processing /home/airflow/.local/lib/python3.8/site-packages/airflow/example_dags/example_external_task_marker_dag.py took 0.090 seconds
[2023-08-29T15:10:49.552+0000] {processor.py:157} INFO - Started process (PID=3230) to work on /home/airflow/.local/lib/python3.8/site-packages/airflow/example_dags/example_external_task_marker_dag.py
[2023-08-29T15:10:49.553+0000] {processor.py:829} INFO - Processing file /home/airflow/.local/lib/python3.8/site-packages/airflow/example_dags/example_external_task_marker_dag.py for tasks to queue
[2023-08-29T15:10:49.555+0000] {logging_mixin.py:151} INFO - [2023-08-29T15:10:49.554+0000] {dagbag.py:539} INFO - Filling up the DagBag from /home/airflow/.local/lib/python3.8/site-packages/airflow/example_dags/example_external_task_marker_dag.py
[2023-08-29T15:10:49.560+0000] {processor.py:839} INFO - DAG(s) dict_keys(['example_external_task_marker_child', 'example_external_task_marker_parent']) retrieved from /home/airflow/.local/lib/python3.8/site-packages/airflow/example_dags/example_external_task_marker_dag.py
[2023-08-29T15:10:49.590+0000] {logging_mixin.py:151} INFO - [2023-08-29T15:10:49.589+0000] {dag.py:2907} INFO - Sync 2 DAGs
[2023-08-29T15:10:49.605+0000] {logging_mixin.py:151} INFO - [2023-08-29T15:10:49.605+0000] {dag.py:3677} INFO - Setting next_dagrun for example_external_task_marker_child to None, run_after=None
[2023-08-29T15:10:49.610+0000] {logging_mixin.py:151} INFO - [2023-08-29T15:10:49.610+0000] {dag.py:3677} INFO - Setting next_dagrun for example_external_task_marker_parent to None, run_after=None
[2023-08-29T15:10:49.635+0000] {processor.py:179} INFO - Processing /home/airflow/.local/lib/python3.8/site-packages/airflow/example_dags/example_external_task_marker_dag.py took 0.085 seconds
[2023-08-29T15:11:20.078+0000] {processor.py:157} INFO - Started process (PID=3492) to work on /home/airflow/.local/lib/python3.8/site-packages/airflow/example_dags/example_external_task_marker_dag.py
[2023-08-29T15:11:20.079+0000] {processor.py:829} INFO - Processing file /home/airflow/.local/lib/python3.8/site-packages/airflow/example_dags/example_external_task_marker_dag.py for tasks to queue
[2023-08-29T15:11:20.080+0000] {logging_mixin.py:151} INFO - [2023-08-29T15:11:20.080+0000] {dagbag.py:539} INFO - Filling up the DagBag from /home/airflow/.local/lib/python3.8/site-packages/airflow/example_dags/example_external_task_marker_dag.py
[2023-08-29T15:11:20.085+0000] {processor.py:839} INFO - DAG(s) dict_keys(['example_external_task_marker_parent', 'example_external_task_marker_child']) retrieved from /home/airflow/.local/lib/python3.8/site-packages/airflow/example_dags/example_external_task_marker_dag.py
[2023-08-29T15:11:20.115+0000] {logging_mixin.py:151} INFO - [2023-08-29T15:11:20.114+0000] {dag.py:2907} INFO - Sync 2 DAGs
[2023-08-29T15:11:20.128+0000] {logging_mixin.py:151} INFO - [2023-08-29T15:11:20.128+0000] {dag.py:3677} INFO - Setting next_dagrun for example_external_task_marker_child to None, run_after=None
[2023-08-29T15:11:20.133+0000] {logging_mixin.py:151} INFO - [2023-08-29T15:11:20.133+0000] {dag.py:3677} INFO - Setting next_dagrun for example_external_task_marker_parent to None, run_after=None
[2023-08-29T15:11:20.160+0000] {processor.py:179} INFO - Processing /home/airflow/.local/lib/python3.8/site-packages/airflow/example_dags/example_external_task_marker_dag.py took 0.085 seconds
[2023-08-29T15:11:50.495+0000] {processor.py:157} INFO - Started process (PID=3730) to work on /home/airflow/.local/lib/python3.8/site-packages/airflow/example_dags/example_external_task_marker_dag.py
[2023-08-29T15:11:50.496+0000] {processor.py:829} INFO - Processing file /home/airflow/.local/lib/python3.8/site-packages/airflow/example_dags/example_external_task_marker_dag.py for tasks to queue
[2023-08-29T15:11:50.498+0000] {logging_mixin.py:151} INFO - [2023-08-29T15:11:50.497+0000] {dagbag.py:539} INFO - Filling up the DagBag from /home/airflow/.local/lib/python3.8/site-packages/airflow/example_dags/example_external_task_marker_dag.py
[2023-08-29T15:11:50.505+0000] {processor.py:839} INFO - DAG(s) dict_keys(['example_external_task_marker_parent', 'example_external_task_marker_child']) retrieved from /home/airflow/.local/lib/python3.8/site-packages/airflow/example_dags/example_external_task_marker_dag.py
[2023-08-29T15:11:50.540+0000] {logging_mixin.py:151} INFO - [2023-08-29T15:11:50.540+0000] {dag.py:2907} INFO - Sync 2 DAGs
[2023-08-29T15:11:50.557+0000] {logging_mixin.py:151} INFO - [2023-08-29T15:11:50.556+0000] {dag.py:3677} INFO - Setting next_dagrun for example_external_task_marker_child to None, run_after=None
[2023-08-29T15:11:50.562+0000] {logging_mixin.py:151} INFO - [2023-08-29T15:11:50.562+0000] {dag.py:3677} INFO - Setting next_dagrun for example_external_task_marker_parent to None, run_after=None
[2023-08-29T15:11:50.594+0000] {processor.py:179} INFO - Processing /home/airflow/.local/lib/python3.8/site-packages/airflow/example_dags/example_external_task_marker_dag.py took 0.102 seconds
[2023-08-29T15:12:21.537+0000] {processor.py:157} INFO - Started process (PID=3968) to work on /home/airflow/.local/lib/python3.8/site-packages/airflow/example_dags/example_external_task_marker_dag.py
[2023-08-29T15:12:21.538+0000] {processor.py:829} INFO - Processing file /home/airflow/.local/lib/python3.8/site-packages/airflow/example_dags/example_external_task_marker_dag.py for tasks to queue
[2023-08-29T15:12:21.540+0000] {logging_mixin.py:151} INFO - [2023-08-29T15:12:21.540+0000] {dagbag.py:539} INFO - Filling up the DagBag from /home/airflow/.local/lib/python3.8/site-packages/airflow/example_dags/example_external_task_marker_dag.py
[2023-08-29T15:12:21.546+0000] {processor.py:839} INFO - DAG(s) dict_keys(['example_external_task_marker_child', 'example_external_task_marker_parent']) retrieved from /home/airflow/.local/lib/python3.8/site-packages/airflow/example_dags/example_external_task_marker_dag.py
[2023-08-29T15:12:21.578+0000] {logging_mixin.py:151} INFO - [2023-08-29T15:12:21.578+0000] {dag.py:2907} INFO - Sync 2 DAGs
[2023-08-29T15:12:21.595+0000] {logging_mixin.py:151} INFO - [2023-08-29T15:12:21.594+0000] {dag.py:3677} INFO - Setting next_dagrun for example_external_task_marker_child to None, run_after=None
[2023-08-29T15:12:21.602+0000] {logging_mixin.py:151} INFO - [2023-08-29T15:12:21.601+0000] {dag.py:3677} INFO - Setting next_dagrun for example_external_task_marker_parent to None, run_after=None
[2023-08-29T15:12:21.632+0000] {processor.py:179} INFO - Processing /home/airflow/.local/lib/python3.8/site-packages/airflow/example_dags/example_external_task_marker_dag.py took 0.098 seconds
[2023-08-29T15:12:52.349+0000] {processor.py:157} INFO - Started process (PID=4206) to work on /home/airflow/.local/lib/python3.8/site-packages/airflow/example_dags/example_external_task_marker_dag.py
[2023-08-29T15:12:52.350+0000] {processor.py:829} INFO - Processing file /home/airflow/.local/lib/python3.8/site-packages/airflow/example_dags/example_external_task_marker_dag.py for tasks to queue
[2023-08-29T15:12:52.352+0000] {logging_mixin.py:151} INFO - [2023-08-29T15:12:52.352+0000] {dagbag.py:539} INFO - Filling up the DagBag from /home/airflow/.local/lib/python3.8/site-packages/airflow/example_dags/example_external_task_marker_dag.py
[2023-08-29T15:12:52.358+0000] {processor.py:839} INFO - DAG(s) dict_keys(['example_external_task_marker_child', 'example_external_task_marker_parent']) retrieved from /home/airflow/.local/lib/python3.8/site-packages/airflow/example_dags/example_external_task_marker_dag.py
[2023-08-29T15:12:52.388+0000] {logging_mixin.py:151} INFO - [2023-08-29T15:12:52.388+0000] {dag.py:2907} INFO - Sync 2 DAGs
[2023-08-29T15:12:52.404+0000] {logging_mixin.py:151} INFO - [2023-08-29T15:12:52.404+0000] {dag.py:3677} INFO - Setting next_dagrun for example_external_task_marker_child to None, run_after=None
[2023-08-29T15:12:52.410+0000] {logging_mixin.py:151} INFO - [2023-08-29T15:12:52.409+0000] {dag.py:3677} INFO - Setting next_dagrun for example_external_task_marker_parent to None, run_after=None
[2023-08-29T15:12:52.438+0000] {processor.py:179} INFO - Processing /home/airflow/.local/lib/python3.8/site-packages/airflow/example_dags/example_external_task_marker_dag.py took 0.093 seconds
[2023-08-29T15:13:22.850+0000] {processor.py:157} INFO - Started process (PID=4444) to work on /home/airflow/.local/lib/python3.8/site-packages/airflow/example_dags/example_external_task_marker_dag.py
[2023-08-29T15:13:22.851+0000] {processor.py:829} INFO - Processing file /home/airflow/.local/lib/python3.8/site-packages/airflow/example_dags/example_external_task_marker_dag.py for tasks to queue
[2023-08-29T15:13:22.852+0000] {logging_mixin.py:151} INFO - [2023-08-29T15:13:22.852+0000] {dagbag.py:539} INFO - Filling up the DagBag from /home/airflow/.local/lib/python3.8/site-packages/airflow/example_dags/example_external_task_marker_dag.py
[2023-08-29T15:13:22.859+0000] {processor.py:839} INFO - DAG(s) dict_keys(['example_external_task_marker_child', 'example_external_task_marker_parent']) retrieved from /home/airflow/.local/lib/python3.8/site-packages/airflow/example_dags/example_external_task_marker_dag.py
[2023-08-29T15:13:22.888+0000] {logging_mixin.py:151} INFO - [2023-08-29T15:13:22.888+0000] {dag.py:2907} INFO - Sync 2 DAGs
[2023-08-29T15:13:22.902+0000] {logging_mixin.py:151} INFO - [2023-08-29T15:13:22.902+0000] {dag.py:3677} INFO - Setting next_dagrun for example_external_task_marker_child to None, run_after=None
[2023-08-29T15:13:22.907+0000] {logging_mixin.py:151} INFO - [2023-08-29T15:13:22.907+0000] {dag.py:3677} INFO - Setting next_dagrun for example_external_task_marker_parent to None, run_after=None
[2023-08-29T15:13:22.935+0000] {processor.py:179} INFO - Processing /home/airflow/.local/lib/python3.8/site-packages/airflow/example_dags/example_external_task_marker_dag.py took 0.087 seconds
[2023-08-29T15:13:53.013+0000] {processor.py:157} INFO - Started process (PID=4677) to work on /home/airflow/.local/lib/python3.8/site-packages/airflow/example_dags/example_external_task_marker_dag.py
[2023-08-29T15:13:53.014+0000] {processor.py:829} INFO - Processing file /home/airflow/.local/lib/python3.8/site-packages/airflow/example_dags/example_external_task_marker_dag.py for tasks to queue
[2023-08-29T15:13:53.016+0000] {logging_mixin.py:151} INFO - [2023-08-29T15:13:53.015+0000] {dagbag.py:539} INFO - Filling up the DagBag from /home/airflow/.local/lib/python3.8/site-packages/airflow/example_dags/example_external_task_marker_dag.py
[2023-08-29T15:13:53.021+0000] {processor.py:839} INFO - DAG(s) dict_keys(['example_external_task_marker_parent', 'example_external_task_marker_child']) retrieved from /home/airflow/.local/lib/python3.8/site-packages/airflow/example_dags/example_external_task_marker_dag.py
[2023-08-29T15:13:53.048+0000] {logging_mixin.py:151} INFO - [2023-08-29T15:13:53.047+0000] {dag.py:2907} INFO - Sync 2 DAGs
[2023-08-29T15:13:53.060+0000] {logging_mixin.py:151} INFO - [2023-08-29T15:13:53.060+0000] {dag.py:3677} INFO - Setting next_dagrun for example_external_task_marker_child to None, run_after=None
[2023-08-29T15:13:53.065+0000] {logging_mixin.py:151} INFO - [2023-08-29T15:13:53.065+0000] {dag.py:3677} INFO - Setting next_dagrun for example_external_task_marker_parent to None, run_after=None
[2023-08-29T15:13:53.094+0000] {processor.py:179} INFO - Processing /home/airflow/.local/lib/python3.8/site-packages/airflow/example_dags/example_external_task_marker_dag.py took 0.084 seconds
[2023-08-29T15:14:23.760+0000] {processor.py:157} INFO - Started process (PID=4920) to work on /home/airflow/.local/lib/python3.8/site-packages/airflow/example_dags/example_external_task_marker_dag.py
[2023-08-29T15:14:23.762+0000] {processor.py:829} INFO - Processing file /home/airflow/.local/lib/python3.8/site-packages/airflow/example_dags/example_external_task_marker_dag.py for tasks to queue
[2023-08-29T15:14:23.764+0000] {logging_mixin.py:151} INFO - [2023-08-29T15:14:23.763+0000] {dagbag.py:539} INFO - Filling up the DagBag from /home/airflow/.local/lib/python3.8/site-packages/airflow/example_dags/example_external_task_marker_dag.py
[2023-08-29T15:14:23.772+0000] {processor.py:839} INFO - DAG(s) dict_keys(['example_external_task_marker_parent', 'example_external_task_marker_child']) retrieved from /home/airflow/.local/lib/python3.8/site-packages/airflow/example_dags/example_external_task_marker_dag.py
[2023-08-29T15:14:23.809+0000] {logging_mixin.py:151} INFO - [2023-08-29T15:14:23.809+0000] {dag.py:2907} INFO - Sync 2 DAGs
[2023-08-29T15:14:23.827+0000] {logging_mixin.py:151} INFO - [2023-08-29T15:14:23.827+0000] {dag.py:3677} INFO - Setting next_dagrun for example_external_task_marker_child to None, run_after=None
[2023-08-29T15:14:23.834+0000] {logging_mixin.py:151} INFO - [2023-08-29T15:14:23.834+0000] {dag.py:3677} INFO - Setting next_dagrun for example_external_task_marker_parent to None, run_after=None
[2023-08-29T15:14:23.869+0000] {processor.py:179} INFO - Processing /home/airflow/.local/lib/python3.8/site-packages/airflow/example_dags/example_external_task_marker_dag.py took 0.111 seconds
[2023-08-29T15:14:53.960+0000] {processor.py:157} INFO - Started process (PID=5153) to work on /home/airflow/.local/lib/python3.8/site-packages/airflow/example_dags/example_external_task_marker_dag.py
[2023-08-29T15:14:53.962+0000] {processor.py:829} INFO - Processing file /home/airflow/.local/lib/python3.8/site-packages/airflow/example_dags/example_external_task_marker_dag.py for tasks to queue
[2023-08-29T15:14:53.964+0000] {logging_mixin.py:151} INFO - [2023-08-29T15:14:53.963+0000] {dagbag.py:539} INFO - Filling up the DagBag from /home/airflow/.local/lib/python3.8/site-packages/airflow/example_dags/example_external_task_marker_dag.py
[2023-08-29T15:14:53.969+0000] {processor.py:839} INFO - DAG(s) dict_keys(['example_external_task_marker_parent', 'example_external_task_marker_child']) retrieved from /home/airflow/.local/lib/python3.8/site-packages/airflow/example_dags/example_external_task_marker_dag.py
[2023-08-29T15:14:53.997+0000] {logging_mixin.py:151} INFO - [2023-08-29T15:14:53.996+0000] {dag.py:2907} INFO - Sync 2 DAGs
[2023-08-29T15:14:54.010+0000] {logging_mixin.py:151} INFO - [2023-08-29T15:14:54.010+0000] {dag.py:3677} INFO - Setting next_dagrun for example_external_task_marker_child to None, run_after=None
[2023-08-29T15:14:54.016+0000] {logging_mixin.py:151} INFO - [2023-08-29T15:14:54.015+0000] {dag.py:3677} INFO - Setting next_dagrun for example_external_task_marker_parent to None, run_after=None
[2023-08-29T15:14:54.044+0000] {processor.py:179} INFO - Processing /home/airflow/.local/lib/python3.8/site-packages/airflow/example_dags/example_external_task_marker_dag.py took 0.086 seconds
[2023-08-29T15:15:24.955+0000] {processor.py:157} INFO - Started process (PID=5396) to work on /home/airflow/.local/lib/python3.8/site-packages/airflow/example_dags/example_external_task_marker_dag.py
[2023-08-29T15:15:24.957+0000] {processor.py:829} INFO - Processing file /home/airflow/.local/lib/python3.8/site-packages/airflow/example_dags/example_external_task_marker_dag.py for tasks to queue
[2023-08-29T15:15:24.959+0000] {logging_mixin.py:151} INFO - [2023-08-29T15:15:24.958+0000] {dagbag.py:539} INFO - Filling up the DagBag from /home/airflow/.local/lib/python3.8/site-packages/airflow/example_dags/example_external_task_marker_dag.py
[2023-08-29T15:15:24.964+0000] {processor.py:839} INFO - DAG(s) dict_keys(['example_external_task_marker_parent', 'example_external_task_marker_child']) retrieved from /home/airflow/.local/lib/python3.8/site-packages/airflow/example_dags/example_external_task_marker_dag.py
[2023-08-29T15:15:24.996+0000] {logging_mixin.py:151} INFO - [2023-08-29T15:15:24.995+0000] {dag.py:2907} INFO - Sync 2 DAGs
[2023-08-29T15:15:25.010+0000] {logging_mixin.py:151} INFO - [2023-08-29T15:15:25.010+0000] {dag.py:3677} INFO - Setting next_dagrun for example_external_task_marker_child to None, run_after=None
[2023-08-29T15:15:25.016+0000] {logging_mixin.py:151} INFO - [2023-08-29T15:15:25.015+0000] {dag.py:3677} INFO - Setting next_dagrun for example_external_task_marker_parent to None, run_after=None
[2023-08-29T15:15:25.048+0000] {processor.py:179} INFO - Processing /home/airflow/.local/lib/python3.8/site-packages/airflow/example_dags/example_external_task_marker_dag.py took 0.096 seconds
[2023-08-29T15:15:55.461+0000] {processor.py:157} INFO - Started process (PID=5634) to work on /home/airflow/.local/lib/python3.8/site-packages/airflow/example_dags/example_external_task_marker_dag.py
[2023-08-29T15:15:55.463+0000] {processor.py:829} INFO - Processing file /home/airflow/.local/lib/python3.8/site-packages/airflow/example_dags/example_external_task_marker_dag.py for tasks to queue
[2023-08-29T15:15:55.464+0000] {logging_mixin.py:151} INFO - [2023-08-29T15:15:55.464+0000] {dagbag.py:539} INFO - Filling up the DagBag from /home/airflow/.local/lib/python3.8/site-packages/airflow/example_dags/example_external_task_marker_dag.py
[2023-08-29T15:15:55.470+0000] {processor.py:839} INFO - DAG(s) dict_keys(['example_external_task_marker_child', 'example_external_task_marker_parent']) retrieved from /home/airflow/.local/lib/python3.8/site-packages/airflow/example_dags/example_external_task_marker_dag.py
[2023-08-29T15:15:55.503+0000] {logging_mixin.py:151} INFO - [2023-08-29T15:15:55.502+0000] {dag.py:2907} INFO - Sync 2 DAGs
[2023-08-29T15:15:55.521+0000] {logging_mixin.py:151} INFO - [2023-08-29T15:15:55.521+0000] {dag.py:3677} INFO - Setting next_dagrun for example_external_task_marker_child to None, run_after=None
[2023-08-29T15:15:55.527+0000] {logging_mixin.py:151} INFO - [2023-08-29T15:15:55.527+0000] {dag.py:3677} INFO - Setting next_dagrun for example_external_task_marker_parent to None, run_after=None
[2023-08-29T15:15:55.558+0000] {processor.py:179} INFO - Processing /home/airflow/.local/lib/python3.8/site-packages/airflow/example_dags/example_external_task_marker_dag.py took 0.099 seconds
[2023-08-29T15:16:26.519+0000] {processor.py:157} INFO - Started process (PID=5879) to work on /home/airflow/.local/lib/python3.8/site-packages/airflow/example_dags/example_external_task_marker_dag.py
[2023-08-29T15:16:26.520+0000] {processor.py:829} INFO - Processing file /home/airflow/.local/lib/python3.8/site-packages/airflow/example_dags/example_external_task_marker_dag.py for tasks to queue
[2023-08-29T15:16:26.521+0000] {logging_mixin.py:151} INFO - [2023-08-29T15:16:26.521+0000] {dagbag.py:539} INFO - Filling up the DagBag from /home/airflow/.local/lib/python3.8/site-packages/airflow/example_dags/example_external_task_marker_dag.py
[2023-08-29T15:16:26.527+0000] {processor.py:839} INFO - DAG(s) dict_keys(['example_external_task_marker_parent', 'example_external_task_marker_child']) retrieved from /home/airflow/.local/lib/python3.8/site-packages/airflow/example_dags/example_external_task_marker_dag.py
[2023-08-29T15:16:26.560+0000] {logging_mixin.py:151} INFO - [2023-08-29T15:16:26.559+0000] {dag.py:2907} INFO - Sync 2 DAGs
[2023-08-29T15:16:26.575+0000] {logging_mixin.py:151} INFO - [2023-08-29T15:16:26.575+0000] {dag.py:3677} INFO - Setting next_dagrun for example_external_task_marker_child to None, run_after=None
[2023-08-29T15:16:26.581+0000] {logging_mixin.py:151} INFO - [2023-08-29T15:16:26.581+0000] {dag.py:3677} INFO - Setting next_dagrun for example_external_task_marker_parent to None, run_after=None
[2023-08-29T15:16:26.607+0000] {processor.py:179} INFO - Processing /home/airflow/.local/lib/python3.8/site-packages/airflow/example_dags/example_external_task_marker_dag.py took 0.091 seconds
[2023-08-29T15:16:57.088+0000] {processor.py:157} INFO - Started process (PID=6117) to work on /home/airflow/.local/lib/python3.8/site-packages/airflow/example_dags/example_external_task_marker_dag.py
[2023-08-29T15:16:57.089+0000] {processor.py:829} INFO - Processing file /home/airflow/.local/lib/python3.8/site-packages/airflow/example_dags/example_external_task_marker_dag.py for tasks to queue
[2023-08-29T15:16:57.091+0000] {logging_mixin.py:151} INFO - [2023-08-29T15:16:57.091+0000] {dagbag.py:539} INFO - Filling up the DagBag from /home/airflow/.local/lib/python3.8/site-packages/airflow/example_dags/example_external_task_marker_dag.py
[2023-08-29T15:16:57.098+0000] {processor.py:839} INFO - DAG(s) dict_keys(['example_external_task_marker_child', 'example_external_task_marker_parent']) retrieved from /home/airflow/.local/lib/python3.8/site-packages/airflow/example_dags/example_external_task_marker_dag.py
[2023-08-29T15:16:57.136+0000] {logging_mixin.py:151} INFO - [2023-08-29T15:16:57.136+0000] {dag.py:2907} INFO - Sync 2 DAGs
[2023-08-29T15:16:57.152+0000] {logging_mixin.py:151} INFO - [2023-08-29T15:16:57.152+0000] {dag.py:3677} INFO - Setting next_dagrun for example_external_task_marker_child to None, run_after=None
[2023-08-29T15:16:57.159+0000] {logging_mixin.py:151} INFO - [2023-08-29T15:16:57.159+0000] {dag.py:3677} INFO - Setting next_dagrun for example_external_task_marker_parent to None, run_after=None
[2023-08-29T15:16:57.190+0000] {processor.py:179} INFO - Processing /home/airflow/.local/lib/python3.8/site-packages/airflow/example_dags/example_external_task_marker_dag.py took 0.106 seconds
[2023-08-29T15:17:28.189+0000] {processor.py:157} INFO - Started process (PID=6355) to work on /home/airflow/.local/lib/python3.8/site-packages/airflow/example_dags/example_external_task_marker_dag.py
[2023-08-29T15:17:28.191+0000] {processor.py:829} INFO - Processing file /home/airflow/.local/lib/python3.8/site-packages/airflow/example_dags/example_external_task_marker_dag.py for tasks to queue
[2023-08-29T15:17:28.193+0000] {logging_mixin.py:151} INFO - [2023-08-29T15:17:28.193+0000] {dagbag.py:539} INFO - Filling up the DagBag from /home/airflow/.local/lib/python3.8/site-packages/airflow/example_dags/example_external_task_marker_dag.py
[2023-08-29T15:17:28.200+0000] {processor.py:839} INFO - DAG(s) dict_keys(['example_external_task_marker_child', 'example_external_task_marker_parent']) retrieved from /home/airflow/.local/lib/python3.8/site-packages/airflow/example_dags/example_external_task_marker_dag.py
[2023-08-29T15:17:28.236+0000] {logging_mixin.py:151} INFO - [2023-08-29T15:17:28.236+0000] {dag.py:2907} INFO - Sync 2 DAGs
[2023-08-29T15:17:28.257+0000] {logging_mixin.py:151} INFO - [2023-08-29T15:17:28.256+0000] {dag.py:3677} INFO - Setting next_dagrun for example_external_task_marker_child to None, run_after=None
[2023-08-29T15:17:28.263+0000] {logging_mixin.py:151} INFO - [2023-08-29T15:17:28.263+0000] {dag.py:3677} INFO - Setting next_dagrun for example_external_task_marker_parent to None, run_after=None
[2023-08-29T15:17:28.300+0000] {processor.py:179} INFO - Processing /home/airflow/.local/lib/python3.8/site-packages/airflow/example_dags/example_external_task_marker_dag.py took 0.115 seconds
[2023-08-29T15:17:58.340+0000] {processor.py:157} INFO - Started process (PID=6588) to work on /home/airflow/.local/lib/python3.8/site-packages/airflow/example_dags/example_external_task_marker_dag.py
[2023-08-29T15:17:58.341+0000] {processor.py:829} INFO - Processing file /home/airflow/.local/lib/python3.8/site-packages/airflow/example_dags/example_external_task_marker_dag.py for tasks to queue
[2023-08-29T15:17:58.343+0000] {logging_mixin.py:151} INFO - [2023-08-29T15:17:58.343+0000] {dagbag.py:539} INFO - Filling up the DagBag from /home/airflow/.local/lib/python3.8/site-packages/airflow/example_dags/example_external_task_marker_dag.py
[2023-08-29T15:17:58.350+0000] {processor.py:839} INFO - DAG(s) dict_keys(['example_external_task_marker_parent', 'example_external_task_marker_child']) retrieved from /home/airflow/.local/lib/python3.8/site-packages/airflow/example_dags/example_external_task_marker_dag.py
[2023-08-29T15:17:58.383+0000] {logging_mixin.py:151} INFO - [2023-08-29T15:17:58.383+0000] {dag.py:2907} INFO - Sync 2 DAGs
[2023-08-29T15:17:58.398+0000] {logging_mixin.py:151} INFO - [2023-08-29T15:17:58.398+0000] {dag.py:3677} INFO - Setting next_dagrun for example_external_task_marker_child to None, run_after=None
[2023-08-29T15:17:58.403+0000] {logging_mixin.py:151} INFO - [2023-08-29T15:17:58.403+0000] {dag.py:3677} INFO - Setting next_dagrun for example_external_task_marker_parent to None, run_after=None
[2023-08-29T15:17:58.431+0000] {processor.py:179} INFO - Processing /home/airflow/.local/lib/python3.8/site-packages/airflow/example_dags/example_external_task_marker_dag.py took 0.095 seconds
[2023-08-29T15:18:28.574+0000] {processor.py:157} INFO - Started process (PID=6826) to work on /home/airflow/.local/lib/python3.8/site-packages/airflow/example_dags/example_external_task_marker_dag.py
[2023-08-29T15:18:28.576+0000] {processor.py:829} INFO - Processing file /home/airflow/.local/lib/python3.8/site-packages/airflow/example_dags/example_external_task_marker_dag.py for tasks to queue
[2023-08-29T15:18:28.577+0000] {logging_mixin.py:151} INFO - [2023-08-29T15:18:28.577+0000] {dagbag.py:539} INFO - Filling up the DagBag from /home/airflow/.local/lib/python3.8/site-packages/airflow/example_dags/example_external_task_marker_dag.py
[2023-08-29T15:18:28.583+0000] {processor.py:839} INFO - DAG(s) dict_keys(['example_external_task_marker_parent', 'example_external_task_marker_child']) retrieved from /home/airflow/.local/lib/python3.8/site-packages/airflow/example_dags/example_external_task_marker_dag.py
[2023-08-29T15:18:28.610+0000] {logging_mixin.py:151} INFO - [2023-08-29T15:18:28.610+0000] {dag.py:2907} INFO - Sync 2 DAGs
[2023-08-29T15:18:28.623+0000] {logging_mixin.py:151} INFO - [2023-08-29T15:18:28.623+0000] {dag.py:3677} INFO - Setting next_dagrun for example_external_task_marker_child to None, run_after=None
[2023-08-29T15:18:28.628+0000] {logging_mixin.py:151} INFO - [2023-08-29T15:18:28.628+0000] {dag.py:3677} INFO - Setting next_dagrun for example_external_task_marker_parent to None, run_after=None
[2023-08-29T15:18:28.653+0000] {processor.py:179} INFO - Processing /home/airflow/.local/lib/python3.8/site-packages/airflow/example_dags/example_external_task_marker_dag.py took 0.081 seconds
[2023-08-29T15:18:59.250+0000] {processor.py:157} INFO - Started process (PID=7064) to work on /home/airflow/.local/lib/python3.8/site-packages/airflow/example_dags/example_external_task_marker_dag.py
[2023-08-29T15:18:59.252+0000] {processor.py:829} INFO - Processing file /home/airflow/.local/lib/python3.8/site-packages/airflow/example_dags/example_external_task_marker_dag.py for tasks to queue
[2023-08-29T15:18:59.253+0000] {logging_mixin.py:151} INFO - [2023-08-29T15:18:59.253+0000] {dagbag.py:539} INFO - Filling up the DagBag from /home/airflow/.local/lib/python3.8/site-packages/airflow/example_dags/example_external_task_marker_dag.py
[2023-08-29T15:18:59.260+0000] {processor.py:839} INFO - DAG(s) dict_keys(['example_external_task_marker_parent', 'example_external_task_marker_child']) retrieved from /home/airflow/.local/lib/python3.8/site-packages/airflow/example_dags/example_external_task_marker_dag.py
[2023-08-29T15:18:59.290+0000] {logging_mixin.py:151} INFO - [2023-08-29T15:18:59.289+0000] {dag.py:2907} INFO - Sync 2 DAGs
[2023-08-29T15:18:59.304+0000] {logging_mixin.py:151} INFO - [2023-08-29T15:18:59.303+0000] {dag.py:3677} INFO - Setting next_dagrun for example_external_task_marker_child to None, run_after=None
[2023-08-29T15:18:59.309+0000] {logging_mixin.py:151} INFO - [2023-08-29T15:18:59.309+0000] {dag.py:3677} INFO - Setting next_dagrun for example_external_task_marker_parent to None, run_after=None
[2023-08-29T15:18:59.336+0000] {processor.py:179} INFO - Processing /home/airflow/.local/lib/python3.8/site-packages/airflow/example_dags/example_external_task_marker_dag.py took 0.090 seconds
[2023-08-29T15:19:29.779+0000] {processor.py:157} INFO - Started process (PID=7302) to work on /home/airflow/.local/lib/python3.8/site-packages/airflow/example_dags/example_external_task_marker_dag.py
[2023-08-29T15:19:29.781+0000] {processor.py:829} INFO - Processing file /home/airflow/.local/lib/python3.8/site-packages/airflow/example_dags/example_external_task_marker_dag.py for tasks to queue
[2023-08-29T15:19:29.783+0000] {logging_mixin.py:151} INFO - [2023-08-29T15:19:29.782+0000] {dagbag.py:539} INFO - Filling up the DagBag from /home/airflow/.local/lib/python3.8/site-packages/airflow/example_dags/example_external_task_marker_dag.py
[2023-08-29T15:19:29.790+0000] {processor.py:839} INFO - DAG(s) dict_keys(['example_external_task_marker_parent', 'example_external_task_marker_child']) retrieved from /home/airflow/.local/lib/python3.8/site-packages/airflow/example_dags/example_external_task_marker_dag.py
[2023-08-29T15:19:29.824+0000] {logging_mixin.py:151} INFO - [2023-08-29T15:19:29.824+0000] {dag.py:2907} INFO - Sync 2 DAGs
[2023-08-29T15:19:29.838+0000] {logging_mixin.py:151} INFO - [2023-08-29T15:19:29.838+0000] {dag.py:3677} INFO - Setting next_dagrun for example_external_task_marker_child to None, run_after=None
[2023-08-29T15:19:29.843+0000] {logging_mixin.py:151} INFO - [2023-08-29T15:19:29.843+0000] {dag.py:3677} INFO - Setting next_dagrun for example_external_task_marker_parent to None, run_after=None
[2023-08-29T15:19:29.872+0000] {processor.py:179} INFO - Processing /home/airflow/.local/lib/python3.8/site-packages/airflow/example_dags/example_external_task_marker_dag.py took 0.096 seconds
[2023-08-29T15:20:00.400+0000] {processor.py:157} INFO - Started process (PID=7540) to work on /home/airflow/.local/lib/python3.8/site-packages/airflow/example_dags/example_external_task_marker_dag.py
[2023-08-29T15:20:00.402+0000] {processor.py:829} INFO - Processing file /home/airflow/.local/lib/python3.8/site-packages/airflow/example_dags/example_external_task_marker_dag.py for tasks to queue
[2023-08-29T15:20:00.403+0000] {logging_mixin.py:151} INFO - [2023-08-29T15:20:00.403+0000] {dagbag.py:539} INFO - Filling up the DagBag from /home/airflow/.local/lib/python3.8/site-packages/airflow/example_dags/example_external_task_marker_dag.py
[2023-08-29T15:20:00.410+0000] {processor.py:839} INFO - DAG(s) dict_keys(['example_external_task_marker_child', 'example_external_task_marker_parent']) retrieved from /home/airflow/.local/lib/python3.8/site-packages/airflow/example_dags/example_external_task_marker_dag.py
[2023-08-29T15:20:00.439+0000] {logging_mixin.py:151} INFO - [2023-08-29T15:20:00.439+0000] {dag.py:2907} INFO - Sync 2 DAGs
[2023-08-29T15:20:00.452+0000] {logging_mixin.py:151} INFO - [2023-08-29T15:20:00.452+0000] {dag.py:3677} INFO - Setting next_dagrun for example_external_task_marker_child to None, run_after=None
[2023-08-29T15:20:00.458+0000] {logging_mixin.py:151} INFO - [2023-08-29T15:20:00.457+0000] {dag.py:3677} INFO - Setting next_dagrun for example_external_task_marker_parent to None, run_after=None
[2023-08-29T15:20:00.489+0000] {processor.py:179} INFO - Processing /home/airflow/.local/lib/python3.8/site-packages/airflow/example_dags/example_external_task_marker_dag.py took 0.091 seconds
[2023-08-29T15:20:30.956+0000] {processor.py:157} INFO - Started process (PID=7778) to work on /home/airflow/.local/lib/python3.8/site-packages/airflow/example_dags/example_external_task_marker_dag.py
[2023-08-29T15:20:30.958+0000] {processor.py:829} INFO - Processing file /home/airflow/.local/lib/python3.8/site-packages/airflow/example_dags/example_external_task_marker_dag.py for tasks to queue
[2023-08-29T15:20:30.959+0000] {logging_mixin.py:151} INFO - [2023-08-29T15:20:30.959+0000] {dagbag.py:539} INFO - Filling up the DagBag from /home/airflow/.local/lib/python3.8/site-packages/airflow/example_dags/example_external_task_marker_dag.py
[2023-08-29T15:20:30.967+0000] {processor.py:839} INFO - DAG(s) dict_keys(['example_external_task_marker_parent', 'example_external_task_marker_child']) retrieved from /home/airflow/.local/lib/python3.8/site-packages/airflow/example_dags/example_external_task_marker_dag.py
[2023-08-29T15:20:30.999+0000] {logging_mixin.py:151} INFO - [2023-08-29T15:20:30.999+0000] {dag.py:2907} INFO - Sync 2 DAGs
[2023-08-29T15:20:31.015+0000] {logging_mixin.py:151} INFO - [2023-08-29T15:20:31.015+0000] {dag.py:3677} INFO - Setting next_dagrun for example_external_task_marker_child to None, run_after=None
[2023-08-29T15:20:31.021+0000] {logging_mixin.py:151} INFO - [2023-08-29T15:20:31.021+0000] {dag.py:3677} INFO - Setting next_dagrun for example_external_task_marker_parent to None, run_after=None
[2023-08-29T15:20:31.047+0000] {processor.py:179} INFO - Processing /home/airflow/.local/lib/python3.8/site-packages/airflow/example_dags/example_external_task_marker_dag.py took 0.094 seconds
[2023-08-29T15:21:01.870+0000] {processor.py:157} INFO - Started process (PID=8016) to work on /home/airflow/.local/lib/python3.8/site-packages/airflow/example_dags/example_external_task_marker_dag.py
[2023-08-29T15:21:01.871+0000] {processor.py:829} INFO - Processing file /home/airflow/.local/lib/python3.8/site-packages/airflow/example_dags/example_external_task_marker_dag.py for tasks to queue
[2023-08-29T15:21:01.873+0000] {logging_mixin.py:151} INFO - [2023-08-29T15:21:01.872+0000] {dagbag.py:539} INFO - Filling up the DagBag from /home/airflow/.local/lib/python3.8/site-packages/airflow/example_dags/example_external_task_marker_dag.py
[2023-08-29T15:21:01.879+0000] {processor.py:839} INFO - DAG(s) dict_keys(['example_external_task_marker_parent', 'example_external_task_marker_child']) retrieved from /home/airflow/.local/lib/python3.8/site-packages/airflow/example_dags/example_external_task_marker_dag.py
[2023-08-29T15:21:01.910+0000] {logging_mixin.py:151} INFO - [2023-08-29T15:21:01.909+0000] {dag.py:2907} INFO - Sync 2 DAGs
[2023-08-29T15:21:01.923+0000] {logging_mixin.py:151} INFO - [2023-08-29T15:21:01.923+0000] {dag.py:3677} INFO - Setting next_dagrun for example_external_task_marker_child to None, run_after=None
[2023-08-29T15:21:01.929+0000] {logging_mixin.py:151} INFO - [2023-08-29T15:21:01.928+0000] {dag.py:3677} INFO - Setting next_dagrun for example_external_task_marker_parent to None, run_after=None
[2023-08-29T15:21:01.955+0000] {processor.py:179} INFO - Processing /home/airflow/.local/lib/python3.8/site-packages/airflow/example_dags/example_external_task_marker_dag.py took 0.088 seconds
[2023-08-29T15:21:32.827+0000] {processor.py:157} INFO - Started process (PID=8255) to work on /home/airflow/.local/lib/python3.8/site-packages/airflow/example_dags/example_external_task_marker_dag.py
[2023-08-29T15:21:32.829+0000] {processor.py:829} INFO - Processing file /home/airflow/.local/lib/python3.8/site-packages/airflow/example_dags/example_external_task_marker_dag.py for tasks to queue
[2023-08-29T15:21:32.830+0000] {logging_mixin.py:151} INFO - [2023-08-29T15:21:32.830+0000] {dagbag.py:539} INFO - Filling up the DagBag from /home/airflow/.local/lib/python3.8/site-packages/airflow/example_dags/example_external_task_marker_dag.py
[2023-08-29T15:21:32.835+0000] {processor.py:839} INFO - DAG(s) dict_keys(['example_external_task_marker_parent', 'example_external_task_marker_child']) retrieved from /home/airflow/.local/lib/python3.8/site-packages/airflow/example_dags/example_external_task_marker_dag.py
[2023-08-29T15:21:32.863+0000] {logging_mixin.py:151} INFO - [2023-08-29T15:21:32.863+0000] {dag.py:2907} INFO - Sync 2 DAGs
[2023-08-29T15:21:32.878+0000] {logging_mixin.py:151} INFO - [2023-08-29T15:21:32.877+0000] {dag.py:3677} INFO - Setting next_dagrun for example_external_task_marker_child to None, run_after=None
[2023-08-29T15:21:32.883+0000] {logging_mixin.py:151} INFO - [2023-08-29T15:21:32.883+0000] {dag.py:3677} INFO - Setting next_dagrun for example_external_task_marker_parent to None, run_after=None
[2023-08-29T15:21:32.908+0000] {processor.py:179} INFO - Processing /home/airflow/.local/lib/python3.8/site-packages/airflow/example_dags/example_external_task_marker_dag.py took 0.084 seconds
