[2023-08-29T15:04:39.227+0000] {processor.py:157} INFO - Started process (PID=294) to work on /home/airflow/.local/lib/python3.8/site-packages/airflow/example_dags/example_latest_only.py
[2023-08-29T15:04:39.229+0000] {processor.py:829} INFO - Processing file /home/airflow/.local/lib/python3.8/site-packages/airflow/example_dags/example_latest_only.py for tasks to queue
[2023-08-29T15:04:39.232+0000] {logging_mixin.py:151} INFO - [2023-08-29T15:04:39.231+0000] {dagbag.py:539} INFO - Filling up the DagBag from /home/airflow/.local/lib/python3.8/site-packages/airflow/example_dags/example_latest_only.py
[2023-08-29T15:04:39.248+0000] {processor.py:839} INFO - DAG(s) dict_keys(['latest_only']) retrieved from /home/airflow/.local/lib/python3.8/site-packages/airflow/example_dags/example_latest_only.py
[2023-08-29T15:04:39.282+0000] {logging_mixin.py:151} INFO - [2023-08-29T15:04:39.281+0000] {dag.py:2907} INFO - Sync 1 DAGs
[2023-08-29T15:04:39.368+0000] {logging_mixin.py:151} INFO - [2023-08-29T15:04:39.368+0000] {dag.py:3677} INFO - Setting next_dagrun for latest_only to 2023-08-29T11:04:39.367874+00:00, run_after=2023-08-29T15:04:39.367874+00:00
[2023-08-29T15:04:39.507+0000] {processor.py:179} INFO - Processing /home/airflow/.local/lib/python3.8/site-packages/airflow/example_dags/example_latest_only.py took 0.286 seconds
[2023-08-29T15:05:09.757+0000] {processor.py:157} INFO - Started process (PID=534) to work on /home/airflow/.local/lib/python3.8/site-packages/airflow/example_dags/example_latest_only.py
[2023-08-29T15:05:09.758+0000] {processor.py:829} INFO - Processing file /home/airflow/.local/lib/python3.8/site-packages/airflow/example_dags/example_latest_only.py for tasks to queue
[2023-08-29T15:05:09.760+0000] {logging_mixin.py:151} INFO - [2023-08-29T15:05:09.759+0000] {dagbag.py:539} INFO - Filling up the DagBag from /home/airflow/.local/lib/python3.8/site-packages/airflow/example_dags/example_latest_only.py
[2023-08-29T15:05:09.764+0000] {processor.py:839} INFO - DAG(s) dict_keys(['latest_only']) retrieved from /home/airflow/.local/lib/python3.8/site-packages/airflow/example_dags/example_latest_only.py
[2023-08-29T15:05:09.788+0000] {logging_mixin.py:151} INFO - [2023-08-29T15:05:09.788+0000] {dag.py:2907} INFO - Sync 1 DAGs
[2023-08-29T15:05:09.814+0000] {logging_mixin.py:151} INFO - [2023-08-29T15:05:09.814+0000] {dag.py:3677} INFO - Setting next_dagrun for latest_only to 2023-08-29T11:05:09.814044+00:00, run_after=2023-08-29T15:05:09.814044+00:00
[2023-08-29T15:05:09.941+0000] {processor.py:179} INFO - Processing /home/airflow/.local/lib/python3.8/site-packages/airflow/example_dags/example_latest_only.py took 0.186 seconds
[2023-08-29T15:05:40.469+0000] {processor.py:157} INFO - Started process (PID=770) to work on /home/airflow/.local/lib/python3.8/site-packages/airflow/example_dags/example_latest_only.py
[2023-08-29T15:05:40.470+0000] {processor.py:829} INFO - Processing file /home/airflow/.local/lib/python3.8/site-packages/airflow/example_dags/example_latest_only.py for tasks to queue
[2023-08-29T15:05:40.472+0000] {logging_mixin.py:151} INFO - [2023-08-29T15:05:40.471+0000] {dagbag.py:539} INFO - Filling up the DagBag from /home/airflow/.local/lib/python3.8/site-packages/airflow/example_dags/example_latest_only.py
[2023-08-29T15:05:40.477+0000] {processor.py:839} INFO - DAG(s) dict_keys(['latest_only']) retrieved from /home/airflow/.local/lib/python3.8/site-packages/airflow/example_dags/example_latest_only.py
[2023-08-29T15:05:40.503+0000] {logging_mixin.py:151} INFO - [2023-08-29T15:05:40.502+0000] {dag.py:2907} INFO - Sync 1 DAGs
[2023-08-29T15:05:40.525+0000] {logging_mixin.py:151} INFO - [2023-08-29T15:05:40.525+0000] {dag.py:3677} INFO - Setting next_dagrun for latest_only to 2023-08-29T11:05:40.525299+00:00, run_after=2023-08-29T15:05:40.525299+00:00
[2023-08-29T15:05:40.570+0000] {processor.py:179} INFO - Processing /home/airflow/.local/lib/python3.8/site-packages/airflow/example_dags/example_latest_only.py took 0.104 seconds
[2023-08-29T15:06:11.427+0000] {processor.py:157} INFO - Started process (PID=1008) to work on /home/airflow/.local/lib/python3.8/site-packages/airflow/example_dags/example_latest_only.py
[2023-08-29T15:06:11.428+0000] {processor.py:829} INFO - Processing file /home/airflow/.local/lib/python3.8/site-packages/airflow/example_dags/example_latest_only.py for tasks to queue
[2023-08-29T15:06:11.429+0000] {logging_mixin.py:151} INFO - [2023-08-29T15:06:11.429+0000] {dagbag.py:539} INFO - Filling up the DagBag from /home/airflow/.local/lib/python3.8/site-packages/airflow/example_dags/example_latest_only.py
[2023-08-29T15:06:11.435+0000] {processor.py:839} INFO - DAG(s) dict_keys(['latest_only']) retrieved from /home/airflow/.local/lib/python3.8/site-packages/airflow/example_dags/example_latest_only.py
[2023-08-29T15:06:11.458+0000] {logging_mixin.py:151} INFO - [2023-08-29T15:06:11.458+0000] {dag.py:2907} INFO - Sync 1 DAGs
[2023-08-29T15:06:11.479+0000] {logging_mixin.py:151} INFO - [2023-08-29T15:06:11.479+0000] {dag.py:3677} INFO - Setting next_dagrun for latest_only to 2023-08-29T11:06:11.479254+00:00, run_after=2023-08-29T15:06:11.479254+00:00
[2023-08-29T15:06:11.504+0000] {processor.py:179} INFO - Processing /home/airflow/.local/lib/python3.8/site-packages/airflow/example_dags/example_latest_only.py took 0.079 seconds
[2023-08-29T15:06:41.892+0000] {processor.py:157} INFO - Started process (PID=1248) to work on /home/airflow/.local/lib/python3.8/site-packages/airflow/example_dags/example_latest_only.py
[2023-08-29T15:06:41.893+0000] {processor.py:829} INFO - Processing file /home/airflow/.local/lib/python3.8/site-packages/airflow/example_dags/example_latest_only.py for tasks to queue
[2023-08-29T15:06:41.895+0000] {logging_mixin.py:151} INFO - [2023-08-29T15:06:41.894+0000] {dagbag.py:539} INFO - Filling up the DagBag from /home/airflow/.local/lib/python3.8/site-packages/airflow/example_dags/example_latest_only.py
[2023-08-29T15:06:41.901+0000] {processor.py:839} INFO - DAG(s) dict_keys(['latest_only']) retrieved from /home/airflow/.local/lib/python3.8/site-packages/airflow/example_dags/example_latest_only.py
[2023-08-29T15:06:41.924+0000] {logging_mixin.py:151} INFO - [2023-08-29T15:06:41.924+0000] {dag.py:2907} INFO - Sync 1 DAGs
[2023-08-29T15:06:41.949+0000] {logging_mixin.py:151} INFO - [2023-08-29T15:06:41.949+0000] {dag.py:3677} INFO - Setting next_dagrun for latest_only to 2023-08-29T11:06:41.949326+00:00, run_after=2023-08-29T15:06:41.949326+00:00
[2023-08-29T15:06:41.977+0000] {processor.py:179} INFO - Processing /home/airflow/.local/lib/python3.8/site-packages/airflow/example_dags/example_latest_only.py took 0.088 seconds
[2023-08-29T15:07:12.301+0000] {processor.py:157} INFO - Started process (PID=1486) to work on /home/airflow/.local/lib/python3.8/site-packages/airflow/example_dags/example_latest_only.py
[2023-08-29T15:07:12.303+0000] {processor.py:829} INFO - Processing file /home/airflow/.local/lib/python3.8/site-packages/airflow/example_dags/example_latest_only.py for tasks to queue
[2023-08-29T15:07:12.304+0000] {logging_mixin.py:151} INFO - [2023-08-29T15:07:12.304+0000] {dagbag.py:539} INFO - Filling up the DagBag from /home/airflow/.local/lib/python3.8/site-packages/airflow/example_dags/example_latest_only.py
[2023-08-29T15:07:12.309+0000] {processor.py:839} INFO - DAG(s) dict_keys(['latest_only']) retrieved from /home/airflow/.local/lib/python3.8/site-packages/airflow/example_dags/example_latest_only.py
[2023-08-29T15:07:12.333+0000] {logging_mixin.py:151} INFO - [2023-08-29T15:07:12.333+0000] {dag.py:2907} INFO - Sync 1 DAGs
[2023-08-29T15:07:12.355+0000] {logging_mixin.py:151} INFO - [2023-08-29T15:07:12.355+0000] {dag.py:3677} INFO - Setting next_dagrun for latest_only to 2023-08-29T11:07:12.355034+00:00, run_after=2023-08-29T15:07:12.355034+00:00
[2023-08-29T15:07:12.382+0000] {processor.py:179} INFO - Processing /home/airflow/.local/lib/python3.8/site-packages/airflow/example_dags/example_latest_only.py took 0.083 seconds
[2023-08-29T15:07:43.154+0000] {processor.py:157} INFO - Started process (PID=1724) to work on /home/airflow/.local/lib/python3.8/site-packages/airflow/example_dags/example_latest_only.py
[2023-08-29T15:07:43.156+0000] {processor.py:829} INFO - Processing file /home/airflow/.local/lib/python3.8/site-packages/airflow/example_dags/example_latest_only.py for tasks to queue
[2023-08-29T15:07:43.157+0000] {logging_mixin.py:151} INFO - [2023-08-29T15:07:43.157+0000] {dagbag.py:539} INFO - Filling up the DagBag from /home/airflow/.local/lib/python3.8/site-packages/airflow/example_dags/example_latest_only.py
[2023-08-29T15:07:43.164+0000] {processor.py:839} INFO - DAG(s) dict_keys(['latest_only']) retrieved from /home/airflow/.local/lib/python3.8/site-packages/airflow/example_dags/example_latest_only.py
[2023-08-29T15:07:43.193+0000] {logging_mixin.py:151} INFO - [2023-08-29T15:07:43.192+0000] {dag.py:2907} INFO - Sync 1 DAGs
[2023-08-29T15:07:43.223+0000] {logging_mixin.py:151} INFO - [2023-08-29T15:07:43.223+0000] {dag.py:3677} INFO - Setting next_dagrun for latest_only to 2023-08-29T11:07:43.223219+00:00, run_after=2023-08-29T15:07:43.223219+00:00
[2023-08-29T15:07:43.257+0000] {processor.py:179} INFO - Processing /home/airflow/.local/lib/python3.8/site-packages/airflow/example_dags/example_latest_only.py took 0.106 seconds
[2023-08-29T15:08:13.815+0000] {processor.py:157} INFO - Started process (PID=1960) to work on /home/airflow/.local/lib/python3.8/site-packages/airflow/example_dags/example_latest_only.py
[2023-08-29T15:08:13.817+0000] {processor.py:829} INFO - Processing file /home/airflow/.local/lib/python3.8/site-packages/airflow/example_dags/example_latest_only.py for tasks to queue
[2023-08-29T15:08:13.821+0000] {logging_mixin.py:151} INFO - [2023-08-29T15:08:13.820+0000] {dagbag.py:539} INFO - Filling up the DagBag from /home/airflow/.local/lib/python3.8/site-packages/airflow/example_dags/example_latest_only.py
[2023-08-29T15:08:13.836+0000] {processor.py:839} INFO - DAG(s) dict_keys(['latest_only']) retrieved from /home/airflow/.local/lib/python3.8/site-packages/airflow/example_dags/example_latest_only.py
[2023-08-29T15:08:13.880+0000] {logging_mixin.py:151} INFO - [2023-08-29T15:08:13.880+0000] {dag.py:2907} INFO - Sync 1 DAGs
[2023-08-29T15:08:13.931+0000] {logging_mixin.py:151} INFO - [2023-08-29T15:08:13.931+0000] {dag.py:3677} INFO - Setting next_dagrun for latest_only to 2023-08-29T11:08:13.930767+00:00, run_after=2023-08-29T15:08:13.930767+00:00
[2023-08-29T15:08:13.981+0000] {processor.py:179} INFO - Processing /home/airflow/.local/lib/python3.8/site-packages/airflow/example_dags/example_latest_only.py took 0.175 seconds
[2023-08-29T15:08:44.354+0000] {processor.py:157} INFO - Started process (PID=2200) to work on /home/airflow/.local/lib/python3.8/site-packages/airflow/example_dags/example_latest_only.py
[2023-08-29T15:08:44.356+0000] {processor.py:829} INFO - Processing file /home/airflow/.local/lib/python3.8/site-packages/airflow/example_dags/example_latest_only.py for tasks to queue
[2023-08-29T15:08:44.357+0000] {logging_mixin.py:151} INFO - [2023-08-29T15:08:44.357+0000] {dagbag.py:539} INFO - Filling up the DagBag from /home/airflow/.local/lib/python3.8/site-packages/airflow/example_dags/example_latest_only.py
[2023-08-29T15:08:44.365+0000] {processor.py:839} INFO - DAG(s) dict_keys(['latest_only']) retrieved from /home/airflow/.local/lib/python3.8/site-packages/airflow/example_dags/example_latest_only.py
[2023-08-29T15:08:44.398+0000] {logging_mixin.py:151} INFO - [2023-08-29T15:08:44.398+0000] {dag.py:2907} INFO - Sync 1 DAGs
[2023-08-29T15:08:44.429+0000] {logging_mixin.py:151} INFO - [2023-08-29T15:08:44.429+0000] {dag.py:3677} INFO - Setting next_dagrun for latest_only to 2023-08-29T11:08:44.428737+00:00, run_after=2023-08-29T15:08:44.428737+00:00
[2023-08-29T15:08:44.464+0000] {processor.py:179} INFO - Processing /home/airflow/.local/lib/python3.8/site-packages/airflow/example_dags/example_latest_only.py took 0.113 seconds
[2023-08-29T15:09:14.524+0000] {processor.py:157} INFO - Started process (PID=2436) to work on /home/airflow/.local/lib/python3.8/site-packages/airflow/example_dags/example_latest_only.py
[2023-08-29T15:09:14.526+0000] {processor.py:829} INFO - Processing file /home/airflow/.local/lib/python3.8/site-packages/airflow/example_dags/example_latest_only.py for tasks to queue
[2023-08-29T15:09:14.528+0000] {logging_mixin.py:151} INFO - [2023-08-29T15:09:14.527+0000] {dagbag.py:539} INFO - Filling up the DagBag from /home/airflow/.local/lib/python3.8/site-packages/airflow/example_dags/example_latest_only.py
[2023-08-29T15:09:14.536+0000] {processor.py:839} INFO - DAG(s) dict_keys(['latest_only']) retrieved from /home/airflow/.local/lib/python3.8/site-packages/airflow/example_dags/example_latest_only.py
[2023-08-29T15:09:14.569+0000] {logging_mixin.py:151} INFO - [2023-08-29T15:09:14.568+0000] {dag.py:2907} INFO - Sync 1 DAGs
[2023-08-29T15:09:14.597+0000] {logging_mixin.py:151} INFO - [2023-08-29T15:09:14.596+0000] {dag.py:3677} INFO - Setting next_dagrun for latest_only to 2023-08-29T11:09:14.596279+00:00, run_after=2023-08-29T15:09:14.596279+00:00
[2023-08-29T15:09:14.632+0000] {processor.py:179} INFO - Processing /home/airflow/.local/lib/python3.8/site-packages/airflow/example_dags/example_latest_only.py took 0.112 seconds
[2023-08-29T15:09:45.372+0000] {processor.py:157} INFO - Started process (PID=2676) to work on /home/airflow/.local/lib/python3.8/site-packages/airflow/example_dags/example_latest_only.py
[2023-08-29T15:09:45.373+0000] {processor.py:829} INFO - Processing file /home/airflow/.local/lib/python3.8/site-packages/airflow/example_dags/example_latest_only.py for tasks to queue
[2023-08-29T15:09:45.374+0000] {logging_mixin.py:151} INFO - [2023-08-29T15:09:45.374+0000] {dagbag.py:539} INFO - Filling up the DagBag from /home/airflow/.local/lib/python3.8/site-packages/airflow/example_dags/example_latest_only.py
[2023-08-29T15:09:45.380+0000] {processor.py:839} INFO - DAG(s) dict_keys(['latest_only']) retrieved from /home/airflow/.local/lib/python3.8/site-packages/airflow/example_dags/example_latest_only.py
[2023-08-29T15:09:45.403+0000] {logging_mixin.py:151} INFO - [2023-08-29T15:09:45.403+0000] {dag.py:2907} INFO - Sync 1 DAGs
[2023-08-29T15:09:45.427+0000] {logging_mixin.py:151} INFO - [2023-08-29T15:09:45.427+0000] {dag.py:3677} INFO - Setting next_dagrun for latest_only to 2023-08-29T11:09:45.427106+00:00, run_after=2023-08-29T15:09:45.427106+00:00
[2023-08-29T15:09:45.454+0000] {processor.py:179} INFO - Processing /home/airflow/.local/lib/python3.8/site-packages/airflow/example_dags/example_latest_only.py took 0.085 seconds
[2023-08-29T15:10:15.780+0000] {processor.py:157} INFO - Started process (PID=2912) to work on /home/airflow/.local/lib/python3.8/site-packages/airflow/example_dags/example_latest_only.py
[2023-08-29T15:10:15.781+0000] {processor.py:829} INFO - Processing file /home/airflow/.local/lib/python3.8/site-packages/airflow/example_dags/example_latest_only.py for tasks to queue
[2023-08-29T15:10:15.782+0000] {logging_mixin.py:151} INFO - [2023-08-29T15:10:15.782+0000] {dagbag.py:539} INFO - Filling up the DagBag from /home/airflow/.local/lib/python3.8/site-packages/airflow/example_dags/example_latest_only.py
[2023-08-29T15:10:15.788+0000] {processor.py:839} INFO - DAG(s) dict_keys(['latest_only']) retrieved from /home/airflow/.local/lib/python3.8/site-packages/airflow/example_dags/example_latest_only.py
[2023-08-29T15:10:15.814+0000] {logging_mixin.py:151} INFO - [2023-08-29T15:10:15.814+0000] {dag.py:2907} INFO - Sync 1 DAGs
[2023-08-29T15:10:15.838+0000] {logging_mixin.py:151} INFO - [2023-08-29T15:10:15.838+0000] {dag.py:3677} INFO - Setting next_dagrun for latest_only to 2023-08-29T11:10:15.837558+00:00, run_after=2023-08-29T15:10:15.837558+00:00
[2023-08-29T15:10:15.865+0000] {processor.py:179} INFO - Processing /home/airflow/.local/lib/python3.8/site-packages/airflow/example_dags/example_latest_only.py took 0.087 seconds
[2023-08-29T15:10:46.267+0000] {processor.py:157} INFO - Started process (PID=3150) to work on /home/airflow/.local/lib/python3.8/site-packages/airflow/example_dags/example_latest_only.py
[2023-08-29T15:10:46.268+0000] {processor.py:829} INFO - Processing file /home/airflow/.local/lib/python3.8/site-packages/airflow/example_dags/example_latest_only.py for tasks to queue
[2023-08-29T15:10:46.270+0000] {logging_mixin.py:151} INFO - [2023-08-29T15:10:46.270+0000] {dagbag.py:539} INFO - Filling up the DagBag from /home/airflow/.local/lib/python3.8/site-packages/airflow/example_dags/example_latest_only.py
[2023-08-29T15:10:46.277+0000] {processor.py:839} INFO - DAG(s) dict_keys(['latest_only']) retrieved from /home/airflow/.local/lib/python3.8/site-packages/airflow/example_dags/example_latest_only.py
[2023-08-29T15:10:46.307+0000] {logging_mixin.py:151} INFO - [2023-08-29T15:10:46.307+0000] {dag.py:2907} INFO - Sync 1 DAGs
[2023-08-29T15:10:46.338+0000] {logging_mixin.py:151} INFO - [2023-08-29T15:10:46.338+0000] {dag.py:3677} INFO - Setting next_dagrun for latest_only to 2023-08-29T11:10:46.338237+00:00, run_after=2023-08-29T15:10:46.338237+00:00
[2023-08-29T15:10:46.373+0000] {processor.py:179} INFO - Processing /home/airflow/.local/lib/python3.8/site-packages/airflow/example_dags/example_latest_only.py took 0.109 seconds
[2023-08-29T15:11:16.879+0000] {processor.py:157} INFO - Started process (PID=3412) to work on /home/airflow/.local/lib/python3.8/site-packages/airflow/example_dags/example_latest_only.py
[2023-08-29T15:11:16.881+0000] {processor.py:829} INFO - Processing file /home/airflow/.local/lib/python3.8/site-packages/airflow/example_dags/example_latest_only.py for tasks to queue
[2023-08-29T15:11:16.883+0000] {logging_mixin.py:151} INFO - [2023-08-29T15:11:16.882+0000] {dagbag.py:539} INFO - Filling up the DagBag from /home/airflow/.local/lib/python3.8/site-packages/airflow/example_dags/example_latest_only.py
[2023-08-29T15:11:16.889+0000] {processor.py:839} INFO - DAG(s) dict_keys(['latest_only']) retrieved from /home/airflow/.local/lib/python3.8/site-packages/airflow/example_dags/example_latest_only.py
[2023-08-29T15:11:16.912+0000] {logging_mixin.py:151} INFO - [2023-08-29T15:11:16.911+0000] {dag.py:2907} INFO - Sync 1 DAGs
[2023-08-29T15:11:16.938+0000] {logging_mixin.py:151} INFO - [2023-08-29T15:11:16.938+0000] {dag.py:3677} INFO - Setting next_dagrun for latest_only to 2023-08-29T11:11:16.938305+00:00, run_after=2023-08-29T15:11:16.938305+00:00
[2023-08-29T15:11:16.970+0000] {processor.py:179} INFO - Processing /home/airflow/.local/lib/python3.8/site-packages/airflow/example_dags/example_latest_only.py took 0.094 seconds
[2023-08-29T15:11:47.431+0000] {processor.py:157} INFO - Started process (PID=3652) to work on /home/airflow/.local/lib/python3.8/site-packages/airflow/example_dags/example_latest_only.py
[2023-08-29T15:11:47.432+0000] {processor.py:829} INFO - Processing file /home/airflow/.local/lib/python3.8/site-packages/airflow/example_dags/example_latest_only.py for tasks to queue
[2023-08-29T15:11:47.433+0000] {logging_mixin.py:151} INFO - [2023-08-29T15:11:47.433+0000] {dagbag.py:539} INFO - Filling up the DagBag from /home/airflow/.local/lib/python3.8/site-packages/airflow/example_dags/example_latest_only.py
[2023-08-29T15:11:47.438+0000] {processor.py:839} INFO - DAG(s) dict_keys(['latest_only']) retrieved from /home/airflow/.local/lib/python3.8/site-packages/airflow/example_dags/example_latest_only.py
[2023-08-29T15:11:47.461+0000] {logging_mixin.py:151} INFO - [2023-08-29T15:11:47.461+0000] {dag.py:2907} INFO - Sync 1 DAGs
[2023-08-29T15:11:47.488+0000] {logging_mixin.py:151} INFO - [2023-08-29T15:11:47.488+0000] {dag.py:3677} INFO - Setting next_dagrun for latest_only to 2023-08-29T11:11:47.488365+00:00, run_after=2023-08-29T15:11:47.488365+00:00
[2023-08-29T15:11:47.519+0000] {processor.py:179} INFO - Processing /home/airflow/.local/lib/python3.8/site-packages/airflow/example_dags/example_latest_only.py took 0.090 seconds
[2023-08-29T15:12:18.018+0000] {processor.py:157} INFO - Started process (PID=3890) to work on /home/airflow/.local/lib/python3.8/site-packages/airflow/example_dags/example_latest_only.py
[2023-08-29T15:12:18.019+0000] {processor.py:829} INFO - Processing file /home/airflow/.local/lib/python3.8/site-packages/airflow/example_dags/example_latest_only.py for tasks to queue
[2023-08-29T15:12:18.021+0000] {logging_mixin.py:151} INFO - [2023-08-29T15:12:18.021+0000] {dagbag.py:539} INFO - Filling up the DagBag from /home/airflow/.local/lib/python3.8/site-packages/airflow/example_dags/example_latest_only.py
[2023-08-29T15:12:18.029+0000] {processor.py:839} INFO - DAG(s) dict_keys(['latest_only']) retrieved from /home/airflow/.local/lib/python3.8/site-packages/airflow/example_dags/example_latest_only.py
[2023-08-29T15:12:18.054+0000] {logging_mixin.py:151} INFO - [2023-08-29T15:12:18.053+0000] {dag.py:2907} INFO - Sync 1 DAGs
[2023-08-29T15:12:18.078+0000] {logging_mixin.py:151} INFO - [2023-08-29T15:12:18.078+0000] {dag.py:3677} INFO - Setting next_dagrun for latest_only to 2023-08-29T11:12:18.077914+00:00, run_after=2023-08-29T15:12:18.077914+00:00
[2023-08-29T15:12:18.108+0000] {processor.py:179} INFO - Processing /home/airflow/.local/lib/python3.8/site-packages/airflow/example_dags/example_latest_only.py took 0.094 seconds
[2023-08-29T15:12:48.910+0000] {processor.py:157} INFO - Started process (PID=4126) to work on /home/airflow/.local/lib/python3.8/site-packages/airflow/example_dags/example_latest_only.py
[2023-08-29T15:12:48.911+0000] {processor.py:829} INFO - Processing file /home/airflow/.local/lib/python3.8/site-packages/airflow/example_dags/example_latest_only.py for tasks to queue
[2023-08-29T15:12:48.913+0000] {logging_mixin.py:151} INFO - [2023-08-29T15:12:48.913+0000] {dagbag.py:539} INFO - Filling up the DagBag from /home/airflow/.local/lib/python3.8/site-packages/airflow/example_dags/example_latest_only.py
[2023-08-29T15:12:48.918+0000] {processor.py:839} INFO - DAG(s) dict_keys(['latest_only']) retrieved from /home/airflow/.local/lib/python3.8/site-packages/airflow/example_dags/example_latest_only.py
[2023-08-29T15:12:48.942+0000] {logging_mixin.py:151} INFO - [2023-08-29T15:12:48.942+0000] {dag.py:2907} INFO - Sync 1 DAGs
[2023-08-29T15:12:48.965+0000] {logging_mixin.py:151} INFO - [2023-08-29T15:12:48.965+0000] {dag.py:3677} INFO - Setting next_dagrun for latest_only to 2023-08-29T11:12:48.964926+00:00, run_after=2023-08-29T15:12:48.964926+00:00
[2023-08-29T15:12:48.995+0000] {processor.py:179} INFO - Processing /home/airflow/.local/lib/python3.8/site-packages/airflow/example_dags/example_latest_only.py took 0.088 seconds
[2023-08-29T15:13:19.518+0000] {processor.py:157} INFO - Started process (PID=4364) to work on /home/airflow/.local/lib/python3.8/site-packages/airflow/example_dags/example_latest_only.py
[2023-08-29T15:13:19.519+0000] {processor.py:829} INFO - Processing file /home/airflow/.local/lib/python3.8/site-packages/airflow/example_dags/example_latest_only.py for tasks to queue
[2023-08-29T15:13:19.521+0000] {logging_mixin.py:151} INFO - [2023-08-29T15:13:19.520+0000] {dagbag.py:539} INFO - Filling up the DagBag from /home/airflow/.local/lib/python3.8/site-packages/airflow/example_dags/example_latest_only.py
[2023-08-29T15:13:19.528+0000] {processor.py:839} INFO - DAG(s) dict_keys(['latest_only']) retrieved from /home/airflow/.local/lib/python3.8/site-packages/airflow/example_dags/example_latest_only.py
[2023-08-29T15:13:19.559+0000] {logging_mixin.py:151} INFO - [2023-08-29T15:13:19.559+0000] {dag.py:2907} INFO - Sync 1 DAGs
[2023-08-29T15:13:19.585+0000] {logging_mixin.py:151} INFO - [2023-08-29T15:13:19.585+0000] {dag.py:3677} INFO - Setting next_dagrun for latest_only to 2023-08-29T11:13:19.585360+00:00, run_after=2023-08-29T15:13:19.585360+00:00
[2023-08-29T15:13:19.618+0000] {processor.py:179} INFO - Processing /home/airflow/.local/lib/python3.8/site-packages/airflow/example_dags/example_latest_only.py took 0.103 seconds
[2023-08-29T15:13:49.849+0000] {processor.py:157} INFO - Started process (PID=4597) to work on /home/airflow/.local/lib/python3.8/site-packages/airflow/example_dags/example_latest_only.py
[2023-08-29T15:13:49.851+0000] {processor.py:829} INFO - Processing file /home/airflow/.local/lib/python3.8/site-packages/airflow/example_dags/example_latest_only.py for tasks to queue
[2023-08-29T15:13:49.852+0000] {logging_mixin.py:151} INFO - [2023-08-29T15:13:49.852+0000] {dagbag.py:539} INFO - Filling up the DagBag from /home/airflow/.local/lib/python3.8/site-packages/airflow/example_dags/example_latest_only.py
[2023-08-29T15:13:49.858+0000] {processor.py:839} INFO - DAG(s) dict_keys(['latest_only']) retrieved from /home/airflow/.local/lib/python3.8/site-packages/airflow/example_dags/example_latest_only.py
[2023-08-29T15:13:49.884+0000] {logging_mixin.py:151} INFO - [2023-08-29T15:13:49.883+0000] {dag.py:2907} INFO - Sync 1 DAGs
[2023-08-29T15:13:49.905+0000] {logging_mixin.py:151} INFO - [2023-08-29T15:13:49.905+0000] {dag.py:3677} INFO - Setting next_dagrun for latest_only to 2023-08-29T11:13:49.905245+00:00, run_after=2023-08-29T15:13:49.905245+00:00
[2023-08-29T15:13:49.934+0000] {processor.py:179} INFO - Processing /home/airflow/.local/lib/python3.8/site-packages/airflow/example_dags/example_latest_only.py took 0.089 seconds
[2023-08-29T15:14:20.148+0000] {processor.py:157} INFO - Started process (PID=4835) to work on /home/airflow/.local/lib/python3.8/site-packages/airflow/example_dags/example_latest_only.py
[2023-08-29T15:14:20.149+0000] {processor.py:829} INFO - Processing file /home/airflow/.local/lib/python3.8/site-packages/airflow/example_dags/example_latest_only.py for tasks to queue
[2023-08-29T15:14:20.151+0000] {logging_mixin.py:151} INFO - [2023-08-29T15:14:20.150+0000] {dagbag.py:539} INFO - Filling up the DagBag from /home/airflow/.local/lib/python3.8/site-packages/airflow/example_dags/example_latest_only.py
[2023-08-29T15:14:20.156+0000] {processor.py:839} INFO - DAG(s) dict_keys(['latest_only']) retrieved from /home/airflow/.local/lib/python3.8/site-packages/airflow/example_dags/example_latest_only.py
[2023-08-29T15:14:20.178+0000] {logging_mixin.py:151} INFO - [2023-08-29T15:14:20.178+0000] {dag.py:2907} INFO - Sync 1 DAGs
[2023-08-29T15:14:20.202+0000] {logging_mixin.py:151} INFO - [2023-08-29T15:14:20.202+0000] {dag.py:3677} INFO - Setting next_dagrun for latest_only to 2023-08-29T11:14:20.202179+00:00, run_after=2023-08-29T15:14:20.202179+00:00
[2023-08-29T15:14:20.230+0000] {processor.py:179} INFO - Processing /home/airflow/.local/lib/python3.8/site-packages/airflow/example_dags/example_latest_only.py took 0.084 seconds
[2023-08-29T15:14:50.871+0000] {processor.py:157} INFO - Started process (PID=5073) to work on /home/airflow/.local/lib/python3.8/site-packages/airflow/example_dags/example_latest_only.py
[2023-08-29T15:14:50.873+0000] {processor.py:829} INFO - Processing file /home/airflow/.local/lib/python3.8/site-packages/airflow/example_dags/example_latest_only.py for tasks to queue
[2023-08-29T15:14:50.874+0000] {logging_mixin.py:151} INFO - [2023-08-29T15:14:50.874+0000] {dagbag.py:539} INFO - Filling up the DagBag from /home/airflow/.local/lib/python3.8/site-packages/airflow/example_dags/example_latest_only.py
[2023-08-29T15:14:50.881+0000] {processor.py:839} INFO - DAG(s) dict_keys(['latest_only']) retrieved from /home/airflow/.local/lib/python3.8/site-packages/airflow/example_dags/example_latest_only.py
[2023-08-29T15:14:50.903+0000] {logging_mixin.py:151} INFO - [2023-08-29T15:14:50.903+0000] {dag.py:2907} INFO - Sync 1 DAGs
[2023-08-29T15:14:50.926+0000] {logging_mixin.py:151} INFO - [2023-08-29T15:14:50.926+0000] {dag.py:3677} INFO - Setting next_dagrun for latest_only to 2023-08-29T11:14:50.925779+00:00, run_after=2023-08-29T15:14:50.925779+00:00
[2023-08-29T15:14:50.989+0000] {processor.py:179} INFO - Processing /home/airflow/.local/lib/python3.8/site-packages/airflow/example_dags/example_latest_only.py took 0.120 seconds
[2023-08-29T15:15:21.308+0000] {processor.py:157} INFO - Started process (PID=5311) to work on /home/airflow/.local/lib/python3.8/site-packages/airflow/example_dags/example_latest_only.py
[2023-08-29T15:15:21.309+0000] {processor.py:829} INFO - Processing file /home/airflow/.local/lib/python3.8/site-packages/airflow/example_dags/example_latest_only.py for tasks to queue
[2023-08-29T15:15:21.311+0000] {logging_mixin.py:151} INFO - [2023-08-29T15:15:21.310+0000] {dagbag.py:539} INFO - Filling up the DagBag from /home/airflow/.local/lib/python3.8/site-packages/airflow/example_dags/example_latest_only.py
[2023-08-29T15:15:21.316+0000] {processor.py:839} INFO - DAG(s) dict_keys(['latest_only']) retrieved from /home/airflow/.local/lib/python3.8/site-packages/airflow/example_dags/example_latest_only.py
[2023-08-29T15:15:21.342+0000] {logging_mixin.py:151} INFO - [2023-08-29T15:15:21.342+0000] {dag.py:2907} INFO - Sync 1 DAGs
[2023-08-29T15:15:21.366+0000] {logging_mixin.py:151} INFO - [2023-08-29T15:15:21.366+0000] {dag.py:3677} INFO - Setting next_dagrun for latest_only to 2023-08-29T11:15:21.366178+00:00, run_after=2023-08-29T15:15:21.366178+00:00
[2023-08-29T15:15:21.396+0000] {processor.py:179} INFO - Processing /home/airflow/.local/lib/python3.8/site-packages/airflow/example_dags/example_latest_only.py took 0.094 seconds
[2023-08-29T15:15:51.946+0000] {processor.py:157} INFO - Started process (PID=5549) to work on /home/airflow/.local/lib/python3.8/site-packages/airflow/example_dags/example_latest_only.py
[2023-08-29T15:15:51.947+0000] {processor.py:829} INFO - Processing file /home/airflow/.local/lib/python3.8/site-packages/airflow/example_dags/example_latest_only.py for tasks to queue
[2023-08-29T15:15:51.949+0000] {logging_mixin.py:151} INFO - [2023-08-29T15:15:51.948+0000] {dagbag.py:539} INFO - Filling up the DagBag from /home/airflow/.local/lib/python3.8/site-packages/airflow/example_dags/example_latest_only.py
[2023-08-29T15:15:51.954+0000] {processor.py:839} INFO - DAG(s) dict_keys(['latest_only']) retrieved from /home/airflow/.local/lib/python3.8/site-packages/airflow/example_dags/example_latest_only.py
[2023-08-29T15:15:51.979+0000] {logging_mixin.py:151} INFO - [2023-08-29T15:15:51.979+0000] {dag.py:2907} INFO - Sync 1 DAGs
[2023-08-29T15:15:52.004+0000] {logging_mixin.py:151} INFO - [2023-08-29T15:15:52.004+0000] {dag.py:3677} INFO - Setting next_dagrun for latest_only to 2023-08-29T11:15:52.004316+00:00, run_after=2023-08-29T15:15:52.004316+00:00
[2023-08-29T15:15:52.031+0000] {processor.py:179} INFO - Processing /home/airflow/.local/lib/python3.8/site-packages/airflow/example_dags/example_latest_only.py took 0.088 seconds
[2023-08-29T15:16:22.570+0000] {processor.py:157} INFO - Started process (PID=5787) to work on /home/airflow/.local/lib/python3.8/site-packages/airflow/example_dags/example_latest_only.py
[2023-08-29T15:16:22.572+0000] {processor.py:829} INFO - Processing file /home/airflow/.local/lib/python3.8/site-packages/airflow/example_dags/example_latest_only.py for tasks to queue
[2023-08-29T15:16:22.574+0000] {logging_mixin.py:151} INFO - [2023-08-29T15:16:22.573+0000] {dagbag.py:539} INFO - Filling up the DagBag from /home/airflow/.local/lib/python3.8/site-packages/airflow/example_dags/example_latest_only.py
[2023-08-29T15:16:22.585+0000] {processor.py:839} INFO - DAG(s) dict_keys(['latest_only']) retrieved from /home/airflow/.local/lib/python3.8/site-packages/airflow/example_dags/example_latest_only.py
[2023-08-29T15:16:22.615+0000] {logging_mixin.py:151} INFO - [2023-08-29T15:16:22.615+0000] {dag.py:2907} INFO - Sync 1 DAGs
[2023-08-29T15:16:22.645+0000] {logging_mixin.py:151} INFO - [2023-08-29T15:16:22.645+0000] {dag.py:3677} INFO - Setting next_dagrun for latest_only to 2023-08-29T11:16:22.644988+00:00, run_after=2023-08-29T15:16:22.644988+00:00
[2023-08-29T15:16:22.678+0000] {processor.py:179} INFO - Processing /home/airflow/.local/lib/python3.8/site-packages/airflow/example_dags/example_latest_only.py took 0.111 seconds
[2023-08-29T15:16:52.936+0000] {processor.py:157} INFO - Started process (PID=6025) to work on /home/airflow/.local/lib/python3.8/site-packages/airflow/example_dags/example_latest_only.py
[2023-08-29T15:16:52.938+0000] {processor.py:829} INFO - Processing file /home/airflow/.local/lib/python3.8/site-packages/airflow/example_dags/example_latest_only.py for tasks to queue
[2023-08-29T15:16:52.940+0000] {logging_mixin.py:151} INFO - [2023-08-29T15:16:52.940+0000] {dagbag.py:539} INFO - Filling up the DagBag from /home/airflow/.local/lib/python3.8/site-packages/airflow/example_dags/example_latest_only.py
[2023-08-29T15:16:52.948+0000] {processor.py:839} INFO - DAG(s) dict_keys(['latest_only']) retrieved from /home/airflow/.local/lib/python3.8/site-packages/airflow/example_dags/example_latest_only.py
[2023-08-29T15:16:52.980+0000] {logging_mixin.py:151} INFO - [2023-08-29T15:16:52.979+0000] {dag.py:2907} INFO - Sync 1 DAGs
[2023-08-29T15:16:53.018+0000] {logging_mixin.py:151} INFO - [2023-08-29T15:16:53.018+0000] {dag.py:3677} INFO - Setting next_dagrun for latest_only to 2023-08-29T11:16:53.017971+00:00, run_after=2023-08-29T15:16:53.017971+00:00
[2023-08-29T15:16:53.056+0000] {processor.py:179} INFO - Processing /home/airflow/.local/lib/python3.8/site-packages/airflow/example_dags/example_latest_only.py took 0.123 seconds
[2023-08-29T15:17:23.548+0000] {processor.py:157} INFO - Started process (PID=6263) to work on /home/airflow/.local/lib/python3.8/site-packages/airflow/example_dags/example_latest_only.py
[2023-08-29T15:17:23.549+0000] {processor.py:829} INFO - Processing file /home/airflow/.local/lib/python3.8/site-packages/airflow/example_dags/example_latest_only.py for tasks to queue
[2023-08-29T15:17:23.550+0000] {logging_mixin.py:151} INFO - [2023-08-29T15:17:23.550+0000] {dagbag.py:539} INFO - Filling up the DagBag from /home/airflow/.local/lib/python3.8/site-packages/airflow/example_dags/example_latest_only.py
[2023-08-29T15:17:23.558+0000] {processor.py:839} INFO - DAG(s) dict_keys(['latest_only']) retrieved from /home/airflow/.local/lib/python3.8/site-packages/airflow/example_dags/example_latest_only.py
[2023-08-29T15:17:23.585+0000] {logging_mixin.py:151} INFO - [2023-08-29T15:17:23.584+0000] {dag.py:2907} INFO - Sync 1 DAGs
[2023-08-29T15:17:23.615+0000] {logging_mixin.py:151} INFO - [2023-08-29T15:17:23.615+0000] {dag.py:3677} INFO - Setting next_dagrun for latest_only to 2023-08-29T11:17:23.615458+00:00, run_after=2023-08-29T15:17:23.615458+00:00
[2023-08-29T15:17:23.647+0000] {processor.py:179} INFO - Processing /home/airflow/.local/lib/python3.8/site-packages/airflow/example_dags/example_latest_only.py took 0.102 seconds
[2023-08-29T15:17:53.985+0000] {processor.py:157} INFO - Started process (PID=6501) to work on /home/airflow/.local/lib/python3.8/site-packages/airflow/example_dags/example_latest_only.py
[2023-08-29T15:17:53.986+0000] {processor.py:829} INFO - Processing file /home/airflow/.local/lib/python3.8/site-packages/airflow/example_dags/example_latest_only.py for tasks to queue
[2023-08-29T15:17:53.988+0000] {logging_mixin.py:151} INFO - [2023-08-29T15:17:53.987+0000] {dagbag.py:539} INFO - Filling up the DagBag from /home/airflow/.local/lib/python3.8/site-packages/airflow/example_dags/example_latest_only.py
[2023-08-29T15:17:53.993+0000] {processor.py:839} INFO - DAG(s) dict_keys(['latest_only']) retrieved from /home/airflow/.local/lib/python3.8/site-packages/airflow/example_dags/example_latest_only.py
[2023-08-29T15:17:54.019+0000] {logging_mixin.py:151} INFO - [2023-08-29T15:17:54.018+0000] {dag.py:2907} INFO - Sync 1 DAGs
[2023-08-29T15:17:54.046+0000] {logging_mixin.py:151} INFO - [2023-08-29T15:17:54.046+0000] {dag.py:3677} INFO - Setting next_dagrun for latest_only to 2023-08-29T11:17:54.046459+00:00, run_after=2023-08-29T15:17:54.046459+00:00
[2023-08-29T15:17:54.078+0000] {processor.py:179} INFO - Processing /home/airflow/.local/lib/python3.8/site-packages/airflow/example_dags/example_latest_only.py took 0.097 seconds
[2023-08-29T15:18:25.203+0000] {processor.py:157} INFO - Started process (PID=6741) to work on /home/airflow/.local/lib/python3.8/site-packages/airflow/example_dags/example_latest_only.py
[2023-08-29T15:18:25.204+0000] {processor.py:829} INFO - Processing file /home/airflow/.local/lib/python3.8/site-packages/airflow/example_dags/example_latest_only.py for tasks to queue
[2023-08-29T15:18:25.205+0000] {logging_mixin.py:151} INFO - [2023-08-29T15:18:25.205+0000] {dagbag.py:539} INFO - Filling up the DagBag from /home/airflow/.local/lib/python3.8/site-packages/airflow/example_dags/example_latest_only.py
[2023-08-29T15:18:25.211+0000] {processor.py:839} INFO - DAG(s) dict_keys(['latest_only']) retrieved from /home/airflow/.local/lib/python3.8/site-packages/airflow/example_dags/example_latest_only.py
[2023-08-29T15:18:25.235+0000] {logging_mixin.py:151} INFO - [2023-08-29T15:18:25.235+0000] {dag.py:2907} INFO - Sync 1 DAGs
[2023-08-29T15:18:25.260+0000] {logging_mixin.py:151} INFO - [2023-08-29T15:18:25.260+0000] {dag.py:3677} INFO - Setting next_dagrun for latest_only to 2023-08-29T11:18:25.260472+00:00, run_after=2023-08-29T15:18:25.260472+00:00
[2023-08-29T15:18:25.287+0000] {processor.py:179} INFO - Processing /home/airflow/.local/lib/python3.8/site-packages/airflow/example_dags/example_latest_only.py took 0.086 seconds
[2023-08-29T15:18:55.488+0000] {processor.py:157} INFO - Started process (PID=6979) to work on /home/airflow/.local/lib/python3.8/site-packages/airflow/example_dags/example_latest_only.py
[2023-08-29T15:18:55.489+0000] {processor.py:829} INFO - Processing file /home/airflow/.local/lib/python3.8/site-packages/airflow/example_dags/example_latest_only.py for tasks to queue
[2023-08-29T15:18:55.491+0000] {logging_mixin.py:151} INFO - [2023-08-29T15:18:55.491+0000] {dagbag.py:539} INFO - Filling up the DagBag from /home/airflow/.local/lib/python3.8/site-packages/airflow/example_dags/example_latest_only.py
[2023-08-29T15:18:55.496+0000] {processor.py:839} INFO - DAG(s) dict_keys(['latest_only']) retrieved from /home/airflow/.local/lib/python3.8/site-packages/airflow/example_dags/example_latest_only.py
[2023-08-29T15:18:55.522+0000] {logging_mixin.py:151} INFO - [2023-08-29T15:18:55.522+0000] {dag.py:2907} INFO - Sync 1 DAGs
[2023-08-29T15:18:55.548+0000] {logging_mixin.py:151} INFO - [2023-08-29T15:18:55.548+0000] {dag.py:3677} INFO - Setting next_dagrun for latest_only to 2023-08-29T11:18:55.548118+00:00, run_after=2023-08-29T15:18:55.548118+00:00
[2023-08-29T15:18:55.576+0000] {processor.py:179} INFO - Processing /home/airflow/.local/lib/python3.8/site-packages/airflow/example_dags/example_latest_only.py took 0.090 seconds
[2023-08-29T15:19:26.386+0000] {processor.py:157} INFO - Started process (PID=7217) to work on /home/airflow/.local/lib/python3.8/site-packages/airflow/example_dags/example_latest_only.py
[2023-08-29T15:19:26.388+0000] {processor.py:829} INFO - Processing file /home/airflow/.local/lib/python3.8/site-packages/airflow/example_dags/example_latest_only.py for tasks to queue
[2023-08-29T15:19:26.390+0000] {logging_mixin.py:151} INFO - [2023-08-29T15:19:26.389+0000] {dagbag.py:539} INFO - Filling up the DagBag from /home/airflow/.local/lib/python3.8/site-packages/airflow/example_dags/example_latest_only.py
[2023-08-29T15:19:26.396+0000] {processor.py:839} INFO - DAG(s) dict_keys(['latest_only']) retrieved from /home/airflow/.local/lib/python3.8/site-packages/airflow/example_dags/example_latest_only.py
[2023-08-29T15:19:26.419+0000] {logging_mixin.py:151} INFO - [2023-08-29T15:19:26.419+0000] {dag.py:2907} INFO - Sync 1 DAGs
[2023-08-29T15:19:26.444+0000] {logging_mixin.py:151} INFO - [2023-08-29T15:19:26.444+0000] {dag.py:3677} INFO - Setting next_dagrun for latest_only to 2023-08-29T11:19:26.443768+00:00, run_after=2023-08-29T15:19:26.443768+00:00
[2023-08-29T15:19:26.473+0000] {processor.py:179} INFO - Processing /home/airflow/.local/lib/python3.8/site-packages/airflow/example_dags/example_latest_only.py took 0.090 seconds
[2023-08-29T15:19:57.233+0000] {processor.py:157} INFO - Started process (PID=7460) to work on /home/airflow/.local/lib/python3.8/site-packages/airflow/example_dags/example_latest_only.py
[2023-08-29T15:19:57.235+0000] {processor.py:829} INFO - Processing file /home/airflow/.local/lib/python3.8/site-packages/airflow/example_dags/example_latest_only.py for tasks to queue
[2023-08-29T15:19:57.236+0000] {logging_mixin.py:151} INFO - [2023-08-29T15:19:57.236+0000] {dagbag.py:539} INFO - Filling up the DagBag from /home/airflow/.local/lib/python3.8/site-packages/airflow/example_dags/example_latest_only.py
[2023-08-29T15:19:57.242+0000] {processor.py:839} INFO - DAG(s) dict_keys(['latest_only']) retrieved from /home/airflow/.local/lib/python3.8/site-packages/airflow/example_dags/example_latest_only.py
[2023-08-29T15:19:57.266+0000] {logging_mixin.py:151} INFO - [2023-08-29T15:19:57.265+0000] {dag.py:2907} INFO - Sync 1 DAGs
[2023-08-29T15:19:57.291+0000] {logging_mixin.py:151} INFO - [2023-08-29T15:19:57.291+0000] {dag.py:3677} INFO - Setting next_dagrun for latest_only to 2023-08-29T11:19:57.290662+00:00, run_after=2023-08-29T15:19:57.290662+00:00
[2023-08-29T15:19:57.322+0000] {processor.py:179} INFO - Processing /home/airflow/.local/lib/python3.8/site-packages/airflow/example_dags/example_latest_only.py took 0.092 seconds
[2023-08-29T15:20:27.693+0000] {processor.py:157} INFO - Started process (PID=7700) to work on /home/airflow/.local/lib/python3.8/site-packages/airflow/example_dags/example_latest_only.py
[2023-08-29T15:20:27.694+0000] {processor.py:829} INFO - Processing file /home/airflow/.local/lib/python3.8/site-packages/airflow/example_dags/example_latest_only.py for tasks to queue
[2023-08-29T15:20:27.696+0000] {logging_mixin.py:151} INFO - [2023-08-29T15:20:27.695+0000] {dagbag.py:539} INFO - Filling up the DagBag from /home/airflow/.local/lib/python3.8/site-packages/airflow/example_dags/example_latest_only.py
[2023-08-29T15:20:27.701+0000] {processor.py:839} INFO - DAG(s) dict_keys(['latest_only']) retrieved from /home/airflow/.local/lib/python3.8/site-packages/airflow/example_dags/example_latest_only.py
[2023-08-29T15:20:27.723+0000] {logging_mixin.py:151} INFO - [2023-08-29T15:20:27.723+0000] {dag.py:2907} INFO - Sync 1 DAGs
[2023-08-29T15:20:27.744+0000] {logging_mixin.py:151} INFO - [2023-08-29T15:20:27.744+0000] {dag.py:3677} INFO - Setting next_dagrun for latest_only to 2023-08-29T11:20:27.743803+00:00, run_after=2023-08-29T15:20:27.743803+00:00
[2023-08-29T15:20:27.772+0000] {processor.py:179} INFO - Processing /home/airflow/.local/lib/python3.8/site-packages/airflow/example_dags/example_latest_only.py took 0.082 seconds
[2023-08-29T15:20:58.176+0000] {processor.py:157} INFO - Started process (PID=7938) to work on /home/airflow/.local/lib/python3.8/site-packages/airflow/example_dags/example_latest_only.py
[2023-08-29T15:20:58.178+0000] {processor.py:829} INFO - Processing file /home/airflow/.local/lib/python3.8/site-packages/airflow/example_dags/example_latest_only.py for tasks to queue
[2023-08-29T15:20:58.179+0000] {logging_mixin.py:151} INFO - [2023-08-29T15:20:58.179+0000] {dagbag.py:539} INFO - Filling up the DagBag from /home/airflow/.local/lib/python3.8/site-packages/airflow/example_dags/example_latest_only.py
[2023-08-29T15:20:58.185+0000] {processor.py:839} INFO - DAG(s) dict_keys(['latest_only']) retrieved from /home/airflow/.local/lib/python3.8/site-packages/airflow/example_dags/example_latest_only.py
[2023-08-29T15:20:58.218+0000] {logging_mixin.py:151} INFO - [2023-08-29T15:20:58.218+0000] {dag.py:2907} INFO - Sync 1 DAGs
[2023-08-29T15:20:58.273+0000] {logging_mixin.py:151} INFO - [2023-08-29T15:20:58.273+0000] {dag.py:3677} INFO - Setting next_dagrun for latest_only to 2023-08-29T11:20:58.272823+00:00, run_after=2023-08-29T15:20:58.272823+00:00
[2023-08-29T15:20:58.318+0000] {processor.py:179} INFO - Processing /home/airflow/.local/lib/python3.8/site-packages/airflow/example_dags/example_latest_only.py took 0.145 seconds
[2023-08-29T15:21:28.561+0000] {processor.py:157} INFO - Started process (PID=8177) to work on /home/airflow/.local/lib/python3.8/site-packages/airflow/example_dags/example_latest_only.py
[2023-08-29T15:21:28.563+0000] {processor.py:829} INFO - Processing file /home/airflow/.local/lib/python3.8/site-packages/airflow/example_dags/example_latest_only.py for tasks to queue
[2023-08-29T15:21:28.564+0000] {logging_mixin.py:151} INFO - [2023-08-29T15:21:28.564+0000] {dagbag.py:539} INFO - Filling up the DagBag from /home/airflow/.local/lib/python3.8/site-packages/airflow/example_dags/example_latest_only.py
[2023-08-29T15:21:28.569+0000] {processor.py:839} INFO - DAG(s) dict_keys(['latest_only']) retrieved from /home/airflow/.local/lib/python3.8/site-packages/airflow/example_dags/example_latest_only.py
[2023-08-29T15:21:28.593+0000] {logging_mixin.py:151} INFO - [2023-08-29T15:21:28.593+0000] {dag.py:2907} INFO - Sync 1 DAGs
[2023-08-29T15:21:28.618+0000] {logging_mixin.py:151} INFO - [2023-08-29T15:21:28.618+0000] {dag.py:3677} INFO - Setting next_dagrun for latest_only to 2023-08-29T11:21:28.617847+00:00, run_after=2023-08-29T15:21:28.617847+00:00
[2023-08-29T15:21:28.648+0000] {processor.py:179} INFO - Processing /home/airflow/.local/lib/python3.8/site-packages/airflow/example_dags/example_latest_only.py took 0.089 seconds
