[2023-08-29T15:04:36.669+0000] {processor.py:157} INFO - Started process (PID=219) to work on /home/airflow/.local/lib/python3.8/site-packages/airflow/example_dags/example_dag_decorator.py
[2023-08-29T15:04:36.671+0000] {processor.py:829} INFO - Processing file /home/airflow/.local/lib/python3.8/site-packages/airflow/example_dags/example_dag_decorator.py for tasks to queue
[2023-08-29T15:04:36.674+0000] {logging_mixin.py:151} INFO - [2023-08-29T15:04:36.673+0000] {dagbag.py:539} INFO - Filling up the DagBag from /home/airflow/.local/lib/python3.8/site-packages/airflow/example_dags/example_dag_decorator.py
[2023-08-29T15:04:36.892+0000] {processor.py:839} INFO - DAG(s) dict_keys(['example_dag_decorator']) retrieved from /home/airflow/.local/lib/python3.8/site-packages/airflow/example_dags/example_dag_decorator.py
[2023-08-29T15:04:36.915+0000] {logging_mixin.py:151} INFO - [2023-08-29T15:04:36.915+0000] {dag.py:2907} INFO - Sync 1 DAGs
[2023-08-29T15:04:36.936+0000] {logging_mixin.py:151} INFO - [2023-08-29T15:04:36.936+0000] {dag.py:3677} INFO - Setting next_dagrun for example_dag_decorator to None, run_after=None
[2023-08-29T15:04:36.977+0000] {processor.py:179} INFO - Processing /home/airflow/.local/lib/python3.8/site-packages/airflow/example_dags/example_dag_decorator.py took 0.311 seconds
[2023-08-29T15:05:07.255+0000] {processor.py:157} INFO - Started process (PID=454) to work on /home/airflow/.local/lib/python3.8/site-packages/airflow/example_dags/example_dag_decorator.py
[2023-08-29T15:05:07.257+0000] {processor.py:829} INFO - Processing file /home/airflow/.local/lib/python3.8/site-packages/airflow/example_dags/example_dag_decorator.py for tasks to queue
[2023-08-29T15:05:07.258+0000] {logging_mixin.py:151} INFO - [2023-08-29T15:05:07.258+0000] {dagbag.py:539} INFO - Filling up the DagBag from /home/airflow/.local/lib/python3.8/site-packages/airflow/example_dags/example_dag_decorator.py
[2023-08-29T15:05:07.342+0000] {processor.py:839} INFO - DAG(s) dict_keys(['example_dag_decorator']) retrieved from /home/airflow/.local/lib/python3.8/site-packages/airflow/example_dags/example_dag_decorator.py
[2023-08-29T15:05:07.690+0000] {logging_mixin.py:151} INFO - [2023-08-29T15:05:07.689+0000] {dag.py:2907} INFO - Sync 1 DAGs
[2023-08-29T15:05:07.701+0000] {logging_mixin.py:151} INFO - [2023-08-29T15:05:07.700+0000] {dag.py:3677} INFO - Setting next_dagrun for example_dag_decorator to None, run_after=None
[2023-08-29T15:05:07.730+0000] {processor.py:179} INFO - Processing /home/airflow/.local/lib/python3.8/site-packages/airflow/example_dags/example_dag_decorator.py took 0.478 seconds
[2023-08-29T15:05:38.261+0000] {processor.py:157} INFO - Started process (PID=692) to work on /home/airflow/.local/lib/python3.8/site-packages/airflow/example_dags/example_dag_decorator.py
[2023-08-29T15:05:38.262+0000] {processor.py:829} INFO - Processing file /home/airflow/.local/lib/python3.8/site-packages/airflow/example_dags/example_dag_decorator.py for tasks to queue
[2023-08-29T15:05:38.264+0000] {logging_mixin.py:151} INFO - [2023-08-29T15:05:38.263+0000] {dagbag.py:539} INFO - Filling up the DagBag from /home/airflow/.local/lib/python3.8/site-packages/airflow/example_dags/example_dag_decorator.py
[2023-08-29T15:05:38.496+0000] {processor.py:839} INFO - DAG(s) dict_keys(['example_dag_decorator']) retrieved from /home/airflow/.local/lib/python3.8/site-packages/airflow/example_dags/example_dag_decorator.py
[2023-08-29T15:05:38.653+0000] {logging_mixin.py:151} INFO - [2023-08-29T15:05:38.653+0000] {dag.py:2907} INFO - Sync 1 DAGs
[2023-08-29T15:05:38.668+0000] {logging_mixin.py:151} INFO - [2023-08-29T15:05:38.668+0000] {dag.py:3677} INFO - Setting next_dagrun for example_dag_decorator to None, run_after=None
[2023-08-29T15:05:38.697+0000] {processor.py:179} INFO - Processing /home/airflow/.local/lib/python3.8/site-packages/airflow/example_dags/example_dag_decorator.py took 0.440 seconds
[2023-08-29T15:06:09.150+0000] {processor.py:157} INFO - Started process (PID=928) to work on /home/airflow/.local/lib/python3.8/site-packages/airflow/example_dags/example_dag_decorator.py
[2023-08-29T15:06:09.151+0000] {processor.py:829} INFO - Processing file /home/airflow/.local/lib/python3.8/site-packages/airflow/example_dags/example_dag_decorator.py for tasks to queue
[2023-08-29T15:06:09.153+0000] {logging_mixin.py:151} INFO - [2023-08-29T15:06:09.152+0000] {dagbag.py:539} INFO - Filling up the DagBag from /home/airflow/.local/lib/python3.8/site-packages/airflow/example_dags/example_dag_decorator.py
[2023-08-29T15:06:09.218+0000] {processor.py:839} INFO - DAG(s) dict_keys(['example_dag_decorator']) retrieved from /home/airflow/.local/lib/python3.8/site-packages/airflow/example_dags/example_dag_decorator.py
[2023-08-29T15:06:09.337+0000] {logging_mixin.py:151} INFO - [2023-08-29T15:06:09.337+0000] {dag.py:2907} INFO - Sync 1 DAGs
[2023-08-29T15:06:09.355+0000] {logging_mixin.py:151} INFO - [2023-08-29T15:06:09.354+0000] {dag.py:3677} INFO - Setting next_dagrun for example_dag_decorator to None, run_after=None
[2023-08-29T15:06:09.389+0000] {processor.py:179} INFO - Processing /home/airflow/.local/lib/python3.8/site-packages/airflow/example_dags/example_dag_decorator.py took 0.241 seconds
[2023-08-29T15:06:39.675+0000] {processor.py:157} INFO - Started process (PID=1168) to work on /home/airflow/.local/lib/python3.8/site-packages/airflow/example_dags/example_dag_decorator.py
[2023-08-29T15:06:39.676+0000] {processor.py:829} INFO - Processing file /home/airflow/.local/lib/python3.8/site-packages/airflow/example_dags/example_dag_decorator.py for tasks to queue
[2023-08-29T15:06:39.677+0000] {logging_mixin.py:151} INFO - [2023-08-29T15:06:39.677+0000] {dagbag.py:539} INFO - Filling up the DagBag from /home/airflow/.local/lib/python3.8/site-packages/airflow/example_dags/example_dag_decorator.py
[2023-08-29T15:06:39.745+0000] {processor.py:839} INFO - DAG(s) dict_keys(['example_dag_decorator']) retrieved from /home/airflow/.local/lib/python3.8/site-packages/airflow/example_dags/example_dag_decorator.py
[2023-08-29T15:06:39.870+0000] {logging_mixin.py:151} INFO - [2023-08-29T15:06:39.870+0000] {dag.py:2907} INFO - Sync 1 DAGs
[2023-08-29T15:06:39.884+0000] {logging_mixin.py:151} INFO - [2023-08-29T15:06:39.884+0000] {dag.py:3677} INFO - Setting next_dagrun for example_dag_decorator to None, run_after=None
[2023-08-29T15:06:39.911+0000] {processor.py:179} INFO - Processing /home/airflow/.local/lib/python3.8/site-packages/airflow/example_dags/example_dag_decorator.py took 0.240 seconds
[2023-08-29T15:07:10.097+0000] {processor.py:157} INFO - Started process (PID=1409) to work on /home/airflow/.local/lib/python3.8/site-packages/airflow/example_dags/example_dag_decorator.py
[2023-08-29T15:07:10.099+0000] {processor.py:829} INFO - Processing file /home/airflow/.local/lib/python3.8/site-packages/airflow/example_dags/example_dag_decorator.py for tasks to queue
[2023-08-29T15:07:10.100+0000] {logging_mixin.py:151} INFO - [2023-08-29T15:07:10.100+0000] {dagbag.py:539} INFO - Filling up the DagBag from /home/airflow/.local/lib/python3.8/site-packages/airflow/example_dags/example_dag_decorator.py
[2023-08-29T15:07:10.160+0000] {processor.py:839} INFO - DAG(s) dict_keys(['example_dag_decorator']) retrieved from /home/airflow/.local/lib/python3.8/site-packages/airflow/example_dags/example_dag_decorator.py
[2023-08-29T15:07:10.189+0000] {logging_mixin.py:151} INFO - [2023-08-29T15:07:10.189+0000] {dag.py:2907} INFO - Sync 1 DAGs
[2023-08-29T15:07:10.206+0000] {logging_mixin.py:151} INFO - [2023-08-29T15:07:10.205+0000] {dag.py:3677} INFO - Setting next_dagrun for example_dag_decorator to None, run_after=None
[2023-08-29T15:07:10.234+0000] {processor.py:179} INFO - Processing /home/airflow/.local/lib/python3.8/site-packages/airflow/example_dags/example_dag_decorator.py took 0.139 seconds
[2023-08-29T15:07:40.725+0000] {processor.py:157} INFO - Started process (PID=1644) to work on /home/airflow/.local/lib/python3.8/site-packages/airflow/example_dags/example_dag_decorator.py
[2023-08-29T15:07:40.726+0000] {processor.py:829} INFO - Processing file /home/airflow/.local/lib/python3.8/site-packages/airflow/example_dags/example_dag_decorator.py for tasks to queue
[2023-08-29T15:07:40.728+0000] {logging_mixin.py:151} INFO - [2023-08-29T15:07:40.727+0000] {dagbag.py:539} INFO - Filling up the DagBag from /home/airflow/.local/lib/python3.8/site-packages/airflow/example_dags/example_dag_decorator.py
[2023-08-29T15:07:40.791+0000] {processor.py:839} INFO - DAG(s) dict_keys(['example_dag_decorator']) retrieved from /home/airflow/.local/lib/python3.8/site-packages/airflow/example_dags/example_dag_decorator.py
[2023-08-29T15:07:40.907+0000] {logging_mixin.py:151} INFO - [2023-08-29T15:07:40.906+0000] {dag.py:2907} INFO - Sync 1 DAGs
[2023-08-29T15:07:40.917+0000] {logging_mixin.py:151} INFO - [2023-08-29T15:07:40.916+0000] {dag.py:3677} INFO - Setting next_dagrun for example_dag_decorator to None, run_after=None
[2023-08-29T15:07:40.942+0000] {processor.py:179} INFO - Processing /home/airflow/.local/lib/python3.8/site-packages/airflow/example_dags/example_dag_decorator.py took 0.219 seconds
[2023-08-29T15:08:11.452+0000] {processor.py:157} INFO - Started process (PID=1880) to work on /home/airflow/.local/lib/python3.8/site-packages/airflow/example_dags/example_dag_decorator.py
[2023-08-29T15:08:11.453+0000] {processor.py:829} INFO - Processing file /home/airflow/.local/lib/python3.8/site-packages/airflow/example_dags/example_dag_decorator.py for tasks to queue
[2023-08-29T15:08:11.455+0000] {logging_mixin.py:151} INFO - [2023-08-29T15:08:11.454+0000] {dagbag.py:539} INFO - Filling up the DagBag from /home/airflow/.local/lib/python3.8/site-packages/airflow/example_dags/example_dag_decorator.py
[2023-08-29T15:08:11.524+0000] {processor.py:839} INFO - DAG(s) dict_keys(['example_dag_decorator']) retrieved from /home/airflow/.local/lib/python3.8/site-packages/airflow/example_dags/example_dag_decorator.py
[2023-08-29T15:08:11.733+0000] {logging_mixin.py:151} INFO - [2023-08-29T15:08:11.733+0000] {dag.py:2907} INFO - Sync 1 DAGs
[2023-08-29T15:08:11.745+0000] {logging_mixin.py:151} INFO - [2023-08-29T15:08:11.745+0000] {dag.py:3677} INFO - Setting next_dagrun for example_dag_decorator to None, run_after=None
[2023-08-29T15:08:11.776+0000] {processor.py:179} INFO - Processing /home/airflow/.local/lib/python3.8/site-packages/airflow/example_dags/example_dag_decorator.py took 0.326 seconds
[2023-08-29T15:08:41.949+0000] {processor.py:157} INFO - Started process (PID=2125) to work on /home/airflow/.local/lib/python3.8/site-packages/airflow/example_dags/example_dag_decorator.py
[2023-08-29T15:08:41.950+0000] {processor.py:829} INFO - Processing file /home/airflow/.local/lib/python3.8/site-packages/airflow/example_dags/example_dag_decorator.py for tasks to queue
[2023-08-29T15:08:41.952+0000] {logging_mixin.py:151} INFO - [2023-08-29T15:08:41.952+0000] {dagbag.py:539} INFO - Filling up the DagBag from /home/airflow/.local/lib/python3.8/site-packages/airflow/example_dags/example_dag_decorator.py
[2023-08-29T15:08:42.022+0000] {processor.py:839} INFO - DAG(s) dict_keys(['example_dag_decorator']) retrieved from /home/airflow/.local/lib/python3.8/site-packages/airflow/example_dags/example_dag_decorator.py
[2023-08-29T15:08:42.162+0000] {logging_mixin.py:151} INFO - [2023-08-29T15:08:42.162+0000] {dag.py:2907} INFO - Sync 1 DAGs
[2023-08-29T15:08:42.178+0000] {logging_mixin.py:151} INFO - [2023-08-29T15:08:42.177+0000] {dag.py:3677} INFO - Setting next_dagrun for example_dag_decorator to None, run_after=None
[2023-08-29T15:08:42.211+0000] {processor.py:179} INFO - Processing /home/airflow/.local/lib/python3.8/site-packages/airflow/example_dags/example_dag_decorator.py took 0.265 seconds
[2023-08-29T15:09:13.031+0000] {processor.py:157} INFO - Started process (PID=2363) to work on /home/airflow/.local/lib/python3.8/site-packages/airflow/example_dags/example_dag_decorator.py
[2023-08-29T15:09:13.032+0000] {processor.py:829} INFO - Processing file /home/airflow/.local/lib/python3.8/site-packages/airflow/example_dags/example_dag_decorator.py for tasks to queue
[2023-08-29T15:09:13.035+0000] {logging_mixin.py:151} INFO - [2023-08-29T15:09:13.034+0000] {dagbag.py:539} INFO - Filling up the DagBag from /home/airflow/.local/lib/python3.8/site-packages/airflow/example_dags/example_dag_decorator.py
[2023-08-29T15:09:13.175+0000] {processor.py:839} INFO - DAG(s) dict_keys(['example_dag_decorator']) retrieved from /home/airflow/.local/lib/python3.8/site-packages/airflow/example_dags/example_dag_decorator.py
[2023-08-29T15:09:13.405+0000] {logging_mixin.py:151} INFO - [2023-08-29T15:09:13.404+0000] {dag.py:2907} INFO - Sync 1 DAGs
[2023-08-29T15:09:13.420+0000] {logging_mixin.py:151} INFO - [2023-08-29T15:09:13.420+0000] {dag.py:3677} INFO - Setting next_dagrun for example_dag_decorator to None, run_after=None
[2023-08-29T15:09:13.451+0000] {processor.py:179} INFO - Processing /home/airflow/.local/lib/python3.8/site-packages/airflow/example_dags/example_dag_decorator.py took 0.427 seconds
[2023-08-29T15:09:44.150+0000] {processor.py:157} INFO - Started process (PID=2601) to work on /home/airflow/.local/lib/python3.8/site-packages/airflow/example_dags/example_dag_decorator.py
[2023-08-29T15:09:44.152+0000] {processor.py:829} INFO - Processing file /home/airflow/.local/lib/python3.8/site-packages/airflow/example_dags/example_dag_decorator.py for tasks to queue
[2023-08-29T15:09:44.153+0000] {logging_mixin.py:151} INFO - [2023-08-29T15:09:44.153+0000] {dagbag.py:539} INFO - Filling up the DagBag from /home/airflow/.local/lib/python3.8/site-packages/airflow/example_dags/example_dag_decorator.py
[2023-08-29T15:09:44.217+0000] {processor.py:839} INFO - DAG(s) dict_keys(['example_dag_decorator']) retrieved from /home/airflow/.local/lib/python3.8/site-packages/airflow/example_dags/example_dag_decorator.py
[2023-08-29T15:09:44.342+0000] {logging_mixin.py:151} INFO - [2023-08-29T15:09:44.342+0000] {dag.py:2907} INFO - Sync 1 DAGs
[2023-08-29T15:09:44.358+0000] {logging_mixin.py:151} INFO - [2023-08-29T15:09:44.358+0000] {dag.py:3677} INFO - Setting next_dagrun for example_dag_decorator to None, run_after=None
[2023-08-29T15:09:44.390+0000] {processor.py:179} INFO - Processing /home/airflow/.local/lib/python3.8/site-packages/airflow/example_dags/example_dag_decorator.py took 0.242 seconds
[2023-08-29T15:10:14.623+0000] {processor.py:157} INFO - Started process (PID=2839) to work on /home/airflow/.local/lib/python3.8/site-packages/airflow/example_dags/example_dag_decorator.py
[2023-08-29T15:10:14.625+0000] {processor.py:829} INFO - Processing file /home/airflow/.local/lib/python3.8/site-packages/airflow/example_dags/example_dag_decorator.py for tasks to queue
[2023-08-29T15:10:14.626+0000] {logging_mixin.py:151} INFO - [2023-08-29T15:10:14.626+0000] {dagbag.py:539} INFO - Filling up the DagBag from /home/airflow/.local/lib/python3.8/site-packages/airflow/example_dags/example_dag_decorator.py
[2023-08-29T15:10:14.690+0000] {processor.py:839} INFO - DAG(s) dict_keys(['example_dag_decorator']) retrieved from /home/airflow/.local/lib/python3.8/site-packages/airflow/example_dags/example_dag_decorator.py
[2023-08-29T15:10:14.809+0000] {logging_mixin.py:151} INFO - [2023-08-29T15:10:14.809+0000] {dag.py:2907} INFO - Sync 1 DAGs
[2023-08-29T15:10:14.821+0000] {logging_mixin.py:151} INFO - [2023-08-29T15:10:14.821+0000] {dag.py:3677} INFO - Setting next_dagrun for example_dag_decorator to None, run_after=None
[2023-08-29T15:10:14.851+0000] {processor.py:179} INFO - Processing /home/airflow/.local/lib/python3.8/site-packages/airflow/example_dags/example_dag_decorator.py took 0.231 seconds
[2023-08-29T15:10:44.947+0000] {processor.py:157} INFO - Started process (PID=3077) to work on /home/airflow/.local/lib/python3.8/site-packages/airflow/example_dags/example_dag_decorator.py
[2023-08-29T15:10:44.948+0000] {processor.py:829} INFO - Processing file /home/airflow/.local/lib/python3.8/site-packages/airflow/example_dags/example_dag_decorator.py for tasks to queue
[2023-08-29T15:10:44.949+0000] {logging_mixin.py:151} INFO - [2023-08-29T15:10:44.949+0000] {dagbag.py:539} INFO - Filling up the DagBag from /home/airflow/.local/lib/python3.8/site-packages/airflow/example_dags/example_dag_decorator.py
[2023-08-29T15:10:45.021+0000] {processor.py:839} INFO - DAG(s) dict_keys(['example_dag_decorator']) retrieved from /home/airflow/.local/lib/python3.8/site-packages/airflow/example_dags/example_dag_decorator.py
[2023-08-29T15:10:45.167+0000] {logging_mixin.py:151} INFO - [2023-08-29T15:10:45.167+0000] {dag.py:2907} INFO - Sync 1 DAGs
[2023-08-29T15:10:45.181+0000] {logging_mixin.py:151} INFO - [2023-08-29T15:10:45.180+0000] {dag.py:3677} INFO - Setting next_dagrun for example_dag_decorator to None, run_after=None
[2023-08-29T15:10:45.212+0000] {processor.py:179} INFO - Processing /home/airflow/.local/lib/python3.8/site-packages/airflow/example_dags/example_dag_decorator.py took 0.268 seconds
[2023-08-29T15:11:15.592+0000] {processor.py:157} INFO - Started process (PID=3339) to work on /home/airflow/.local/lib/python3.8/site-packages/airflow/example_dags/example_dag_decorator.py
[2023-08-29T15:11:15.593+0000] {processor.py:829} INFO - Processing file /home/airflow/.local/lib/python3.8/site-packages/airflow/example_dags/example_dag_decorator.py for tasks to queue
[2023-08-29T15:11:15.595+0000] {logging_mixin.py:151} INFO - [2023-08-29T15:11:15.595+0000] {dagbag.py:539} INFO - Filling up the DagBag from /home/airflow/.local/lib/python3.8/site-packages/airflow/example_dags/example_dag_decorator.py
[2023-08-29T15:11:15.657+0000] {processor.py:839} INFO - DAG(s) dict_keys(['example_dag_decorator']) retrieved from /home/airflow/.local/lib/python3.8/site-packages/airflow/example_dags/example_dag_decorator.py
[2023-08-29T15:11:15.781+0000] {logging_mixin.py:151} INFO - [2023-08-29T15:11:15.781+0000] {dag.py:2907} INFO - Sync 1 DAGs
[2023-08-29T15:11:15.793+0000] {logging_mixin.py:151} INFO - [2023-08-29T15:11:15.793+0000] {dag.py:3677} INFO - Setting next_dagrun for example_dag_decorator to None, run_after=None
[2023-08-29T15:11:15.822+0000] {processor.py:179} INFO - Processing /home/airflow/.local/lib/python3.8/site-packages/airflow/example_dags/example_dag_decorator.py took 0.233 seconds
[2023-08-29T15:11:46.108+0000] {processor.py:157} INFO - Started process (PID=3577) to work on /home/airflow/.local/lib/python3.8/site-packages/airflow/example_dags/example_dag_decorator.py
[2023-08-29T15:11:46.109+0000] {processor.py:829} INFO - Processing file /home/airflow/.local/lib/python3.8/site-packages/airflow/example_dags/example_dag_decorator.py for tasks to queue
[2023-08-29T15:11:46.110+0000] {logging_mixin.py:151} INFO - [2023-08-29T15:11:46.110+0000] {dagbag.py:539} INFO - Filling up the DagBag from /home/airflow/.local/lib/python3.8/site-packages/airflow/example_dags/example_dag_decorator.py
[2023-08-29T15:11:46.175+0000] {processor.py:839} INFO - DAG(s) dict_keys(['example_dag_decorator']) retrieved from /home/airflow/.local/lib/python3.8/site-packages/airflow/example_dags/example_dag_decorator.py
[2023-08-29T15:11:46.312+0000] {logging_mixin.py:151} INFO - [2023-08-29T15:11:46.312+0000] {dag.py:2907} INFO - Sync 1 DAGs
[2023-08-29T15:11:46.327+0000] {logging_mixin.py:151} INFO - [2023-08-29T15:11:46.327+0000] {dag.py:3677} INFO - Setting next_dagrun for example_dag_decorator to None, run_after=None
[2023-08-29T15:11:46.358+0000] {processor.py:179} INFO - Processing /home/airflow/.local/lib/python3.8/site-packages/airflow/example_dags/example_dag_decorator.py took 0.252 seconds
[2023-08-29T15:12:16.523+0000] {processor.py:157} INFO - Started process (PID=3815) to work on /home/airflow/.local/lib/python3.8/site-packages/airflow/example_dags/example_dag_decorator.py
[2023-08-29T15:12:16.524+0000] {processor.py:829} INFO - Processing file /home/airflow/.local/lib/python3.8/site-packages/airflow/example_dags/example_dag_decorator.py for tasks to queue
[2023-08-29T15:12:16.526+0000] {logging_mixin.py:151} INFO - [2023-08-29T15:12:16.525+0000] {dagbag.py:539} INFO - Filling up the DagBag from /home/airflow/.local/lib/python3.8/site-packages/airflow/example_dags/example_dag_decorator.py
[2023-08-29T15:12:16.587+0000] {processor.py:839} INFO - DAG(s) dict_keys(['example_dag_decorator']) retrieved from /home/airflow/.local/lib/python3.8/site-packages/airflow/example_dags/example_dag_decorator.py
[2023-08-29T15:12:16.704+0000] {logging_mixin.py:151} INFO - [2023-08-29T15:12:16.704+0000] {dag.py:2907} INFO - Sync 1 DAGs
[2023-08-29T15:12:16.714+0000] {logging_mixin.py:151} INFO - [2023-08-29T15:12:16.714+0000] {dag.py:3677} INFO - Setting next_dagrun for example_dag_decorator to None, run_after=None
[2023-08-29T15:12:16.741+0000] {processor.py:179} INFO - Processing /home/airflow/.local/lib/python3.8/site-packages/airflow/example_dags/example_dag_decorator.py took 0.221 seconds
[2023-08-29T15:12:46.864+0000] {processor.py:157} INFO - Started process (PID=4053) to work on /home/airflow/.local/lib/python3.8/site-packages/airflow/example_dags/example_dag_decorator.py
[2023-08-29T15:12:46.866+0000] {processor.py:829} INFO - Processing file /home/airflow/.local/lib/python3.8/site-packages/airflow/example_dags/example_dag_decorator.py for tasks to queue
[2023-08-29T15:12:46.867+0000] {logging_mixin.py:151} INFO - [2023-08-29T15:12:46.867+0000] {dagbag.py:539} INFO - Filling up the DagBag from /home/airflow/.local/lib/python3.8/site-packages/airflow/example_dags/example_dag_decorator.py
[2023-08-29T15:12:46.938+0000] {processor.py:839} INFO - DAG(s) dict_keys(['example_dag_decorator']) retrieved from /home/airflow/.local/lib/python3.8/site-packages/airflow/example_dags/example_dag_decorator.py
[2023-08-29T15:12:47.057+0000] {logging_mixin.py:151} INFO - [2023-08-29T15:12:47.057+0000] {dag.py:2907} INFO - Sync 1 DAGs
[2023-08-29T15:12:47.069+0000] {logging_mixin.py:151} INFO - [2023-08-29T15:12:47.069+0000] {dag.py:3677} INFO - Setting next_dagrun for example_dag_decorator to None, run_after=None
[2023-08-29T15:12:47.099+0000] {processor.py:179} INFO - Processing /home/airflow/.local/lib/python3.8/site-packages/airflow/example_dags/example_dag_decorator.py took 0.238 seconds
[2023-08-29T15:13:17.371+0000] {processor.py:157} INFO - Started process (PID=4291) to work on /home/airflow/.local/lib/python3.8/site-packages/airflow/example_dags/example_dag_decorator.py
[2023-08-29T15:13:17.373+0000] {processor.py:829} INFO - Processing file /home/airflow/.local/lib/python3.8/site-packages/airflow/example_dags/example_dag_decorator.py for tasks to queue
[2023-08-29T15:13:17.375+0000] {logging_mixin.py:151} INFO - [2023-08-29T15:13:17.374+0000] {dagbag.py:539} INFO - Filling up the DagBag from /home/airflow/.local/lib/python3.8/site-packages/airflow/example_dags/example_dag_decorator.py
[2023-08-29T15:13:17.436+0000] {processor.py:839} INFO - DAG(s) dict_keys(['example_dag_decorator']) retrieved from /home/airflow/.local/lib/python3.8/site-packages/airflow/example_dags/example_dag_decorator.py
[2023-08-29T15:13:17.562+0000] {logging_mixin.py:151} INFO - [2023-08-29T15:13:17.561+0000] {dag.py:2907} INFO - Sync 1 DAGs
[2023-08-29T15:13:17.572+0000] {logging_mixin.py:151} INFO - [2023-08-29T15:13:17.572+0000] {dag.py:3677} INFO - Setting next_dagrun for example_dag_decorator to None, run_after=None
[2023-08-29T15:13:17.601+0000] {processor.py:179} INFO - Processing /home/airflow/.local/lib/python3.8/site-packages/airflow/example_dags/example_dag_decorator.py took 0.232 seconds
[2023-08-29T15:13:47.862+0000] {processor.py:157} INFO - Started process (PID=4529) to work on /home/airflow/.local/lib/python3.8/site-packages/airflow/example_dags/example_dag_decorator.py
[2023-08-29T15:13:47.863+0000] {processor.py:829} INFO - Processing file /home/airflow/.local/lib/python3.8/site-packages/airflow/example_dags/example_dag_decorator.py for tasks to queue
[2023-08-29T15:13:47.865+0000] {logging_mixin.py:151} INFO - [2023-08-29T15:13:47.864+0000] {dagbag.py:539} INFO - Filling up the DagBag from /home/airflow/.local/lib/python3.8/site-packages/airflow/example_dags/example_dag_decorator.py
[2023-08-29T15:13:47.962+0000] {processor.py:839} INFO - DAG(s) dict_keys(['example_dag_decorator']) retrieved from /home/airflow/.local/lib/python3.8/site-packages/airflow/example_dags/example_dag_decorator.py
[2023-08-29T15:13:48.090+0000] {logging_mixin.py:151} INFO - [2023-08-29T15:13:48.090+0000] {dag.py:2907} INFO - Sync 1 DAGs
[2023-08-29T15:13:48.105+0000] {logging_mixin.py:151} INFO - [2023-08-29T15:13:48.105+0000] {dag.py:3677} INFO - Setting next_dagrun for example_dag_decorator to None, run_after=None
[2023-08-29T15:13:48.138+0000] {processor.py:179} INFO - Processing /home/airflow/.local/lib/python3.8/site-packages/airflow/example_dags/example_dag_decorator.py took 0.280 seconds
[2023-08-29T15:14:18.273+0000] {processor.py:157} INFO - Started process (PID=4770) to work on /home/airflow/.local/lib/python3.8/site-packages/airflow/example_dags/example_dag_decorator.py
[2023-08-29T15:14:18.274+0000] {processor.py:829} INFO - Processing file /home/airflow/.local/lib/python3.8/site-packages/airflow/example_dags/example_dag_decorator.py for tasks to queue
[2023-08-29T15:14:18.276+0000] {logging_mixin.py:151} INFO - [2023-08-29T15:14:18.276+0000] {dagbag.py:539} INFO - Filling up the DagBag from /home/airflow/.local/lib/python3.8/site-packages/airflow/example_dags/example_dag_decorator.py
[2023-08-29T15:14:18.343+0000] {processor.py:839} INFO - DAG(s) dict_keys(['example_dag_decorator']) retrieved from /home/airflow/.local/lib/python3.8/site-packages/airflow/example_dags/example_dag_decorator.py
[2023-08-29T15:14:18.464+0000] {logging_mixin.py:151} INFO - [2023-08-29T15:14:18.464+0000] {dag.py:2907} INFO - Sync 1 DAGs
[2023-08-29T15:14:18.477+0000] {logging_mixin.py:151} INFO - [2023-08-29T15:14:18.476+0000] {dag.py:3677} INFO - Setting next_dagrun for example_dag_decorator to None, run_after=None
[2023-08-29T15:14:18.507+0000] {processor.py:179} INFO - Processing /home/airflow/.local/lib/python3.8/site-packages/airflow/example_dags/example_dag_decorator.py took 0.237 seconds
[2023-08-29T15:14:48.935+0000] {processor.py:157} INFO - Started process (PID=5005) to work on /home/airflow/.local/lib/python3.8/site-packages/airflow/example_dags/example_dag_decorator.py
[2023-08-29T15:14:48.936+0000] {processor.py:829} INFO - Processing file /home/airflow/.local/lib/python3.8/site-packages/airflow/example_dags/example_dag_decorator.py for tasks to queue
[2023-08-29T15:14:48.937+0000] {logging_mixin.py:151} INFO - [2023-08-29T15:14:48.937+0000] {dagbag.py:539} INFO - Filling up the DagBag from /home/airflow/.local/lib/python3.8/site-packages/airflow/example_dags/example_dag_decorator.py
[2023-08-29T15:14:49.001+0000] {processor.py:839} INFO - DAG(s) dict_keys(['example_dag_decorator']) retrieved from /home/airflow/.local/lib/python3.8/site-packages/airflow/example_dags/example_dag_decorator.py
[2023-08-29T15:14:49.118+0000] {logging_mixin.py:151} INFO - [2023-08-29T15:14:49.118+0000] {dag.py:2907} INFO - Sync 1 DAGs
[2023-08-29T15:14:49.129+0000] {logging_mixin.py:151} INFO - [2023-08-29T15:14:49.129+0000] {dag.py:3677} INFO - Setting next_dagrun for example_dag_decorator to None, run_after=None
[2023-08-29T15:14:49.159+0000] {processor.py:179} INFO - Processing /home/airflow/.local/lib/python3.8/site-packages/airflow/example_dags/example_dag_decorator.py took 0.227 seconds
[2023-08-29T15:15:19.243+0000] {processor.py:157} INFO - Started process (PID=5243) to work on /home/airflow/.local/lib/python3.8/site-packages/airflow/example_dags/example_dag_decorator.py
[2023-08-29T15:15:19.244+0000] {processor.py:829} INFO - Processing file /home/airflow/.local/lib/python3.8/site-packages/airflow/example_dags/example_dag_decorator.py for tasks to queue
[2023-08-29T15:15:19.246+0000] {logging_mixin.py:151} INFO - [2023-08-29T15:15:19.245+0000] {dagbag.py:539} INFO - Filling up the DagBag from /home/airflow/.local/lib/python3.8/site-packages/airflow/example_dags/example_dag_decorator.py
[2023-08-29T15:15:19.315+0000] {processor.py:839} INFO - DAG(s) dict_keys(['example_dag_decorator']) retrieved from /home/airflow/.local/lib/python3.8/site-packages/airflow/example_dags/example_dag_decorator.py
[2023-08-29T15:15:19.463+0000] {logging_mixin.py:151} INFO - [2023-08-29T15:15:19.463+0000] {dag.py:2907} INFO - Sync 1 DAGs
[2023-08-29T15:15:19.479+0000] {logging_mixin.py:151} INFO - [2023-08-29T15:15:19.479+0000] {dag.py:3677} INFO - Setting next_dagrun for example_dag_decorator to None, run_after=None
[2023-08-29T15:15:19.514+0000] {processor.py:179} INFO - Processing /home/airflow/.local/lib/python3.8/site-packages/airflow/example_dags/example_dag_decorator.py took 0.274 seconds
[2023-08-29T15:15:49.964+0000] {processor.py:157} INFO - Started process (PID=5481) to work on /home/airflow/.local/lib/python3.8/site-packages/airflow/example_dags/example_dag_decorator.py
[2023-08-29T15:15:49.966+0000] {processor.py:829} INFO - Processing file /home/airflow/.local/lib/python3.8/site-packages/airflow/example_dags/example_dag_decorator.py for tasks to queue
[2023-08-29T15:15:49.968+0000] {logging_mixin.py:151} INFO - [2023-08-29T15:15:49.968+0000] {dagbag.py:539} INFO - Filling up the DagBag from /home/airflow/.local/lib/python3.8/site-packages/airflow/example_dags/example_dag_decorator.py
[2023-08-29T15:15:50.032+0000] {processor.py:839} INFO - DAG(s) dict_keys(['example_dag_decorator']) retrieved from /home/airflow/.local/lib/python3.8/site-packages/airflow/example_dags/example_dag_decorator.py
[2023-08-29T15:15:50.162+0000] {logging_mixin.py:151} INFO - [2023-08-29T15:15:50.162+0000] {dag.py:2907} INFO - Sync 1 DAGs
[2023-08-29T15:15:50.177+0000] {logging_mixin.py:151} INFO - [2023-08-29T15:15:50.177+0000] {dag.py:3677} INFO - Setting next_dagrun for example_dag_decorator to None, run_after=None
[2023-08-29T15:15:50.209+0000] {processor.py:179} INFO - Processing /home/airflow/.local/lib/python3.8/site-packages/airflow/example_dags/example_dag_decorator.py took 0.247 seconds
[2023-08-29T15:16:20.682+0000] {processor.py:157} INFO - Started process (PID=5719) to work on /home/airflow/.local/lib/python3.8/site-packages/airflow/example_dags/example_dag_decorator.py
[2023-08-29T15:16:20.685+0000] {processor.py:829} INFO - Processing file /home/airflow/.local/lib/python3.8/site-packages/airflow/example_dags/example_dag_decorator.py for tasks to queue
[2023-08-29T15:16:20.688+0000] {logging_mixin.py:151} INFO - [2023-08-29T15:16:20.687+0000] {dagbag.py:539} INFO - Filling up the DagBag from /home/airflow/.local/lib/python3.8/site-packages/airflow/example_dags/example_dag_decorator.py
[2023-08-29T15:16:20.884+0000] {processor.py:839} INFO - DAG(s) dict_keys(['example_dag_decorator']) retrieved from /home/airflow/.local/lib/python3.8/site-packages/airflow/example_dags/example_dag_decorator.py
[2023-08-29T15:16:21.217+0000] {logging_mixin.py:151} INFO - [2023-08-29T15:16:21.216+0000] {dag.py:2907} INFO - Sync 1 DAGs
[2023-08-29T15:16:21.248+0000] {logging_mixin.py:151} INFO - [2023-08-29T15:16:21.247+0000] {dag.py:3677} INFO - Setting next_dagrun for example_dag_decorator to None, run_after=None
[2023-08-29T15:16:21.316+0000] {processor.py:179} INFO - Processing /home/airflow/.local/lib/python3.8/site-packages/airflow/example_dags/example_dag_decorator.py took 0.641 seconds
[2023-08-29T15:16:51.553+0000] {processor.py:157} INFO - Started process (PID=5962) to work on /home/airflow/.local/lib/python3.8/site-packages/airflow/example_dags/example_dag_decorator.py
[2023-08-29T15:16:51.555+0000] {processor.py:829} INFO - Processing file /home/airflow/.local/lib/python3.8/site-packages/airflow/example_dags/example_dag_decorator.py for tasks to queue
[2023-08-29T15:16:51.557+0000] {logging_mixin.py:151} INFO - [2023-08-29T15:16:51.556+0000] {dagbag.py:539} INFO - Filling up the DagBag from /home/airflow/.local/lib/python3.8/site-packages/airflow/example_dags/example_dag_decorator.py
[2023-08-29T15:16:51.663+0000] {processor.py:839} INFO - DAG(s) dict_keys(['example_dag_decorator']) retrieved from /home/airflow/.local/lib/python3.8/site-packages/airflow/example_dags/example_dag_decorator.py
[2023-08-29T15:16:51.966+0000] {logging_mixin.py:151} INFO - [2023-08-29T15:16:51.966+0000] {dag.py:2907} INFO - Sync 1 DAGs
[2023-08-29T15:16:51.998+0000] {logging_mixin.py:151} INFO - [2023-08-29T15:16:51.998+0000] {dag.py:3677} INFO - Setting next_dagrun for example_dag_decorator to None, run_after=None
[2023-08-29T15:16:52.056+0000] {processor.py:179} INFO - Processing /home/airflow/.local/lib/python3.8/site-packages/airflow/example_dags/example_dag_decorator.py took 0.506 seconds
[2023-08-29T15:17:22.332+0000] {processor.py:157} INFO - Started process (PID=6195) to work on /home/airflow/.local/lib/python3.8/site-packages/airflow/example_dags/example_dag_decorator.py
[2023-08-29T15:17:22.333+0000] {processor.py:829} INFO - Processing file /home/airflow/.local/lib/python3.8/site-packages/airflow/example_dags/example_dag_decorator.py for tasks to queue
[2023-08-29T15:17:22.335+0000] {logging_mixin.py:151} INFO - [2023-08-29T15:17:22.334+0000] {dagbag.py:539} INFO - Filling up the DagBag from /home/airflow/.local/lib/python3.8/site-packages/airflow/example_dags/example_dag_decorator.py
[2023-08-29T15:17:22.399+0000] {processor.py:839} INFO - DAG(s) dict_keys(['example_dag_decorator']) retrieved from /home/airflow/.local/lib/python3.8/site-packages/airflow/example_dags/example_dag_decorator.py
[2023-08-29T15:17:22.526+0000] {logging_mixin.py:151} INFO - [2023-08-29T15:17:22.526+0000] {dag.py:2907} INFO - Sync 1 DAGs
[2023-08-29T15:17:22.539+0000] {logging_mixin.py:151} INFO - [2023-08-29T15:17:22.539+0000] {dag.py:3677} INFO - Setting next_dagrun for example_dag_decorator to None, run_after=None
[2023-08-29T15:17:22.571+0000] {processor.py:179} INFO - Processing /home/airflow/.local/lib/python3.8/site-packages/airflow/example_dags/example_dag_decorator.py took 0.242 seconds
[2023-08-29T15:17:52.714+0000] {processor.py:157} INFO - Started process (PID=6433) to work on /home/airflow/.local/lib/python3.8/site-packages/airflow/example_dags/example_dag_decorator.py
[2023-08-29T15:17:52.716+0000] {processor.py:829} INFO - Processing file /home/airflow/.local/lib/python3.8/site-packages/airflow/example_dags/example_dag_decorator.py for tasks to queue
[2023-08-29T15:17:52.718+0000] {logging_mixin.py:151} INFO - [2023-08-29T15:17:52.717+0000] {dagbag.py:539} INFO - Filling up the DagBag from /home/airflow/.local/lib/python3.8/site-packages/airflow/example_dags/example_dag_decorator.py
[2023-08-29T15:17:52.782+0000] {processor.py:839} INFO - DAG(s) dict_keys(['example_dag_decorator']) retrieved from /home/airflow/.local/lib/python3.8/site-packages/airflow/example_dags/example_dag_decorator.py
[2023-08-29T15:17:52.906+0000] {logging_mixin.py:151} INFO - [2023-08-29T15:17:52.906+0000] {dag.py:2907} INFO - Sync 1 DAGs
[2023-08-29T15:17:52.924+0000] {logging_mixin.py:151} INFO - [2023-08-29T15:17:52.924+0000] {dag.py:3677} INFO - Setting next_dagrun for example_dag_decorator to None, run_after=None
[2023-08-29T15:17:52.961+0000] {processor.py:179} INFO - Processing /home/airflow/.local/lib/python3.8/site-packages/airflow/example_dags/example_dag_decorator.py took 0.249 seconds
[2023-08-29T15:18:23.108+0000] {processor.py:157} INFO - Started process (PID=6676) to work on /home/airflow/.local/lib/python3.8/site-packages/airflow/example_dags/example_dag_decorator.py
[2023-08-29T15:18:23.110+0000] {processor.py:829} INFO - Processing file /home/airflow/.local/lib/python3.8/site-packages/airflow/example_dags/example_dag_decorator.py for tasks to queue
[2023-08-29T15:18:23.111+0000] {logging_mixin.py:151} INFO - [2023-08-29T15:18:23.111+0000] {dagbag.py:539} INFO - Filling up the DagBag from /home/airflow/.local/lib/python3.8/site-packages/airflow/example_dags/example_dag_decorator.py
[2023-08-29T15:18:23.184+0000] {processor.py:839} INFO - DAG(s) dict_keys(['example_dag_decorator']) retrieved from /home/airflow/.local/lib/python3.8/site-packages/airflow/example_dags/example_dag_decorator.py
[2023-08-29T15:18:23.322+0000] {logging_mixin.py:151} INFO - [2023-08-29T15:18:23.322+0000] {dag.py:2907} INFO - Sync 1 DAGs
[2023-08-29T15:18:23.334+0000] {logging_mixin.py:151} INFO - [2023-08-29T15:18:23.334+0000] {dag.py:3677} INFO - Setting next_dagrun for example_dag_decorator to None, run_after=None
[2023-08-29T15:18:23.369+0000] {processor.py:179} INFO - Processing /home/airflow/.local/lib/python3.8/site-packages/airflow/example_dags/example_dag_decorator.py took 0.263 seconds
[2023-08-29T15:18:53.520+0000] {processor.py:157} INFO - Started process (PID=6924) to work on /home/airflow/.local/lib/python3.8/site-packages/airflow/example_dags/example_dag_decorator.py
[2023-08-29T15:18:53.521+0000] {processor.py:829} INFO - Processing file /home/airflow/.local/lib/python3.8/site-packages/airflow/example_dags/example_dag_decorator.py for tasks to queue
[2023-08-29T15:18:53.523+0000] {logging_mixin.py:151} INFO - [2023-08-29T15:18:53.522+0000] {dagbag.py:539} INFO - Filling up the DagBag from /home/airflow/.local/lib/python3.8/site-packages/airflow/example_dags/example_dag_decorator.py
[2023-08-29T15:18:53.589+0000] {processor.py:839} INFO - DAG(s) dict_keys(['example_dag_decorator']) retrieved from /home/airflow/.local/lib/python3.8/site-packages/airflow/example_dags/example_dag_decorator.py
[2023-08-29T15:18:53.711+0000] {logging_mixin.py:151} INFO - [2023-08-29T15:18:53.710+0000] {dag.py:2907} INFO - Sync 1 DAGs
[2023-08-29T15:18:53.723+0000] {logging_mixin.py:151} INFO - [2023-08-29T15:18:53.723+0000] {dag.py:3677} INFO - Setting next_dagrun for example_dag_decorator to None, run_after=None
[2023-08-29T15:18:53.752+0000] {processor.py:179} INFO - Processing /home/airflow/.local/lib/python3.8/site-packages/airflow/example_dags/example_dag_decorator.py took 0.235 seconds
[2023-08-29T15:19:24.589+0000] {processor.py:157} INFO - Started process (PID=7162) to work on /home/airflow/.local/lib/python3.8/site-packages/airflow/example_dags/example_dag_decorator.py
[2023-08-29T15:19:24.590+0000] {processor.py:829} INFO - Processing file /home/airflow/.local/lib/python3.8/site-packages/airflow/example_dags/example_dag_decorator.py for tasks to queue
[2023-08-29T15:19:24.592+0000] {logging_mixin.py:151} INFO - [2023-08-29T15:19:24.591+0000] {dagbag.py:539} INFO - Filling up the DagBag from /home/airflow/.local/lib/python3.8/site-packages/airflow/example_dags/example_dag_decorator.py
[2023-08-29T15:19:24.661+0000] {processor.py:839} INFO - DAG(s) dict_keys(['example_dag_decorator']) retrieved from /home/airflow/.local/lib/python3.8/site-packages/airflow/example_dags/example_dag_decorator.py
[2023-08-29T15:19:24.783+0000] {logging_mixin.py:151} INFO - [2023-08-29T15:19:24.782+0000] {dag.py:2907} INFO - Sync 1 DAGs
[2023-08-29T15:19:24.794+0000] {logging_mixin.py:151} INFO - [2023-08-29T15:19:24.794+0000] {dag.py:3677} INFO - Setting next_dagrun for example_dag_decorator to None, run_after=None
[2023-08-29T15:19:24.824+0000] {processor.py:179} INFO - Processing /home/airflow/.local/lib/python3.8/site-packages/airflow/example_dags/example_dag_decorator.py took 0.238 seconds
[2023-08-29T15:19:55.088+0000] {processor.py:157} INFO - Started process (PID=7400) to work on /home/airflow/.local/lib/python3.8/site-packages/airflow/example_dags/example_dag_decorator.py
[2023-08-29T15:19:55.090+0000] {processor.py:829} INFO - Processing file /home/airflow/.local/lib/python3.8/site-packages/airflow/example_dags/example_dag_decorator.py for tasks to queue
[2023-08-29T15:19:55.092+0000] {logging_mixin.py:151} INFO - [2023-08-29T15:19:55.091+0000] {dagbag.py:539} INFO - Filling up the DagBag from /home/airflow/.local/lib/python3.8/site-packages/airflow/example_dags/example_dag_decorator.py
[2023-08-29T15:19:55.176+0000] {processor.py:839} INFO - DAG(s) dict_keys(['example_dag_decorator']) retrieved from /home/airflow/.local/lib/python3.8/site-packages/airflow/example_dags/example_dag_decorator.py
[2023-08-29T15:19:55.324+0000] {logging_mixin.py:151} INFO - [2023-08-29T15:19:55.323+0000] {dag.py:2907} INFO - Sync 1 DAGs
[2023-08-29T15:19:55.345+0000] {logging_mixin.py:151} INFO - [2023-08-29T15:19:55.344+0000] {dag.py:3677} INFO - Setting next_dagrun for example_dag_decorator to None, run_after=None
[2023-08-29T15:19:55.387+0000] {processor.py:179} INFO - Processing /home/airflow/.local/lib/python3.8/site-packages/airflow/example_dags/example_dag_decorator.py took 0.302 seconds
[2023-08-29T15:20:25.850+0000] {processor.py:157} INFO - Started process (PID=7638) to work on /home/airflow/.local/lib/python3.8/site-packages/airflow/example_dags/example_dag_decorator.py
[2023-08-29T15:20:25.851+0000] {processor.py:829} INFO - Processing file /home/airflow/.local/lib/python3.8/site-packages/airflow/example_dags/example_dag_decorator.py for tasks to queue
[2023-08-29T15:20:25.853+0000] {logging_mixin.py:151} INFO - [2023-08-29T15:20:25.853+0000] {dagbag.py:539} INFO - Filling up the DagBag from /home/airflow/.local/lib/python3.8/site-packages/airflow/example_dags/example_dag_decorator.py
[2023-08-29T15:20:25.927+0000] {processor.py:839} INFO - DAG(s) dict_keys(['example_dag_decorator']) retrieved from /home/airflow/.local/lib/python3.8/site-packages/airflow/example_dags/example_dag_decorator.py
[2023-08-29T15:20:25.957+0000] {logging_mixin.py:151} INFO - [2023-08-29T15:20:25.957+0000] {dag.py:2907} INFO - Sync 1 DAGs
[2023-08-29T15:20:25.977+0000] {logging_mixin.py:151} INFO - [2023-08-29T15:20:25.976+0000] {dag.py:3677} INFO - Setting next_dagrun for example_dag_decorator to None, run_after=None
[2023-08-29T15:20:26.011+0000] {processor.py:179} INFO - Processing /home/airflow/.local/lib/python3.8/site-packages/airflow/example_dags/example_dag_decorator.py took 0.164 seconds
[2023-08-29T15:20:56.390+0000] {processor.py:157} INFO - Started process (PID=7876) to work on /home/airflow/.local/lib/python3.8/site-packages/airflow/example_dags/example_dag_decorator.py
[2023-08-29T15:20:56.391+0000] {processor.py:829} INFO - Processing file /home/airflow/.local/lib/python3.8/site-packages/airflow/example_dags/example_dag_decorator.py for tasks to queue
[2023-08-29T15:20:56.392+0000] {logging_mixin.py:151} INFO - [2023-08-29T15:20:56.392+0000] {dagbag.py:539} INFO - Filling up the DagBag from /home/airflow/.local/lib/python3.8/site-packages/airflow/example_dags/example_dag_decorator.py
[2023-08-29T15:20:56.457+0000] {processor.py:839} INFO - DAG(s) dict_keys(['example_dag_decorator']) retrieved from /home/airflow/.local/lib/python3.8/site-packages/airflow/example_dags/example_dag_decorator.py
[2023-08-29T15:20:56.483+0000] {logging_mixin.py:151} INFO - [2023-08-29T15:20:56.483+0000] {dag.py:2907} INFO - Sync 1 DAGs
[2023-08-29T15:20:56.497+0000] {logging_mixin.py:151} INFO - [2023-08-29T15:20:56.497+0000] {dag.py:3677} INFO - Setting next_dagrun for example_dag_decorator to None, run_after=None
[2023-08-29T15:20:56.526+0000] {processor.py:179} INFO - Processing /home/airflow/.local/lib/python3.8/site-packages/airflow/example_dags/example_dag_decorator.py took 0.139 seconds
[2023-08-29T15:21:26.649+0000] {processor.py:157} INFO - Started process (PID=8114) to work on /home/airflow/.local/lib/python3.8/site-packages/airflow/example_dags/example_dag_decorator.py
[2023-08-29T15:21:26.650+0000] {processor.py:829} INFO - Processing file /home/airflow/.local/lib/python3.8/site-packages/airflow/example_dags/example_dag_decorator.py for tasks to queue
[2023-08-29T15:21:26.651+0000] {logging_mixin.py:151} INFO - [2023-08-29T15:21:26.651+0000] {dagbag.py:539} INFO - Filling up the DagBag from /home/airflow/.local/lib/python3.8/site-packages/airflow/example_dags/example_dag_decorator.py
[2023-08-29T15:21:26.718+0000] {processor.py:839} INFO - DAG(s) dict_keys(['example_dag_decorator']) retrieved from /home/airflow/.local/lib/python3.8/site-packages/airflow/example_dags/example_dag_decorator.py
[2023-08-29T15:21:26.842+0000] {logging_mixin.py:151} INFO - [2023-08-29T15:21:26.842+0000] {dag.py:2907} INFO - Sync 1 DAGs
[2023-08-29T15:21:26.854+0000] {logging_mixin.py:151} INFO - [2023-08-29T15:21:26.854+0000] {dag.py:3677} INFO - Setting next_dagrun for example_dag_decorator to None, run_after=None
[2023-08-29T15:21:26.888+0000] {processor.py:179} INFO - Processing /home/airflow/.local/lib/python3.8/site-packages/airflow/example_dags/example_dag_decorator.py took 0.242 seconds
