[2023-09-24T15:28:51.750+0000] {taskinstance.py:1159} INFO - Dependencies all met for dep_context=non-requeueable deps ti=<TaskInstance: openweather_api_dag.load_weather_data scheduled__2023-09-24T14:00:00+00:00 [queued]>
[2023-09-24T15:28:51.764+0000] {taskinstance.py:1159} INFO - Dependencies all met for dep_context=requeueable deps ti=<TaskInstance: openweather_api_dag.load_weather_data scheduled__2023-09-24T14:00:00+00:00 [queued]>
[2023-09-24T15:28:51.764+0000] {taskinstance.py:1361} INFO - Starting attempt 1 of 3
[2023-09-24T15:28:51.785+0000] {taskinstance.py:1382} INFO - Executing <Task(PythonOperator): load_weather_data> on 2023-09-24 14:00:00+00:00
[2023-09-24T15:28:51.791+0000] {standard_task_runner.py:57} INFO - Started process 6963 to run task
[2023-09-24T15:28:51.794+0000] {standard_task_runner.py:84} INFO - Running: ['***', 'tasks', 'run', 'openweather_api_dag', 'load_weather_data', 'scheduled__2023-09-24T14:00:00+00:00', '--job-id', '164', '--raw', '--subdir', 'DAGS_FOLDER/openweather-api.py', '--cfg-path', '/tmp/tmp0d70j87z']
[2023-09-24T15:28:51.797+0000] {standard_task_runner.py:85} INFO - Job 164: Subtask load_weather_data
[2023-09-24T15:28:51.856+0000] {task_command.py:415} INFO - Running <TaskInstance: openweather_api_dag.load_weather_data scheduled__2023-09-24T14:00:00+00:00 [running]> on host 1bba31d3c72d
[2023-09-24T15:28:52.126+0000] {taskinstance.py:1660} INFO - Exporting env vars: AIRFLOW_CTX_DAG_EMAIL='sukmaksinp@gmail.com' AIRFLOW_CTX_DAG_OWNER='qpsss' AIRFLOW_CTX_DAG_ID='openweather_api_dag' AIRFLOW_CTX_TASK_ID='load_weather_data' AIRFLOW_CTX_EXECUTION_DATE='2023-09-24T14:00:00+00:00' AIRFLOW_CTX_TRY_NUMBER='1' AIRFLOW_CTX_DAG_RUN_ID='scheduled__2023-09-24T14:00:00+00:00'
[2023-09-24T15:28:52.127+0000] {postgres.py:168} INFO - Running copy expert: COPY weather_data FROM stdin WITH DELIMITER as ',', filename: current_weather_data.csv
[2023-09-24T15:28:52.140+0000] {base.py:73} INFO - Using connection ID 'postgres_localhost' for task execution.
[2023-09-24T15:28:52.149+0000] {python.py:194} INFO - Done. Returned value was: None
[2023-09-24T15:28:52.160+0000] {taskinstance.py:1400} INFO - Marking task as SUCCESS. dag_id=openweather_api_dag, task_id=load_weather_data, execution_date=20230924T140000, start_date=20230924T152851, end_date=20230924T152852
[2023-09-24T15:28:52.209+0000] {local_task_job_runner.py:228} INFO - Task exited with return code 0
[2023-09-24T15:28:52.230+0000] {taskinstance.py:2784} INFO - 0 downstream tasks scheduled from follow-on schedule check
[2023-09-24T15:29:48.886+0000] {taskinstance.py:1159} INFO - Dependencies all met for dep_context=non-requeueable deps ti=<TaskInstance: openweather_api_dag.load_weather_data scheduled__2023-09-24T14:00:00+00:00 [queued]>
[2023-09-24T15:29:48.900+0000] {taskinstance.py:1159} INFO - Dependencies all met for dep_context=requeueable deps ti=<TaskInstance: openweather_api_dag.load_weather_data scheduled__2023-09-24T14:00:00+00:00 [queued]>
[2023-09-24T15:29:48.901+0000] {taskinstance.py:1361} INFO - Starting attempt 1 of 3
[2023-09-24T15:29:48.918+0000] {taskinstance.py:1382} INFO - Executing <Task(PythonOperator): load_weather_data> on 2023-09-24 14:00:00+00:00
[2023-09-24T15:29:48.926+0000] {standard_task_runner.py:57} INFO - Started process 7008 to run task
[2023-09-24T15:29:48.930+0000] {standard_task_runner.py:84} INFO - Running: ['***', 'tasks', 'run', 'openweather_api_dag', 'load_weather_data', 'scheduled__2023-09-24T14:00:00+00:00', '--job-id', '169', '--raw', '--subdir', 'DAGS_FOLDER/openweather-api.py', '--cfg-path', '/tmp/tmptzkidoyw']
[2023-09-24T15:29:48.935+0000] {standard_task_runner.py:85} INFO - Job 169: Subtask load_weather_data
[2023-09-24T15:29:49.001+0000] {task_command.py:415} INFO - Running <TaskInstance: openweather_api_dag.load_weather_data scheduled__2023-09-24T14:00:00+00:00 [running]> on host 1bba31d3c72d
[2023-09-24T15:29:49.430+0000] {taskinstance.py:1660} INFO - Exporting env vars: AIRFLOW_CTX_DAG_EMAIL='sukmaksinp@gmail.com' AIRFLOW_CTX_DAG_OWNER='qpsss' AIRFLOW_CTX_DAG_ID='openweather_api_dag' AIRFLOW_CTX_TASK_ID='load_weather_data' AIRFLOW_CTX_EXECUTION_DATE='2023-09-24T14:00:00+00:00' AIRFLOW_CTX_TRY_NUMBER='1' AIRFLOW_CTX_DAG_RUN_ID='scheduled__2023-09-24T14:00:00+00:00'
[2023-09-24T15:29:49.432+0000] {postgres.py:168} INFO - Running copy expert: COPY weather_data FROM stdin WITH DELIMITER as ',', filename: current_weather_data.csv
[2023-09-24T15:29:49.443+0000] {base.py:73} INFO - Using connection ID 'postgres_localhost' for task execution.
[2023-09-24T15:29:49.452+0000] {python.py:194} INFO - Done. Returned value was: None
[2023-09-24T15:29:49.463+0000] {taskinstance.py:1400} INFO - Marking task as SUCCESS. dag_id=openweather_api_dag, task_id=load_weather_data, execution_date=20230924T140000, start_date=20230924T152948, end_date=20230924T152949
[2023-09-24T15:29:49.507+0000] {local_task_job_runner.py:228} INFO - Task exited with return code 0
[2023-09-24T15:29:49.526+0000] {taskinstance.py:2784} INFO - 0 downstream tasks scheduled from follow-on schedule check
[2023-09-24T15:32:31.892+0000] {taskinstance.py:1159} INFO - Dependencies all met for dep_context=non-requeueable deps ti=<TaskInstance: openweather_api_dag.load_weather_data scheduled__2023-09-24T14:00:00+00:00 [queued]>
[2023-09-24T15:32:31.911+0000] {taskinstance.py:1159} INFO - Dependencies all met for dep_context=requeueable deps ti=<TaskInstance: openweather_api_dag.load_weather_data scheduled__2023-09-24T14:00:00+00:00 [queued]>
[2023-09-24T15:32:31.912+0000] {taskinstance.py:1361} INFO - Starting attempt 1 of 3
[2023-09-24T15:32:31.938+0000] {taskinstance.py:1382} INFO - Executing <Task(PythonOperator): load_weather_data> on 2023-09-24 14:00:00+00:00
[2023-09-24T15:32:31.946+0000] {standard_task_runner.py:57} INFO - Started process 7106 to run task
[2023-09-24T15:32:31.949+0000] {standard_task_runner.py:84} INFO - Running: ['***', 'tasks', 'run', 'openweather_api_dag', 'load_weather_data', 'scheduled__2023-09-24T14:00:00+00:00', '--job-id', '181', '--raw', '--subdir', 'DAGS_FOLDER/openweather-api.py', '--cfg-path', '/tmp/tmp5eqqtibo']
[2023-09-24T15:32:31.953+0000] {standard_task_runner.py:85} INFO - Job 181: Subtask load_weather_data
[2023-09-24T15:32:32.021+0000] {task_command.py:415} INFO - Running <TaskInstance: openweather_api_dag.load_weather_data scheduled__2023-09-24T14:00:00+00:00 [running]> on host 1bba31d3c72d
[2023-09-24T15:32:32.391+0000] {taskinstance.py:1660} INFO - Exporting env vars: AIRFLOW_CTX_DAG_EMAIL='sukmaksinp@gmail.com' AIRFLOW_CTX_DAG_OWNER='qpsss' AIRFLOW_CTX_DAG_ID='openweather_api_dag' AIRFLOW_CTX_TASK_ID='load_weather_data' AIRFLOW_CTX_EXECUTION_DATE='2023-09-24T14:00:00+00:00' AIRFLOW_CTX_TRY_NUMBER='1' AIRFLOW_CTX_DAG_RUN_ID='scheduled__2023-09-24T14:00:00+00:00'
[2023-09-24T15:32:32.393+0000] {postgres.py:168} INFO - Running copy expert: COPY weather_data FROM stdin WITH DELIMITER as ',', filename: current_weather_data.csv
[2023-09-24T15:32:32.407+0000] {base.py:73} INFO - Using connection ID 'postgres_localhost' for task execution.
[2023-09-24T15:32:32.418+0000] {python.py:194} INFO - Done. Returned value was: None
[2023-09-24T15:32:32.432+0000] {taskinstance.py:1400} INFO - Marking task as SUCCESS. dag_id=openweather_api_dag, task_id=load_weather_data, execution_date=20230924T140000, start_date=20230924T153231, end_date=20230924T153232
[2023-09-24T15:32:32.486+0000] {local_task_job_runner.py:228} INFO - Task exited with return code 0
[2023-09-24T15:32:32.510+0000] {taskinstance.py:2784} INFO - 0 downstream tasks scheduled from follow-on schedule check
