[2023-09-24T15:28:48.927+0000] {taskinstance.py:1159} INFO - Dependencies all met for dep_context=non-requeueable deps ti=<TaskInstance: openweather_api_dag.transform_load_weather_data scheduled__2023-09-24T14:00:00+00:00 [queued]>
[2023-09-24T15:28:48.939+0000] {taskinstance.py:1159} INFO - Dependencies all met for dep_context=requeueable deps ti=<TaskInstance: openweather_api_dag.transform_load_weather_data scheduled__2023-09-24T14:00:00+00:00 [queued]>
[2023-09-24T15:28:48.940+0000] {taskinstance.py:1361} INFO - Starting attempt 1 of 3
[2023-09-24T15:28:48.957+0000] {taskinstance.py:1382} INFO - Executing <Task(PythonOperator): transform_load_weather_data> on 2023-09-24 14:00:00+00:00
[2023-09-24T15:28:48.966+0000] {standard_task_runner.py:57} INFO - Started process 6960 to run task
[2023-09-24T15:28:48.968+0000] {standard_task_runner.py:84} INFO - Running: ['***', 'tasks', 'run', 'openweather_api_dag', 'transform_load_weather_data', 'scheduled__2023-09-24T14:00:00+00:00', '--job-id', '163', '--raw', '--subdir', 'DAGS_FOLDER/openweather-api.py', '--cfg-path', '/tmp/tmppk0z221t']
[2023-09-24T15:28:48.971+0000] {standard_task_runner.py:85} INFO - Job 163: Subtask transform_load_weather_data
[2023-09-24T15:28:49.039+0000] {task_command.py:415} INFO - Running <TaskInstance: openweather_api_dag.transform_load_weather_data scheduled__2023-09-24T14:00:00+00:00 [running]> on host 1bba31d3c72d
[2023-09-24T15:28:49.395+0000] {taskinstance.py:1660} INFO - Exporting env vars: AIRFLOW_CTX_DAG_EMAIL='sukmaksinp@gmail.com' AIRFLOW_CTX_DAG_OWNER='qpsss' AIRFLOW_CTX_DAG_ID='openweather_api_dag' AIRFLOW_CTX_TASK_ID='transform_load_weather_data' AIRFLOW_CTX_EXECUTION_DATE='2023-09-24T14:00:00+00:00' AIRFLOW_CTX_TRY_NUMBER='1' AIRFLOW_CTX_DAG_RUN_ID='scheduled__2023-09-24T14:00:00+00:00'
[2023-09-24T15:28:49.414+0000] {python.py:194} INFO - Done. Returned value was: None
[2023-09-24T15:28:49.424+0000] {taskinstance.py:1400} INFO - Marking task as SUCCESS. dag_id=openweather_api_dag, task_id=transform_load_weather_data, execution_date=20230924T140000, start_date=20230924T152848, end_date=20230924T152849
[2023-09-24T15:28:49.465+0000] {local_task_job_runner.py:228} INFO - Task exited with return code 0
[2023-09-24T15:28:49.489+0000] {taskinstance.py:2784} INFO - 1 downstream tasks scheduled from follow-on schedule check
[2023-09-24T15:29:46.882+0000] {taskinstance.py:1159} INFO - Dependencies all met for dep_context=non-requeueable deps ti=<TaskInstance: openweather_api_dag.transform_load_weather_data scheduled__2023-09-24T14:00:00+00:00 [queued]>
[2023-09-24T15:29:46.892+0000] {taskinstance.py:1159} INFO - Dependencies all met for dep_context=requeueable deps ti=<TaskInstance: openweather_api_dag.transform_load_weather_data scheduled__2023-09-24T14:00:00+00:00 [queued]>
[2023-09-24T15:29:46.893+0000] {taskinstance.py:1361} INFO - Starting attempt 1 of 3
[2023-09-24T15:29:46.911+0000] {taskinstance.py:1382} INFO - Executing <Task(PythonOperator): transform_load_weather_data> on 2023-09-24 14:00:00+00:00
[2023-09-24T15:29:46.918+0000] {standard_task_runner.py:57} INFO - Started process 7001 to run task
[2023-09-24T15:29:46.920+0000] {standard_task_runner.py:84} INFO - Running: ['***', 'tasks', 'run', 'openweather_api_dag', 'transform_load_weather_data', 'scheduled__2023-09-24T14:00:00+00:00', '--job-id', '168', '--raw', '--subdir', 'DAGS_FOLDER/openweather-api.py', '--cfg-path', '/tmp/tmplj5cm9hd']
[2023-09-24T15:29:46.922+0000] {standard_task_runner.py:85} INFO - Job 168: Subtask transform_load_weather_data
[2023-09-24T15:29:46.979+0000] {task_command.py:415} INFO - Running <TaskInstance: openweather_api_dag.transform_load_weather_data scheduled__2023-09-24T14:00:00+00:00 [running]> on host 1bba31d3c72d
[2023-09-24T15:29:47.207+0000] {taskinstance.py:1660} INFO - Exporting env vars: AIRFLOW_CTX_DAG_EMAIL='sukmaksinp@gmail.com' AIRFLOW_CTX_DAG_OWNER='qpsss' AIRFLOW_CTX_DAG_ID='openweather_api_dag' AIRFLOW_CTX_TASK_ID='transform_load_weather_data' AIRFLOW_CTX_EXECUTION_DATE='2023-09-24T14:00:00+00:00' AIRFLOW_CTX_TRY_NUMBER='1' AIRFLOW_CTX_DAG_RUN_ID='scheduled__2023-09-24T14:00:00+00:00'
[2023-09-24T15:29:47.227+0000] {python.py:194} INFO - Done. Returned value was: None
[2023-09-24T15:29:47.241+0000] {taskinstance.py:1400} INFO - Marking task as SUCCESS. dag_id=openweather_api_dag, task_id=transform_load_weather_data, execution_date=20230924T140000, start_date=20230924T152946, end_date=20230924T152947
[2023-09-24T15:29:47.295+0000] {local_task_job_runner.py:228} INFO - Task exited with return code 0
[2023-09-24T15:29:47.322+0000] {taskinstance.py:2784} INFO - 1 downstream tasks scheduled from follow-on schedule check
[2023-09-24T15:32:28.981+0000] {taskinstance.py:1159} INFO - Dependencies all met for dep_context=non-requeueable deps ti=<TaskInstance: openweather_api_dag.transform_load_weather_data scheduled__2023-09-24T14:00:00+00:00 [queued]>
[2023-09-24T15:32:29.003+0000] {taskinstance.py:1159} INFO - Dependencies all met for dep_context=requeueable deps ti=<TaskInstance: openweather_api_dag.transform_load_weather_data scheduled__2023-09-24T14:00:00+00:00 [queued]>
[2023-09-24T15:32:29.004+0000] {taskinstance.py:1361} INFO - Starting attempt 1 of 3
[2023-09-24T15:32:29.048+0000] {taskinstance.py:1382} INFO - Executing <Task(PythonOperator): transform_load_weather_data> on 2023-09-24 14:00:00+00:00
[2023-09-24T15:32:29.061+0000] {standard_task_runner.py:57} INFO - Started process 7102 to run task
[2023-09-24T15:32:29.077+0000] {standard_task_runner.py:84} INFO - Running: ['***', 'tasks', 'run', 'openweather_api_dag', 'transform_load_weather_data', 'scheduled__2023-09-24T14:00:00+00:00', '--job-id', '180', '--raw', '--subdir', 'DAGS_FOLDER/openweather-api.py', '--cfg-path', '/tmp/tmp3wy_0bed']
[2023-09-24T15:32:29.089+0000] {standard_task_runner.py:85} INFO - Job 180: Subtask transform_load_weather_data
[2023-09-24T15:32:29.210+0000] {task_command.py:415} INFO - Running <TaskInstance: openweather_api_dag.transform_load_weather_data scheduled__2023-09-24T14:00:00+00:00 [running]> on host 1bba31d3c72d
[2023-09-24T15:32:29.622+0000] {taskinstance.py:1660} INFO - Exporting env vars: AIRFLOW_CTX_DAG_EMAIL='sukmaksinp@gmail.com' AIRFLOW_CTX_DAG_OWNER='qpsss' AIRFLOW_CTX_DAG_ID='openweather_api_dag' AIRFLOW_CTX_TASK_ID='transform_load_weather_data' AIRFLOW_CTX_EXECUTION_DATE='2023-09-24T14:00:00+00:00' AIRFLOW_CTX_TRY_NUMBER='1' AIRFLOW_CTX_DAG_RUN_ID='scheduled__2023-09-24T14:00:00+00:00'
[2023-09-24T15:32:29.649+0000] {python.py:194} INFO - Done. Returned value was: None
[2023-09-24T15:32:29.665+0000] {taskinstance.py:1400} INFO - Marking task as SUCCESS. dag_id=openweather_api_dag, task_id=transform_load_weather_data, execution_date=20230924T140000, start_date=20230924T153228, end_date=20230924T153229
[2023-09-24T15:32:29.734+0000] {local_task_job_runner.py:228} INFO - Task exited with return code 0
[2023-09-24T15:32:29.765+0000] {taskinstance.py:2784} INFO - 1 downstream tasks scheduled from follow-on schedule check
